Input: 
==================== RUN ====================
Step   : 0
State  : 0
Index0 : 0 
Tape0  : _ 
Head0  : ^ 
---------------------------------------------
Step   : 1
State  : a
Index0 : 0 
Tape0  : _ 
Head0  : ^ 
---------------------------------------------
Step   : 2
State  : b
Index0 : 0 1 
Tape0  : 1 _ 
Head0  :   ^ 
---------------------------------------------
Step   : 3
State  : a
Index0 : 0 1 
Tape0  : 1 1 
Head0  : ^   
---------------------------------------------
Step   : 4
State  : b
Index0 : 1 0 1 
Tape0  : _ 1 1 
Head0  : ^     
---------------------------------------------
Step   : 5
State  : a
Index0 : 2 1 0 1 
Tape0  : _ 1 1 1 
Head0  : ^       
---------------------------------------------
Step   : 6
State  : b
Index0 : 2 1 0 1 
Tape0  : 1 1 1 1 
Head0  :   ^     
---------------------------------------------
Step   : 7
State  : c
Index0 : 2 1 0 1 
Tape0  : 1 _ 1 1 
Head0  : ^       
---------------------------------------------
Step   : 8
State  : d
Index0 : 3 2 1 0 1 
Tape0  : _ 1 _ 1 1 
Head0  : ^         
---------------------------------------------
Step   : 9
State  : d
Index0 : 3 2 1 0 1 
Tape0  : 1 1 _ 1 1 
Head0  :   ^       
---------------------------------------------
Step   : 10
State  : a
Index0 : 3 2 1 0 1 
Tape0  : 1 _ _ 1 1 
Head0  :     ^     
---------------------------------------------
Step   : 11
State  : b
Index0 : 3 2 1 0 1 
Tape0  : 1 _ 1 1 1 
Head0  :       ^   
---------------------------------------------
Step   : 12
State  : c
Index0 : 3 2 1 0 1 
Tape0  : 1 _ 1 _ 1 
Head0  :     ^     
---------------------------------------------
Step   : 13
State  : d
Index0 : 3 2 1 0 1 
Tape0  : 1 _ 1 _ 1 
Head0  :   ^       
---------------------------------------------
Step   : 14
State  : d
Index0 : 3 2 1 0 1 
Tape0  : 1 1 1 _ 1 
Head0  :     ^     
---------------------------------------------
Step   : 15
State  : a
Index0 : 3 2 1 0 1 
Tape0  : 1 1 _ _ 1 
Head0  :       ^   
---------------------------------------------
Step   : 16
State  : b
Index0 : 3 2 1 0 1 
Tape0  : 1 1 _ 1 1 
Head0  :         ^ 
---------------------------------------------
Step   : 17
State  : c
Index0 : 3 2 1 0 
Tape0  : 1 1 _ 1 
Head0  :       ^ 
---------------------------------------------
Step   : 18
State  : d
Index0 : 3 2 1 0 
Tape0  : 1 1 _ 1 
Head0  :     ^   
---------------------------------------------
Step   : 19
State  : d
Index0 : 3 2 1 0 
Tape0  : 1 1 1 1 
Head0  :       ^ 
---------------------------------------------
Step   : 20
State  : a
Index0 : 3 2 1 0 1 
Tape0  : 1 1 1 _ _ 
Head0  :         ^ 
---------------------------------------------
Step   : 21
State  : b
Index0 : 3 2 1 0 1 2 
Tape0  : 1 1 1 _ 1 _ 
Head0  :           ^ 
---------------------------------------------
Step   : 22
State  : a
Index0 : 3 2 1 0 1 2 
Tape0  : 1 1 1 _ 1 1 
Head0  :         ^   
---------------------------------------------
Step   : 23
State  : b
Index0 : 3 2 1 0 1 2 
Tape0  : 1 1 1 _ 1 1 
Head0  :       ^     
---------------------------------------------
Step   : 24
State  : a
Index0 : 3 2 1 0 1 2 
Tape0  : 1 1 1 1 1 1 
Head0  :     ^       
---------------------------------------------
Step   : 25
State  : b
Index0 : 3 2 1 0 1 2 
Tape0  : 1 1 1 1 1 1 
Head0  :   ^         
---------------------------------------------
Step   : 26
State  : c
Index0 : 3 2 1 0 1 2 
Tape0  : 1 _ 1 1 1 1 
Head0  : ^           
---------------------------------------------
Step   : 27
State  : d
Index0 : 4 3 2 1 0 1 2 
Tape0  : _ 1 _ 1 1 1 1 
Head0  : ^             
---------------------------------------------
Step   : 28
State  : d
Index0 : 4 3 2 1 0 1 2 
Tape0  : 1 1 _ 1 1 1 1 
Head0  :   ^           
---------------------------------------------
Step   : 29
State  : a
Index0 : 4 3 2 1 0 1 2 
Tape0  : 1 _ _ 1 1 1 1 
Head0  :     ^         
---------------------------------------------
Step   : 30
State  : b
Index0 : 4 3 2 1 0 1 2 
Tape0  : 1 _ 1 1 1 1 1 
Head0  :       ^       
---------------------------------------------
Step   : 31
State  : c
Index0 : 4 3 2 1 0 1 2 
Tape0  : 1 _ 1 _ 1 1 1 
Head0  :     ^         
---------------------------------------------
Step   : 32
State  : d
Index0 : 4 3 2 1 0 1 2 
Tape0  : 1 _ 1 _ 1 1 1 
Head0  :   ^           
---------------------------------------------
Step   : 33
State  : d
Index0 : 4 3 2 1 0 1 2 
Tape0  : 1 1 1 _ 1 1 1 
Head0  :     ^         
---------------------------------------------
Step   : 34
State  : a
Index0 : 4 3 2 1 0 1 2 
Tape0  : 1 1 _ _ 1 1 1 
Head0  :       ^       
---------------------------------------------
Step   : 35
State  : b
Index0 : 4 3 2 1 0 1 2 
Tape0  : 1 1 _ 1 1 1 1 
Head0  :         ^     
---------------------------------------------
Step   : 36
State  : c
Index0 : 4 3 2 1 0 1 2 
Tape0  : 1 1 _ 1 _ 1 1 
Head0  :       ^       
---------------------------------------------
Step   : 37
State  : d
Index0 : 4 3 2 1 0 1 2 
Tape0  : 1 1 _ 1 _ 1 1 
Head0  :     ^         
---------------------------------------------
Step   : 38
State  : d
Index0 : 4 3 2 1 0 1 2 
Tape0  : 1 1 1 1 _ 1 1 
Head0  :       ^       
---------------------------------------------
Step   : 39
State  : a
Index0 : 4 3 2 1 0 1 2 
Tape0  : 1 1 1 _ _ 1 1 
Head0  :         ^     
---------------------------------------------
Step   : 40
State  : b
Index0 : 4 3 2 1 0 1 2 
Tape0  : 1 1 1 _ 1 1 1 
Head0  :           ^   
---------------------------------------------
Step   : 41
State  : c
Index0 : 4 3 2 1 0 1 2 
Tape0  : 1 1 1 _ 1 _ 1 
Head0  :         ^     
---------------------------------------------
Step   : 42
State  : d
Index0 : 4 3 2 1 0 1 2 
Tape0  : 1 1 1 _ 1 _ 1 
Head0  :       ^       
---------------------------------------------
Step   : 43
State  : d
Index0 : 4 3 2 1 0 1 2 
Tape0  : 1 1 1 1 1 _ 1 
Head0  :         ^     
---------------------------------------------
Step   : 44
State  : a
Index0 : 4 3 2 1 0 1 2 
Tape0  : 1 1 1 1 _ _ 1 
Head0  :           ^   
---------------------------------------------
Step   : 45
State  : b
Index0 : 4 3 2 1 0 1 2 
Tape0  : 1 1 1 1 _ 1 1 
Head0  :             ^ 
---------------------------------------------
Step   : 46
State  : c
Index0 : 4 3 2 1 0 1 
Tape0  : 1 1 1 1 _ 1 
Head0  :           ^ 
---------------------------------------------
Step   : 47
State  : d
Index0 : 4 3 2 1 0 1 
Tape0  : 1 1 1 1 _ 1 
Head0  :         ^   
---------------------------------------------
Step   : 48
State  : d
Index0 : 4 3 2 1 0 1 
Tape0  : 1 1 1 1 1 1 
Head0  :           ^ 
---------------------------------------------
Step   : 49
State  : a
Index0 : 4 3 2 1 0 1 2 
Tape0  : 1 1 1 1 1 _ _ 
Head0  :             ^ 
---------------------------------------------
Step   : 50
State  : b
Index0 : 4 3 2 1 0 1 2 3 
Tape0  : 1 1 1 1 1 _ 1 _ 
Head0  :               ^ 
---------------------------------------------
Step   : 51
State  : a
Index0 : 4 3 2 1 0 1 2 3 
Tape0  : 1 1 1 1 1 _ 1 1 
Head0  :             ^   
---------------------------------------------
Step   : 52
State  : b
Index0 : 4 3 2 1 0 1 2 3 
Tape0  : 1 1 1 1 1 _ 1 1 
Head0  :           ^     
---------------------------------------------
Step   : 53
State  : a
Index0 : 4 3 2 1 0 1 2 3 
Tape0  : 1 1 1 1 1 1 1 1 
Head0  :         ^       
---------------------------------------------
Step   : 54
State  : b
Index0 : 4 3 2 1 0 1 2 3 
Tape0  : 1 1 1 1 1 1 1 1 
Head0  :       ^         
---------------------------------------------
Step   : 55
State  : c
Index0 : 4 3 2 1 0 1 2 3 
Tape0  : 1 1 1 _ 1 1 1 1 
Head0  :     ^           
---------------------------------------------
Step   : 56
State  : d
Index0 : 4 3 2 1 0 1 2 3 
Tape0  : 1 1 1 _ 1 1 1 1 
Head0  :   ^             
---------------------------------------------
Step   : 57
State  : a
Index0 : 4 3 2 1 0 1 2 3 
Tape0  : 1 _ 1 _ 1 1 1 1 
Head0  :     ^           
---------------------------------------------
Step   : 58
State  : b
Index0 : 4 3 2 1 0 1 2 3 
Tape0  : 1 _ 1 _ 1 1 1 1 
Head0  :   ^             
---------------------------------------------
Step   : 59
State  : a
Index0 : 4 3 2 1 0 1 2 3 
Tape0  : 1 1 1 _ 1 1 1 1 
Head0  : ^               
---------------------------------------------
Step   : 60
State  : b
Index0 : 5 4 3 2 1 0 1 2 3 
Tape0  : _ 1 1 1 _ 1 1 1 1 
Head0  : ^                 
---------------------------------------------
Step   : 61
State  : a
Index0 : 6 5 4 3 2 1 0 1 2 3 
Tape0  : _ 1 1 1 1 _ 1 1 1 1 
Head0  : ^                   
---------------------------------------------
Step   : 62
State  : b
Index0 : 6 5 4 3 2 1 0 1 2 3 
Tape0  : 1 1 1 1 1 _ 1 1 1 1 
Head0  :   ^                 
---------------------------------------------
Step   : 63
State  : c
Index0 : 6 5 4 3 2 1 0 1 2 3 
Tape0  : 1 _ 1 1 1 _ 1 1 1 1 
Head0  : ^                   
---------------------------------------------
Step   : 64
State  : d
Index0 : 7 6 5 4 3 2 1 0 1 2 3 
Tape0  : _ 1 _ 1 1 1 _ 1 1 1 1 
Head0  : ^                     
---------------------------------------------
Step   : 65
State  : d
Index0 : 7 6 5 4 3 2 1 0 1 2 3 
Tape0  : 1 1 _ 1 1 1 _ 1 1 1 1 
Head0  :   ^                   
---------------------------------------------
Step   : 66
State  : a
Index0 : 7 6 5 4 3 2 1 0 1 2 3 
Tape0  : 1 _ _ 1 1 1 _ 1 1 1 1 
Head0  :     ^                 
---------------------------------------------
Step   : 67
State  : b
Index0 : 7 6 5 4 3 2 1 0 1 2 3 
Tape0  : 1 _ 1 1 1 1 _ 1 1 1 1 
Head0  :       ^               
---------------------------------------------
Step   : 68
State  : c
Index0 : 7 6 5 4 3 2 1 0 1 2 3 
Tape0  : 1 _ 1 _ 1 1 _ 1 1 1 1 
Head0  :     ^                 
---------------------------------------------
Step   : 69
State  : d
Index0 : 7 6 5 4 3 2 1 0 1 2 3 
Tape0  : 1 _ 1 _ 1 1 _ 1 1 1 1 
Head0  :   ^                   
---------------------------------------------
Step   : 70
State  : d
Index0 : 7 6 5 4 3 2 1 0 1 2 3 
Tape0  : 1 1 1 _ 1 1 _ 1 1 1 1 
Head0  :     ^                 
---------------------------------------------
Step   : 71
State  : a
Index0 : 7 6 5 4 3 2 1 0 1 2 3 
Tape0  : 1 1 _ _ 1 1 _ 1 1 1 1 
Head0  :       ^               
---------------------------------------------
Step   : 72
State  : b
Index0 : 7 6 5 4 3 2 1 0 1 2 3 
Tape0  : 1 1 _ 1 1 1 _ 1 1 1 1 
Head0  :         ^             
---------------------------------------------
Step   : 73
State  : c
Index0 : 7 6 5 4 3 2 1 0 1 2 3 
Tape0  : 1 1 _ 1 _ 1 _ 1 1 1 1 
Head0  :       ^               
---------------------------------------------
Step   : 74
State  : d
Index0 : 7 6 5 4 3 2 1 0 1 2 3 
Tape0  : 1 1 _ 1 _ 1 _ 1 1 1 1 
Head0  :     ^                 
---------------------------------------------
Step   : 75
State  : d
Index0 : 7 6 5 4 3 2 1 0 1 2 3 
Tape0  : 1 1 1 1 _ 1 _ 1 1 1 1 
Head0  :       ^               
---------------------------------------------
Step   : 76
State  : a
Index0 : 7 6 5 4 3 2 1 0 1 2 3 
Tape0  : 1 1 1 _ _ 1 _ 1 1 1 1 
Head0  :         ^             
---------------------------------------------
Step   : 77
State  : b
Index0 : 7 6 5 4 3 2 1 0 1 2 3 
Tape0  : 1 1 1 _ 1 1 _ 1 1 1 1 
Head0  :           ^           
---------------------------------------------
Step   : 78
State  : c
Index0 : 7 6 5 4 3 2 1 0 1 2 3 
Tape0  : 1 1 1 _ 1 _ _ 1 1 1 1 
Head0  :         ^             
---------------------------------------------
Step   : 79
State  : d
Index0 : 7 6 5 4 3 2 1 0 1 2 3 
Tape0  : 1 1 1 _ 1 _ _ 1 1 1 1 
Head0  :       ^               
---------------------------------------------
Step   : 80
State  : d
Index0 : 7 6 5 4 3 2 1 0 1 2 3 
Tape0  : 1 1 1 1 1 _ _ 1 1 1 1 
Head0  :         ^             
---------------------------------------------
Step   : 81
State  : a
Index0 : 7 6 5 4 3 2 1 0 1 2 3 
Tape0  : 1 1 1 1 _ _ _ 1 1 1 1 
Head0  :           ^           
---------------------------------------------
Step   : 82
State  : b
Index0 : 7 6 5 4 3 2 1 0 1 2 3 
Tape0  : 1 1 1 1 _ 1 _ 1 1 1 1 
Head0  :             ^         
---------------------------------------------
Step   : 83
State  : a
Index0 : 7 6 5 4 3 2 1 0 1 2 3 
Tape0  : 1 1 1 1 _ 1 1 1 1 1 1 
Head0  :           ^           
---------------------------------------------
Step   : 84
State  : b
Index0 : 7 6 5 4 3 2 1 0 1 2 3 
Tape0  : 1 1 1 1 _ 1 1 1 1 1 1 
Head0  :         ^             
---------------------------------------------
Step   : 85
State  : a
Index0 : 7 6 5 4 3 2 1 0 1 2 3 
Tape0  : 1 1 1 1 1 1 1 1 1 1 1 
Head0  :       ^               
---------------------------------------------
Step   : 86
State  : b
Index0 : 7 6 5 4 3 2 1 0 1 2 3 
Tape0  : 1 1 1 1 1 1 1 1 1 1 1 
Head0  :     ^                 
---------------------------------------------
Step   : 87
State  : c
Index0 : 7 6 5 4 3 2 1 0 1 2 3 
Tape0  : 1 1 _ 1 1 1 1 1 1 1 1 
Head0  :   ^                   
---------------------------------------------
Step   : 88
State  : d
Index0 : 7 6 5 4 3 2 1 0 1 2 3 
Tape0  : 1 1 _ 1 1 1 1 1 1 1 1 
Head0  : ^                     
---------------------------------------------
Step   : 89
State  : a
Index0 : 6 5 4 3 2 1 0 1 2 3 
Tape0  : 1 _ 1 1 1 1 1 1 1 1 
Head0  : ^                   
---------------------------------------------
Step   : 90
State  : b
Index0 : 7 6 5 4 3 2 1 0 1 2 3 
Tape0  : _ 1 _ 1 1 1 1 1 1 1 1 
Head0  : ^                     
---------------------------------------------
Step   : 91
State  : a
Index0 : 8 7 6 5 4 3 2 1 0 1 2 3 
Tape0  : _ 1 1 _ 1 1 1 1 1 1 1 1 
Head0  : ^                       
---------------------------------------------
Step   : 92
State  : b
Index0 : 8 7 6 5 4 3 2 1 0 1 2 3 
Tape0  : 1 1 1 _ 1 1 1 1 1 1 1 1 
Head0  :   ^                     
---------------------------------------------
Step   : 93
State  : c
Index0 : 8 7 6 5 4 3 2 1 0 1 2 3 
Tape0  : 1 _ 1 _ 1 1 1 1 1 1 1 1 
Head0  : ^                       
---------------------------------------------
Step   : 94
State  : d
Index0 : 9 8 7 6 5 4 3 2 1 0 1 2 3 
Tape0  : _ 1 _ 1 _ 1 1 1 1 1 1 1 1 
Head0  : ^                         
---------------------------------------------
Step   : 95
State  : d
Index0 : 9 8 7 6 5 4 3 2 1 0 1 2 3 
Tape0  : 1 1 _ 1 _ 1 1 1 1 1 1 1 1 
Head0  :   ^                       
---------------------------------------------
Step   : 96
State  : a
Index0 : 9 8 7 6 5 4 3 2 1 0 1 2 3 
Tape0  : 1 _ _ 1 _ 1 1 1 1 1 1 1 1 
Head0  :     ^                     
---------------------------------------------
Step   : 97
State  : b
Index0 : 9 8 7 6 5 4 3 2 1 0 1 2 3 
Tape0  : 1 _ 1 1 _ 1 1 1 1 1 1 1 1 
Head0  :       ^                   
---------------------------------------------
Step   : 98
State  : c
Index0 : 9 8 7 6 5 4 3 2 1 0 1 2 3 
Tape0  : 1 _ 1 _ _ 1 1 1 1 1 1 1 1 
Head0  :     ^                     
---------------------------------------------
Step   : 99
State  : d
Index0 : 9 8 7 6 5 4 3 2 1 0 1 2 3 
Tape0  : 1 _ 1 _ _ 1 1 1 1 1 1 1 1 
Head0  :   ^                       
---------------------------------------------
Step   : 100
State  : d
Index0 : 9 8 7 6 5 4 3 2 1 0 1 2 3 
Tape0  : 1 1 1 _ _ 1 1 1 1 1 1 1 1 
Head0  :     ^                     
---------------------------------------------
Step   : 101
State  : a
Index0 : 9 8 7 6 5 4 3 2 1 0 1 2 3 
Tape0  : 1 1 _ _ _ 1 1 1 1 1 1 1 1 
Head0  :       ^                   
---------------------------------------------
Step   : 102
State  : b
Index0 : 9 8 7 6 5 4 3 2 1 0 1 2 3 
Tape0  : 1 1 _ 1 _ 1 1 1 1 1 1 1 1 
Head0  :         ^                 
---------------------------------------------
Step   : 103
State  : a
Index0 : 9 8 7 6 5 4 3 2 1 0 1 2 3 
Tape0  : 1 1 _ 1 1 1 1 1 1 1 1 1 1 
Head0  :       ^                   
---------------------------------------------
Step   : 104
State  : b
Index0 : 9 8 7 6 5 4 3 2 1 0 1 2 3 
Tape0  : 1 1 _ 1 1 1 1 1 1 1 1 1 1 
Head0  :     ^                     
---------------------------------------------
Step   : 105
State  : a
Index0 : 9 8 7 6 5 4 3 2 1 0 1 2 3 
Tape0  : 1 1 1 1 1 1 1 1 1 1 1 1 1 
Head0  :   ^                       
---------------------------------------------
Step   : 106
State  : b
Index0 : 9 8 7 6 5 4 3 2 1 0 1 2 3 
Tape0  : 1 1 1 1 1 1 1 1 1 1 1 1 1 
Head0  : ^                         
---------------------------------------------
Step   : 107
State  : c
Index0 : 10 9 8 7 6 5 4 3 2 1 0 1 2 3 
Tape0  : _  _ 1 1 1 1 1 1 1 1 1 1 1 1 
Head0  : ^                            
---------------------------------------------
Step   : 108
State  : halt
Index0 : 10 9 8 7 6 5 4 3 2 1 0 1 2 3 
Tape0  : 1  _ 1 1 1 1 1 1 1 1 1 1 1 1 
Head0  :    ^                         
---------------------------------------------
Result: 1_111111111111
==================== END ====================
