Input: 1
==================== RUN ====================
Step   : 0
State  : 0
Index0 : 0 
Tape0  : 1 
Head0  : ^ 
---------------------------------------------
Step   : 1
State  : 1
Index0 : 0 
Tape0  : 1 
Head0  : ^ 
---------------------------------------------
Step   : 2
State  : 1a
Index0 : 0 1 
Tape0  : 1 _ 
Head0  :   ^ 
---------------------------------------------
Step   : 3
State  : 2
Index0 : 0 
Tape0  : 1 
Head0  : ^ 
---------------------------------------------
Step   : 4
State  : 3
Index0 : 1 0 
Tape0  : _ 0 
Head0  : ^   
---------------------------------------------
Step   : 5
State  : 4
Index0 : 2 1 0 
Tape0  : _ _ 0 
Head0  : ^     
---------------------------------------------
Step   : 6
State  : 1b
Index0 : 2 1 0 
Tape0  : 1 _ 0 
Head0  :   ^   
---------------------------------------------
Step   : 7
State  : 1
Index0 : 2 1 0 
Tape0  : 1 _ 0 
Head0  :     ^ 
---------------------------------------------
Step   : 8
State  : 1a
Index0 : 2 1 0 1 
Tape0  : 1 _ 0 _ 
Head0  :       ^ 
---------------------------------------------
Step   : 9
State  : 2
Index0 : 2 1 0 
Tape0  : 1 _ 0 
Head0  :     ^ 
---------------------------------------------
Step   : 10
State  : 2
Index0 : 2 1 0 
Tape0  : 1 _ 1 
Head0  :   ^   
---------------------------------------------
Step   : 11
State  : 20
Index0 : 2 1 0 
Tape0  : 1 _ 1 
Head0  :     ^ 
---------------------------------------------
Step   : 12
State  : 20
Index0 : 2 1 0 1 
Tape0  : 1 _ _ _ 
Head0  :       ^ 
---------------------------------------------
Step   : 13
State  : 21
Index0 : 2 1 0 
Tape0  : 1 _ _ 
Head0  :     ^ 
---------------------------------------------
Step   : 14
State  : 21
Index0 : 2 1 
Tape0  : 1 _ 
Head0  :   ^ 
---------------------------------------------
Step   : 15
State  : 21
Index0 : 2 
Tape0  : 1 
Head0  : ^ 
---------------------------------------------
Step   : 16
State  : 21a
Index0 : 3 2 
Tape0  : _ 1 
Head0  : ^   
---------------------------------------------
Step   : 17
State  : halt
Index0 : 2 
Tape0  : 1 
Head0  : ^ 
---------------------------------------------
Result: 1
==================== END ====================
