Input: 101
==================== RUN ====================
Step   : 0
State  : 0
Index0 : 0 1 2 
Tape0  : 1 0 1 
Head0  : ^     
---------------------------------------------
Step   : 1
State  : 1
Index0 : 0 1 2 
Tape0  : 1 0 1 
Head0  : ^     
---------------------------------------------
Step   : 2
State  : 1a
Index0 : 0 1 2 
Tape0  : 1 0 1 
Head0  :   ^   
---------------------------------------------
Step   : 3
State  : 1a
Index0 : 0 1 2 
Tape0  : 1 0 1 
Head0  :     ^ 
---------------------------------------------
Step   : 4
State  : 1a
Index0 : 0 1 2 3 
Tape0  : 1 0 1 _ 
Head0  :       ^ 
---------------------------------------------
Step   : 5
State  : 2
Index0 : 0 1 2 
Tape0  : 1 0 1 
Head0  :     ^ 
---------------------------------------------
Step   : 6
State  : 3
Index0 : 0 1 2 
Tape0  : 1 0 0 
Head0  :   ^   
---------------------------------------------
Step   : 7
State  : 3
Index0 : 0 1 2 
Tape0  : 1 0 0 
Head0  : ^     
---------------------------------------------
Step   : 8
State  : 3
Index0 : 1 0 1 2 
Tape0  : _ 1 0 0 
Head0  : ^       
---------------------------------------------
Step   : 9
State  : 4
Index0 : 2 1 0 1 2 
Tape0  : _ _ 1 0 0 
Head0  : ^         
---------------------------------------------
Step   : 10
State  : 1b
Index0 : 2 1 0 1 2 
Tape0  : 1 _ 1 0 0 
Head0  :   ^       
---------------------------------------------
Step   : 11
State  : 1
Index0 : 2 1 0 1 2 
Tape0  : 1 _ 1 0 0 
Head0  :     ^     
---------------------------------------------
Step   : 12
State  : 1a
Index0 : 2 1 0 1 2 
Tape0  : 1 _ 1 0 0 
Head0  :       ^   
---------------------------------------------
Step   : 13
State  : 1a
Index0 : 2 1 0 1 2 
Tape0  : 1 _ 1 0 0 
Head0  :         ^ 
---------------------------------------------
Step   : 14
State  : 1a
Index0 : 2 1 0 1 2 3 
Tape0  : 1 _ 1 0 0 _ 
Head0  :           ^ 
---------------------------------------------
Step   : 15
State  : 2
Index0 : 2 1 0 1 2 
Tape0  : 1 _ 1 0 0 
Head0  :         ^ 
---------------------------------------------
Step   : 16
State  : 2
Index0 : 2 1 0 1 2 
Tape0  : 1 _ 1 0 1 
Head0  :       ^   
---------------------------------------------
Step   : 17
State  : 2
Index0 : 2 1 0 1 2 
Tape0  : 1 _ 1 1 1 
Head0  :     ^     
---------------------------------------------
Step   : 18
State  : 3
Index0 : 2 1 0 1 2 
Tape0  : 1 _ 0 1 1 
Head0  :   ^       
---------------------------------------------
Step   : 19
State  : 4
Index0 : 2 1 0 1 2 
Tape0  : 1 _ 0 1 1 
Head0  : ^         
---------------------------------------------
Step   : 20
State  : 1b
Index0 : 2 1 0 1 2 
Tape0  : 2 _ 0 1 1 
Head0  :   ^       
---------------------------------------------
Step   : 21
State  : 1
Index0 : 2 1 0 1 2 
Tape0  : 2 _ 0 1 1 
Head0  :     ^     
---------------------------------------------
Step   : 22
State  : 1a
Index0 : 2 1 0 1 2 
Tape0  : 2 _ 0 1 1 
Head0  :       ^   
---------------------------------------------
Step   : 23
State  : 1a
Index0 : 2 1 0 1 2 
Tape0  : 2 _ 0 1 1 
Head0  :         ^ 
---------------------------------------------
Step   : 24
State  : 1a
Index0 : 2 1 0 1 2 3 
Tape0  : 2 _ 0 1 1 _ 
Head0  :           ^ 
---------------------------------------------
Step   : 25
State  : 2
Index0 : 2 1 0 1 2 
Tape0  : 2 _ 0 1 1 
Head0  :         ^ 
---------------------------------------------
Step   : 26
State  : 3
Index0 : 2 1 0 1 2 
Tape0  : 2 _ 0 1 0 
Head0  :       ^   
---------------------------------------------
Step   : 27
State  : 3
Index0 : 2 1 0 1 2 
Tape0  : 2 _ 0 1 0 
Head0  :     ^     
---------------------------------------------
Step   : 28
State  : 3
Index0 : 2 1 0 1 2 
Tape0  : 2 _ 0 1 0 
Head0  :   ^       
---------------------------------------------
Step   : 29
State  : 4
Index0 : 2 1 0 1 2 
Tape0  : 2 _ 0 1 0 
Head0  : ^         
---------------------------------------------
Step   : 30
State  : 1b
Index0 : 2 1 0 1 2 
Tape0  : 3 _ 0 1 0 
Head0  :   ^       
---------------------------------------------
Step   : 31
State  : 1
Index0 : 2 1 0 1 2 
Tape0  : 3 _ 0 1 0 
Head0  :     ^     
---------------------------------------------
Step   : 32
State  : 1a
Index0 : 2 1 0 1 2 
Tape0  : 3 _ 0 1 0 
Head0  :       ^   
---------------------------------------------
Step   : 33
State  : 1a
Index0 : 2 1 0 1 2 
Tape0  : 3 _ 0 1 0 
Head0  :         ^ 
---------------------------------------------
Step   : 34
State  : 1a
Index0 : 2 1 0 1 2 3 
Tape0  : 3 _ 0 1 0 _ 
Head0  :           ^ 
---------------------------------------------
Step   : 35
State  : 2
Index0 : 2 1 0 1 2 
Tape0  : 3 _ 0 1 0 
Head0  :         ^ 
---------------------------------------------
Step   : 36
State  : 2
Index0 : 2 1 0 1 2 
Tape0  : 3 _ 0 1 1 
Head0  :       ^   
---------------------------------------------
Step   : 37
State  : 3
Index0 : 2 1 0 1 2 
Tape0  : 3 _ 0 0 1 
Head0  :     ^     
---------------------------------------------
Step   : 38
State  : 3
Index0 : 2 1 0 1 2 
Tape0  : 3 _ 0 0 1 
Head0  :   ^       
---------------------------------------------
Step   : 39
State  : 4
Index0 : 2 1 0 1 2 
Tape0  : 3 _ 0 0 1 
Head0  : ^         
---------------------------------------------
Step   : 40
State  : 1b
Index0 : 2 1 0 1 2 
Tape0  : 4 _ 0 0 1 
Head0  :   ^       
---------------------------------------------
Step   : 41
State  : 1
Index0 : 2 1 0 1 2 
Tape0  : 4 _ 0 0 1 
Head0  :     ^     
---------------------------------------------
Step   : 42
State  : 1a
Index0 : 2 1 0 1 2 
Tape0  : 4 _ 0 0 1 
Head0  :       ^   
---------------------------------------------
Step   : 43
State  : 1a
Index0 : 2 1 0 1 2 
Tape0  : 4 _ 0 0 1 
Head0  :         ^ 
---------------------------------------------
Step   : 44
State  : 1a
Index0 : 2 1 0 1 2 3 
Tape0  : 4 _ 0 0 1 _ 
Head0  :           ^ 
---------------------------------------------
Step   : 45
State  : 2
Index0 : 2 1 0 1 2 
Tape0  : 4 _ 0 0 1 
Head0  :         ^ 
---------------------------------------------
Step   : 46
State  : 3
Index0 : 2 1 0 1 2 
Tape0  : 4 _ 0 0 0 
Head0  :       ^   
---------------------------------------------
Step   : 47
State  : 3
Index0 : 2 1 0 1 2 
Tape0  : 4 _ 0 0 0 
Head0  :     ^     
---------------------------------------------
Step   : 48
State  : 3
Index0 : 2 1 0 1 2 
Tape0  : 4 _ 0 0 0 
Head0  :   ^       
---------------------------------------------
Step   : 49
State  : 4
Index0 : 2 1 0 1 2 
Tape0  : 4 _ 0 0 0 
Head0  : ^         
---------------------------------------------
Step   : 50
State  : 1b
Index0 : 2 1 0 1 2 
Tape0  : 5 _ 0 0 0 
Head0  :   ^       
---------------------------------------------
Step   : 51
State  : 1
Index0 : 2 1 0 1 2 
Tape0  : 5 _ 0 0 0 
Head0  :     ^     
---------------------------------------------
Step   : 52
State  : 1a
Index0 : 2 1 0 1 2 
Tape0  : 5 _ 0 0 0 
Head0  :       ^   
---------------------------------------------
Step   : 53
State  : 1a
Index0 : 2 1 0 1 2 
Tape0  : 5 _ 0 0 0 
Head0  :         ^ 
---------------------------------------------
Step   : 54
State  : 1a
Index0 : 2 1 0 1 2 3 
Tape0  : 5 _ 0 0 0 _ 
Head0  :           ^ 
---------------------------------------------
Step   : 55
State  : 2
Index0 : 2 1 0 1 2 
Tape0  : 5 _ 0 0 0 
Head0  :         ^ 
---------------------------------------------
Step   : 56
State  : 2
Index0 : 2 1 0 1 2 
Tape0  : 5 _ 0 0 1 
Head0  :       ^   
---------------------------------------------
Step   : 57
State  : 2
Index0 : 2 1 0 1 2 
Tape0  : 5 _ 0 1 1 
Head0  :     ^     
---------------------------------------------
Step   : 58
State  : 2
Index0 : 2 1 0 1 2 
Tape0  : 5 _ 1 1 1 
Head0  :   ^       
---------------------------------------------
Step   : 59
State  : 20
Index0 : 2 1 0 1 2 
Tape0  : 5 _ 1 1 1 
Head0  :     ^     
---------------------------------------------
Step   : 60
State  : 20
Index0 : 2 1 0 1 2 
Tape0  : 5 _ _ 1 1 
Head0  :       ^   
---------------------------------------------
Step   : 61
State  : 20
Index0 : 2 1 0 1 2 
Tape0  : 5 _ _ _ 1 
Head0  :         ^ 
---------------------------------------------
Step   : 62
State  : 20
Index0 : 2 1 0 1 2 3 
Tape0  : 5 _ _ _ _ _ 
Head0  :           ^ 
---------------------------------------------
Step   : 63
State  : 21
Index0 : 2 1 0 1 2 
Tape0  : 5 _ _ _ _ 
Head0  :         ^ 
---------------------------------------------
Step   : 64
State  : 21
Index0 : 2 1 0 1 
Tape0  : 5 _ _ _ 
Head0  :       ^ 
---------------------------------------------
Step   : 65
State  : 21
Index0 : 2 1 0 
Tape0  : 5 _ _ 
Head0  :     ^ 
---------------------------------------------
Step   : 66
State  : 21
Index0 : 2 1 
Tape0  : 5 _ 
Head0  :   ^ 
---------------------------------------------
Step   : 67
State  : 21
Index0 : 2 
Tape0  : 5 
Head0  : ^ 
---------------------------------------------
Step   : 68
State  : 21a
Index0 : 3 2 
Tape0  : _ 5 
Head0  : ^   
---------------------------------------------
Step   : 69
State  : halt
Index0 : 2 
Tape0  : 5 
Head0  : ^ 
---------------------------------------------
Result: 5
==================== END ====================
