Input: 0+0
==================== RUN ====================
Step   : 0
State  : 8
Index0 : 0 1 2 
Tape0  : 0 + 0 
Head0  : ^     
---------------------------------------------
Step   : 1
State  : 8
Index0 : 0 1 2 
Tape0  : 0 + 0 
Head0  :   ^   
---------------------------------------------
Step   : 2
State  : 9
Index0 : 0 1 2 
Tape0  : 0 _ 0 
Head0  : ^     
---------------------------------------------
Step   : 3
State  : 9
Index0 : 1 0 1 2 
Tape0  : _ 0 _ 0 
Head0  : ^       
---------------------------------------------
Step   : 4
State  : 0
Index0 : 0 1 2 
Tape0  : 0 _ 0 
Head0  : ^     
---------------------------------------------
Step   : 5
State  : 0
Index0 : 0 1 2 
Tape0  : 0 _ 0 
Head0  :   ^   
---------------------------------------------
Step   : 6
State  : 1
Index0 : 0 1 2 
Tape0  : 0 _ 0 
Head0  :     ^ 
---------------------------------------------
Step   : 7
State  : 1
Index0 : 0 1 2 3 
Tape0  : 0 _ 0 _ 
Head0  :       ^ 
---------------------------------------------
Step   : 8
State  : 2
Index0 : 0 1 2 
Tape0  : 0 _ 0 
Head0  :     ^ 
---------------------------------------------
Step   : 9
State  : 3x
Index0 : 0 1 
Tape0  : 0 _ 
Head0  :   ^ 
---------------------------------------------
Step   : 10
State  : 4x
Index0 : 0 
Tape0  : 0 
Head0  : ^ 
---------------------------------------------
Step   : 11
State  : 0
Index0 : 0 1 
Tape0  : x _ 
Head0  :   ^ 
---------------------------------------------
Step   : 12
State  : 1
Index0 : 0 1 2 
Tape0  : x _ _ 
Head0  :     ^ 
---------------------------------------------
Step   : 13
State  : 2
Index0 : 0 1 
Tape0  : x _ 
Head0  :   ^ 
---------------------------------------------
Step   : 14
State  : 7
Index0 : 0 
Tape0  : x 
Head0  : ^ 
---------------------------------------------
Step   : 15
State  : 7
Index0 : 1 0 
Tape0  : _ 0 
Head0  : ^   
---------------------------------------------
Step   : 16
State  : halt
Index0 : 0 
Tape0  : 0 
Head0  : ^ 
---------------------------------------------
Result: 0
==================== END ====================
