Input: 1110010+1000000010
==================== RUN ====================
Step   : 0
State  : 8
Index0 : 0 1 2 3 4 5 6 7 8 9 10 11 12 13 14 15 16 17 
Tape0  : 1 1 1 0 0 1 0 + 1 0 0  0  0  0  0  0  1  0  
Head0  : ^                                           
---------------------------------------------
Step   : 1
State  : 8
Index0 : 0 1 2 3 4 5 6 7 8 9 10 11 12 13 14 15 16 17 
Tape0  : 1 1 1 0 0 1 0 + 1 0 0  0  0  0  0  0  1  0  
Head0  :   ^                                         
---------------------------------------------
Step   : 2
State  : 8
Index0 : 0 1 2 3 4 5 6 7 8 9 10 11 12 13 14 15 16 17 
Tape0  : 1 1 1 0 0 1 0 + 1 0 0  0  0  0  0  0  1  0  
Head0  :     ^                                       
---------------------------------------------
Step   : 3
State  : 8
Index0 : 0 1 2 3 4 5 6 7 8 9 10 11 12 13 14 15 16 17 
Tape0  : 1 1 1 0 0 1 0 + 1 0 0  0  0  0  0  0  1  0  
Head0  :       ^                                     
---------------------------------------------
Step   : 4
State  : 8
Index0 : 0 1 2 3 4 5 6 7 8 9 10 11 12 13 14 15 16 17 
Tape0  : 1 1 1 0 0 1 0 + 1 0 0  0  0  0  0  0  1  0  
Head0  :         ^                                   
---------------------------------------------
Step   : 5
State  : 8
Index0 : 0 1 2 3 4 5 6 7 8 9 10 11 12 13 14 15 16 17 
Tape0  : 1 1 1 0 0 1 0 + 1 0 0  0  0  0  0  0  1  0  
Head0  :           ^                                 
---------------------------------------------
Step   : 6
State  : 8
Index0 : 0 1 2 3 4 5 6 7 8 9 10 11 12 13 14 15 16 17 
Tape0  : 1 1 1 0 0 1 0 + 1 0 0  0  0  0  0  0  1  0  
Head0  :             ^                               
---------------------------------------------
Step   : 7
State  : 8
Index0 : 0 1 2 3 4 5 6 7 8 9 10 11 12 13 14 15 16 17 
Tape0  : 1 1 1 0 0 1 0 + 1 0 0  0  0  0  0  0  1  0  
Head0  :               ^                             
---------------------------------------------
Step   : 8
State  : 9
Index0 : 0 1 2 3 4 5 6 7 8 9 10 11 12 13 14 15 16 17 
Tape0  : 1 1 1 0 0 1 0 _ 1 0 0  0  0  0  0  0  1  0  
Head0  :             ^                               
---------------------------------------------
Step   : 9
State  : 9
Index0 : 0 1 2 3 4 5 6 7 8 9 10 11 12 13 14 15 16 17 
Tape0  : 1 1 1 0 0 1 0 _ 1 0 0  0  0  0  0  0  1  0  
Head0  :           ^                                 
---------------------------------------------
Step   : 10
State  : 9
Index0 : 0 1 2 3 4 5 6 7 8 9 10 11 12 13 14 15 16 17 
Tape0  : 1 1 1 0 0 1 0 _ 1 0 0  0  0  0  0  0  1  0  
Head0  :         ^                                   
---------------------------------------------
Step   : 11
State  : 9
Index0 : 0 1 2 3 4 5 6 7 8 9 10 11 12 13 14 15 16 17 
Tape0  : 1 1 1 0 0 1 0 _ 1 0 0  0  0  0  0  0  1  0  
Head0  :       ^                                     
---------------------------------------------
Step   : 12
State  : 9
Index0 : 0 1 2 3 4 5 6 7 8 9 10 11 12 13 14 15 16 17 
Tape0  : 1 1 1 0 0 1 0 _ 1 0 0  0  0  0  0  0  1  0  
Head0  :     ^                                       
---------------------------------------------
Step   : 13
State  : 9
Index0 : 0 1 2 3 4 5 6 7 8 9 10 11 12 13 14 15 16 17 
Tape0  : 1 1 1 0 0 1 0 _ 1 0 0  0  0  0  0  0  1  0  
Head0  :   ^                                         
---------------------------------------------
Step   : 14
State  : 9
Index0 : 0 1 2 3 4 5 6 7 8 9 10 11 12 13 14 15 16 17 
Tape0  : 1 1 1 0 0 1 0 _ 1 0 0  0  0  0  0  0  1  0  
Head0  : ^                                           
---------------------------------------------
Step   : 15
State  : 9
Index0 : 1 0 1 2 3 4 5 6 7 8 9 10 11 12 13 14 15 16 17 
Tape0  : _ 1 1 1 0 0 1 0 _ 1 0 0  0  0  0  0  0  1  0  
Head0  : ^                                             
---------------------------------------------
Step   : 16
State  : 0
Index0 : 0 1 2 3 4 5 6 7 8 9 10 11 12 13 14 15 16 17 
Tape0  : 1 1 1 0 0 1 0 _ 1 0 0  0  0  0  0  0  1  0  
Head0  : ^                                           
---------------------------------------------
Step   : 17
State  : 0
Index0 : 0 1 2 3 4 5 6 7 8 9 10 11 12 13 14 15 16 17 
Tape0  : 1 1 1 0 0 1 0 _ 1 0 0  0  0  0  0  0  1  0  
Head0  :   ^                                         
---------------------------------------------
Step   : 18
State  : 0
Index0 : 0 1 2 3 4 5 6 7 8 9 10 11 12 13 14 15 16 17 
Tape0  : 1 1 1 0 0 1 0 _ 1 0 0  0  0  0  0  0  1  0  
Head0  :     ^                                       
---------------------------------------------
Step   : 19
State  : 0
Index0 : 0 1 2 3 4 5 6 7 8 9 10 11 12 13 14 15 16 17 
Tape0  : 1 1 1 0 0 1 0 _ 1 0 0  0  0  0  0  0  1  0  
Head0  :       ^                                     
---------------------------------------------
Step   : 20
State  : 0
Index0 : 0 1 2 3 4 5 6 7 8 9 10 11 12 13 14 15 16 17 
Tape0  : 1 1 1 0 0 1 0 _ 1 0 0  0  0  0  0  0  1  0  
Head0  :         ^                                   
---------------------------------------------
Step   : 21
State  : 0
Index0 : 0 1 2 3 4 5 6 7 8 9 10 11 12 13 14 15 16 17 
Tape0  : 1 1 1 0 0 1 0 _ 1 0 0  0  0  0  0  0  1  0  
Head0  :           ^                                 
---------------------------------------------
Step   : 22
State  : 0
Index0 : 0 1 2 3 4 5 6 7 8 9 10 11 12 13 14 15 16 17 
Tape0  : 1 1 1 0 0 1 0 _ 1 0 0  0  0  0  0  0  1  0  
Head0  :             ^                               
---------------------------------------------
Step   : 23
State  : 0
Index0 : 0 1 2 3 4 5 6 7 8 9 10 11 12 13 14 15 16 17 
Tape0  : 1 1 1 0 0 1 0 _ 1 0 0  0  0  0  0  0  1  0  
Head0  :               ^                             
---------------------------------------------
Step   : 24
State  : 1
Index0 : 0 1 2 3 4 5 6 7 8 9 10 11 12 13 14 15 16 17 
Tape0  : 1 1 1 0 0 1 0 _ 1 0 0  0  0  0  0  0  1  0  
Head0  :                 ^                           
---------------------------------------------
Step   : 25
State  : 1
Index0 : 0 1 2 3 4 5 6 7 8 9 10 11 12 13 14 15 16 17 
Tape0  : 1 1 1 0 0 1 0 _ 1 0 0  0  0  0  0  0  1  0  
Head0  :                   ^                         
---------------------------------------------
Step   : 26
State  : 1
Index0 : 0 1 2 3 4 5 6 7 8 9 10 11 12 13 14 15 16 17 
Tape0  : 1 1 1 0 0 1 0 _ 1 0 0  0  0  0  0  0  1  0  
Head0  :                     ^                       
---------------------------------------------
Step   : 27
State  : 1
Index0 : 0 1 2 3 4 5 6 7 8 9 10 11 12 13 14 15 16 17 
Tape0  : 1 1 1 0 0 1 0 _ 1 0 0  0  0  0  0  0  1  0  
Head0  :                        ^                    
---------------------------------------------
Step   : 28
State  : 1
Index0 : 0 1 2 3 4 5 6 7 8 9 10 11 12 13 14 15 16 17 
Tape0  : 1 1 1 0 0 1 0 _ 1 0 0  0  0  0  0  0  1  0  
Head0  :                           ^                 
---------------------------------------------
Step   : 29
State  : 1
Index0 : 0 1 2 3 4 5 6 7 8 9 10 11 12 13 14 15 16 17 
Tape0  : 1 1 1 0 0 1 0 _ 1 0 0  0  0  0  0  0  1  0  
Head0  :                              ^              
---------------------------------------------
Step   : 30
State  : 1
Index0 : 0 1 2 3 4 5 6 7 8 9 10 11 12 13 14 15 16 17 
Tape0  : 1 1 1 0 0 1 0 _ 1 0 0  0  0  0  0  0  1  0  
Head0  :                                 ^           
---------------------------------------------
Step   : 31
State  : 1
Index0 : 0 1 2 3 4 5 6 7 8 9 10 11 12 13 14 15 16 17 
Tape0  : 1 1 1 0 0 1 0 _ 1 0 0  0  0  0  0  0  1  0  
Head0  :                                    ^        
---------------------------------------------
Step   : 32
State  : 1
Index0 : 0 1 2 3 4 5 6 7 8 9 10 11 12 13 14 15 16 17 
Tape0  : 1 1 1 0 0 1 0 _ 1 0 0  0  0  0  0  0  1  0  
Head0  :                                       ^     
---------------------------------------------
Step   : 33
State  : 1
Index0 : 0 1 2 3 4 5 6 7 8 9 10 11 12 13 14 15 16 17 
Tape0  : 1 1 1 0 0 1 0 _ 1 0 0  0  0  0  0  0  1  0  
Head0  :                                          ^  
---------------------------------------------
Step   : 34
State  : 1
Index0 : 0 1 2 3 4 5 6 7 8 9 10 11 12 13 14 15 16 17 18 
Tape0  : 1 1 1 0 0 1 0 _ 1 0 0  0  0  0  0  0  1  0  _  
Head0  :                                             ^  
---------------------------------------------
Step   : 35
State  : 2
Index0 : 0 1 2 3 4 5 6 7 8 9 10 11 12 13 14 15 16 17 
Tape0  : 1 1 1 0 0 1 0 _ 1 0 0  0  0  0  0  0  1  0  
Head0  :                                          ^  
---------------------------------------------
Step   : 36
State  : 3x
Index0 : 0 1 2 3 4 5 6 7 8 9 10 11 12 13 14 15 16 
Tape0  : 1 1 1 0 0 1 0 _ 1 0 0  0  0  0  0  0  1  
Head0  :                                       ^  
---------------------------------------------
Step   : 37
State  : 3x
Index0 : 0 1 2 3 4 5 6 7 8 9 10 11 12 13 14 15 16 
Tape0  : 1 1 1 0 0 1 0 _ 1 0 0  0  0  0  0  0  1  
Head0  :                                    ^     
---------------------------------------------
Step   : 38
State  : 3x
Index0 : 0 1 2 3 4 5 6 7 8 9 10 11 12 13 14 15 16 
Tape0  : 1 1 1 0 0 1 0 _ 1 0 0  0  0  0  0  0  1  
Head0  :                                 ^        
---------------------------------------------
Step   : 39
State  : 3x
Index0 : 0 1 2 3 4 5 6 7 8 9 10 11 12 13 14 15 16 
Tape0  : 1 1 1 0 0 1 0 _ 1 0 0  0  0  0  0  0  1  
Head0  :                              ^           
---------------------------------------------
Step   : 40
State  : 3x
Index0 : 0 1 2 3 4 5 6 7 8 9 10 11 12 13 14 15 16 
Tape0  : 1 1 1 0 0 1 0 _ 1 0 0  0  0  0  0  0  1  
Head0  :                           ^              
---------------------------------------------
Step   : 41
State  : 3x
Index0 : 0 1 2 3 4 5 6 7 8 9 10 11 12 13 14 15 16 
Tape0  : 1 1 1 0 0 1 0 _ 1 0 0  0  0  0  0  0  1  
Head0  :                        ^                 
---------------------------------------------
Step   : 42
State  : 3x
Index0 : 0 1 2 3 4 5 6 7 8 9 10 11 12 13 14 15 16 
Tape0  : 1 1 1 0 0 1 0 _ 1 0 0  0  0  0  0  0  1  
Head0  :                     ^                    
---------------------------------------------
Step   : 43
State  : 3x
Index0 : 0 1 2 3 4 5 6 7 8 9 10 11 12 13 14 15 16 
Tape0  : 1 1 1 0 0 1 0 _ 1 0 0  0  0  0  0  0  1  
Head0  :                   ^                      
---------------------------------------------
Step   : 44
State  : 3x
Index0 : 0 1 2 3 4 5 6 7 8 9 10 11 12 13 14 15 16 
Tape0  : 1 1 1 0 0 1 0 _ 1 0 0  0  0  0  0  0  1  
Head0  :                 ^                        
---------------------------------------------
Step   : 45
State  : 3x
Index0 : 0 1 2 3 4 5 6 7 8 9 10 11 12 13 14 15 16 
Tape0  : 1 1 1 0 0 1 0 _ 1 0 0  0  0  0  0  0  1  
Head0  :               ^                          
---------------------------------------------
Step   : 46
State  : 4x
Index0 : 0 1 2 3 4 5 6 7 8 9 10 11 12 13 14 15 16 
Tape0  : 1 1 1 0 0 1 0 _ 1 0 0  0  0  0  0  0  1  
Head0  :             ^                            
---------------------------------------------
Step   : 47
State  : 0
Index0 : 0 1 2 3 4 5 6 7 8 9 10 11 12 13 14 15 16 
Tape0  : 1 1 1 0 0 1 x _ 1 0 0  0  0  0  0  0  1  
Head0  :               ^                          
---------------------------------------------
Step   : 48
State  : 1
Index0 : 0 1 2 3 4 5 6 7 8 9 10 11 12 13 14 15 16 
Tape0  : 1 1 1 0 0 1 x _ 1 0 0  0  0  0  0  0  1  
Head0  :                 ^                        
---------------------------------------------
Step   : 49
State  : 1
Index0 : 0 1 2 3 4 5 6 7 8 9 10 11 12 13 14 15 16 
Tape0  : 1 1 1 0 0 1 x _ 1 0 0  0  0  0  0  0  1  
Head0  :                   ^                      
---------------------------------------------
Step   : 50
State  : 1
Index0 : 0 1 2 3 4 5 6 7 8 9 10 11 12 13 14 15 16 
Tape0  : 1 1 1 0 0 1 x _ 1 0 0  0  0  0  0  0  1  
Head0  :                     ^                    
---------------------------------------------
Step   : 51
State  : 1
Index0 : 0 1 2 3 4 5 6 7 8 9 10 11 12 13 14 15 16 
Tape0  : 1 1 1 0 0 1 x _ 1 0 0  0  0  0  0  0  1  
Head0  :                        ^                 
---------------------------------------------
Step   : 52
State  : 1
Index0 : 0 1 2 3 4 5 6 7 8 9 10 11 12 13 14 15 16 
Tape0  : 1 1 1 0 0 1 x _ 1 0 0  0  0  0  0  0  1  
Head0  :                           ^              
---------------------------------------------
Step   : 53
State  : 1
Index0 : 0 1 2 3 4 5 6 7 8 9 10 11 12 13 14 15 16 
Tape0  : 1 1 1 0 0 1 x _ 1 0 0  0  0  0  0  0  1  
Head0  :                              ^           
---------------------------------------------
Step   : 54
State  : 1
Index0 : 0 1 2 3 4 5 6 7 8 9 10 11 12 13 14 15 16 
Tape0  : 1 1 1 0 0 1 x _ 1 0 0  0  0  0  0  0  1  
Head0  :                                 ^        
---------------------------------------------
Step   : 55
State  : 1
Index0 : 0 1 2 3 4 5 6 7 8 9 10 11 12 13 14 15 16 
Tape0  : 1 1 1 0 0 1 x _ 1 0 0  0  0  0  0  0  1  
Head0  :                                    ^     
---------------------------------------------
Step   : 56
State  : 1
Index0 : 0 1 2 3 4 5 6 7 8 9 10 11 12 13 14 15 16 
Tape0  : 1 1 1 0 0 1 x _ 1 0 0  0  0  0  0  0  1  
Head0  :                                       ^  
---------------------------------------------
Step   : 57
State  : 1
Index0 : 0 1 2 3 4 5 6 7 8 9 10 11 12 13 14 15 16 17 
Tape0  : 1 1 1 0 0 1 x _ 1 0 0  0  0  0  0  0  1  _  
Head0  :                                          ^  
---------------------------------------------
Step   : 58
State  : 2
Index0 : 0 1 2 3 4 5 6 7 8 9 10 11 12 13 14 15 16 
Tape0  : 1 1 1 0 0 1 x _ 1 0 0  0  0  0  0  0  1  
Head0  :                                       ^  
---------------------------------------------
Step   : 59
State  : 3y
Index0 : 0 1 2 3 4 5 6 7 8 9 10 11 12 13 14 15 
Tape0  : 1 1 1 0 0 1 x _ 1 0 0  0  0  0  0  0  
Head0  :                                    ^  
---------------------------------------------
Step   : 60
State  : 3y
Index0 : 0 1 2 3 4 5 6 7 8 9 10 11 12 13 14 15 
Tape0  : 1 1 1 0 0 1 x _ 1 0 0  0  0  0  0  0  
Head0  :                                 ^     
---------------------------------------------
Step   : 61
State  : 3y
Index0 : 0 1 2 3 4 5 6 7 8 9 10 11 12 13 14 15 
Tape0  : 1 1 1 0 0 1 x _ 1 0 0  0  0  0  0  0  
Head0  :                              ^        
---------------------------------------------
Step   : 62
State  : 3y
Index0 : 0 1 2 3 4 5 6 7 8 9 10 11 12 13 14 15 
Tape0  : 1 1 1 0 0 1 x _ 1 0 0  0  0  0  0  0  
Head0  :                           ^           
---------------------------------------------
Step   : 63
State  : 3y
Index0 : 0 1 2 3 4 5 6 7 8 9 10 11 12 13 14 15 
Tape0  : 1 1 1 0 0 1 x _ 1 0 0  0  0  0  0  0  
Head0  :                        ^              
---------------------------------------------
Step   : 64
State  : 3y
Index0 : 0 1 2 3 4 5 6 7 8 9 10 11 12 13 14 15 
Tape0  : 1 1 1 0 0 1 x _ 1 0 0  0  0  0  0  0  
Head0  :                     ^                 
---------------------------------------------
Step   : 65
State  : 3y
Index0 : 0 1 2 3 4 5 6 7 8 9 10 11 12 13 14 15 
Tape0  : 1 1 1 0 0 1 x _ 1 0 0  0  0  0  0  0  
Head0  :                   ^                   
---------------------------------------------
Step   : 66
State  : 3y
Index0 : 0 1 2 3 4 5 6 7 8 9 10 11 12 13 14 15 
Tape0  : 1 1 1 0 0 1 x _ 1 0 0  0  0  0  0  0  
Head0  :                 ^                     
---------------------------------------------
Step   : 67
State  : 3y
Index0 : 0 1 2 3 4 5 6 7 8 9 10 11 12 13 14 15 
Tape0  : 1 1 1 0 0 1 x _ 1 0 0  0  0  0  0  0  
Head0  :               ^                       
---------------------------------------------
Step   : 68
State  : 4y
Index0 : 0 1 2 3 4 5 6 7 8 9 10 11 12 13 14 15 
Tape0  : 1 1 1 0 0 1 x _ 1 0 0  0  0  0  0  0  
Head0  :             ^                         
---------------------------------------------
Step   : 69
State  : 4y
Index0 : 0 1 2 3 4 5 6 7 8 9 10 11 12 13 14 15 
Tape0  : 1 1 1 0 0 1 x _ 1 0 0  0  0  0  0  0  
Head0  :           ^                           
---------------------------------------------
Step   : 70
State  : 4y
Index0 : 0 1 2 3 4 5 6 7 8 9 10 11 12 13 14 15 
Tape0  : 1 1 1 0 0 0 x _ 1 0 0  0  0  0  0  0  
Head0  :         ^                             
---------------------------------------------
Step   : 71
State  : 5
Index0 : 0 1 2 3 4 5 6 7 8 9 10 11 12 13 14 15 
Tape0  : 1 1 1 0 1 0 x _ 1 0 0  0  0  0  0  0  
Head0  :         ^                             
---------------------------------------------
Step   : 72
State  : 5
Index0 : 0 1 2 3 4 5 6 7 8 9 10 11 12 13 14 15 
Tape0  : 1 1 1 0 1 0 x _ 1 0 0  0  0  0  0  0  
Head0  :           ^                           
---------------------------------------------
Step   : 73
State  : 5
Index0 : 0 1 2 3 4 5 6 7 8 9 10 11 12 13 14 15 
Tape0  : 1 1 1 0 1 0 x _ 1 0 0  0  0  0  0  0  
Head0  :             ^                         
---------------------------------------------
Step   : 74
State  : 6
Index0 : 0 1 2 3 4 5 6 7 8 9 10 11 12 13 14 15 
Tape0  : 1 1 1 0 1 0 x _ 1 0 0  0  0  0  0  0  
Head0  :           ^                           
---------------------------------------------
Step   : 75
State  : 0
Index0 : 0 1 2 3 4 5 6 7 8 9 10 11 12 13 14 15 
Tape0  : 1 1 1 0 1 x x _ 1 0 0  0  0  0  0  0  
Head0  :             ^                         
---------------------------------------------
Step   : 76
State  : 0
Index0 : 0 1 2 3 4 5 6 7 8 9 10 11 12 13 14 15 
Tape0  : 1 1 1 0 1 x x _ 1 0 0  0  0  0  0  0  
Head0  :               ^                       
---------------------------------------------
Step   : 77
State  : 1
Index0 : 0 1 2 3 4 5 6 7 8 9 10 11 12 13 14 15 
Tape0  : 1 1 1 0 1 x x _ 1 0 0  0  0  0  0  0  
Head0  :                 ^                     
---------------------------------------------
Step   : 78
State  : 1
Index0 : 0 1 2 3 4 5 6 7 8 9 10 11 12 13 14 15 
Tape0  : 1 1 1 0 1 x x _ 1 0 0  0  0  0  0  0  
Head0  :                   ^                   
---------------------------------------------
Step   : 79
State  : 1
Index0 : 0 1 2 3 4 5 6 7 8 9 10 11 12 13 14 15 
Tape0  : 1 1 1 0 1 x x _ 1 0 0  0  0  0  0  0  
Head0  :                     ^                 
---------------------------------------------
Step   : 80
State  : 1
Index0 : 0 1 2 3 4 5 6 7 8 9 10 11 12 13 14 15 
Tape0  : 1 1 1 0 1 x x _ 1 0 0  0  0  0  0  0  
Head0  :                        ^              
---------------------------------------------
Step   : 81
State  : 1
Index0 : 0 1 2 3 4 5 6 7 8 9 10 11 12 13 14 15 
Tape0  : 1 1 1 0 1 x x _ 1 0 0  0  0  0  0  0  
Head0  :                           ^           
---------------------------------------------
Step   : 82
State  : 1
Index0 : 0 1 2 3 4 5 6 7 8 9 10 11 12 13 14 15 
Tape0  : 1 1 1 0 1 x x _ 1 0 0  0  0  0  0  0  
Head0  :                              ^        
---------------------------------------------
Step   : 83
State  : 1
Index0 : 0 1 2 3 4 5 6 7 8 9 10 11 12 13 14 15 
Tape0  : 1 1 1 0 1 x x _ 1 0 0  0  0  0  0  0  
Head0  :                                 ^     
---------------------------------------------
Step   : 84
State  : 1
Index0 : 0 1 2 3 4 5 6 7 8 9 10 11 12 13 14 15 
Tape0  : 1 1 1 0 1 x x _ 1 0 0  0  0  0  0  0  
Head0  :                                    ^  
---------------------------------------------
Step   : 85
State  : 1
Index0 : 0 1 2 3 4 5 6 7 8 9 10 11 12 13 14 15 16 
Tape0  : 1 1 1 0 1 x x _ 1 0 0  0  0  0  0  0  _  
Head0  :                                       ^  
---------------------------------------------
Step   : 86
State  : 2
Index0 : 0 1 2 3 4 5 6 7 8 9 10 11 12 13 14 15 
Tape0  : 1 1 1 0 1 x x _ 1 0 0  0  0  0  0  0  
Head0  :                                    ^  
---------------------------------------------
Step   : 87
State  : 3x
Index0 : 0 1 2 3 4 5 6 7 8 9 10 11 12 13 14 
Tape0  : 1 1 1 0 1 x x _ 1 0 0  0  0  0  0  
Head0  :                                 ^  
---------------------------------------------
Step   : 88
State  : 3x
Index0 : 0 1 2 3 4 5 6 7 8 9 10 11 12 13 14 
Tape0  : 1 1 1 0 1 x x _ 1 0 0  0  0  0  0  
Head0  :                              ^     
---------------------------------------------
Step   : 89
State  : 3x
Index0 : 0 1 2 3 4 5 6 7 8 9 10 11 12 13 14 
Tape0  : 1 1 1 0 1 x x _ 1 0 0  0  0  0  0  
Head0  :                           ^        
---------------------------------------------
Step   : 90
State  : 3x
Index0 : 0 1 2 3 4 5 6 7 8 9 10 11 12 13 14 
Tape0  : 1 1 1 0 1 x x _ 1 0 0  0  0  0  0  
Head0  :                        ^           
---------------------------------------------
Step   : 91
State  : 3x
Index0 : 0 1 2 3 4 5 6 7 8 9 10 11 12 13 14 
Tape0  : 1 1 1 0 1 x x _ 1 0 0  0  0  0  0  
Head0  :                     ^              
---------------------------------------------
Step   : 92
State  : 3x
Index0 : 0 1 2 3 4 5 6 7 8 9 10 11 12 13 14 
Tape0  : 1 1 1 0 1 x x _ 1 0 0  0  0  0  0  
Head0  :                   ^                
---------------------------------------------
Step   : 93
State  : 3x
Index0 : 0 1 2 3 4 5 6 7 8 9 10 11 12 13 14 
Tape0  : 1 1 1 0 1 x x _ 1 0 0  0  0  0  0  
Head0  :                 ^                  
---------------------------------------------
Step   : 94
State  : 3x
Index0 : 0 1 2 3 4 5 6 7 8 9 10 11 12 13 14 
Tape0  : 1 1 1 0 1 x x _ 1 0 0  0  0  0  0  
Head0  :               ^                    
---------------------------------------------
Step   : 95
State  : 4x
Index0 : 0 1 2 3 4 5 6 7 8 9 10 11 12 13 14 
Tape0  : 1 1 1 0 1 x x _ 1 0 0  0  0  0  0  
Head0  :             ^                      
---------------------------------------------
Step   : 96
State  : 4x
Index0 : 0 1 2 3 4 5 6 7 8 9 10 11 12 13 14 
Tape0  : 1 1 1 0 1 x x _ 1 0 0  0  0  0  0  
Head0  :           ^                        
---------------------------------------------
Step   : 97
State  : 4x
Index0 : 0 1 2 3 4 5 6 7 8 9 10 11 12 13 14 
Tape0  : 1 1 1 0 1 x x _ 1 0 0  0  0  0  0  
Head0  :         ^                          
---------------------------------------------
Step   : 98
State  : 0
Index0 : 0 1 2 3 4 5 6 7 8 9 10 11 12 13 14 
Tape0  : 1 1 1 0 y x x _ 1 0 0  0  0  0  0  
Head0  :           ^                        
---------------------------------------------
Step   : 99
State  : 0
Index0 : 0 1 2 3 4 5 6 7 8 9 10 11 12 13 14 
Tape0  : 1 1 1 0 y x x _ 1 0 0  0  0  0  0  
Head0  :             ^                      
---------------------------------------------
Step   : 100
State  : 0
Index0 : 0 1 2 3 4 5 6 7 8 9 10 11 12 13 14 
Tape0  : 1 1 1 0 y x x _ 1 0 0  0  0  0  0  
Head0  :               ^                    
---------------------------------------------
Step   : 101
State  : 1
Index0 : 0 1 2 3 4 5 6 7 8 9 10 11 12 13 14 
Tape0  : 1 1 1 0 y x x _ 1 0 0  0  0  0  0  
Head0  :                 ^                  
---------------------------------------------
Step   : 102
State  : 1
Index0 : 0 1 2 3 4 5 6 7 8 9 10 11 12 13 14 
Tape0  : 1 1 1 0 y x x _ 1 0 0  0  0  0  0  
Head0  :                   ^                
---------------------------------------------
Step   : 103
State  : 1
Index0 : 0 1 2 3 4 5 6 7 8 9 10 11 12 13 14 
Tape0  : 1 1 1 0 y x x _ 1 0 0  0  0  0  0  
Head0  :                     ^              
---------------------------------------------
Step   : 104
State  : 1
Index0 : 0 1 2 3 4 5 6 7 8 9 10 11 12 13 14 
Tape0  : 1 1 1 0 y x x _ 1 0 0  0  0  0  0  
Head0  :                        ^           
---------------------------------------------
Step   : 105
State  : 1
Index0 : 0 1 2 3 4 5 6 7 8 9 10 11 12 13 14 
Tape0  : 1 1 1 0 y x x _ 1 0 0  0  0  0  0  
Head0  :                           ^        
---------------------------------------------
Step   : 106
State  : 1
Index0 : 0 1 2 3 4 5 6 7 8 9 10 11 12 13 14 
Tape0  : 1 1 1 0 y x x _ 1 0 0  0  0  0  0  
Head0  :                              ^     
---------------------------------------------
Step   : 107
State  : 1
Index0 : 0 1 2 3 4 5 6 7 8 9 10 11 12 13 14 
Tape0  : 1 1 1 0 y x x _ 1 0 0  0  0  0  0  
Head0  :                                 ^  
---------------------------------------------
Step   : 108
State  : 1
Index0 : 0 1 2 3 4 5 6 7 8 9 10 11 12 13 14 15 
Tape0  : 1 1 1 0 y x x _ 1 0 0  0  0  0  0  _  
Head0  :                                    ^  
---------------------------------------------
Step   : 109
State  : 2
Index0 : 0 1 2 3 4 5 6 7 8 9 10 11 12 13 14 
Tape0  : 1 1 1 0 y x x _ 1 0 0  0  0  0  0  
Head0  :                                 ^  
---------------------------------------------
Step   : 110
State  : 3x
Index0 : 0 1 2 3 4 5 6 7 8 9 10 11 12 13 
Tape0  : 1 1 1 0 y x x _ 1 0 0  0  0  0  
Head0  :                              ^  
---------------------------------------------
Step   : 111
State  : 3x
Index0 : 0 1 2 3 4 5 6 7 8 9 10 11 12 13 
Tape0  : 1 1 1 0 y x x _ 1 0 0  0  0  0  
Head0  :                           ^     
---------------------------------------------
Step   : 112
State  : 3x
Index0 : 0 1 2 3 4 5 6 7 8 9 10 11 12 13 
Tape0  : 1 1 1 0 y x x _ 1 0 0  0  0  0  
Head0  :                        ^        
---------------------------------------------
Step   : 113
State  : 3x
Index0 : 0 1 2 3 4 5 6 7 8 9 10 11 12 13 
Tape0  : 1 1 1 0 y x x _ 1 0 0  0  0  0  
Head0  :                     ^           
---------------------------------------------
Step   : 114
State  : 3x
Index0 : 0 1 2 3 4 5 6 7 8 9 10 11 12 13 
Tape0  : 1 1 1 0 y x x _ 1 0 0  0  0  0  
Head0  :                   ^             
---------------------------------------------
Step   : 115
State  : 3x
Index0 : 0 1 2 3 4 5 6 7 8 9 10 11 12 13 
Tape0  : 1 1 1 0 y x x _ 1 0 0  0  0  0  
Head0  :                 ^               
---------------------------------------------
Step   : 116
State  : 3x
Index0 : 0 1 2 3 4 5 6 7 8 9 10 11 12 13 
Tape0  : 1 1 1 0 y x x _ 1 0 0  0  0  0  
Head0  :               ^                 
---------------------------------------------
Step   : 117
State  : 4x
Index0 : 0 1 2 3 4 5 6 7 8 9 10 11 12 13 
Tape0  : 1 1 1 0 y x x _ 1 0 0  0  0  0  
Head0  :             ^                   
---------------------------------------------
Step   : 118
State  : 4x
Index0 : 0 1 2 3 4 5 6 7 8 9 10 11 12 13 
Tape0  : 1 1 1 0 y x x _ 1 0 0  0  0  0  
Head0  :           ^                     
---------------------------------------------
Step   : 119
State  : 4x
Index0 : 0 1 2 3 4 5 6 7 8 9 10 11 12 13 
Tape0  : 1 1 1 0 y x x _ 1 0 0  0  0  0  
Head0  :         ^                       
---------------------------------------------
Step   : 120
State  : 4x
Index0 : 0 1 2 3 4 5 6 7 8 9 10 11 12 13 
Tape0  : 1 1 1 0 y x x _ 1 0 0  0  0  0  
Head0  :       ^                         
---------------------------------------------
Step   : 121
State  : 0
Index0 : 0 1 2 3 4 5 6 7 8 9 10 11 12 13 
Tape0  : 1 1 1 x y x x _ 1 0 0  0  0  0  
Head0  :         ^                       
---------------------------------------------
Step   : 122
State  : 0
Index0 : 0 1 2 3 4 5 6 7 8 9 10 11 12 13 
Tape0  : 1 1 1 x y x x _ 1 0 0  0  0  0  
Head0  :           ^                     
---------------------------------------------
Step   : 123
State  : 0
Index0 : 0 1 2 3 4 5 6 7 8 9 10 11 12 13 
Tape0  : 1 1 1 x y x x _ 1 0 0  0  0  0  
Head0  :             ^                   
---------------------------------------------
Step   : 124
State  : 0
Index0 : 0 1 2 3 4 5 6 7 8 9 10 11 12 13 
Tape0  : 1 1 1 x y x x _ 1 0 0  0  0  0  
Head0  :               ^                 
---------------------------------------------
Step   : 125
State  : 1
Index0 : 0 1 2 3 4 5 6 7 8 9 10 11 12 13 
Tape0  : 1 1 1 x y x x _ 1 0 0  0  0  0  
Head0  :                 ^               
---------------------------------------------
Step   : 126
State  : 1
Index0 : 0 1 2 3 4 5 6 7 8 9 10 11 12 13 
Tape0  : 1 1 1 x y x x _ 1 0 0  0  0  0  
Head0  :                   ^             
---------------------------------------------
Step   : 127
State  : 1
Index0 : 0 1 2 3 4 5 6 7 8 9 10 11 12 13 
Tape0  : 1 1 1 x y x x _ 1 0 0  0  0  0  
Head0  :                     ^           
---------------------------------------------
Step   : 128
State  : 1
Index0 : 0 1 2 3 4 5 6 7 8 9 10 11 12 13 
Tape0  : 1 1 1 x y x x _ 1 0 0  0  0  0  
Head0  :                        ^        
---------------------------------------------
Step   : 129
State  : 1
Index0 : 0 1 2 3 4 5 6 7 8 9 10 11 12 13 
Tape0  : 1 1 1 x y x x _ 1 0 0  0  0  0  
Head0  :                           ^     
---------------------------------------------
Step   : 130
State  : 1
Index0 : 0 1 2 3 4 5 6 7 8 9 10 11 12 13 
Tape0  : 1 1 1 x y x x _ 1 0 0  0  0  0  
Head0  :                              ^  
---------------------------------------------
Step   : 131
State  : 1
Index0 : 0 1 2 3 4 5 6 7 8 9 10 11 12 13 14 
Tape0  : 1 1 1 x y x x _ 1 0 0  0  0  0  _  
Head0  :                                 ^  
---------------------------------------------
Step   : 132
State  : 2
Index0 : 0 1 2 3 4 5 6 7 8 9 10 11 12 13 
Tape0  : 1 1 1 x y x x _ 1 0 0  0  0  0  
Head0  :                              ^  
---------------------------------------------
Step   : 133
State  : 3x
Index0 : 0 1 2 3 4 5 6 7 8 9 10 11 12 
Tape0  : 1 1 1 x y x x _ 1 0 0  0  0  
Head0  :                           ^  
---------------------------------------------
Step   : 134
State  : 3x
Index0 : 0 1 2 3 4 5 6 7 8 9 10 11 12 
Tape0  : 1 1 1 x y x x _ 1 0 0  0  0  
Head0  :                        ^     
---------------------------------------------
Step   : 135
State  : 3x
Index0 : 0 1 2 3 4 5 6 7 8 9 10 11 12 
Tape0  : 1 1 1 x y x x _ 1 0 0  0  0  
Head0  :                     ^        
---------------------------------------------
Step   : 136
State  : 3x
Index0 : 0 1 2 3 4 5 6 7 8 9 10 11 12 
Tape0  : 1 1 1 x y x x _ 1 0 0  0  0  
Head0  :                   ^          
---------------------------------------------
Step   : 137
State  : 3x
Index0 : 0 1 2 3 4 5 6 7 8 9 10 11 12 
Tape0  : 1 1 1 x y x x _ 1 0 0  0  0  
Head0  :                 ^            
---------------------------------------------
Step   : 138
State  : 3x
Index0 : 0 1 2 3 4 5 6 7 8 9 10 11 12 
Tape0  : 1 1 1 x y x x _ 1 0 0  0  0  
Head0  :               ^              
---------------------------------------------
Step   : 139
State  : 4x
Index0 : 0 1 2 3 4 5 6 7 8 9 10 11 12 
Tape0  : 1 1 1 x y x x _ 1 0 0  0  0  
Head0  :             ^                
---------------------------------------------
Step   : 140
State  : 4x
Index0 : 0 1 2 3 4 5 6 7 8 9 10 11 12 
Tape0  : 1 1 1 x y x x _ 1 0 0  0  0  
Head0  :           ^                  
---------------------------------------------
Step   : 141
State  : 4x
Index0 : 0 1 2 3 4 5 6 7 8 9 10 11 12 
Tape0  : 1 1 1 x y x x _ 1 0 0  0  0  
Head0  :         ^                    
---------------------------------------------
Step   : 142
State  : 4x
Index0 : 0 1 2 3 4 5 6 7 8 9 10 11 12 
Tape0  : 1 1 1 x y x x _ 1 0 0  0  0  
Head0  :       ^                      
---------------------------------------------
Step   : 143
State  : 4x
Index0 : 0 1 2 3 4 5 6 7 8 9 10 11 12 
Tape0  : 1 1 1 x y x x _ 1 0 0  0  0  
Head0  :     ^                        
---------------------------------------------
Step   : 144
State  : 0
Index0 : 0 1 2 3 4 5 6 7 8 9 10 11 12 
Tape0  : 1 1 y x y x x _ 1 0 0  0  0  
Head0  :       ^                      
---------------------------------------------
Step   : 145
State  : 0
Index0 : 0 1 2 3 4 5 6 7 8 9 10 11 12 
Tape0  : 1 1 y x y x x _ 1 0 0  0  0  
Head0  :         ^                    
---------------------------------------------
Step   : 146
State  : 0
Index0 : 0 1 2 3 4 5 6 7 8 9 10 11 12 
Tape0  : 1 1 y x y x x _ 1 0 0  0  0  
Head0  :           ^                  
---------------------------------------------
Step   : 147
State  : 0
Index0 : 0 1 2 3 4 5 6 7 8 9 10 11 12 
Tape0  : 1 1 y x y x x _ 1 0 0  0  0  
Head0  :             ^                
---------------------------------------------
Step   : 148
State  : 0
Index0 : 0 1 2 3 4 5 6 7 8 9 10 11 12 
Tape0  : 1 1 y x y x x _ 1 0 0  0  0  
Head0  :               ^              
---------------------------------------------
Step   : 149
State  : 1
Index0 : 0 1 2 3 4 5 6 7 8 9 10 11 12 
Tape0  : 1 1 y x y x x _ 1 0 0  0  0  
Head0  :                 ^            
---------------------------------------------
Step   : 150
State  : 1
Index0 : 0 1 2 3 4 5 6 7 8 9 10 11 12 
Tape0  : 1 1 y x y x x _ 1 0 0  0  0  
Head0  :                   ^          
---------------------------------------------
Step   : 151
State  : 1
Index0 : 0 1 2 3 4 5 6 7 8 9 10 11 12 
Tape0  : 1 1 y x y x x _ 1 0 0  0  0  
Head0  :                     ^        
---------------------------------------------
Step   : 152
State  : 1
Index0 : 0 1 2 3 4 5 6 7 8 9 10 11 12 
Tape0  : 1 1 y x y x x _ 1 0 0  0  0  
Head0  :                        ^     
---------------------------------------------
Step   : 153
State  : 1
Index0 : 0 1 2 3 4 5 6 7 8 9 10 11 12 
Tape0  : 1 1 y x y x x _ 1 0 0  0  0  
Head0  :                           ^  
---------------------------------------------
Step   : 154
State  : 1
Index0 : 0 1 2 3 4 5 6 7 8 9 10 11 12 13 
Tape0  : 1 1 y x y x x _ 1 0 0  0  0  _  
Head0  :                              ^  
---------------------------------------------
Step   : 155
State  : 2
Index0 : 0 1 2 3 4 5 6 7 8 9 10 11 12 
Tape0  : 1 1 y x y x x _ 1 0 0  0  0  
Head0  :                           ^  
---------------------------------------------
Step   : 156
State  : 3x
Index0 : 0 1 2 3 4 5 6 7 8 9 10 11 
Tape0  : 1 1 y x y x x _ 1 0 0  0  
Head0  :                        ^  
---------------------------------------------
Step   : 157
State  : 3x
Index0 : 0 1 2 3 4 5 6 7 8 9 10 11 
Tape0  : 1 1 y x y x x _ 1 0 0  0  
Head0  :                     ^     
---------------------------------------------
Step   : 158
State  : 3x
Index0 : 0 1 2 3 4 5 6 7 8 9 10 11 
Tape0  : 1 1 y x y x x _ 1 0 0  0  
Head0  :                   ^       
---------------------------------------------
Step   : 159
State  : 3x
Index0 : 0 1 2 3 4 5 6 7 8 9 10 11 
Tape0  : 1 1 y x y x x _ 1 0 0  0  
Head0  :                 ^         
---------------------------------------------
Step   : 160
State  : 3x
Index0 : 0 1 2 3 4 5 6 7 8 9 10 11 
Tape0  : 1 1 y x y x x _ 1 0 0  0  
Head0  :               ^           
---------------------------------------------
Step   : 161
State  : 4x
Index0 : 0 1 2 3 4 5 6 7 8 9 10 11 
Tape0  : 1 1 y x y x x _ 1 0 0  0  
Head0  :             ^             
---------------------------------------------
Step   : 162
State  : 4x
Index0 : 0 1 2 3 4 5 6 7 8 9 10 11 
Tape0  : 1 1 y x y x x _ 1 0 0  0  
Head0  :           ^               
---------------------------------------------
Step   : 163
State  : 4x
Index0 : 0 1 2 3 4 5 6 7 8 9 10 11 
Tape0  : 1 1 y x y x x _ 1 0 0  0  
Head0  :         ^                 
---------------------------------------------
Step   : 164
State  : 4x
Index0 : 0 1 2 3 4 5 6 7 8 9 10 11 
Tape0  : 1 1 y x y x x _ 1 0 0  0  
Head0  :       ^                   
---------------------------------------------
Step   : 165
State  : 4x
Index0 : 0 1 2 3 4 5 6 7 8 9 10 11 
Tape0  : 1 1 y x y x x _ 1 0 0  0  
Head0  :     ^                     
---------------------------------------------
Step   : 166
State  : 4x
Index0 : 0 1 2 3 4 5 6 7 8 9 10 11 
Tape0  : 1 1 y x y x x _ 1 0 0  0  
Head0  :   ^                       
---------------------------------------------
Step   : 167
State  : 0
Index0 : 0 1 2 3 4 5 6 7 8 9 10 11 
Tape0  : 1 y y x y x x _ 1 0 0  0  
Head0  :     ^                     
---------------------------------------------
Step   : 168
State  : 0
Index0 : 0 1 2 3 4 5 6 7 8 9 10 11 
Tape0  : 1 y y x y x x _ 1 0 0  0  
Head0  :       ^                   
---------------------------------------------
Step   : 169
State  : 0
Index0 : 0 1 2 3 4 5 6 7 8 9 10 11 
Tape0  : 1 y y x y x x _ 1 0 0  0  
Head0  :         ^                 
---------------------------------------------
Step   : 170
State  : 0
Index0 : 0 1 2 3 4 5 6 7 8 9 10 11 
Tape0  : 1 y y x y x x _ 1 0 0  0  
Head0  :           ^               
---------------------------------------------
Step   : 171
State  : 0
Index0 : 0 1 2 3 4 5 6 7 8 9 10 11 
Tape0  : 1 y y x y x x _ 1 0 0  0  
Head0  :             ^             
---------------------------------------------
Step   : 172
State  : 0
Index0 : 0 1 2 3 4 5 6 7 8 9 10 11 
Tape0  : 1 y y x y x x _ 1 0 0  0  
Head0  :               ^           
---------------------------------------------
Step   : 173
State  : 1
Index0 : 0 1 2 3 4 5 6 7 8 9 10 11 
Tape0  : 1 y y x y x x _ 1 0 0  0  
Head0  :                 ^         
---------------------------------------------
Step   : 174
State  : 1
Index0 : 0 1 2 3 4 5 6 7 8 9 10 11 
Tape0  : 1 y y x y x x _ 1 0 0  0  
Head0  :                   ^       
---------------------------------------------
Step   : 175
State  : 1
Index0 : 0 1 2 3 4 5 6 7 8 9 10 11 
Tape0  : 1 y y x y x x _ 1 0 0  0  
Head0  :                     ^     
---------------------------------------------
Step   : 176
State  : 1
Index0 : 0 1 2 3 4 5 6 7 8 9 10 11 
Tape0  : 1 y y x y x x _ 1 0 0  0  
Head0  :                        ^  
---------------------------------------------
Step   : 177
State  : 1
Index0 : 0 1 2 3 4 5 6 7 8 9 10 11 12 
Tape0  : 1 y y x y x x _ 1 0 0  0  _  
Head0  :                           ^  
---------------------------------------------
Step   : 178
State  : 2
Index0 : 0 1 2 3 4 5 6 7 8 9 10 11 
Tape0  : 1 y y x y x x _ 1 0 0  0  
Head0  :                        ^  
---------------------------------------------
Step   : 179
State  : 3x
Index0 : 0 1 2 3 4 5 6 7 8 9 10 
Tape0  : 1 y y x y x x _ 1 0 0  
Head0  :                     ^  
---------------------------------------------
Step   : 180
State  : 3x
Index0 : 0 1 2 3 4 5 6 7 8 9 10 
Tape0  : 1 y y x y x x _ 1 0 0  
Head0  :                   ^    
---------------------------------------------
Step   : 181
State  : 3x
Index0 : 0 1 2 3 4 5 6 7 8 9 10 
Tape0  : 1 y y x y x x _ 1 0 0  
Head0  :                 ^      
---------------------------------------------
Step   : 182
State  : 3x
Index0 : 0 1 2 3 4 5 6 7 8 9 10 
Tape0  : 1 y y x y x x _ 1 0 0  
Head0  :               ^        
---------------------------------------------
Step   : 183
State  : 4x
Index0 : 0 1 2 3 4 5 6 7 8 9 10 
Tape0  : 1 y y x y x x _ 1 0 0  
Head0  :             ^          
---------------------------------------------
Step   : 184
State  : 4x
Index0 : 0 1 2 3 4 5 6 7 8 9 10 
Tape0  : 1 y y x y x x _ 1 0 0  
Head0  :           ^            
---------------------------------------------
Step   : 185
State  : 4x
Index0 : 0 1 2 3 4 5 6 7 8 9 10 
Tape0  : 1 y y x y x x _ 1 0 0  
Head0  :         ^              
---------------------------------------------
Step   : 186
State  : 4x
Index0 : 0 1 2 3 4 5 6 7 8 9 10 
Tape0  : 1 y y x y x x _ 1 0 0  
Head0  :       ^                
---------------------------------------------
Step   : 187
State  : 4x
Index0 : 0 1 2 3 4 5 6 7 8 9 10 
Tape0  : 1 y y x y x x _ 1 0 0  
Head0  :     ^                  
---------------------------------------------
Step   : 188
State  : 4x
Index0 : 0 1 2 3 4 5 6 7 8 9 10 
Tape0  : 1 y y x y x x _ 1 0 0  
Head0  :   ^                    
---------------------------------------------
Step   : 189
State  : 4x
Index0 : 0 1 2 3 4 5 6 7 8 9 10 
Tape0  : 1 y y x y x x _ 1 0 0  
Head0  : ^                      
---------------------------------------------
Step   : 190
State  : 0
Index0 : 0 1 2 3 4 5 6 7 8 9 10 
Tape0  : y y y x y x x _ 1 0 0  
Head0  :   ^                    
---------------------------------------------
Step   : 191
State  : 0
Index0 : 0 1 2 3 4 5 6 7 8 9 10 
Tape0  : y y y x y x x _ 1 0 0  
Head0  :     ^                  
---------------------------------------------
Step   : 192
State  : 0
Index0 : 0 1 2 3 4 5 6 7 8 9 10 
Tape0  : y y y x y x x _ 1 0 0  
Head0  :       ^                
---------------------------------------------
Step   : 193
State  : 0
Index0 : 0 1 2 3 4 5 6 7 8 9 10 
Tape0  : y y y x y x x _ 1 0 0  
Head0  :         ^              
---------------------------------------------
Step   : 194
State  : 0
Index0 : 0 1 2 3 4 5 6 7 8 9 10 
Tape0  : y y y x y x x _ 1 0 0  
Head0  :           ^            
---------------------------------------------
Step   : 195
State  : 0
Index0 : 0 1 2 3 4 5 6 7 8 9 10 
Tape0  : y y y x y x x _ 1 0 0  
Head0  :             ^          
---------------------------------------------
Step   : 196
State  : 0
Index0 : 0 1 2 3 4 5 6 7 8 9 10 
Tape0  : y y y x y x x _ 1 0 0  
Head0  :               ^        
---------------------------------------------
Step   : 197
State  : 1
Index0 : 0 1 2 3 4 5 6 7 8 9 10 
Tape0  : y y y x y x x _ 1 0 0  
Head0  :                 ^      
---------------------------------------------
Step   : 198
State  : 1
Index0 : 0 1 2 3 4 5 6 7 8 9 10 
Tape0  : y y y x y x x _ 1 0 0  
Head0  :                   ^    
---------------------------------------------
Step   : 199
State  : 1
Index0 : 0 1 2 3 4 5 6 7 8 9 10 
Tape0  : y y y x y x x _ 1 0 0  
Head0  :                     ^  
---------------------------------------------
Step   : 200
State  : 1
Index0 : 0 1 2 3 4 5 6 7 8 9 10 11 
Tape0  : y y y x y x x _ 1 0 0  _  
Head0  :                        ^  
---------------------------------------------
Step   : 201
State  : 2
Index0 : 0 1 2 3 4 5 6 7 8 9 10 
Tape0  : y y y x y x x _ 1 0 0  
Head0  :                     ^  
---------------------------------------------
Step   : 202
State  : 3x
Index0 : 0 1 2 3 4 5 6 7 8 9 
Tape0  : y y y x y x x _ 1 0 
Head0  :                   ^ 
---------------------------------------------
Step   : 203
State  : 3x
Index0 : 0 1 2 3 4 5 6 7 8 9 
Tape0  : y y y x y x x _ 1 0 
Head0  :                 ^   
---------------------------------------------
Step   : 204
State  : 3x
Index0 : 0 1 2 3 4 5 6 7 8 9 
Tape0  : y y y x y x x _ 1 0 
Head0  :               ^     
---------------------------------------------
Step   : 205
State  : 4x
Index0 : 0 1 2 3 4 5 6 7 8 9 
Tape0  : y y y x y x x _ 1 0 
Head0  :             ^       
---------------------------------------------
Step   : 206
State  : 4x
Index0 : 0 1 2 3 4 5 6 7 8 9 
Tape0  : y y y x y x x _ 1 0 
Head0  :           ^         
---------------------------------------------
Step   : 207
State  : 4x
Index0 : 0 1 2 3 4 5 6 7 8 9 
Tape0  : y y y x y x x _ 1 0 
Head0  :         ^           
---------------------------------------------
Step   : 208
State  : 4x
Index0 : 0 1 2 3 4 5 6 7 8 9 
Tape0  : y y y x y x x _ 1 0 
Head0  :       ^             
---------------------------------------------
Step   : 209
State  : 4x
Index0 : 0 1 2 3 4 5 6 7 8 9 
Tape0  : y y y x y x x _ 1 0 
Head0  :     ^               
---------------------------------------------
Step   : 210
State  : 4x
Index0 : 0 1 2 3 4 5 6 7 8 9 
Tape0  : y y y x y x x _ 1 0 
Head0  :   ^                 
---------------------------------------------
Step   : 211
State  : 4x
Index0 : 0 1 2 3 4 5 6 7 8 9 
Tape0  : y y y x y x x _ 1 0 
Head0  : ^                   
---------------------------------------------
Step   : 212
State  : 4x
Index0 : 1 0 1 2 3 4 5 6 7 8 9 
Tape0  : _ y y y x y x x _ 1 0 
Head0  : ^                     
---------------------------------------------
Step   : 213
State  : 0
Index0 : 1 0 1 2 3 4 5 6 7 8 9 
Tape0  : x y y y x y x x _ 1 0 
Head0  :   ^                   
---------------------------------------------
Step   : 214
State  : 0
Index0 : 1 0 1 2 3 4 5 6 7 8 9 
Tape0  : x y y y x y x x _ 1 0 
Head0  :     ^                 
---------------------------------------------
Step   : 215
State  : 0
Index0 : 1 0 1 2 3 4 5 6 7 8 9 
Tape0  : x y y y x y x x _ 1 0 
Head0  :       ^               
---------------------------------------------
Step   : 216
State  : 0
Index0 : 1 0 1 2 3 4 5 6 7 8 9 
Tape0  : x y y y x y x x _ 1 0 
Head0  :         ^             
---------------------------------------------
Step   : 217
State  : 0
Index0 : 1 0 1 2 3 4 5 6 7 8 9 
Tape0  : x y y y x y x x _ 1 0 
Head0  :           ^           
---------------------------------------------
Step   : 218
State  : 0
Index0 : 1 0 1 2 3 4 5 6 7 8 9 
Tape0  : x y y y x y x x _ 1 0 
Head0  :             ^         
---------------------------------------------
Step   : 219
State  : 0
Index0 : 1 0 1 2 3 4 5 6 7 8 9 
Tape0  : x y y y x y x x _ 1 0 
Head0  :               ^       
---------------------------------------------
Step   : 220
State  : 0
Index0 : 1 0 1 2 3 4 5 6 7 8 9 
Tape0  : x y y y x y x x _ 1 0 
Head0  :                 ^     
---------------------------------------------
Step   : 221
State  : 1
Index0 : 1 0 1 2 3 4 5 6 7 8 9 
Tape0  : x y y y x y x x _ 1 0 
Head0  :                   ^   
---------------------------------------------
Step   : 222
State  : 1
Index0 : 1 0 1 2 3 4 5 6 7 8 9 
Tape0  : x y y y x y x x _ 1 0 
Head0  :                     ^ 
---------------------------------------------
Step   : 223
State  : 1
Index0 : 1 0 1 2 3 4 5 6 7 8 9 10 
Tape0  : x y y y x y x x _ 1 0 _  
Head0  :                       ^  
---------------------------------------------
Step   : 224
State  : 2
Index0 : 1 0 1 2 3 4 5 6 7 8 9 
Tape0  : x y y y x y x x _ 1 0 
Head0  :                     ^ 
---------------------------------------------
Step   : 225
State  : 3x
Index0 : 1 0 1 2 3 4 5 6 7 8 
Tape0  : x y y y x y x x _ 1 
Head0  :                   ^ 
---------------------------------------------
Step   : 226
State  : 3x
Index0 : 1 0 1 2 3 4 5 6 7 8 
Tape0  : x y y y x y x x _ 1 
Head0  :                 ^   
---------------------------------------------
Step   : 227
State  : 4x
Index0 : 1 0 1 2 3 4 5 6 7 8 
Tape0  : x y y y x y x x _ 1 
Head0  :               ^     
---------------------------------------------
Step   : 228
State  : 4x
Index0 : 1 0 1 2 3 4 5 6 7 8 
Tape0  : x y y y x y x x _ 1 
Head0  :             ^       
---------------------------------------------
Step   : 229
State  : 4x
Index0 : 1 0 1 2 3 4 5 6 7 8 
Tape0  : x y y y x y x x _ 1 
Head0  :           ^         
---------------------------------------------
Step   : 230
State  : 4x
Index0 : 1 0 1 2 3 4 5 6 7 8 
Tape0  : x y y y x y x x _ 1 
Head0  :         ^           
---------------------------------------------
Step   : 231
State  : 4x
Index0 : 1 0 1 2 3 4 5 6 7 8 
Tape0  : x y y y x y x x _ 1 
Head0  :       ^             
---------------------------------------------
Step   : 232
State  : 4x
Index0 : 1 0 1 2 3 4 5 6 7 8 
Tape0  : x y y y x y x x _ 1 
Head0  :     ^               
---------------------------------------------
Step   : 233
State  : 4x
Index0 : 1 0 1 2 3 4 5 6 7 8 
Tape0  : x y y y x y x x _ 1 
Head0  :   ^                 
---------------------------------------------
Step   : 234
State  : 4x
Index0 : 1 0 1 2 3 4 5 6 7 8 
Tape0  : x y y y x y x x _ 1 
Head0  : ^                   
---------------------------------------------
Step   : 235
State  : 4x
Index0 : 2 1 0 1 2 3 4 5 6 7 8 
Tape0  : _ x y y y x y x x _ 1 
Head0  : ^                     
---------------------------------------------
Step   : 236
State  : 0
Index0 : 2 1 0 1 2 3 4 5 6 7 8 
Tape0  : x x y y y x y x x _ 1 
Head0  :   ^                   
---------------------------------------------
Step   : 237
State  : 0
Index0 : 2 1 0 1 2 3 4 5 6 7 8 
Tape0  : x x y y y x y x x _ 1 
Head0  :     ^                 
---------------------------------------------
Step   : 238
State  : 0
Index0 : 2 1 0 1 2 3 4 5 6 7 8 
Tape0  : x x y y y x y x x _ 1 
Head0  :       ^               
---------------------------------------------
Step   : 239
State  : 0
Index0 : 2 1 0 1 2 3 4 5 6 7 8 
Tape0  : x x y y y x y x x _ 1 
Head0  :         ^             
---------------------------------------------
Step   : 240
State  : 0
Index0 : 2 1 0 1 2 3 4 5 6 7 8 
Tape0  : x x y y y x y x x _ 1 
Head0  :           ^           
---------------------------------------------
Step   : 241
State  : 0
Index0 : 2 1 0 1 2 3 4 5 6 7 8 
Tape0  : x x y y y x y x x _ 1 
Head0  :             ^         
---------------------------------------------
Step   : 242
State  : 0
Index0 : 2 1 0 1 2 3 4 5 6 7 8 
Tape0  : x x y y y x y x x _ 1 
Head0  :               ^       
---------------------------------------------
Step   : 243
State  : 0
Index0 : 2 1 0 1 2 3 4 5 6 7 8 
Tape0  : x x y y y x y x x _ 1 
Head0  :                 ^     
---------------------------------------------
Step   : 244
State  : 0
Index0 : 2 1 0 1 2 3 4 5 6 7 8 
Tape0  : x x y y y x y x x _ 1 
Head0  :                   ^   
---------------------------------------------
Step   : 245
State  : 1
Index0 : 2 1 0 1 2 3 4 5 6 7 8 
Tape0  : x x y y y x y x x _ 1 
Head0  :                     ^ 
---------------------------------------------
Step   : 246
State  : 1
Index0 : 2 1 0 1 2 3 4 5 6 7 8 9 
Tape0  : x x y y y x y x x _ 1 _ 
Head0  :                       ^ 
---------------------------------------------
Step   : 247
State  : 2
Index0 : 2 1 0 1 2 3 4 5 6 7 8 
Tape0  : x x y y y x y x x _ 1 
Head0  :                     ^ 
---------------------------------------------
Step   : 248
State  : 3y
Index0 : 2 1 0 1 2 3 4 5 6 7 
Tape0  : x x y y y x y x x _ 
Head0  :                   ^ 
---------------------------------------------
Step   : 249
State  : 4y
Index0 : 2 1 0 1 2 3 4 5 6 
Tape0  : x x y y y x y x x 
Head0  :                 ^ 
---------------------------------------------
Step   : 250
State  : 4y
Index0 : 2 1 0 1 2 3 4 5 6 
Tape0  : x x y y y x y x x 
Head0  :               ^   
---------------------------------------------
Step   : 251
State  : 4y
Index0 : 2 1 0 1 2 3 4 5 6 
Tape0  : x x y y y x y x x 
Head0  :             ^     
---------------------------------------------
Step   : 252
State  : 4y
Index0 : 2 1 0 1 2 3 4 5 6 
Tape0  : x x y y y x y x x 
Head0  :           ^       
---------------------------------------------
Step   : 253
State  : 4y
Index0 : 2 1 0 1 2 3 4 5 6 
Tape0  : x x y y y x y x x 
Head0  :         ^         
---------------------------------------------
Step   : 254
State  : 4y
Index0 : 2 1 0 1 2 3 4 5 6 
Tape0  : x x y y y x y x x 
Head0  :       ^           
---------------------------------------------
Step   : 255
State  : 4y
Index0 : 2 1 0 1 2 3 4 5 6 
Tape0  : x x y y y x y x x 
Head0  :     ^             
---------------------------------------------
Step   : 256
State  : 4y
Index0 : 2 1 0 1 2 3 4 5 6 
Tape0  : x x y y y x y x x 
Head0  :   ^               
---------------------------------------------
Step   : 257
State  : 4y
Index0 : 2 1 0 1 2 3 4 5 6 
Tape0  : x x y y y x y x x 
Head0  : ^                 
---------------------------------------------
Step   : 258
State  : 4y
Index0 : 3 2 1 0 1 2 3 4 5 6 
Tape0  : _ x x y y y x y x x 
Head0  : ^                   
---------------------------------------------
Step   : 259
State  : 5
Index0 : 3 2 1 0 1 2 3 4 5 6 
Tape0  : 1 x x y y y x y x x 
Head0  : ^                   
---------------------------------------------
Step   : 260
State  : 5
Index0 : 3 2 1 0 1 2 3 4 5 6 
Tape0  : 1 x x y y y x y x x 
Head0  :   ^                 
---------------------------------------------
Step   : 261
State  : 6
Index0 : 3 2 1 0 1 2 3 4 5 6 
Tape0  : 1 x x y y y x y x x 
Head0  : ^                   
---------------------------------------------
Step   : 262
State  : 0
Index0 : 3 2 1 0 1 2 3 4 5 6 
Tape0  : y x x y y y x y x x 
Head0  :   ^                 
---------------------------------------------
Step   : 263
State  : 0
Index0 : 3 2 1 0 1 2 3 4 5 6 
Tape0  : y x x y y y x y x x 
Head0  :     ^               
---------------------------------------------
Step   : 264
State  : 0
Index0 : 3 2 1 0 1 2 3 4 5 6 
Tape0  : y x x y y y x y x x 
Head0  :       ^             
---------------------------------------------
Step   : 265
State  : 0
Index0 : 3 2 1 0 1 2 3 4 5 6 
Tape0  : y x x y y y x y x x 
Head0  :         ^           
---------------------------------------------
Step   : 266
State  : 0
Index0 : 3 2 1 0 1 2 3 4 5 6 
Tape0  : y x x y y y x y x x 
Head0  :           ^         
---------------------------------------------
Step   : 267
State  : 0
Index0 : 3 2 1 0 1 2 3 4 5 6 
Tape0  : y x x y y y x y x x 
Head0  :             ^       
---------------------------------------------
Step   : 268
State  : 0
Index0 : 3 2 1 0 1 2 3 4 5 6 
Tape0  : y x x y y y x y x x 
Head0  :               ^     
---------------------------------------------
Step   : 269
State  : 0
Index0 : 3 2 1 0 1 2 3 4 5 6 
Tape0  : y x x y y y x y x x 
Head0  :                 ^   
---------------------------------------------
Step   : 270
State  : 0
Index0 : 3 2 1 0 1 2 3 4 5 6 
Tape0  : y x x y y y x y x x 
Head0  :                   ^ 
---------------------------------------------
Step   : 271
State  : 0
Index0 : 3 2 1 0 1 2 3 4 5 6 7 
Tape0  : y x x y y y x y x x _ 
Head0  :                     ^ 
---------------------------------------------
Step   : 272
State  : 1
Index0 : 3 2 1 0 1 2 3 4 5 6 7 8 
Tape0  : y x x y y y x y x x _ _ 
Head0  :                       ^ 
---------------------------------------------
Step   : 273
State  : 2
Index0 : 3 2 1 0 1 2 3 4 5 6 7 
Tape0  : y x x y y y x y x x _ 
Head0  :                     ^ 
---------------------------------------------
Step   : 274
State  : 7
Index0 : 3 2 1 0 1 2 3 4 5 6 
Tape0  : y x x y y y x y x x 
Head0  :                   ^ 
---------------------------------------------
Step   : 275
State  : 7
Index0 : 3 2 1 0 1 2 3 4 5 6 
Tape0  : y x x y y y x y x 0 
Head0  :                 ^   
---------------------------------------------
Step   : 276
State  : 7
Index0 : 3 2 1 0 1 2 3 4 5 6 
Tape0  : y x x y y y x y 0 0 
Head0  :               ^     
---------------------------------------------
Step   : 277
State  : 7
Index0 : 3 2 1 0 1 2 3 4 5 6 
Tape0  : y x x y y y x 1 0 0 
Head0  :             ^       
---------------------------------------------
Step   : 278
State  : 7
Index0 : 3 2 1 0 1 2 3 4 5 6 
Tape0  : y x x y y y 0 1 0 0 
Head0  :           ^         
---------------------------------------------
Step   : 279
State  : 7
Index0 : 3 2 1 0 1 2 3 4 5 6 
Tape0  : y x x y y 1 0 1 0 0 
Head0  :         ^           
---------------------------------------------
Step   : 280
State  : 7
Index0 : 3 2 1 0 1 2 3 4 5 6 
Tape0  : y x x y 1 1 0 1 0 0 
Head0  :       ^             
---------------------------------------------
Step   : 281
State  : 7
Index0 : 3 2 1 0 1 2 3 4 5 6 
Tape0  : y x x 1 1 1 0 1 0 0 
Head0  :     ^               
---------------------------------------------
Step   : 282
State  : 7
Index0 : 3 2 1 0 1 2 3 4 5 6 
Tape0  : y x 0 1 1 1 0 1 0 0 
Head0  :   ^                 
---------------------------------------------
Step   : 283
State  : 7
Index0 : 3 2 1 0 1 2 3 4 5 6 
Tape0  : y 0 0 1 1 1 0 1 0 0 
Head0  : ^                   
---------------------------------------------
Step   : 284
State  : 7
Index0 : 4 3 2 1 0 1 2 3 4 5 6 
Tape0  : _ 1 0 0 1 1 1 0 1 0 0 
Head0  : ^                     
---------------------------------------------
Step   : 285
State  : halt
Index0 : 3 2 1 0 1 2 3 4 5 6 
Tape0  : 1 0 0 1 1 1 0 1 0 0 
Head0  : ^                   
---------------------------------------------
Result: 1001110100
==================== END ====================
