Input: 0x0
==================== RUN ====================
Step   : 0
State  : 8
Index0 : 0 1 2 
Tape0  : 0 x 0 
Head0  : ^     
---------------------------------------------
Step   : 1
State  : 8
Index0 : 0 1 2 
Tape0  : 0 x 0 
Head0  :   ^   
---------------------------------------------
Step   : 2
State  : 9
Index0 : 0 1 2 
Tape0  : 0 _ 0 
Head0  : ^     
---------------------------------------------
Step   : 3
State  : 9
Index0 : 1 0 1 2 
Tape0  : _ 0 _ 0 
Head0  : ^       
---------------------------------------------
Step   : 4
State  : 0
Index0 : 0 1 2 
Tape0  : 0 _ 0 
Head0  : ^     
---------------------------------------------
Step   : 5
State  : 1
Index0 : 1 0 1 2 
Tape0  : _ 0 _ 0 
Head0  : ^       
---------------------------------------------
Step   : 6
State  : 2
Index0 : 2 1 0 1 2 
Tape0  : _ _ 0 _ 0 
Head0  : ^         
---------------------------------------------
Step   : 7
State  : 3
Index0 : 2 1 0 1 2 
Tape0  : 0 _ 0 _ 0 
Head0  :   ^       
---------------------------------------------
Step   : 8
State  : 10
Index0 : 2 1 0 1 2 
Tape0  : 0 _ 0 _ 0 
Head0  :     ^     
---------------------------------------------
Step   : 9
State  : 10
Index0 : 2 1 0 1 2 
Tape0  : 0 _ 0 _ 0 
Head0  :       ^   
---------------------------------------------
Step   : 10
State  : 11
Index0 : 2 1 0 1 2 
Tape0  : 0 _ 0 _ 0 
Head0  :     ^     
---------------------------------------------
Step   : 11
State  : 20
Index0 : 2 1 0 1 2 
Tape0  : 0 _ x _ 0 
Head0  :       ^   
---------------------------------------------
Step   : 12
State  : 20
Index0 : 2 1 0 1 2 
Tape0  : 0 _ x _ 0 
Head0  :         ^ 
---------------------------------------------
Step   : 13
State  : 21
Index0 : 2 1 0 1 2 3 
Tape0  : 0 _ x _ 0 _ 
Head0  :           ^ 
---------------------------------------------
Step   : 14
State  : 25
Index0 : 2 1 0 1 2 3 
Tape0  : 0 _ x _ 0 0 
Head0  :         ^   
---------------------------------------------
Step   : 15
State  : 25
Index0 : 2 1 0 1 2 3 
Tape0  : 0 _ x _ 0 0 
Head0  :       ^     
---------------------------------------------
Step   : 16
State  : 26
Index0 : 2 1 0 1 2 3 
Tape0  : 0 _ x _ 0 0 
Head0  :     ^       
---------------------------------------------
Step   : 17
State  : 26
Index0 : 2 1 0 1 2 3 
Tape0  : 0 _ x _ 0 0 
Head0  :   ^         
---------------------------------------------
Step   : 18
State  : 80
Index0 : 2 1 0 1 2 3 
Tape0  : 0 _ x _ 0 0 
Head0  :     ^       
---------------------------------------------
Step   : 19
State  : 80
Index0 : 2 1 0 1 2 3 
Tape0  : 0 _ _ _ 0 0 
Head0  :       ^     
---------------------------------------------
Step   : 20
State  : 81
Index0 : 2 1 0 1 2 3 
Tape0  : 0 _ _ _ 0 0 
Head0  :         ^   
---------------------------------------------
Step   : 21
State  : 81
Index0 : 2 1 0 1 2 3 
Tape0  : 0 _ _ _ _ 0 
Head0  :           ^ 
---------------------------------------------
Step   : 22
State  : 81
Index0 : 2 1 0 1 2 3 4 
Tape0  : 0 _ _ _ _ _ _ 
Head0  :             ^ 
---------------------------------------------
Step   : 23
State  : 82
Index0 : 2 1 0 1 2 3 
Tape0  : 0 _ _ _ _ _ 
Head0  :           ^ 
---------------------------------------------
Step   : 24
State  : 82
Index0 : 2 1 0 1 2 
Tape0  : 0 _ _ _ _ 
Head0  :         ^ 
---------------------------------------------
Step   : 25
State  : 82
Index0 : 2 1 0 1 
Tape0  : 0 _ _ _ 
Head0  :       ^ 
---------------------------------------------
Step   : 26
State  : 82
Index0 : 2 1 0 
Tape0  : 0 _ _ 
Head0  :     ^ 
---------------------------------------------
Step   : 27
State  : 82
Index0 : 2 1 
Tape0  : 0 _ 
Head0  :   ^ 
---------------------------------------------
Step   : 28
State  : 82
Index0 : 2 
Tape0  : 0 
Head0  : ^ 
---------------------------------------------
Step   : 29
State  : halt
Index0 : 2 
Tape0  : 0 
Head0  : ^ 
---------------------------------------------
Result: 0
==================== END ====================
