Input: 101+1
==================== RUN ====================
Step   : 0
State  : 8
Index0 : 0 1 2 3 4 
Tape0  : 1 0 1 + 1 
Head0  : ^         
---------------------------------------------
Step   : 1
State  : 8
Index0 : 0 1 2 3 4 
Tape0  : 1 0 1 + 1 
Head0  :   ^       
---------------------------------------------
Step   : 2
State  : 8
Index0 : 0 1 2 3 4 
Tape0  : 1 0 1 + 1 
Head0  :     ^     
---------------------------------------------
Step   : 3
State  : 8
Index0 : 0 1 2 3 4 
Tape0  : 1 0 1 + 1 
Head0  :       ^   
---------------------------------------------
Step   : 4
State  : 9
Index0 : 0 1 2 3 4 
Tape0  : 1 0 1 _ 1 
Head0  :     ^     
---------------------------------------------
Step   : 5
State  : 9
Index0 : 0 1 2 3 4 
Tape0  : 1 0 1 _ 1 
Head0  :   ^       
---------------------------------------------
Step   : 6
State  : 9
Index0 : 0 1 2 3 4 
Tape0  : 1 0 1 _ 1 
Head0  : ^         
---------------------------------------------
Step   : 7
State  : 9
Index0 : 1 0 1 2 3 4 
Tape0  : _ 1 0 1 _ 1 
Head0  : ^           
---------------------------------------------
Step   : 8
State  : 0
Index0 : 0 1 2 3 4 
Tape0  : 1 0 1 _ 1 
Head0  : ^         
---------------------------------------------
Step   : 9
State  : 0
Index0 : 0 1 2 3 4 
Tape0  : 1 0 1 _ 1 
Head0  :   ^       
---------------------------------------------
Step   : 10
State  : 0
Index0 : 0 1 2 3 4 
Tape0  : 1 0 1 _ 1 
Head0  :     ^     
---------------------------------------------
Step   : 11
State  : 0
Index0 : 0 1 2 3 4 
Tape0  : 1 0 1 _ 1 
Head0  :       ^   
---------------------------------------------
Step   : 12
State  : 1
Index0 : 0 1 2 3 4 
Tape0  : 1 0 1 _ 1 
Head0  :         ^ 
---------------------------------------------
Step   : 13
State  : 1
Index0 : 0 1 2 3 4 5 
Tape0  : 1 0 1 _ 1 _ 
Head0  :           ^ 
---------------------------------------------
Step   : 14
State  : 2
Index0 : 0 1 2 3 4 
Tape0  : 1 0 1 _ 1 
Head0  :         ^ 
---------------------------------------------
Step   : 15
State  : 3y
Index0 : 0 1 2 3 
Tape0  : 1 0 1 _ 
Head0  :       ^ 
---------------------------------------------
Step   : 16
State  : 4y
Index0 : 0 1 2 
Tape0  : 1 0 1 
Head0  :     ^ 
---------------------------------------------
Step   : 17
State  : 4y
Index0 : 0 1 2 
Tape0  : 1 0 0 
Head0  :   ^   
---------------------------------------------
Step   : 18
State  : 5
Index0 : 0 1 2 
Tape0  : 1 1 0 
Head0  :   ^   
---------------------------------------------
Step   : 19
State  : 5
Index0 : 0 1 2 
Tape0  : 1 1 0 
Head0  :     ^ 
---------------------------------------------
Step   : 20
State  : 5
Index0 : 0 1 2 3 
Tape0  : 1 1 0 _ 
Head0  :       ^ 
---------------------------------------------
Step   : 21
State  : 6
Index0 : 0 1 2 
Tape0  : 1 1 0 
Head0  :     ^ 
---------------------------------------------
Step   : 22
State  : 0
Index0 : 0 1 2 3 
Tape0  : 1 1 x _ 
Head0  :       ^ 
---------------------------------------------
Step   : 23
State  : 1
Index0 : 0 1 2 3 4 
Tape0  : 1 1 x _ _ 
Head0  :         ^ 
---------------------------------------------
Step   : 24
State  : 2
Index0 : 0 1 2 3 
Tape0  : 1 1 x _ 
Head0  :       ^ 
---------------------------------------------
Step   : 25
State  : 7
Index0 : 0 1 2 
Tape0  : 1 1 x 
Head0  :     ^ 
---------------------------------------------
Step   : 26
State  : 7
Index0 : 0 1 2 
Tape0  : 1 1 0 
Head0  :   ^   
---------------------------------------------
Step   : 27
State  : 7
Index0 : 0 1 2 
Tape0  : 1 1 0 
Head0  : ^     
---------------------------------------------
Step   : 28
State  : 7
Index0 : 1 0 1 2 
Tape0  : _ 1 1 0 
Head0  : ^       
---------------------------------------------
Step   : 29
State  : halt
Index0 : 0 1 2 
Tape0  : 1 1 0 
Head0  : ^     
---------------------------------------------
Result: 110
==================== END ====================
