Input: 101x1
==================== RUN ====================
Step   : 0
State  : 8
Index0 : 0 1 2 3 4 
Tape0  : 1 0 1 x 1 
Head0  : ^         
---------------------------------------------
Step   : 1
State  : 8
Index0 : 0 1 2 3 4 
Tape0  : 1 0 1 x 1 
Head0  :   ^       
---------------------------------------------
Step   : 2
State  : 8
Index0 : 0 1 2 3 4 
Tape0  : 1 0 1 x 1 
Head0  :     ^     
---------------------------------------------
Step   : 3
State  : 8
Index0 : 0 1 2 3 4 
Tape0  : 1 0 1 x 1 
Head0  :       ^   
---------------------------------------------
Step   : 4
State  : 9
Index0 : 0 1 2 3 4 
Tape0  : 1 0 1 _ 1 
Head0  :     ^     
---------------------------------------------
Step   : 5
State  : 9
Index0 : 0 1 2 3 4 
Tape0  : 1 0 1 _ 1 
Head0  :   ^       
---------------------------------------------
Step   : 6
State  : 9
Index0 : 0 1 2 3 4 
Tape0  : 1 0 1 _ 1 
Head0  : ^         
---------------------------------------------
Step   : 7
State  : 9
Index0 : 1 0 1 2 3 4 
Tape0  : _ 1 0 1 _ 1 
Head0  : ^           
---------------------------------------------
Step   : 8
State  : 0
Index0 : 0 1 2 3 4 
Tape0  : 1 0 1 _ 1 
Head0  : ^         
---------------------------------------------
Step   : 9
State  : 1
Index0 : 1 0 1 2 3 4 
Tape0  : _ 1 0 1 _ 1 
Head0  : ^           
---------------------------------------------
Step   : 10
State  : 2
Index0 : 2 1 0 1 2 3 4 
Tape0  : _ _ 1 0 1 _ 1 
Head0  : ^             
---------------------------------------------
Step   : 11
State  : 3
Index0 : 2 1 0 1 2 3 4 
Tape0  : 0 _ 1 0 1 _ 1 
Head0  :   ^           
---------------------------------------------
Step   : 12
State  : 10
Index0 : 2 1 0 1 2 3 4 
Tape0  : 0 _ 1 0 1 _ 1 
Head0  :     ^         
---------------------------------------------
Step   : 13
State  : 10
Index0 : 2 1 0 1 2 3 4 
Tape0  : 0 _ 1 0 1 _ 1 
Head0  :       ^       
---------------------------------------------
Step   : 14
State  : 10
Index0 : 2 1 0 1 2 3 4 
Tape0  : 0 _ 1 0 1 _ 1 
Head0  :         ^     
---------------------------------------------
Step   : 15
State  : 10
Index0 : 2 1 0 1 2 3 4 
Tape0  : 0 _ 1 0 1 _ 1 
Head0  :           ^   
---------------------------------------------
Step   : 16
State  : 11
Index0 : 2 1 0 1 2 3 4 
Tape0  : 0 _ 1 0 1 _ 1 
Head0  :         ^     
---------------------------------------------
Step   : 17
State  : 30
Index0 : 2 1 0 1 2 3 4 
Tape0  : 0 _ 1 0 x _ 1 
Head0  :           ^   
---------------------------------------------
Step   : 18
State  : 30
Index0 : 2 1 0 1 2 3 4 
Tape0  : 0 _ 1 0 x _ 1 
Head0  :             ^ 
---------------------------------------------
Step   : 19
State  : 31
Index0 : 2 1 0 1 2 3 4 5 
Tape0  : 0 _ 1 0 x _ 1 _ 
Head0  :               ^ 
---------------------------------------------
Step   : 20
State  : 32
Index0 : 2 1 0 1 2 3 4 
Tape0  : 0 _ 1 0 x _ 1 
Head0  :             ^ 
---------------------------------------------
Step   : 21
State  : 50
Index0 : 2 1 0 1 2 3 4 
Tape0  : 0 _ 1 0 x _ i 
Head0  :           ^   
---------------------------------------------
Step   : 22
State  : 51
Index0 : 2 1 0 1 2 3 4 
Tape0  : 0 _ 1 0 x _ i 
Head0  :         ^     
---------------------------------------------
Step   : 23
State  : 52
Index0 : 2 1 0 1 2 3 4 
Tape0  : 0 _ 1 0 x _ i 
Head0  :       ^       
---------------------------------------------
Step   : 24
State  : 52
Index0 : 2 1 0 1 2 3 4 
Tape0  : 0 _ 1 0 x _ i 
Head0  :     ^         
---------------------------------------------
Step   : 25
State  : 52
Index0 : 2 1 0 1 2 3 4 
Tape0  : 0 _ 1 0 x _ i 
Head0  :   ^           
---------------------------------------------
Step   : 26
State  : 53
Index0 : 2 1 0 1 2 3 4 
Tape0  : 0 _ 1 0 x _ i 
Head0  : ^             
---------------------------------------------
Step   : 27
State  : 55
Index0 : 2 1 0 1 2 3 4 
Tape0  : i _ 1 0 x _ i 
Head0  :   ^           
---------------------------------------------
Step   : 28
State  : 56
Index0 : 2 1 0 1 2 3 4 
Tape0  : i _ 1 0 x _ i 
Head0  :     ^         
---------------------------------------------
Step   : 29
State  : 57
Index0 : 2 1 0 1 2 3 4 
Tape0  : i _ 1 0 x _ i 
Head0  :       ^       
---------------------------------------------
Step   : 30
State  : 57
Index0 : 2 1 0 1 2 3 4 
Tape0  : i _ 1 0 x _ i 
Head0  :         ^     
---------------------------------------------
Step   : 31
State  : 57
Index0 : 2 1 0 1 2 3 4 
Tape0  : i _ 1 0 x _ i 
Head0  :           ^   
---------------------------------------------
Step   : 32
State  : 58
Index0 : 2 1 0 1 2 3 4 
Tape0  : i _ 1 0 x _ i 
Head0  :             ^ 
---------------------------------------------
Step   : 33
State  : 59
Index0 : 2 1 0 1 2 3 4 5 
Tape0  : i _ 1 0 x _ i _ 
Head0  :               ^ 
---------------------------------------------
Step   : 34
State  : 32
Index0 : 2 1 0 1 2 3 4 
Tape0  : i _ 1 0 x _ i 
Head0  :             ^ 
---------------------------------------------
Step   : 35
State  : 32
Index0 : 2 1 0 1 2 3 4 
Tape0  : i _ 1 0 x _ i 
Head0  :           ^   
---------------------------------------------
Step   : 36
State  : 70
Index0 : 2 1 0 1 2 3 4 
Tape0  : i _ 1 0 x _ i 
Head0  :             ^ 
---------------------------------------------
Step   : 37
State  : 70
Index0 : 2 1 0 1 2 3 4 5 
Tape0  : i _ 1 0 x _ 1 _ 
Head0  :               ^ 
---------------------------------------------
Step   : 38
State  : 71
Index0 : 2 1 0 1 2 3 4 
Tape0  : i _ 1 0 x _ 1 
Head0  :             ^ 
---------------------------------------------
Step   : 39
State  : 71
Index0 : 2 1 0 1 2 3 4 
Tape0  : i _ 1 0 x _ 1 
Head0  :           ^   
---------------------------------------------
Step   : 40
State  : 72
Index0 : 2 1 0 1 2 3 4 
Tape0  : i _ 1 0 x _ 1 
Head0  :         ^     
---------------------------------------------
Step   : 41
State  : 73
Index0 : 2 1 0 1 2 3 4 
Tape0  : i _ 1 0 x _ 1 
Head0  :       ^       
---------------------------------------------
Step   : 42
State  : 73
Index0 : 2 1 0 1 2 3 4 
Tape0  : i _ 1 0 x _ 1 
Head0  :     ^         
---------------------------------------------
Step   : 43
State  : 73
Index0 : 2 1 0 1 2 3 4 
Tape0  : i _ 1 0 x _ 1 
Head0  :   ^           
---------------------------------------------
Step   : 44
State  : 74
Index0 : 2 1 0 1 2 3 4 
Tape0  : i _ 1 0 x _ 1 
Head0  : ^             
---------------------------------------------
Step   : 45
State  : 74
Index0 : 3 2 1 0 1 2 3 4 
Tape0  : _ 1 _ 1 0 x _ 1 
Head0  : ^               
---------------------------------------------
Step   : 46
State  : 75
Index0 : 2 1 0 1 2 3 4 
Tape0  : 1 _ 1 0 x _ 1 
Head0  : ^             
---------------------------------------------
Step   : 47
State  : 75
Index0 : 2 1 0 1 2 3 4 
Tape0  : 1 _ 1 0 x _ 1 
Head0  :   ^           
---------------------------------------------
Step   : 48
State  : 76
Index0 : 2 1 0 1 2 3 4 
Tape0  : 1 _ 1 0 x _ 1 
Head0  :     ^         
---------------------------------------------
Step   : 49
State  : 76
Index0 : 2 1 0 1 2 3 4 
Tape0  : 1 _ 1 0 x _ 1 
Head0  :       ^       
---------------------------------------------
Step   : 50
State  : 76
Index0 : 2 1 0 1 2 3 4 
Tape0  : 1 _ 1 0 x _ 1 
Head0  :         ^     
---------------------------------------------
Step   : 51
State  : 76
Index0 : 2 1 0 1 2 3 4 
Tape0  : 1 _ 1 0 x _ 1 
Head0  :           ^   
---------------------------------------------
Step   : 52
State  : 20
Index0 : 2 1 0 1 2 3 4 
Tape0  : 1 _ 1 0 x _ 1 
Head0  :             ^ 
---------------------------------------------
Step   : 53
State  : 21
Index0 : 2 1 0 1 2 3 4 5 
Tape0  : 1 _ 1 0 x _ 1 _ 
Head0  :               ^ 
---------------------------------------------
Step   : 54
State  : 25
Index0 : 2 1 0 1 2 3 4 5 
Tape0  : 1 _ 1 0 x _ 1 0 
Head0  :             ^   
---------------------------------------------
Step   : 55
State  : 25
Index0 : 2 1 0 1 2 3 4 5 
Tape0  : 1 _ 1 0 x _ 1 0 
Head0  :           ^     
---------------------------------------------
Step   : 56
State  : 26
Index0 : 2 1 0 1 2 3 4 5 
Tape0  : 1 _ 1 0 x _ 1 0 
Head0  :         ^       
---------------------------------------------
Step   : 57
State  : 26
Index0 : 2 1 0 1 2 3 4 5 
Tape0  : 1 _ 1 0 x _ 1 0 
Head0  :       ^         
---------------------------------------------
Step   : 58
State  : 11
Index0 : 2 1 0 1 2 3 4 5 
Tape0  : 1 _ 1 0 x _ 1 0 
Head0  :       ^         
---------------------------------------------
Step   : 59
State  : 20
Index0 : 2 1 0 1 2 3 4 5 
Tape0  : 1 _ 1 x x _ 1 0 
Head0  :         ^       
---------------------------------------------
Step   : 60
State  : 20
Index0 : 2 1 0 1 2 3 4 5 
Tape0  : 1 _ 1 x x _ 1 0 
Head0  :           ^     
---------------------------------------------
Step   : 61
State  : 20
Index0 : 2 1 0 1 2 3 4 5 
Tape0  : 1 _ 1 x x _ 1 0 
Head0  :             ^   
---------------------------------------------
Step   : 62
State  : 21
Index0 : 2 1 0 1 2 3 4 5 
Tape0  : 1 _ 1 x x _ 1 0 
Head0  :               ^ 
---------------------------------------------
Step   : 63
State  : 21
Index0 : 2 1 0 1 2 3 4 5 6 
Tape0  : 1 _ 1 x x _ 1 0 _ 
Head0  :                 ^ 
---------------------------------------------
Step   : 64
State  : 25
Index0 : 2 1 0 1 2 3 4 5 6 
Tape0  : 1 _ 1 x x _ 1 0 0 
Head0  :               ^   
---------------------------------------------
Step   : 65
State  : 25
Index0 : 2 1 0 1 2 3 4 5 6 
Tape0  : 1 _ 1 x x _ 1 0 0 
Head0  :             ^     
---------------------------------------------
Step   : 66
State  : 25
Index0 : 2 1 0 1 2 3 4 5 6 
Tape0  : 1 _ 1 x x _ 1 0 0 
Head0  :           ^       
---------------------------------------------
Step   : 67
State  : 26
Index0 : 2 1 0 1 2 3 4 5 6 
Tape0  : 1 _ 1 x x _ 1 0 0 
Head0  :         ^         
---------------------------------------------
Step   : 68
State  : 26
Index0 : 2 1 0 1 2 3 4 5 6 
Tape0  : 1 _ 1 x x _ 1 0 0 
Head0  :       ^           
---------------------------------------------
Step   : 69
State  : 26
Index0 : 2 1 0 1 2 3 4 5 6 
Tape0  : 1 _ 1 x x _ 1 0 0 
Head0  :     ^             
---------------------------------------------
Step   : 70
State  : 11
Index0 : 2 1 0 1 2 3 4 5 6 
Tape0  : 1 _ 1 x x _ 1 0 0 
Head0  :     ^             
---------------------------------------------
Step   : 71
State  : 30
Index0 : 2 1 0 1 2 3 4 5 6 
Tape0  : 1 _ x x x _ 1 0 0 
Head0  :       ^           
---------------------------------------------
Step   : 72
State  : 30
Index0 : 2 1 0 1 2 3 4 5 6 
Tape0  : 1 _ x x x _ 1 0 0 
Head0  :         ^         
---------------------------------------------
Step   : 73
State  : 30
Index0 : 2 1 0 1 2 3 4 5 6 
Tape0  : 1 _ x x x _ 1 0 0 
Head0  :           ^       
---------------------------------------------
Step   : 74
State  : 30
Index0 : 2 1 0 1 2 3 4 5 6 
Tape0  : 1 _ x x x _ 1 0 0 
Head0  :             ^     
---------------------------------------------
Step   : 75
State  : 31
Index0 : 2 1 0 1 2 3 4 5 6 
Tape0  : 1 _ x x x _ 1 0 0 
Head0  :               ^   
---------------------------------------------
Step   : 76
State  : 31
Index0 : 2 1 0 1 2 3 4 5 6 
Tape0  : 1 _ x x x _ 1 0 0 
Head0  :                 ^ 
---------------------------------------------
Step   : 77
State  : 31
Index0 : 2 1 0 1 2 3 4 5 6 7 
Tape0  : 1 _ x x x _ 1 0 0 _ 
Head0  :                   ^ 
---------------------------------------------
Step   : 78
State  : 32
Index0 : 2 1 0 1 2 3 4 5 6 
Tape0  : 1 _ x x x _ 1 0 0 
Head0  :                 ^ 
---------------------------------------------
Step   : 79
State  : 40
Index0 : 2 1 0 1 2 3 4 5 6 
Tape0  : 1 _ x x x _ 1 0 o 
Head0  :               ^   
---------------------------------------------
Step   : 80
State  : 40
Index0 : 2 1 0 1 2 3 4 5 6 
Tape0  : 1 _ x x x _ 1 0 o 
Head0  :             ^     
---------------------------------------------
Step   : 81
State  : 40
Index0 : 2 1 0 1 2 3 4 5 6 
Tape0  : 1 _ x x x _ 1 0 o 
Head0  :           ^       
---------------------------------------------
Step   : 82
State  : 41
Index0 : 2 1 0 1 2 3 4 5 6 
Tape0  : 1 _ x x x _ 1 0 o 
Head0  :         ^         
---------------------------------------------
Step   : 83
State  : 42
Index0 : 2 1 0 1 2 3 4 5 6 
Tape0  : 1 _ x x x _ 1 0 o 
Head0  :       ^           
---------------------------------------------
Step   : 84
State  : 42
Index0 : 2 1 0 1 2 3 4 5 6 
Tape0  : 1 _ x x x _ 1 0 o 
Head0  :     ^             
---------------------------------------------
Step   : 85
State  : 42
Index0 : 2 1 0 1 2 3 4 5 6 
Tape0  : 1 _ x x x _ 1 0 o 
Head0  :   ^               
---------------------------------------------
Step   : 86
State  : 43
Index0 : 2 1 0 1 2 3 4 5 6 
Tape0  : 1 _ x x x _ 1 0 o 
Head0  : ^                 
---------------------------------------------
Step   : 87
State  : 44
Index0 : 2 1 0 1 2 3 4 5 6 
Tape0  : i _ x x x _ 1 0 o 
Head0  :   ^               
---------------------------------------------
Step   : 88
State  : 45
Index0 : 2 1 0 1 2 3 4 5 6 
Tape0  : i _ x x x _ 1 0 o 
Head0  :     ^             
---------------------------------------------
Step   : 89
State  : 46
Index0 : 2 1 0 1 2 3 4 5 6 
Tape0  : i _ x x x _ 1 0 o 
Head0  :       ^           
---------------------------------------------
Step   : 90
State  : 46
Index0 : 2 1 0 1 2 3 4 5 6 
Tape0  : i _ x x x _ 1 0 o 
Head0  :         ^         
---------------------------------------------
Step   : 91
State  : 46
Index0 : 2 1 0 1 2 3 4 5 6 
Tape0  : i _ x x x _ 1 0 o 
Head0  :           ^       
---------------------------------------------
Step   : 92
State  : 47
Index0 : 2 1 0 1 2 3 4 5 6 
Tape0  : i _ x x x _ 1 0 o 
Head0  :             ^     
---------------------------------------------
Step   : 93
State  : 48
Index0 : 2 1 0 1 2 3 4 5 6 
Tape0  : i _ x x x _ 1 0 o 
Head0  :               ^   
---------------------------------------------
Step   : 94
State  : 48
Index0 : 2 1 0 1 2 3 4 5 6 
Tape0  : i _ x x x _ 1 0 o 
Head0  :                 ^ 
---------------------------------------------
Step   : 95
State  : 48
Index0 : 2 1 0 1 2 3 4 5 6 7 
Tape0  : i _ x x x _ 1 0 o _ 
Head0  :                   ^ 
---------------------------------------------
Step   : 96
State  : 32
Index0 : 2 1 0 1 2 3 4 5 6 
Tape0  : i _ x x x _ 1 0 o 
Head0  :                 ^ 
---------------------------------------------
Step   : 97
State  : 32
Index0 : 2 1 0 1 2 3 4 5 6 
Tape0  : i _ x x x _ 1 0 o 
Head0  :               ^   
---------------------------------------------
Step   : 98
State  : 40
Index0 : 2 1 0 1 2 3 4 5 6 
Tape0  : i _ x x x _ 1 o o 
Head0  :             ^     
---------------------------------------------
Step   : 99
State  : 40
Index0 : 2 1 0 1 2 3 4 5 6 
Tape0  : i _ x x x _ 1 o o 
Head0  :           ^       
---------------------------------------------
Step   : 100
State  : 41
Index0 : 2 1 0 1 2 3 4 5 6 
Tape0  : i _ x x x _ 1 o o 
Head0  :         ^         
---------------------------------------------
Step   : 101
State  : 42
Index0 : 2 1 0 1 2 3 4 5 6 
Tape0  : i _ x x x _ 1 o o 
Head0  :       ^           
---------------------------------------------
Step   : 102
State  : 42
Index0 : 2 1 0 1 2 3 4 5 6 
Tape0  : i _ x x x _ 1 o o 
Head0  :     ^             
---------------------------------------------
Step   : 103
State  : 42
Index0 : 2 1 0 1 2 3 4 5 6 
Tape0  : i _ x x x _ 1 o o 
Head0  :   ^               
---------------------------------------------
Step   : 104
State  : 43
Index0 : 2 1 0 1 2 3 4 5 6 
Tape0  : i _ x x x _ 1 o o 
Head0  : ^                 
---------------------------------------------
Step   : 105
State  : 43
Index0 : 3 2 1 0 1 2 3 4 5 6 
Tape0  : _ i _ x x x _ 1 o o 
Head0  : ^                   
---------------------------------------------
Step   : 106
State  : 44
Index0 : 3 2 1 0 1 2 3 4 5 6 
Tape0  : o i _ x x x _ 1 o o 
Head0  :   ^                 
---------------------------------------------
Step   : 107
State  : 44
Index0 : 3 2 1 0 1 2 3 4 5 6 
Tape0  : o i _ x x x _ 1 o o 
Head0  :     ^               
---------------------------------------------
Step   : 108
State  : 45
Index0 : 3 2 1 0 1 2 3 4 5 6 
Tape0  : o i _ x x x _ 1 o o 
Head0  :       ^             
---------------------------------------------
Step   : 109
State  : 46
Index0 : 3 2 1 0 1 2 3 4 5 6 
Tape0  : o i _ x x x _ 1 o o 
Head0  :         ^           
---------------------------------------------
Step   : 110
State  : 46
Index0 : 3 2 1 0 1 2 3 4 5 6 
Tape0  : o i _ x x x _ 1 o o 
Head0  :           ^         
---------------------------------------------
Step   : 111
State  : 46
Index0 : 3 2 1 0 1 2 3 4 5 6 
Tape0  : o i _ x x x _ 1 o o 
Head0  :             ^       
---------------------------------------------
Step   : 112
State  : 47
Index0 : 3 2 1 0 1 2 3 4 5 6 
Tape0  : o i _ x x x _ 1 o o 
Head0  :               ^     
---------------------------------------------
Step   : 113
State  : 48
Index0 : 3 2 1 0 1 2 3 4 5 6 
Tape0  : o i _ x x x _ 1 o o 
Head0  :                 ^   
---------------------------------------------
Step   : 114
State  : 48
Index0 : 3 2 1 0 1 2 3 4 5 6 
Tape0  : o i _ x x x _ 1 o o 
Head0  :                   ^ 
---------------------------------------------
Step   : 115
State  : 48
Index0 : 3 2 1 0 1 2 3 4 5 6 7 
Tape0  : o i _ x x x _ 1 o o _ 
Head0  :                     ^ 
---------------------------------------------
Step   : 116
State  : 32
Index0 : 3 2 1 0 1 2 3 4 5 6 
Tape0  : o i _ x x x _ 1 o o 
Head0  :                   ^ 
---------------------------------------------
Step   : 117
State  : 32
Index0 : 3 2 1 0 1 2 3 4 5 6 
Tape0  : o i _ x x x _ 1 o o 
Head0  :                 ^   
---------------------------------------------
Step   : 118
State  : 32
Index0 : 3 2 1 0 1 2 3 4 5 6 
Tape0  : o i _ x x x _ 1 o o 
Head0  :               ^     
---------------------------------------------
Step   : 119
State  : 50
Index0 : 3 2 1 0 1 2 3 4 5 6 
Tape0  : o i _ x x x _ i o o 
Head0  :             ^       
---------------------------------------------
Step   : 120
State  : 51
Index0 : 3 2 1 0 1 2 3 4 5 6 
Tape0  : o i _ x x x _ i o o 
Head0  :           ^         
---------------------------------------------
Step   : 121
State  : 52
Index0 : 3 2 1 0 1 2 3 4 5 6 
Tape0  : o i _ x x x _ i o o 
Head0  :         ^           
---------------------------------------------
Step   : 122
State  : 52
Index0 : 3 2 1 0 1 2 3 4 5 6 
Tape0  : o i _ x x x _ i o o 
Head0  :       ^             
---------------------------------------------
Step   : 123
State  : 52
Index0 : 3 2 1 0 1 2 3 4 5 6 
Tape0  : o i _ x x x _ i o o 
Head0  :     ^               
---------------------------------------------
Step   : 124
State  : 53
Index0 : 3 2 1 0 1 2 3 4 5 6 
Tape0  : o i _ x x x _ i o o 
Head0  :   ^                 
---------------------------------------------
Step   : 125
State  : 53
Index0 : 3 2 1 0 1 2 3 4 5 6 
Tape0  : o i _ x x x _ i o o 
Head0  : ^                   
---------------------------------------------
Step   : 126
State  : 53
Index0 : 4 3 2 1 0 1 2 3 4 5 6 
Tape0  : _ o i _ x x x _ i o o 
Head0  : ^                     
---------------------------------------------
Step   : 127
State  : 55
Index0 : 4 3 2 1 0 1 2 3 4 5 6 
Tape0  : i o i _ x x x _ i o o 
Head0  :   ^                   
---------------------------------------------
Step   : 128
State  : 55
Index0 : 4 3 2 1 0 1 2 3 4 5 6 
Tape0  : i o i _ x x x _ i o o 
Head0  :     ^                 
---------------------------------------------
Step   : 129
State  : 55
Index0 : 4 3 2 1 0 1 2 3 4 5 6 
Tape0  : i o i _ x x x _ i o o 
Head0  :       ^               
---------------------------------------------
Step   : 130
State  : 56
Index0 : 4 3 2 1 0 1 2 3 4 5 6 
Tape0  : i o i _ x x x _ i o o 
Head0  :         ^             
---------------------------------------------
Step   : 131
State  : 57
Index0 : 4 3 2 1 0 1 2 3 4 5 6 
Tape0  : i o i _ x x x _ i o o 
Head0  :           ^           
---------------------------------------------
Step   : 132
State  : 57
Index0 : 4 3 2 1 0 1 2 3 4 5 6 
Tape0  : i o i _ x x x _ i o o 
Head0  :             ^         
---------------------------------------------
Step   : 133
State  : 57
Index0 : 4 3 2 1 0 1 2 3 4 5 6 
Tape0  : i o i _ x x x _ i o o 
Head0  :               ^       
---------------------------------------------
Step   : 134
State  : 58
Index0 : 4 3 2 1 0 1 2 3 4 5 6 
Tape0  : i o i _ x x x _ i o o 
Head0  :                 ^     
---------------------------------------------
Step   : 135
State  : 59
Index0 : 4 3 2 1 0 1 2 3 4 5 6 
Tape0  : i o i _ x x x _ i o o 
Head0  :                   ^   
---------------------------------------------
Step   : 136
State  : 59
Index0 : 4 3 2 1 0 1 2 3 4 5 6 
Tape0  : i o i _ x x x _ i o o 
Head0  :                     ^ 
---------------------------------------------
Step   : 137
State  : 59
Index0 : 4 3 2 1 0 1 2 3 4 5 6 7 
Tape0  : i o i _ x x x _ i o o _ 
Head0  :                       ^ 
---------------------------------------------
Step   : 138
State  : 32
Index0 : 4 3 2 1 0 1 2 3 4 5 6 
Tape0  : i o i _ x x x _ i o o 
Head0  :                     ^ 
---------------------------------------------
Step   : 139
State  : 32
Index0 : 4 3 2 1 0 1 2 3 4 5 6 
Tape0  : i o i _ x x x _ i o o 
Head0  :                   ^   
---------------------------------------------
Step   : 140
State  : 32
Index0 : 4 3 2 1 0 1 2 3 4 5 6 
Tape0  : i o i _ x x x _ i o o 
Head0  :                 ^     
---------------------------------------------
Step   : 141
State  : 32
Index0 : 4 3 2 1 0 1 2 3 4 5 6 
Tape0  : i o i _ x x x _ i o o 
Head0  :               ^       
---------------------------------------------
Step   : 142
State  : 70
Index0 : 4 3 2 1 0 1 2 3 4 5 6 
Tape0  : i o i _ x x x _ i o o 
Head0  :                 ^     
---------------------------------------------
Step   : 143
State  : 70
Index0 : 4 3 2 1 0 1 2 3 4 5 6 
Tape0  : i o i _ x x x _ 1 o o 
Head0  :                   ^   
---------------------------------------------
Step   : 144
State  : 70
Index0 : 4 3 2 1 0 1 2 3 4 5 6 
Tape0  : i o i _ x x x _ 1 0 o 
Head0  :                     ^ 
---------------------------------------------
Step   : 145
State  : 70
Index0 : 4 3 2 1 0 1 2 3 4 5 6 7 
Tape0  : i o i _ x x x _ 1 0 0 _ 
Head0  :                       ^ 
---------------------------------------------
Step   : 146
State  : 71
Index0 : 4 3 2 1 0 1 2 3 4 5 6 
Tape0  : i o i _ x x x _ 1 0 0 
Head0  :                     ^ 
---------------------------------------------
Step   : 147
State  : 71
Index0 : 4 3 2 1 0 1 2 3 4 5 6 
Tape0  : i o i _ x x x _ 1 0 0 
Head0  :                   ^   
---------------------------------------------
Step   : 148
State  : 71
Index0 : 4 3 2 1 0 1 2 3 4 5 6 
Tape0  : i o i _ x x x _ 1 0 0 
Head0  :                 ^     
---------------------------------------------
Step   : 149
State  : 71
Index0 : 4 3 2 1 0 1 2 3 4 5 6 
Tape0  : i o i _ x x x _ 1 0 0 
Head0  :               ^       
---------------------------------------------
Step   : 150
State  : 72
Index0 : 4 3 2 1 0 1 2 3 4 5 6 
Tape0  : i o i _ x x x _ 1 0 0 
Head0  :             ^         
---------------------------------------------
Step   : 151
State  : 73
Index0 : 4 3 2 1 0 1 2 3 4 5 6 
Tape0  : i o i _ x x x _ 1 0 0 
Head0  :           ^           
---------------------------------------------
Step   : 152
State  : 73
Index0 : 4 3 2 1 0 1 2 3 4 5 6 
Tape0  : i o i _ x x x _ 1 0 0 
Head0  :         ^             
---------------------------------------------
Step   : 153
State  : 73
Index0 : 4 3 2 1 0 1 2 3 4 5 6 
Tape0  : i o i _ x x x _ 1 0 0 
Head0  :       ^               
---------------------------------------------
Step   : 154
State  : 74
Index0 : 4 3 2 1 0 1 2 3 4 5 6 
Tape0  : i o i _ x x x _ 1 0 0 
Head0  :     ^                 
---------------------------------------------
Step   : 155
State  : 74
Index0 : 4 3 2 1 0 1 2 3 4 5 6 
Tape0  : i o 1 _ x x x _ 1 0 0 
Head0  :   ^                   
---------------------------------------------
Step   : 156
State  : 74
Index0 : 4 3 2 1 0 1 2 3 4 5 6 
Tape0  : i 0 1 _ x x x _ 1 0 0 
Head0  : ^                     
---------------------------------------------
Step   : 157
State  : 74
Index0 : 5 4 3 2 1 0 1 2 3 4 5 6 
Tape0  : _ 1 0 1 _ x x x _ 1 0 0 
Head0  : ^                       
---------------------------------------------
Step   : 158
State  : 75
Index0 : 4 3 2 1 0 1 2 3 4 5 6 
Tape0  : 1 0 1 _ x x x _ 1 0 0 
Head0  : ^                     
---------------------------------------------
Step   : 159
State  : 75
Index0 : 4 3 2 1 0 1 2 3 4 5 6 
Tape0  : 1 0 1 _ x x x _ 1 0 0 
Head0  :   ^                   
---------------------------------------------
Step   : 160
State  : 75
Index0 : 4 3 2 1 0 1 2 3 4 5 6 
Tape0  : 1 0 1 _ x x x _ 1 0 0 
Head0  :     ^                 
---------------------------------------------
Step   : 161
State  : 75
Index0 : 4 3 2 1 0 1 2 3 4 5 6 
Tape0  : 1 0 1 _ x x x _ 1 0 0 
Head0  :       ^               
---------------------------------------------
Step   : 162
State  : 76
Index0 : 4 3 2 1 0 1 2 3 4 5 6 
Tape0  : 1 0 1 _ x x x _ 1 0 0 
Head0  :         ^             
---------------------------------------------
Step   : 163
State  : 76
Index0 : 4 3 2 1 0 1 2 3 4 5 6 
Tape0  : 1 0 1 _ x x x _ 1 0 0 
Head0  :           ^           
---------------------------------------------
Step   : 164
State  : 76
Index0 : 4 3 2 1 0 1 2 3 4 5 6 
Tape0  : 1 0 1 _ x x x _ 1 0 0 
Head0  :             ^         
---------------------------------------------
Step   : 165
State  : 76
Index0 : 4 3 2 1 0 1 2 3 4 5 6 
Tape0  : 1 0 1 _ x x x _ 1 0 0 
Head0  :               ^       
---------------------------------------------
Step   : 166
State  : 20
Index0 : 4 3 2 1 0 1 2 3 4 5 6 
Tape0  : 1 0 1 _ x x x _ 1 0 0 
Head0  :                 ^     
---------------------------------------------
Step   : 167
State  : 21
Index0 : 4 3 2 1 0 1 2 3 4 5 6 
Tape0  : 1 0 1 _ x x x _ 1 0 0 
Head0  :                   ^   
---------------------------------------------
Step   : 168
State  : 21
Index0 : 4 3 2 1 0 1 2 3 4 5 6 
Tape0  : 1 0 1 _ x x x _ 1 0 0 
Head0  :                     ^ 
---------------------------------------------
Step   : 169
State  : 21
Index0 : 4 3 2 1 0 1 2 3 4 5 6 7 
Tape0  : 1 0 1 _ x x x _ 1 0 0 _ 
Head0  :                       ^ 
---------------------------------------------
Step   : 170
State  : 25
Index0 : 4 3 2 1 0 1 2 3 4 5 6 7 
Tape0  : 1 0 1 _ x x x _ 1 0 0 0 
Head0  :                     ^   
---------------------------------------------
Step   : 171
State  : 25
Index0 : 4 3 2 1 0 1 2 3 4 5 6 7 
Tape0  : 1 0 1 _ x x x _ 1 0 0 0 
Head0  :                   ^     
---------------------------------------------
Step   : 172
State  : 25
Index0 : 4 3 2 1 0 1 2 3 4 5 6 7 
Tape0  : 1 0 1 _ x x x _ 1 0 0 0 
Head0  :                 ^       
---------------------------------------------
Step   : 173
State  : 25
Index0 : 4 3 2 1 0 1 2 3 4 5 6 7 
Tape0  : 1 0 1 _ x x x _ 1 0 0 0 
Head0  :               ^         
---------------------------------------------
Step   : 174
State  : 26
Index0 : 4 3 2 1 0 1 2 3 4 5 6 7 
Tape0  : 1 0 1 _ x x x _ 1 0 0 0 
Head0  :             ^           
---------------------------------------------
Step   : 175
State  : 26
Index0 : 4 3 2 1 0 1 2 3 4 5 6 7 
Tape0  : 1 0 1 _ x x x _ 1 0 0 0 
Head0  :           ^             
---------------------------------------------
Step   : 176
State  : 26
Index0 : 4 3 2 1 0 1 2 3 4 5 6 7 
Tape0  : 1 0 1 _ x x x _ 1 0 0 0 
Head0  :         ^               
---------------------------------------------
Step   : 177
State  : 26
Index0 : 4 3 2 1 0 1 2 3 4 5 6 7 
Tape0  : 1 0 1 _ x x x _ 1 0 0 0 
Head0  :       ^                 
---------------------------------------------
Step   : 178
State  : 80
Index0 : 4 3 2 1 0 1 2 3 4 5 6 7 
Tape0  : 1 0 1 _ x x x _ 1 0 0 0 
Head0  :         ^               
---------------------------------------------
Step   : 179
State  : 80
Index0 : 4 3 2 1 0 1 2 3 4 5 6 7 
Tape0  : 1 0 1 _ _ x x _ 1 0 0 0 
Head0  :           ^             
---------------------------------------------
Step   : 180
State  : 80
Index0 : 4 3 2 1 0 1 2 3 4 5 6 7 
Tape0  : 1 0 1 _ _ _ x _ 1 0 0 0 
Head0  :             ^           
---------------------------------------------
Step   : 181
State  : 80
Index0 : 4 3 2 1 0 1 2 3 4 5 6 7 
Tape0  : 1 0 1 _ _ _ _ _ 1 0 0 0 
Head0  :               ^         
---------------------------------------------
Step   : 182
State  : 81
Index0 : 4 3 2 1 0 1 2 3 4 5 6 7 
Tape0  : 1 0 1 _ _ _ _ _ 1 0 0 0 
Head0  :                 ^       
---------------------------------------------
Step   : 183
State  : 81
Index0 : 4 3 2 1 0 1 2 3 4 5 6 7 
Tape0  : 1 0 1 _ _ _ _ _ _ 0 0 0 
Head0  :                   ^     
---------------------------------------------
Step   : 184
State  : 81
Index0 : 4 3 2 1 0 1 2 3 4 5 6 7 
Tape0  : 1 0 1 _ _ _ _ _ _ _ 0 0 
Head0  :                     ^   
---------------------------------------------
Step   : 185
State  : 81
Index0 : 4 3 2 1 0 1 2 3 4 5 6 7 
Tape0  : 1 0 1 _ _ _ _ _ _ _ _ 0 
Head0  :                       ^ 
---------------------------------------------
Step   : 186
State  : 81
Index0 : 4 3 2 1 0 1 2 3 4 5 6 7 8 
Tape0  : 1 0 1 _ _ _ _ _ _ _ _ _ _ 
Head0  :                         ^ 
---------------------------------------------
Step   : 187
State  : 82
Index0 : 4 3 2 1 0 1 2 3 4 5 6 7 
Tape0  : 1 0 1 _ _ _ _ _ _ _ _ _ 
Head0  :                       ^ 
---------------------------------------------
Step   : 188
State  : 82
Index0 : 4 3 2 1 0 1 2 3 4 5 6 
Tape0  : 1 0 1 _ _ _ _ _ _ _ _ 
Head0  :                     ^ 
---------------------------------------------
Step   : 189
State  : 82
Index0 : 4 3 2 1 0 1 2 3 4 5 
Tape0  : 1 0 1 _ _ _ _ _ _ _ 
Head0  :                   ^ 
---------------------------------------------
Step   : 190
State  : 82
Index0 : 4 3 2 1 0 1 2 3 4 
Tape0  : 1 0 1 _ _ _ _ _ _ 
Head0  :                 ^ 
---------------------------------------------
Step   : 191
State  : 82
Index0 : 4 3 2 1 0 1 2 3 
Tape0  : 1 0 1 _ _ _ _ _ 
Head0  :               ^ 
---------------------------------------------
Step   : 192
State  : 82
Index0 : 4 3 2 1 0 1 2 
Tape0  : 1 0 1 _ _ _ _ 
Head0  :             ^ 
---------------------------------------------
Step   : 193
State  : 82
Index0 : 4 3 2 1 0 1 
Tape0  : 1 0 1 _ _ _ 
Head0  :           ^ 
---------------------------------------------
Step   : 194
State  : 82
Index0 : 4 3 2 1 0 
Tape0  : 1 0 1 _ _ 
Head0  :         ^ 
---------------------------------------------
Step   : 195
State  : 82
Index0 : 4 3 2 1 
Tape0  : 1 0 1 _ 
Head0  :       ^ 
---------------------------------------------
Step   : 196
State  : 82
Index0 : 4 3 2 
Tape0  : 1 0 1 
Head0  :     ^ 
---------------------------------------------
Step   : 197
State  : halt
Index0 : 4 3 2 
Tape0  : 1 0 1 
Head0  :     ^ 
---------------------------------------------
Result: 101
==================== END ====================
