Input: 1100111
==================== RUN ====================
Step   : 0
State  : 0
Index0 : 0 1 2 3 4 5 6 
Tape0  : 1 1 0 0 1 1 1 
Head0  : ^             
---------------------------------------------
Step   : 1
State  : 1
Index0 : 0 1 2 3 4 5 6 
Tape0  : x 1 0 0 1 1 1 
Head0  :   ^           
---------------------------------------------
Step   : 2
State  : 1
Index0 : 0 1 2 3 4 5 6 
Tape0  : x 1 0 0 1 1 1 
Head0  :     ^         
---------------------------------------------
Step   : 3
State  : 2
Index0 : 0 1 2 3 4 5 6 
Tape0  : x 1 0 0 1 1 1 
Head0  :       ^       
---------------------------------------------
Step   : 4
State  : 2
Index0 : 0 1 2 3 4 5 6 
Tape0  : x 1 0 0 1 1 1 
Head0  :         ^     
---------------------------------------------
Step   : 5
State  : 3
Index0 : 0 1 2 3 4 5 6 
Tape0  : x 1 0 0 1 1 1 
Head0  :           ^   
---------------------------------------------
Step   : 6
State  : 3
Index0 : 0 1 2 3 4 5 6 
Tape0  : x 1 0 0 1 1 1 
Head0  :             ^ 
---------------------------------------------
Step   : 7
State  : 3
Index0 : 0 1 2 3 4 5 6 7 
Tape0  : x 1 0 0 1 1 1 _ 
Head0  :               ^ 
---------------------------------------------
Step   : 8
State  : 4
Index0 : 0 1 2 3 4 5 6 7 
Tape0  : x 1 0 0 1 1 1 1 
Head0  :             ^   
---------------------------------------------
Step   : 9
State  : 4
Index0 : 0 1 2 3 4 5 6 7 
Tape0  : x 1 0 0 1 1 1 1 
Head0  :           ^     
---------------------------------------------
Step   : 10
State  : 4
Index0 : 0 1 2 3 4 5 6 7 
Tape0  : x 1 0 0 1 1 1 1 
Head0  :         ^       
---------------------------------------------
Step   : 11
State  : 4
Index0 : 0 1 2 3 4 5 6 7 
Tape0  : x 1 0 0 1 1 1 1 
Head0  :       ^         
---------------------------------------------
Step   : 12
State  : 5
Index0 : 0 1 2 3 4 5 6 7 
Tape0  : x 1 0 0 1 1 1 1 
Head0  :     ^           
---------------------------------------------
Step   : 13
State  : 5
Index0 : 0 1 2 3 4 5 6 7 
Tape0  : x 1 0 0 1 1 1 1 
Head0  :   ^             
---------------------------------------------
Step   : 14
State  : 6
Index0 : 0 1 2 3 4 5 6 7 
Tape0  : x 1 0 0 1 1 1 1 
Head0  : ^               
---------------------------------------------
Step   : 15
State  : 0
Index0 : 0 1 2 3 4 5 6 7 
Tape0  : x 1 0 0 1 1 1 1 
Head0  :   ^             
---------------------------------------------
Step   : 16
State  : 1
Index0 : 0 1 2 3 4 5 6 7 
Tape0  : x x 0 0 1 1 1 1 
Head0  :     ^           
---------------------------------------------
Step   : 17
State  : 2
Index0 : 0 1 2 3 4 5 6 7 
Tape0  : x x 0 0 1 1 1 1 
Head0  :       ^         
---------------------------------------------
Step   : 18
State  : 2
Index0 : 0 1 2 3 4 5 6 7 
Tape0  : x x 0 0 1 1 1 1 
Head0  :         ^       
---------------------------------------------
Step   : 19
State  : 3
Index0 : 0 1 2 3 4 5 6 7 
Tape0  : x x 0 0 1 1 1 1 
Head0  :           ^     
---------------------------------------------
Step   : 20
State  : 3
Index0 : 0 1 2 3 4 5 6 7 
Tape0  : x x 0 0 1 1 1 1 
Head0  :             ^   
---------------------------------------------
Step   : 21
State  : 3
Index0 : 0 1 2 3 4 5 6 7 
Tape0  : x x 0 0 1 1 1 1 
Head0  :               ^ 
---------------------------------------------
Step   : 22
State  : 3
Index0 : 0 1 2 3 4 5 6 7 8 
Tape0  : x x 0 0 1 1 1 1 _ 
Head0  :                 ^ 
---------------------------------------------
Step   : 23
State  : 4
Index0 : 0 1 2 3 4 5 6 7 8 
Tape0  : x x 0 0 1 1 1 1 1 
Head0  :               ^   
---------------------------------------------
Step   : 24
State  : 4
Index0 : 0 1 2 3 4 5 6 7 8 
Tape0  : x x 0 0 1 1 1 1 1 
Head0  :             ^     
---------------------------------------------
Step   : 25
State  : 4
Index0 : 0 1 2 3 4 5 6 7 8 
Tape0  : x x 0 0 1 1 1 1 1 
Head0  :           ^       
---------------------------------------------
Step   : 26
State  : 4
Index0 : 0 1 2 3 4 5 6 7 8 
Tape0  : x x 0 0 1 1 1 1 1 
Head0  :         ^         
---------------------------------------------
Step   : 27
State  : 4
Index0 : 0 1 2 3 4 5 6 7 8 
Tape0  : x x 0 0 1 1 1 1 1 
Head0  :       ^           
---------------------------------------------
Step   : 28
State  : 5
Index0 : 0 1 2 3 4 5 6 7 8 
Tape0  : x x 0 0 1 1 1 1 1 
Head0  :     ^             
---------------------------------------------
Step   : 29
State  : 5
Index0 : 0 1 2 3 4 5 6 7 8 
Tape0  : x x 0 0 1 1 1 1 1 
Head0  :   ^               
---------------------------------------------
Step   : 30
State  : halt
Index0 : 0 1 2 3 4 5 6 7 8 
Tape0  : x x 0 0 1 1 1 1 1 
Head0  :   ^               
---------------------------------------------
Result: xx0011111
==================== END ====================
