Input: 111000100000111
==================== RUN ====================
Step   : 0
State  : 0
Index0 : 0 1 2 3 4 5 6 7 8 9 10 11 12 13 14 
Tape0  : 1 1 1 0 0 0 1 0 0 0 0  0  1  1  1  
Head0  : ^                                  
Index1 : 0 
Tape1  : _ 
Head1  : ^ 
---------------------------------------------
Step   : 1
State  : cp
Index0 : 0 1 2 3 4 5 6 7 8 9 10 11 12 13 14 
Tape0  : 1 1 1 0 0 0 1 0 0 0 0  0  1  1  1  
Head0  : ^                                  
Index1 : 0 
Tape1  : _ 
Head1  : ^ 
---------------------------------------------
Step   : 2
State  : cp
Index0 : 0 1 2 3 4 5 6 7 8 9 10 11 12 13 14 
Tape0  : 1 1 1 0 0 0 1 0 0 0 0  0  1  1  1  
Head0  :   ^                                
Index1 : 0 1 
Tape1  : 1 _ 
Head1  :   ^ 
---------------------------------------------
Step   : 3
State  : cp
Index0 : 0 1 2 3 4 5 6 7 8 9 10 11 12 13 14 
Tape0  : 1 1 1 0 0 0 1 0 0 0 0  0  1  1  1  
Head0  :     ^                              
Index1 : 0 1 2 
Tape1  : 1 1 _ 
Head1  :     ^ 
---------------------------------------------
Step   : 4
State  : cp
Index0 : 0 1 2 3 4 5 6 7 8 9 10 11 12 13 14 
Tape0  : 1 1 1 0 0 0 1 0 0 0 0  0  1  1  1  
Head0  :       ^                            
Index1 : 0 1 2 3 
Tape1  : 1 1 1 _ 
Head1  :       ^ 
---------------------------------------------
Step   : 5
State  : cp
Index0 : 0 1 2 3 4 5 6 7 8 9 10 11 12 13 14 
Tape0  : 1 1 1 0 0 0 1 0 0 0 0  0  1  1  1  
Head0  :         ^                          
Index1 : 0 1 2 3 4 
Tape1  : 1 1 1 0 _ 
Head1  :         ^ 
---------------------------------------------
Step   : 6
State  : cp
Index0 : 0 1 2 3 4 5 6 7 8 9 10 11 12 13 14 
Tape0  : 1 1 1 0 0 0 1 0 0 0 0  0  1  1  1  
Head0  :           ^                        
Index1 : 0 1 2 3 4 5 
Tape1  : 1 1 1 0 0 _ 
Head1  :           ^ 
---------------------------------------------
Step   : 7
State  : cp
Index0 : 0 1 2 3 4 5 6 7 8 9 10 11 12 13 14 
Tape0  : 1 1 1 0 0 0 1 0 0 0 0  0  1  1  1  
Head0  :             ^                      
Index1 : 0 1 2 3 4 5 6 
Tape1  : 1 1 1 0 0 0 _ 
Head1  :             ^ 
---------------------------------------------
Step   : 8
State  : cp
Index0 : 0 1 2 3 4 5 6 7 8 9 10 11 12 13 14 
Tape0  : 1 1 1 0 0 0 1 0 0 0 0  0  1  1  1  
Head0  :               ^                    
Index1 : 0 1 2 3 4 5 6 7 
Tape1  : 1 1 1 0 0 0 1 _ 
Head1  :               ^ 
---------------------------------------------
Step   : 9
State  : cp
Index0 : 0 1 2 3 4 5 6 7 8 9 10 11 12 13 14 
Tape0  : 1 1 1 0 0 0 1 0 0 0 0  0  1  1  1  
Head0  :                 ^                  
Index1 : 0 1 2 3 4 5 6 7 8 
Tape1  : 1 1 1 0 0 0 1 0 _ 
Head1  :                 ^ 
---------------------------------------------
Step   : 10
State  : cp
Index0 : 0 1 2 3 4 5 6 7 8 9 10 11 12 13 14 
Tape0  : 1 1 1 0 0 0 1 0 0 0 0  0  1  1  1  
Head0  :                   ^                
Index1 : 0 1 2 3 4 5 6 7 8 9 
Tape1  : 1 1 1 0 0 0 1 0 0 _ 
Head1  :                   ^ 
---------------------------------------------
Step   : 11
State  : cp
Index0 : 0 1 2 3 4 5 6 7 8 9 10 11 12 13 14 
Tape0  : 1 1 1 0 0 0 1 0 0 0 0  0  1  1  1  
Head0  :                     ^              
Index1 : 0 1 2 3 4 5 6 7 8 9 10 
Tape1  : 1 1 1 0 0 0 1 0 0 0 _  
Head1  :                     ^  
---------------------------------------------
Step   : 12
State  : cp
Index0 : 0 1 2 3 4 5 6 7 8 9 10 11 12 13 14 
Tape0  : 1 1 1 0 0 0 1 0 0 0 0  0  1  1  1  
Head0  :                        ^           
Index1 : 0 1 2 3 4 5 6 7 8 9 10 11 
Tape1  : 1 1 1 0 0 0 1 0 0 0 0  _  
Head1  :                        ^  
---------------------------------------------
Step   : 13
State  : cp
Index0 : 0 1 2 3 4 5 6 7 8 9 10 11 12 13 14 
Tape0  : 1 1 1 0 0 0 1 0 0 0 0  0  1  1  1  
Head0  :                           ^        
Index1 : 0 1 2 3 4 5 6 7 8 9 10 11 12 
Tape1  : 1 1 1 0 0 0 1 0 0 0 0  0  _  
Head1  :                           ^  
---------------------------------------------
Step   : 14
State  : cp
Index0 : 0 1 2 3 4 5 6 7 8 9 10 11 12 13 14 
Tape0  : 1 1 1 0 0 0 1 0 0 0 0  0  1  1  1  
Head0  :                              ^     
Index1 : 0 1 2 3 4 5 6 7 8 9 10 11 12 13 
Tape1  : 1 1 1 0 0 0 1 0 0 0 0  0  1  _  
Head1  :                              ^  
---------------------------------------------
Step   : 15
State  : cp
Index0 : 0 1 2 3 4 5 6 7 8 9 10 11 12 13 14 
Tape0  : 1 1 1 0 0 0 1 0 0 0 0  0  1  1  1  
Head0  :                                 ^  
Index1 : 0 1 2 3 4 5 6 7 8 9 10 11 12 13 14 
Tape1  : 1 1 1 0 0 0 1 0 0 0 0  0  1  1  _  
Head1  :                                 ^  
---------------------------------------------
Step   : 16
State  : cp
Index0 : 0 1 2 3 4 5 6 7 8 9 10 11 12 13 14 15 
Tape0  : 1 1 1 0 0 0 1 0 0 0 0  0  1  1  1  _  
Head0  :                                    ^  
Index1 : 0 1 2 3 4 5 6 7 8 9 10 11 12 13 14 15 
Tape1  : 1 1 1 0 0 0 1 0 0 0 0  0  1  1  1  _  
Head1  :                                    ^  
---------------------------------------------
Step   : 17
State  : mh
Index0 : 0 1 2 3 4 5 6 7 8 9 10 11 12 13 14 
Tape0  : 1 1 1 0 0 0 1 0 0 0 0  0  1  1  1  
Head0  :                                 ^  
Index1 : 0 1 2 3 4 5 6 7 8 9 10 11 12 13 14 
Tape1  : 1 1 1 0 0 0 1 0 0 0 0  0  1  1  1  
Head1  :                                 ^  
---------------------------------------------
Step   : 18
State  : mh
Index0 : 0 1 2 3 4 5 6 7 8 9 10 11 12 13 14 
Tape0  : 1 1 1 0 0 0 1 0 0 0 0  0  1  1  1  
Head0  :                              ^     
Index1 : 0 1 2 3 4 5 6 7 8 9 10 11 12 13 14 
Tape1  : 1 1 1 0 0 0 1 0 0 0 0  0  1  1  1  
Head1  :                                 ^  
---------------------------------------------
Step   : 19
State  : mh
Index0 : 0 1 2 3 4 5 6 7 8 9 10 11 12 13 14 
Tape0  : 1 1 1 0 0 0 1 0 0 0 0  0  1  1  1  
Head0  :                           ^        
Index1 : 0 1 2 3 4 5 6 7 8 9 10 11 12 13 14 
Tape1  : 1 1 1 0 0 0 1 0 0 0 0  0  1  1  1  
Head1  :                                 ^  
---------------------------------------------
Step   : 20
State  : mh
Index0 : 0 1 2 3 4 5 6 7 8 9 10 11 12 13 14 
Tape0  : 1 1 1 0 0 0 1 0 0 0 0  0  1  1  1  
Head0  :                        ^           
Index1 : 0 1 2 3 4 5 6 7 8 9 10 11 12 13 14 
Tape1  : 1 1 1 0 0 0 1 0 0 0 0  0  1  1  1  
Head1  :                                 ^  
---------------------------------------------
Step   : 21
State  : mh
Index0 : 0 1 2 3 4 5 6 7 8 9 10 11 12 13 14 
Tape0  : 1 1 1 0 0 0 1 0 0 0 0  0  1  1  1  
Head0  :                     ^              
Index1 : 0 1 2 3 4 5 6 7 8 9 10 11 12 13 14 
Tape1  : 1 1 1 0 0 0 1 0 0 0 0  0  1  1  1  
Head1  :                                 ^  
---------------------------------------------
Step   : 22
State  : mh
Index0 : 0 1 2 3 4 5 6 7 8 9 10 11 12 13 14 
Tape0  : 1 1 1 0 0 0 1 0 0 0 0  0  1  1  1  
Head0  :                   ^                
Index1 : 0 1 2 3 4 5 6 7 8 9 10 11 12 13 14 
Tape1  : 1 1 1 0 0 0 1 0 0 0 0  0  1  1  1  
Head1  :                                 ^  
---------------------------------------------
Step   : 23
State  : mh
Index0 : 0 1 2 3 4 5 6 7 8 9 10 11 12 13 14 
Tape0  : 1 1 1 0 0 0 1 0 0 0 0  0  1  1  1  
Head0  :                 ^                  
Index1 : 0 1 2 3 4 5 6 7 8 9 10 11 12 13 14 
Tape1  : 1 1 1 0 0 0 1 0 0 0 0  0  1  1  1  
Head1  :                                 ^  
---------------------------------------------
Step   : 24
State  : mh
Index0 : 0 1 2 3 4 5 6 7 8 9 10 11 12 13 14 
Tape0  : 1 1 1 0 0 0 1 0 0 0 0  0  1  1  1  
Head0  :               ^                    
Index1 : 0 1 2 3 4 5 6 7 8 9 10 11 12 13 14 
Tape1  : 1 1 1 0 0 0 1 0 0 0 0  0  1  1  1  
Head1  :                                 ^  
---------------------------------------------
Step   : 25
State  : mh
Index0 : 0 1 2 3 4 5 6 7 8 9 10 11 12 13 14 
Tape0  : 1 1 1 0 0 0 1 0 0 0 0  0  1  1  1  
Head0  :             ^                      
Index1 : 0 1 2 3 4 5 6 7 8 9 10 11 12 13 14 
Tape1  : 1 1 1 0 0 0 1 0 0 0 0  0  1  1  1  
Head1  :                                 ^  
---------------------------------------------
Step   : 26
State  : mh
Index0 : 0 1 2 3 4 5 6 7 8 9 10 11 12 13 14 
Tape0  : 1 1 1 0 0 0 1 0 0 0 0  0  1  1  1  
Head0  :           ^                        
Index1 : 0 1 2 3 4 5 6 7 8 9 10 11 12 13 14 
Tape1  : 1 1 1 0 0 0 1 0 0 0 0  0  1  1  1  
Head1  :                                 ^  
---------------------------------------------
Step   : 27
State  : mh
Index0 : 0 1 2 3 4 5 6 7 8 9 10 11 12 13 14 
Tape0  : 1 1 1 0 0 0 1 0 0 0 0  0  1  1  1  
Head0  :         ^                          
Index1 : 0 1 2 3 4 5 6 7 8 9 10 11 12 13 14 
Tape1  : 1 1 1 0 0 0 1 0 0 0 0  0  1  1  1  
Head1  :                                 ^  
---------------------------------------------
Step   : 28
State  : mh
Index0 : 0 1 2 3 4 5 6 7 8 9 10 11 12 13 14 
Tape0  : 1 1 1 0 0 0 1 0 0 0 0  0  1  1  1  
Head0  :       ^                            
Index1 : 0 1 2 3 4 5 6 7 8 9 10 11 12 13 14 
Tape1  : 1 1 1 0 0 0 1 0 0 0 0  0  1  1  1  
Head1  :                                 ^  
---------------------------------------------
Step   : 29
State  : mh
Index0 : 0 1 2 3 4 5 6 7 8 9 10 11 12 13 14 
Tape0  : 1 1 1 0 0 0 1 0 0 0 0  0  1  1  1  
Head0  :     ^                              
Index1 : 0 1 2 3 4 5 6 7 8 9 10 11 12 13 14 
Tape1  : 1 1 1 0 0 0 1 0 0 0 0  0  1  1  1  
Head1  :                                 ^  
---------------------------------------------
Step   : 30
State  : mh
Index0 : 0 1 2 3 4 5 6 7 8 9 10 11 12 13 14 
Tape0  : 1 1 1 0 0 0 1 0 0 0 0  0  1  1  1  
Head0  :   ^                                
Index1 : 0 1 2 3 4 5 6 7 8 9 10 11 12 13 14 
Tape1  : 1 1 1 0 0 0 1 0 0 0 0  0  1  1  1  
Head1  :                                 ^  
---------------------------------------------
Step   : 31
State  : mh
Index0 : 0 1 2 3 4 5 6 7 8 9 10 11 12 13 14 
Tape0  : 1 1 1 0 0 0 1 0 0 0 0  0  1  1  1  
Head0  : ^                                  
Index1 : 0 1 2 3 4 5 6 7 8 9 10 11 12 13 14 
Tape1  : 1 1 1 0 0 0 1 0 0 0 0  0  1  1  1  
Head1  :                                 ^  
---------------------------------------------
Step   : 32
State  : mh
Index0 : 1 0 1 2 3 4 5 6 7 8 9 10 11 12 13 14 
Tape0  : _ 1 1 1 0 0 0 1 0 0 0 0  0  1  1  1  
Head0  : ^                                    
Index1 : 0 1 2 3 4 5 6 7 8 9 10 11 12 13 14 
Tape1  : 1 1 1 0 0 0 1 0 0 0 0  0  1  1  1  
Head1  :                                 ^  
---------------------------------------------
Step   : 33
State  : cmp
Index0 : 0 1 2 3 4 5 6 7 8 9 10 11 12 13 14 
Tape0  : 1 1 1 0 0 0 1 0 0 0 0  0  1  1  1  
Head0  : ^                                  
Index1 : 0 1 2 3 4 5 6 7 8 9 10 11 12 13 14 
Tape1  : 1 1 1 0 0 0 1 0 0 0 0  0  1  1  1  
Head1  :                                 ^  
---------------------------------------------
Step   : 34
State  : cmp
Index0 : 1 2 3 4 5 6 7 8 9 10 11 12 13 14 
Tape0  : 1 1 0 0 0 1 0 0 0 0  0  1  1  1  
Head0  : ^                                
Index1 : 0 1 2 3 4 5 6 7 8 9 10 11 12 13 
Tape1  : 1 1 1 0 0 0 1 0 0 0 0  0  1  1  
Head1  :                              ^  
---------------------------------------------
Step   : 35
State  : cmp
Index0 : 2 3 4 5 6 7 8 9 10 11 12 13 14 
Tape0  : 1 0 0 0 1 0 0 0 0  0  1  1  1  
Head0  : ^                              
Index1 : 0 1 2 3 4 5 6 7 8 9 10 11 12 
Tape1  : 1 1 1 0 0 0 1 0 0 0 0  0  1  
Head1  :                           ^  
---------------------------------------------
Step   : 36
State  : cmp
Index0 : 3 4 5 6 7 8 9 10 11 12 13 14 
Tape0  : 0 0 0 1 0 0 0 0  0  1  1  1  
Head0  : ^                            
Index1 : 0 1 2 3 4 5 6 7 8 9 10 11 
Tape1  : 1 1 1 0 0 0 1 0 0 0 0  0  
Head1  :                        ^  
---------------------------------------------
Step   : 37
State  : cmp
Index0 : 4 5 6 7 8 9 10 11 12 13 14 
Tape0  : 0 0 1 0 0 0 0  0  1  1  1  
Head0  : ^                          
Index1 : 0 1 2 3 4 5 6 7 8 9 10 
Tape1  : 1 1 1 0 0 0 1 0 0 0 0  
Head1  :                     ^  
---------------------------------------------
Step   : 38
State  : cmp
Index0 : 5 6 7 8 9 10 11 12 13 14 
Tape0  : 0 1 0 0 0 0  0  1  1  1  
Head0  : ^                        
Index1 : 0 1 2 3 4 5 6 7 8 9 
Tape1  : 1 1 1 0 0 0 1 0 0 0 
Head1  :                   ^ 
---------------------------------------------
Step   : 39
State  : cmp
Index0 : 6 7 8 9 10 11 12 13 14 
Tape0  : 1 0 0 0 0  0  1  1  1  
Head0  : ^                      
Index1 : 0 1 2 3 4 5 6 7 8 
Tape1  : 1 1 1 0 0 0 1 0 0 
Head1  :                 ^ 
---------------------------------------------
Step   : 40
State  : reject
Index0 : 7 8 9 10 11 12 13 14 
Tape0  : 0 0 0 0  0  1  1  1  
Head0  : ^                    
Index1 : 0 1 2 3 4 5 6 7 
Tape1  : 1 1 1 0 0 0 1 0 
Head1  :               ^ 
---------------------------------------------
Step   : 41
State  : reject
Index0 : 8 9 10 11 12 13 14 
Tape0  : 0 0 0  0  1  1  1  
Head0  : ^                  
Index1 : 0 1 2 3 4 5 6 
Tape1  : 1 1 1 0 0 0 1 
Head1  :             ^ 
---------------------------------------------
Step   : 42
State  : reject
Index0 : 9 10 11 12 13 14 
Tape0  : 0 0  0  1  1  1  
Head0  : ^                
Index1 : 0 1 2 3 4 5 
Tape1  : 1 1 1 0 0 0 
Head1  :           ^ 
---------------------------------------------
Step   : 43
State  : reject
Index0 : 10 11 12 13 14 
Tape0  : 0  0  1  1  1  
Head0  : ^              
Index1 : 0 1 2 3 4 
Tape1  : 1 1 1 0 0 
Head1  :         ^ 
---------------------------------------------
Step   : 44
State  : reject
Index0 : 11 12 13 14 
Tape0  : 0  1  1  1  
Head0  : ^           
Index1 : 0 1 2 3 
Tape1  : 1 1 1 0 
Head1  :       ^ 
---------------------------------------------
Step   : 45
State  : reject
Index0 : 12 13 14 
Tape0  : 1  1  1  
Head0  : ^        
Index1 : 0 1 2 
Tape1  : 1 1 1 
Head1  :     ^ 
---------------------------------------------
Step   : 46
State  : reject
Index0 : 13 14 
Tape0  : 1  1  
Head0  : ^     
Index1 : 0 1 
Tape1  : 1 1 
Head1  :   ^ 
---------------------------------------------
Step   : 47
State  : reject
Index0 : 14 
Tape0  : 1  
Head0  : ^  
Index1 : 0 
Tape1  : 1 
Head1  : ^ 
---------------------------------------------
Step   : 48
State  : reject
Index0 : 15 
Tape0  : _  
Head0  : ^  
Index1 : 1 
Tape1  : _ 
Head1  : ^ 
---------------------------------------------
Step   : 49
State  : reject2
Index0 : 15 16 
Tape0  : f  _  
Head0  :    ^  
Index1 : 1 
Tape1  : _ 
Head1  : ^ 
---------------------------------------------
Step   : 50
State  : reject3
Index0 : 15 16 17 
Tape0  : f  a  _  
Head0  :       ^  
Index1 : 1 
Tape1  : _ 
Head1  : ^ 
---------------------------------------------
Step   : 51
State  : reject4
Index0 : 15 16 17 18 
Tape0  : f  a  l  _  
Head0  :          ^  
Index1 : 1 
Tape1  : _ 
Head1  : ^ 
---------------------------------------------
Step   : 52
State  : reject5
Index0 : 15 16 17 18 19 
Tape0  : f  a  l  s  _  
Head0  :             ^  
Index1 : 1 
Tape1  : _ 
Head1  : ^ 
---------------------------------------------
Step   : 53
State  : halt_reject
Index0 : 15 16 17 18 19 
Tape0  : f  a  l  s  e  
Head0  :             ^  
Index1 : 1 
Tape1  : _ 
Head1  : ^ 
---------------------------------------------
Result: false
==================== END ====================
