Input: ()()
==================== RUN ====================
Step   : 0
State  : 0
Index0 : 0 1 2 3 
Tape0  : ( ) ( ) 
Head0  : ^       
---------------------------------------------
Step   : 1
State  : 1
Index0 : 1 0 1 2 3 
Tape0  : _ ( ) ( ) 
Head0  : ^         
---------------------------------------------
Step   : 2
State  : 51
Index0 : 1 0 1 2 3 
Tape0  : ! ( ) ( ) 
Head0  :   ^       
---------------------------------------------
Step   : 3
State  : 10
Index0 : 1 0 1 2 3 
Tape0  : ! ( ) ( ) 
Head0  :   ^       
---------------------------------------------
Step   : 4
State  : 20
Index0 : 1 0 1 2 3 
Tape0  : ! ! ) ( ) 
Head0  : ^         
---------------------------------------------
Step   : 5
State  : 20
Index0 : 2 1 0 1 2 3 
Tape0  : _ ! ! ) ( ) 
Head0  : ^           
---------------------------------------------
Step   : 6
State  : 21
Index0 : 2 1 0 1 2 3 
Tape0  : _ ! ! ) ( ) 
Head0  : ^           
---------------------------------------------
Step   : 7
State  : 50
Index0 : 2 1 0 1 2 3 
Tape0  : ( ! ! ) ( ) 
Head0  :   ^         
---------------------------------------------
Step   : 8
State  : 51
Index0 : 2 1 0 1 2 3 
Tape0  : ( ! ! ) ( ) 
Head0  :     ^       
---------------------------------------------
Step   : 9
State  : 51
Index0 : 2 1 0 1 2 3 
Tape0  : ( ! ! ) ( ) 
Head0  :       ^     
---------------------------------------------
Step   : 10
State  : 10
Index0 : 2 1 0 1 2 3 
Tape0  : ( ! ! ) ( ) 
Head0  :       ^     
---------------------------------------------
Step   : 11
State  : 30
Index0 : 2 1 0 1 2 3 
Tape0  : ( ! ! ! ( ) 
Head0  :     ^       
---------------------------------------------
Step   : 12
State  : 30
Index0 : 2 1 0 1 2 3 
Tape0  : ( ! ! ! ( ) 
Head0  :   ^         
---------------------------------------------
Step   : 13
State  : 30
Index0 : 2 1 0 1 2 3 
Tape0  : ( ! ! ! ( ) 
Head0  : ^           
---------------------------------------------
Step   : 14
State  : 31
Index0 : 2 1 0 1 2 3 
Tape0  : ( ! ! ! ( ) 
Head0  : ^           
---------------------------------------------
Step   : 15
State  : 31
Index0 : 3 2 1 0 1 2 3 
Tape0  : _ ( ! ! ! ( ) 
Head0  : ^             
---------------------------------------------
Step   : 16
State  : 32
Index0 : 2 1 0 1 2 3 
Tape0  : ( ! ! ! ( ) 
Head0  : ^           
---------------------------------------------
Step   : 17
State  : 50
Index0 : 1 0 1 2 3 
Tape0  : ! ! ! ( ) 
Head0  : ^         
---------------------------------------------
Step   : 18
State  : 51
Index0 : 1 0 1 2 3 
Tape0  : ! ! ! ( ) 
Head0  :   ^       
---------------------------------------------
Step   : 19
State  : 51
Index0 : 1 0 1 2 3 
Tape0  : ! ! ! ( ) 
Head0  :     ^     
---------------------------------------------
Step   : 20
State  : 51
Index0 : 1 0 1 2 3 
Tape0  : ! ! ! ( ) 
Head0  :       ^   
---------------------------------------------
Step   : 21
State  : 10
Index0 : 1 0 1 2 3 
Tape0  : ! ! ! ( ) 
Head0  :       ^   
---------------------------------------------
Step   : 22
State  : 20
Index0 : 1 0 1 2 3 
Tape0  : ! ! ! ! ) 
Head0  :     ^     
---------------------------------------------
Step   : 23
State  : 20
Index0 : 1 0 1 2 3 
Tape0  : ! ! ! ! ) 
Head0  :   ^       
---------------------------------------------
Step   : 24
State  : 20
Index0 : 1 0 1 2 3 
Tape0  : ! ! ! ! ) 
Head0  : ^         
---------------------------------------------
Step   : 25
State  : 20
Index0 : 2 1 0 1 2 3 
Tape0  : _ ! ! ! ! ) 
Head0  : ^           
---------------------------------------------
Step   : 26
State  : 21
Index0 : 2 1 0 1 2 3 
Tape0  : _ ! ! ! ! ) 
Head0  : ^           
---------------------------------------------
Step   : 27
State  : 50
Index0 : 2 1 0 1 2 3 
Tape0  : ( ! ! ! ! ) 
Head0  :   ^         
---------------------------------------------
Step   : 28
State  : 51
Index0 : 2 1 0 1 2 3 
Tape0  : ( ! ! ! ! ) 
Head0  :     ^       
---------------------------------------------
Step   : 29
State  : 51
Index0 : 2 1 0 1 2 3 
Tape0  : ( ! ! ! ! ) 
Head0  :       ^     
---------------------------------------------
Step   : 30
State  : 51
Index0 : 2 1 0 1 2 3 
Tape0  : ( ! ! ! ! ) 
Head0  :         ^   
---------------------------------------------
Step   : 31
State  : 51
Index0 : 2 1 0 1 2 3 
Tape0  : ( ! ! ! ! ) 
Head0  :           ^ 
---------------------------------------------
Step   : 32
State  : 10
Index0 : 2 1 0 1 2 3 
Tape0  : ( ! ! ! ! ) 
Head0  :           ^ 
---------------------------------------------
Step   : 33
State  : 30
Index0 : 2 1 0 1 2 3 
Tape0  : ( ! ! ! ! ! 
Head0  :         ^   
---------------------------------------------
Step   : 34
State  : 30
Index0 : 2 1 0 1 2 3 
Tape0  : ( ! ! ! ! ! 
Head0  :       ^     
---------------------------------------------
Step   : 35
State  : 30
Index0 : 2 1 0 1 2 3 
Tape0  : ( ! ! ! ! ! 
Head0  :     ^       
---------------------------------------------
Step   : 36
State  : 30
Index0 : 2 1 0 1 2 3 
Tape0  : ( ! ! ! ! ! 
Head0  :   ^         
---------------------------------------------
Step   : 37
State  : 30
Index0 : 2 1 0 1 2 3 
Tape0  : ( ! ! ! ! ! 
Head0  : ^           
---------------------------------------------
Step   : 38
State  : 31
Index0 : 2 1 0 1 2 3 
Tape0  : ( ! ! ! ! ! 
Head0  : ^           
---------------------------------------------
Step   : 39
State  : 31
Index0 : 3 2 1 0 1 2 3 
Tape0  : _ ( ! ! ! ! ! 
Head0  : ^             
---------------------------------------------
Step   : 40
State  : 32
Index0 : 2 1 0 1 2 3 
Tape0  : ( ! ! ! ! ! 
Head0  : ^           
---------------------------------------------
Step   : 41
State  : 50
Index0 : 1 0 1 2 3 
Tape0  : ! ! ! ! ! 
Head0  : ^         
---------------------------------------------
Step   : 42
State  : 51
Index0 : 1 0 1 2 3 
Tape0  : ! ! ! ! ! 
Head0  :   ^       
---------------------------------------------
Step   : 43
State  : 51
Index0 : 1 0 1 2 3 
Tape0  : ! ! ! ! ! 
Head0  :     ^     
---------------------------------------------
Step   : 44
State  : 51
Index0 : 1 0 1 2 3 
Tape0  : ! ! ! ! ! 
Head0  :       ^   
---------------------------------------------
Step   : 45
State  : 51
Index0 : 1 0 1 2 3 
Tape0  : ! ! ! ! ! 
Head0  :         ^ 
---------------------------------------------
Step   : 46
State  : 51
Index0 : 1 0 1 2 3 4 
Tape0  : ! ! ! ! ! _ 
Head0  :           ^ 
---------------------------------------------
Step   : 47
State  : 10
Index0 : 1 0 1 2 3 4 
Tape0  : ! ! ! ! ! _ 
Head0  :           ^ 
---------------------------------------------
Step   : 48
State  : 40
Index0 : 1 0 1 2 3 
Tape0  : ! ! ! ! ! 
Head0  :         ^ 
---------------------------------------------
Step   : 49
State  : 40
Index0 : 1 0 1 2 3 
Tape0  : ! ! ! ! ! 
Head0  :       ^   
---------------------------------------------
Step   : 50
State  : 40
Index0 : 1 0 1 2 3 
Tape0  : ! ! ! ! ! 
Head0  :     ^     
---------------------------------------------
Step   : 51
State  : 40
Index0 : 1 0 1 2 3 
Tape0  : ! ! ! ! ! 
Head0  :   ^       
---------------------------------------------
Step   : 52
State  : 40
Index0 : 1 0 1 2 3 
Tape0  : ! ! ! ! ! 
Head0  : ^         
---------------------------------------------
Step   : 53
State  : 40
Index0 : 2 1 0 1 2 3 
Tape0  : _ ! ! ! ! ! 
Head0  : ^           
---------------------------------------------
Step   : 54
State  : 60
Index0 : 1 0 1 2 3 
Tape0  : ! ! ! ! ! 
Head0  : ^         
---------------------------------------------
Step   : 55
State  : 60
Index0 : 0 1 2 3 
Tape0  : ! ! ! ! 
Head0  : ^       
---------------------------------------------
Step   : 56
State  : 60
Index0 : 1 2 3 
Tape0  : ! ! ! 
Head0  : ^     
---------------------------------------------
Step   : 57
State  : 60
Index0 : 2 3 
Tape0  : ! ! 
Head0  : ^   
---------------------------------------------
Step   : 58
State  : 60
Index0 : 3 
Tape0  : ! 
Head0  : ^ 
---------------------------------------------
Step   : 59
State  : 60
Index0 : 4 
Tape0  : _ 
Head0  : ^ 
---------------------------------------------
Step   : 60
State  : accept
Index0 : 4 
Tape0  : _ 
Head0  : ^ 
---------------------------------------------
Step   : 61
State  : accept2
Index0 : 4 5 
Tape0  : : _ 
Head0  :   ^ 
---------------------------------------------
Step   : 62
State  : halt_accept
Index0 : 4 5 
Tape0  : : ) 
Head0  :   ^ 
---------------------------------------------
Result: :)
==================== END ====================
