Input: (()(()))()
==================== RUN ====================
Step   : 0
State  : 0
Index0 : 0 1 2 3 4 5 6 7 8 9 
Tape0  : ( ( ) ( ( ) ) ) ( ) 
Head0  : ^                   
---------------------------------------------
Step   : 1
State  : 1
Index0 : 1 0 1 2 3 4 5 6 7 8 9 
Tape0  : _ ( ( ) ( ( ) ) ) ( ) 
Head0  : ^                     
---------------------------------------------
Step   : 2
State  : 51
Index0 : 1 0 1 2 3 4 5 6 7 8 9 
Tape0  : ! ( ( ) ( ( ) ) ) ( ) 
Head0  :   ^                   
---------------------------------------------
Step   : 3
State  : 10
Index0 : 1 0 1 2 3 4 5 6 7 8 9 
Tape0  : ! ( ( ) ( ( ) ) ) ( ) 
Head0  :   ^                   
---------------------------------------------
Step   : 4
State  : 20
Index0 : 1 0 1 2 3 4 5 6 7 8 9 
Tape0  : ! ! ( ) ( ( ) ) ) ( ) 
Head0  : ^                     
---------------------------------------------
Step   : 5
State  : 20
Index0 : 2 1 0 1 2 3 4 5 6 7 8 9 
Tape0  : _ ! ! ( ) ( ( ) ) ) ( ) 
Head0  : ^                       
---------------------------------------------
Step   : 6
State  : 21
Index0 : 2 1 0 1 2 3 4 5 6 7 8 9 
Tape0  : _ ! ! ( ) ( ( ) ) ) ( ) 
Head0  : ^                       
---------------------------------------------
Step   : 7
State  : 50
Index0 : 2 1 0 1 2 3 4 5 6 7 8 9 
Tape0  : ( ! ! ( ) ( ( ) ) ) ( ) 
Head0  :   ^                     
---------------------------------------------
Step   : 8
State  : 51
Index0 : 2 1 0 1 2 3 4 5 6 7 8 9 
Tape0  : ( ! ! ( ) ( ( ) ) ) ( ) 
Head0  :     ^                   
---------------------------------------------
Step   : 9
State  : 51
Index0 : 2 1 0 1 2 3 4 5 6 7 8 9 
Tape0  : ( ! ! ( ) ( ( ) ) ) ( ) 
Head0  :       ^                 
---------------------------------------------
Step   : 10
State  : 10
Index0 : 2 1 0 1 2 3 4 5 6 7 8 9 
Tape0  : ( ! ! ( ) ( ( ) ) ) ( ) 
Head0  :       ^                 
---------------------------------------------
Step   : 11
State  : 20
Index0 : 2 1 0 1 2 3 4 5 6 7 8 9 
Tape0  : ( ! ! ! ) ( ( ) ) ) ( ) 
Head0  :     ^                   
---------------------------------------------
Step   : 12
State  : 20
Index0 : 2 1 0 1 2 3 4 5 6 7 8 9 
Tape0  : ( ! ! ! ) ( ( ) ) ) ( ) 
Head0  :   ^                     
---------------------------------------------
Step   : 13
State  : 20
Index0 : 2 1 0 1 2 3 4 5 6 7 8 9 
Tape0  : ( ! ! ! ) ( ( ) ) ) ( ) 
Head0  : ^                       
---------------------------------------------
Step   : 14
State  : 21
Index0 : 2 1 0 1 2 3 4 5 6 7 8 9 
Tape0  : ( ! ! ! ) ( ( ) ) ) ( ) 
Head0  : ^                       
---------------------------------------------
Step   : 15
State  : 21
Index0 : 3 2 1 0 1 2 3 4 5 6 7 8 9 
Tape0  : _ ( ! ! ! ) ( ( ) ) ) ( ) 
Head0  : ^                         
---------------------------------------------
Step   : 16
State  : 50
Index0 : 3 2 1 0 1 2 3 4 5 6 7 8 9 
Tape0  : ( ( ! ! ! ) ( ( ) ) ) ( ) 
Head0  :   ^                       
---------------------------------------------
Step   : 17
State  : 50
Index0 : 3 2 1 0 1 2 3 4 5 6 7 8 9 
Tape0  : ( ( ! ! ! ) ( ( ) ) ) ( ) 
Head0  :     ^                     
---------------------------------------------
Step   : 18
State  : 51
Index0 : 3 2 1 0 1 2 3 4 5 6 7 8 9 
Tape0  : ( ( ! ! ! ) ( ( ) ) ) ( ) 
Head0  :       ^                   
---------------------------------------------
Step   : 19
State  : 51
Index0 : 3 2 1 0 1 2 3 4 5 6 7 8 9 
Tape0  : ( ( ! ! ! ) ( ( ) ) ) ( ) 
Head0  :         ^                 
---------------------------------------------
Step   : 20
State  : 51
Index0 : 3 2 1 0 1 2 3 4 5 6 7 8 9 
Tape0  : ( ( ! ! ! ) ( ( ) ) ) ( ) 
Head0  :           ^               
---------------------------------------------
Step   : 21
State  : 10
Index0 : 3 2 1 0 1 2 3 4 5 6 7 8 9 
Tape0  : ( ( ! ! ! ) ( ( ) ) ) ( ) 
Head0  :           ^               
---------------------------------------------
Step   : 22
State  : 30
Index0 : 3 2 1 0 1 2 3 4 5 6 7 8 9 
Tape0  : ( ( ! ! ! ! ( ( ) ) ) ( ) 
Head0  :         ^                 
---------------------------------------------
Step   : 23
State  : 30
Index0 : 3 2 1 0 1 2 3 4 5 6 7 8 9 
Tape0  : ( ( ! ! ! ! ( ( ) ) ) ( ) 
Head0  :       ^                   
---------------------------------------------
Step   : 24
State  : 30
Index0 : 3 2 1 0 1 2 3 4 5 6 7 8 9 
Tape0  : ( ( ! ! ! ! ( ( ) ) ) ( ) 
Head0  :     ^                     
---------------------------------------------
Step   : 25
State  : 30
Index0 : 3 2 1 0 1 2 3 4 5 6 7 8 9 
Tape0  : ( ( ! ! ! ! ( ( ) ) ) ( ) 
Head0  :   ^                       
---------------------------------------------
Step   : 26
State  : 31
Index0 : 3 2 1 0 1 2 3 4 5 6 7 8 9 
Tape0  : ( ( ! ! ! ! ( ( ) ) ) ( ) 
Head0  :   ^                       
---------------------------------------------
Step   : 27
State  : 31
Index0 : 3 2 1 0 1 2 3 4 5 6 7 8 9 
Tape0  : ( ( ! ! ! ! ( ( ) ) ) ( ) 
Head0  : ^                         
---------------------------------------------
Step   : 28
State  : 31
Index0 : 4 3 2 1 0 1 2 3 4 5 6 7 8 9 
Tape0  : _ ( ( ! ! ! ! ( ( ) ) ) ( ) 
Head0  : ^                           
---------------------------------------------
Step   : 29
State  : 32
Index0 : 3 2 1 0 1 2 3 4 5 6 7 8 9 
Tape0  : ( ( ! ! ! ! ( ( ) ) ) ( ) 
Head0  : ^                         
---------------------------------------------
Step   : 30
State  : 50
Index0 : 2 1 0 1 2 3 4 5 6 7 8 9 
Tape0  : ( ! ! ! ! ( ( ) ) ) ( ) 
Head0  : ^                       
---------------------------------------------
Step   : 31
State  : 50
Index0 : 2 1 0 1 2 3 4 5 6 7 8 9 
Tape0  : ( ! ! ! ! ( ( ) ) ) ( ) 
Head0  :   ^                     
---------------------------------------------
Step   : 32
State  : 51
Index0 : 2 1 0 1 2 3 4 5 6 7 8 9 
Tape0  : ( ! ! ! ! ( ( ) ) ) ( ) 
Head0  :     ^                   
---------------------------------------------
Step   : 33
State  : 51
Index0 : 2 1 0 1 2 3 4 5 6 7 8 9 
Tape0  : ( ! ! ! ! ( ( ) ) ) ( ) 
Head0  :       ^                 
---------------------------------------------
Step   : 34
State  : 51
Index0 : 2 1 0 1 2 3 4 5 6 7 8 9 
Tape0  : ( ! ! ! ! ( ( ) ) ) ( ) 
Head0  :         ^               
---------------------------------------------
Step   : 35
State  : 51
Index0 : 2 1 0 1 2 3 4 5 6 7 8 9 
Tape0  : ( ! ! ! ! ( ( ) ) ) ( ) 
Head0  :           ^             
---------------------------------------------
Step   : 36
State  : 10
Index0 : 2 1 0 1 2 3 4 5 6 7 8 9 
Tape0  : ( ! ! ! ! ( ( ) ) ) ( ) 
Head0  :           ^             
---------------------------------------------
Step   : 37
State  : 20
Index0 : 2 1 0 1 2 3 4 5 6 7 8 9 
Tape0  : ( ! ! ! ! ! ( ) ) ) ( ) 
Head0  :         ^               
---------------------------------------------
Step   : 38
State  : 20
Index0 : 2 1 0 1 2 3 4 5 6 7 8 9 
Tape0  : ( ! ! ! ! ! ( ) ) ) ( ) 
Head0  :       ^                 
---------------------------------------------
Step   : 39
State  : 20
Index0 : 2 1 0 1 2 3 4 5 6 7 8 9 
Tape0  : ( ! ! ! ! ! ( ) ) ) ( ) 
Head0  :     ^                   
---------------------------------------------
Step   : 40
State  : 20
Index0 : 2 1 0 1 2 3 4 5 6 7 8 9 
Tape0  : ( ! ! ! ! ! ( ) ) ) ( ) 
Head0  :   ^                     
---------------------------------------------
Step   : 41
State  : 20
Index0 : 2 1 0 1 2 3 4 5 6 7 8 9 
Tape0  : ( ! ! ! ! ! ( ) ) ) ( ) 
Head0  : ^                       
---------------------------------------------
Step   : 42
State  : 21
Index0 : 2 1 0 1 2 3 4 5 6 7 8 9 
Tape0  : ( ! ! ! ! ! ( ) ) ) ( ) 
Head0  : ^                       
---------------------------------------------
Step   : 43
State  : 21
Index0 : 3 2 1 0 1 2 3 4 5 6 7 8 9 
Tape0  : _ ( ! ! ! ! ! ( ) ) ) ( ) 
Head0  : ^                         
---------------------------------------------
Step   : 44
State  : 50
Index0 : 3 2 1 0 1 2 3 4 5 6 7 8 9 
Tape0  : ( ( ! ! ! ! ! ( ) ) ) ( ) 
Head0  :   ^                       
---------------------------------------------
Step   : 45
State  : 50
Index0 : 3 2 1 0 1 2 3 4 5 6 7 8 9 
Tape0  : ( ( ! ! ! ! ! ( ) ) ) ( ) 
Head0  :     ^                     
---------------------------------------------
Step   : 46
State  : 51
Index0 : 3 2 1 0 1 2 3 4 5 6 7 8 9 
Tape0  : ( ( ! ! ! ! ! ( ) ) ) ( ) 
Head0  :       ^                   
---------------------------------------------
Step   : 47
State  : 51
Index0 : 3 2 1 0 1 2 3 4 5 6 7 8 9 
Tape0  : ( ( ! ! ! ! ! ( ) ) ) ( ) 
Head0  :         ^                 
---------------------------------------------
Step   : 48
State  : 51
Index0 : 3 2 1 0 1 2 3 4 5 6 7 8 9 
Tape0  : ( ( ! ! ! ! ! ( ) ) ) ( ) 
Head0  :           ^               
---------------------------------------------
Step   : 49
State  : 51
Index0 : 3 2 1 0 1 2 3 4 5 6 7 8 9 
Tape0  : ( ( ! ! ! ! ! ( ) ) ) ( ) 
Head0  :             ^             
---------------------------------------------
Step   : 50
State  : 51
Index0 : 3 2 1 0 1 2 3 4 5 6 7 8 9 
Tape0  : ( ( ! ! ! ! ! ( ) ) ) ( ) 
Head0  :               ^           
---------------------------------------------
Step   : 51
State  : 10
Index0 : 3 2 1 0 1 2 3 4 5 6 7 8 9 
Tape0  : ( ( ! ! ! ! ! ( ) ) ) ( ) 
Head0  :               ^           
---------------------------------------------
Step   : 52
State  : 20
Index0 : 3 2 1 0 1 2 3 4 5 6 7 8 9 
Tape0  : ( ( ! ! ! ! ! ! ) ) ) ( ) 
Head0  :             ^             
---------------------------------------------
Step   : 53
State  : 20
Index0 : 3 2 1 0 1 2 3 4 5 6 7 8 9 
Tape0  : ( ( ! ! ! ! ! ! ) ) ) ( ) 
Head0  :           ^               
---------------------------------------------
Step   : 54
State  : 20
Index0 : 3 2 1 0 1 2 3 4 5 6 7 8 9 
Tape0  : ( ( ! ! ! ! ! ! ) ) ) ( ) 
Head0  :         ^                 
---------------------------------------------
Step   : 55
State  : 20
Index0 : 3 2 1 0 1 2 3 4 5 6 7 8 9 
Tape0  : ( ( ! ! ! ! ! ! ) ) ) ( ) 
Head0  :       ^                   
---------------------------------------------
Step   : 56
State  : 20
Index0 : 3 2 1 0 1 2 3 4 5 6 7 8 9 
Tape0  : ( ( ! ! ! ! ! ! ) ) ) ( ) 
Head0  :     ^                     
---------------------------------------------
Step   : 57
State  : 20
Index0 : 3 2 1 0 1 2 3 4 5 6 7 8 9 
Tape0  : ( ( ! ! ! ! ! ! ) ) ) ( ) 
Head0  :   ^                       
---------------------------------------------
Step   : 58
State  : 21
Index0 : 3 2 1 0 1 2 3 4 5 6 7 8 9 
Tape0  : ( ( ! ! ! ! ! ! ) ) ) ( ) 
Head0  :   ^                       
---------------------------------------------
Step   : 59
State  : 21
Index0 : 3 2 1 0 1 2 3 4 5 6 7 8 9 
Tape0  : ( ( ! ! ! ! ! ! ) ) ) ( ) 
Head0  : ^                         
---------------------------------------------
Step   : 60
State  : 21
Index0 : 4 3 2 1 0 1 2 3 4 5 6 7 8 9 
Tape0  : _ ( ( ! ! ! ! ! ! ) ) ) ( ) 
Head0  : ^                           
---------------------------------------------
Step   : 61
State  : 50
Index0 : 4 3 2 1 0 1 2 3 4 5 6 7 8 9 
Tape0  : ( ( ( ! ! ! ! ! ! ) ) ) ( ) 
Head0  :   ^                         
---------------------------------------------
Step   : 62
State  : 50
Index0 : 4 3 2 1 0 1 2 3 4 5 6 7 8 9 
Tape0  : ( ( ( ! ! ! ! ! ! ) ) ) ( ) 
Head0  :     ^                       
---------------------------------------------
Step   : 63
State  : 50
Index0 : 4 3 2 1 0 1 2 3 4 5 6 7 8 9 
Tape0  : ( ( ( ! ! ! ! ! ! ) ) ) ( ) 
Head0  :       ^                     
---------------------------------------------
Step   : 64
State  : 51
Index0 : 4 3 2 1 0 1 2 3 4 5 6 7 8 9 
Tape0  : ( ( ( ! ! ! ! ! ! ) ) ) ( ) 
Head0  :         ^                   
---------------------------------------------
Step   : 65
State  : 51
Index0 : 4 3 2 1 0 1 2 3 4 5 6 7 8 9 
Tape0  : ( ( ( ! ! ! ! ! ! ) ) ) ( ) 
Head0  :           ^                 
---------------------------------------------
Step   : 66
State  : 51
Index0 : 4 3 2 1 0 1 2 3 4 5 6 7 8 9 
Tape0  : ( ( ( ! ! ! ! ! ! ) ) ) ( ) 
Head0  :             ^               
---------------------------------------------
Step   : 67
State  : 51
Index0 : 4 3 2 1 0 1 2 3 4 5 6 7 8 9 
Tape0  : ( ( ( ! ! ! ! ! ! ) ) ) ( ) 
Head0  :               ^             
---------------------------------------------
Step   : 68
State  : 51
Index0 : 4 3 2 1 0 1 2 3 4 5 6 7 8 9 
Tape0  : ( ( ( ! ! ! ! ! ! ) ) ) ( ) 
Head0  :                 ^           
---------------------------------------------
Step   : 69
State  : 51
Index0 : 4 3 2 1 0 1 2 3 4 5 6 7 8 9 
Tape0  : ( ( ( ! ! ! ! ! ! ) ) ) ( ) 
Head0  :                   ^         
---------------------------------------------
Step   : 70
State  : 10
Index0 : 4 3 2 1 0 1 2 3 4 5 6 7 8 9 
Tape0  : ( ( ( ! ! ! ! ! ! ) ) ) ( ) 
Head0  :                   ^         
---------------------------------------------
Step   : 71
State  : 30
Index0 : 4 3 2 1 0 1 2 3 4 5 6 7 8 9 
Tape0  : ( ( ( ! ! ! ! ! ! ! ) ) ( ) 
Head0  :                 ^           
---------------------------------------------
Step   : 72
State  : 30
Index0 : 4 3 2 1 0 1 2 3 4 5 6 7 8 9 
Tape0  : ( ( ( ! ! ! ! ! ! ! ) ) ( ) 
Head0  :               ^             
---------------------------------------------
Step   : 73
State  : 30
Index0 : 4 3 2 1 0 1 2 3 4 5 6 7 8 9 
Tape0  : ( ( ( ! ! ! ! ! ! ! ) ) ( ) 
Head0  :             ^               
---------------------------------------------
Step   : 74
State  : 30
Index0 : 4 3 2 1 0 1 2 3 4 5 6 7 8 9 
Tape0  : ( ( ( ! ! ! ! ! ! ! ) ) ( ) 
Head0  :           ^                 
---------------------------------------------
Step   : 75
State  : 30
Index0 : 4 3 2 1 0 1 2 3 4 5 6 7 8 9 
Tape0  : ( ( ( ! ! ! ! ! ! ! ) ) ( ) 
Head0  :         ^                   
---------------------------------------------
Step   : 76
State  : 30
Index0 : 4 3 2 1 0 1 2 3 4 5 6 7 8 9 
Tape0  : ( ( ( ! ! ! ! ! ! ! ) ) ( ) 
Head0  :       ^                     
---------------------------------------------
Step   : 77
State  : 30
Index0 : 4 3 2 1 0 1 2 3 4 5 6 7 8 9 
Tape0  : ( ( ( ! ! ! ! ! ! ! ) ) ( ) 
Head0  :     ^                       
---------------------------------------------
Step   : 78
State  : 31
Index0 : 4 3 2 1 0 1 2 3 4 5 6 7 8 9 
Tape0  : ( ( ( ! ! ! ! ! ! ! ) ) ( ) 
Head0  :     ^                       
---------------------------------------------
Step   : 79
State  : 31
Index0 : 4 3 2 1 0 1 2 3 4 5 6 7 8 9 
Tape0  : ( ( ( ! ! ! ! ! ! ! ) ) ( ) 
Head0  :   ^                         
---------------------------------------------
Step   : 80
State  : 31
Index0 : 4 3 2 1 0 1 2 3 4 5 6 7 8 9 
Tape0  : ( ( ( ! ! ! ! ! ! ! ) ) ( ) 
Head0  : ^                           
---------------------------------------------
Step   : 81
State  : 31
Index0 : 5 4 3 2 1 0 1 2 3 4 5 6 7 8 9 
Tape0  : _ ( ( ( ! ! ! ! ! ! ! ) ) ( ) 
Head0  : ^                             
---------------------------------------------
Step   : 82
State  : 32
Index0 : 4 3 2 1 0 1 2 3 4 5 6 7 8 9 
Tape0  : ( ( ( ! ! ! ! ! ! ! ) ) ( ) 
Head0  : ^                           
---------------------------------------------
Step   : 83
State  : 50
Index0 : 3 2 1 0 1 2 3 4 5 6 7 8 9 
Tape0  : ( ( ! ! ! ! ! ! ! ) ) ( ) 
Head0  : ^                         
---------------------------------------------
Step   : 84
State  : 50
Index0 : 3 2 1 0 1 2 3 4 5 6 7 8 9 
Tape0  : ( ( ! ! ! ! ! ! ! ) ) ( ) 
Head0  :   ^                       
---------------------------------------------
Step   : 85
State  : 50
Index0 : 3 2 1 0 1 2 3 4 5 6 7 8 9 
Tape0  : ( ( ! ! ! ! ! ! ! ) ) ( ) 
Head0  :     ^                     
---------------------------------------------
Step   : 86
State  : 51
Index0 : 3 2 1 0 1 2 3 4 5 6 7 8 9 
Tape0  : ( ( ! ! ! ! ! ! ! ) ) ( ) 
Head0  :       ^                   
---------------------------------------------
Step   : 87
State  : 51
Index0 : 3 2 1 0 1 2 3 4 5 6 7 8 9 
Tape0  : ( ( ! ! ! ! ! ! ! ) ) ( ) 
Head0  :         ^                 
---------------------------------------------
Step   : 88
State  : 51
Index0 : 3 2 1 0 1 2 3 4 5 6 7 8 9 
Tape0  : ( ( ! ! ! ! ! ! ! ) ) ( ) 
Head0  :           ^               
---------------------------------------------
Step   : 89
State  : 51
Index0 : 3 2 1 0 1 2 3 4 5 6 7 8 9 
Tape0  : ( ( ! ! ! ! ! ! ! ) ) ( ) 
Head0  :             ^             
---------------------------------------------
Step   : 90
State  : 51
Index0 : 3 2 1 0 1 2 3 4 5 6 7 8 9 
Tape0  : ( ( ! ! ! ! ! ! ! ) ) ( ) 
Head0  :               ^           
---------------------------------------------
Step   : 91
State  : 51
Index0 : 3 2 1 0 1 2 3 4 5 6 7 8 9 
Tape0  : ( ( ! ! ! ! ! ! ! ) ) ( ) 
Head0  :                 ^         
---------------------------------------------
Step   : 92
State  : 51
Index0 : 3 2 1 0 1 2 3 4 5 6 7 8 9 
Tape0  : ( ( ! ! ! ! ! ! ! ) ) ( ) 
Head0  :                   ^       
---------------------------------------------
Step   : 93
State  : 10
Index0 : 3 2 1 0 1 2 3 4 5 6 7 8 9 
Tape0  : ( ( ! ! ! ! ! ! ! ) ) ( ) 
Head0  :                   ^       
---------------------------------------------
Step   : 94
State  : 30
Index0 : 3 2 1 0 1 2 3 4 5 6 7 8 9 
Tape0  : ( ( ! ! ! ! ! ! ! ! ) ( ) 
Head0  :                 ^         
---------------------------------------------
Step   : 95
State  : 30
Index0 : 3 2 1 0 1 2 3 4 5 6 7 8 9 
Tape0  : ( ( ! ! ! ! ! ! ! ! ) ( ) 
Head0  :               ^           
---------------------------------------------
Step   : 96
State  : 30
Index0 : 3 2 1 0 1 2 3 4 5 6 7 8 9 
Tape0  : ( ( ! ! ! ! ! ! ! ! ) ( ) 
Head0  :             ^             
---------------------------------------------
Step   : 97
State  : 30
Index0 : 3 2 1 0 1 2 3 4 5 6 7 8 9 
Tape0  : ( ( ! ! ! ! ! ! ! ! ) ( ) 
Head0  :           ^               
---------------------------------------------
Step   : 98
State  : 30
Index0 : 3 2 1 0 1 2 3 4 5 6 7 8 9 
Tape0  : ( ( ! ! ! ! ! ! ! ! ) ( ) 
Head0  :         ^                 
---------------------------------------------
Step   : 99
State  : 30
Index0 : 3 2 1 0 1 2 3 4 5 6 7 8 9 
Tape0  : ( ( ! ! ! ! ! ! ! ! ) ( ) 
Head0  :       ^                   
---------------------------------------------
Step   : 100
State  : 30
Index0 : 3 2 1 0 1 2 3 4 5 6 7 8 9 
Tape0  : ( ( ! ! ! ! ! ! ! ! ) ( ) 
Head0  :     ^                     
---------------------------------------------
Step   : 101
State  : 30
Index0 : 3 2 1 0 1 2 3 4 5 6 7 8 9 
Tape0  : ( ( ! ! ! ! ! ! ! ! ) ( ) 
Head0  :   ^                       
---------------------------------------------
Step   : 102
State  : 31
Index0 : 3 2 1 0 1 2 3 4 5 6 7 8 9 
Tape0  : ( ( ! ! ! ! ! ! ! ! ) ( ) 
Head0  :   ^                       
---------------------------------------------
Step   : 103
State  : 31
Index0 : 3 2 1 0 1 2 3 4 5 6 7 8 9 
Tape0  : ( ( ! ! ! ! ! ! ! ! ) ( ) 
Head0  : ^                         
---------------------------------------------
Step   : 104
State  : 31
Index0 : 4 3 2 1 0 1 2 3 4 5 6 7 8 9 
Tape0  : _ ( ( ! ! ! ! ! ! ! ! ) ( ) 
Head0  : ^                           
---------------------------------------------
Step   : 105
State  : 32
Index0 : 3 2 1 0 1 2 3 4 5 6 7 8 9 
Tape0  : ( ( ! ! ! ! ! ! ! ! ) ( ) 
Head0  : ^                         
---------------------------------------------
Step   : 106
State  : 50
Index0 : 2 1 0 1 2 3 4 5 6 7 8 9 
Tape0  : ( ! ! ! ! ! ! ! ! ) ( ) 
Head0  : ^                       
---------------------------------------------
Step   : 107
State  : 50
Index0 : 2 1 0 1 2 3 4 5 6 7 8 9 
Tape0  : ( ! ! ! ! ! ! ! ! ) ( ) 
Head0  :   ^                     
---------------------------------------------
Step   : 108
State  : 51
Index0 : 2 1 0 1 2 3 4 5 6 7 8 9 
Tape0  : ( ! ! ! ! ! ! ! ! ) ( ) 
Head0  :     ^                   
---------------------------------------------
Step   : 109
State  : 51
Index0 : 2 1 0 1 2 3 4 5 6 7 8 9 
Tape0  : ( ! ! ! ! ! ! ! ! ) ( ) 
Head0  :       ^                 
---------------------------------------------
Step   : 110
State  : 51
Index0 : 2 1 0 1 2 3 4 5 6 7 8 9 
Tape0  : ( ! ! ! ! ! ! ! ! ) ( ) 
Head0  :         ^               
---------------------------------------------
Step   : 111
State  : 51
Index0 : 2 1 0 1 2 3 4 5 6 7 8 9 
Tape0  : ( ! ! ! ! ! ! ! ! ) ( ) 
Head0  :           ^             
---------------------------------------------
Step   : 112
State  : 51
Index0 : 2 1 0 1 2 3 4 5 6 7 8 9 
Tape0  : ( ! ! ! ! ! ! ! ! ) ( ) 
Head0  :             ^           
---------------------------------------------
Step   : 113
State  : 51
Index0 : 2 1 0 1 2 3 4 5 6 7 8 9 
Tape0  : ( ! ! ! ! ! ! ! ! ) ( ) 
Head0  :               ^         
---------------------------------------------
Step   : 114
State  : 51
Index0 : 2 1 0 1 2 3 4 5 6 7 8 9 
Tape0  : ( ! ! ! ! ! ! ! ! ) ( ) 
Head0  :                 ^       
---------------------------------------------
Step   : 115
State  : 51
Index0 : 2 1 0 1 2 3 4 5 6 7 8 9 
Tape0  : ( ! ! ! ! ! ! ! ! ) ( ) 
Head0  :                   ^     
---------------------------------------------
Step   : 116
State  : 10
Index0 : 2 1 0 1 2 3 4 5 6 7 8 9 
Tape0  : ( ! ! ! ! ! ! ! ! ) ( ) 
Head0  :                   ^     
---------------------------------------------
Step   : 117
State  : 30
Index0 : 2 1 0 1 2 3 4 5 6 7 8 9 
Tape0  : ( ! ! ! ! ! ! ! ! ! ( ) 
Head0  :                 ^       
---------------------------------------------
Step   : 118
State  : 30
Index0 : 2 1 0 1 2 3 4 5 6 7 8 9 
Tape0  : ( ! ! ! ! ! ! ! ! ! ( ) 
Head0  :               ^         
---------------------------------------------
Step   : 119
State  : 30
Index0 : 2 1 0 1 2 3 4 5 6 7 8 9 
Tape0  : ( ! ! ! ! ! ! ! ! ! ( ) 
Head0  :             ^           
---------------------------------------------
Step   : 120
State  : 30
Index0 : 2 1 0 1 2 3 4 5 6 7 8 9 
Tape0  : ( ! ! ! ! ! ! ! ! ! ( ) 
Head0  :           ^             
---------------------------------------------
Step   : 121
State  : 30
Index0 : 2 1 0 1 2 3 4 5 6 7 8 9 
Tape0  : ( ! ! ! ! ! ! ! ! ! ( ) 
Head0  :         ^               
---------------------------------------------
Step   : 122
State  : 30
Index0 : 2 1 0 1 2 3 4 5 6 7 8 9 
Tape0  : ( ! ! ! ! ! ! ! ! ! ( ) 
Head0  :       ^                 
---------------------------------------------
Step   : 123
State  : 30
Index0 : 2 1 0 1 2 3 4 5 6 7 8 9 
Tape0  : ( ! ! ! ! ! ! ! ! ! ( ) 
Head0  :     ^                   
---------------------------------------------
Step   : 124
State  : 30
Index0 : 2 1 0 1 2 3 4 5 6 7 8 9 
Tape0  : ( ! ! ! ! ! ! ! ! ! ( ) 
Head0  :   ^                     
---------------------------------------------
Step   : 125
State  : 30
Index0 : 2 1 0 1 2 3 4 5 6 7 8 9 
Tape0  : ( ! ! ! ! ! ! ! ! ! ( ) 
Head0  : ^                       
---------------------------------------------
Step   : 126
State  : 31
Index0 : 2 1 0 1 2 3 4 5 6 7 8 9 
Tape0  : ( ! ! ! ! ! ! ! ! ! ( ) 
Head0  : ^                       
---------------------------------------------
Step   : 127
State  : 31
Index0 : 3 2 1 0 1 2 3 4 5 6 7 8 9 
Tape0  : _ ( ! ! ! ! ! ! ! ! ! ( ) 
Head0  : ^                         
---------------------------------------------
Step   : 128
State  : 32
Index0 : 2 1 0 1 2 3 4 5 6 7 8 9 
Tape0  : ( ! ! ! ! ! ! ! ! ! ( ) 
Head0  : ^                       
---------------------------------------------
Step   : 129
State  : 50
Index0 : 1 0 1 2 3 4 5 6 7 8 9 
Tape0  : ! ! ! ! ! ! ! ! ! ( ) 
Head0  : ^                     
---------------------------------------------
Step   : 130
State  : 51
Index0 : 1 0 1 2 3 4 5 6 7 8 9 
Tape0  : ! ! ! ! ! ! ! ! ! ( ) 
Head0  :   ^                   
---------------------------------------------
Step   : 131
State  : 51
Index0 : 1 0 1 2 3 4 5 6 7 8 9 
Tape0  : ! ! ! ! ! ! ! ! ! ( ) 
Head0  :     ^                 
---------------------------------------------
Step   : 132
State  : 51
Index0 : 1 0 1 2 3 4 5 6 7 8 9 
Tape0  : ! ! ! ! ! ! ! ! ! ( ) 
Head0  :       ^               
---------------------------------------------
Step   : 133
State  : 51
Index0 : 1 0 1 2 3 4 5 6 7 8 9 
Tape0  : ! ! ! ! ! ! ! ! ! ( ) 
Head0  :         ^             
---------------------------------------------
Step   : 134
State  : 51
Index0 : 1 0 1 2 3 4 5 6 7 8 9 
Tape0  : ! ! ! ! ! ! ! ! ! ( ) 
Head0  :           ^           
---------------------------------------------
Step   : 135
State  : 51
Index0 : 1 0 1 2 3 4 5 6 7 8 9 
Tape0  : ! ! ! ! ! ! ! ! ! ( ) 
Head0  :             ^         
---------------------------------------------
Step   : 136
State  : 51
Index0 : 1 0 1 2 3 4 5 6 7 8 9 
Tape0  : ! ! ! ! ! ! ! ! ! ( ) 
Head0  :               ^       
---------------------------------------------
Step   : 137
State  : 51
Index0 : 1 0 1 2 3 4 5 6 7 8 9 
Tape0  : ! ! ! ! ! ! ! ! ! ( ) 
Head0  :                 ^     
---------------------------------------------
Step   : 138
State  : 51
Index0 : 1 0 1 2 3 4 5 6 7 8 9 
Tape0  : ! ! ! ! ! ! ! ! ! ( ) 
Head0  :                   ^   
---------------------------------------------
Step   : 139
State  : 10
Index0 : 1 0 1 2 3 4 5 6 7 8 9 
Tape0  : ! ! ! ! ! ! ! ! ! ( ) 
Head0  :                   ^   
---------------------------------------------
Step   : 140
State  : 20
Index0 : 1 0 1 2 3 4 5 6 7 8 9 
Tape0  : ! ! ! ! ! ! ! ! ! ! ) 
Head0  :                 ^     
---------------------------------------------
Step   : 141
State  : 20
Index0 : 1 0 1 2 3 4 5 6 7 8 9 
Tape0  : ! ! ! ! ! ! ! ! ! ! ) 
Head0  :               ^       
---------------------------------------------
Step   : 142
State  : 20
Index0 : 1 0 1 2 3 4 5 6 7 8 9 
Tape0  : ! ! ! ! ! ! ! ! ! ! ) 
Head0  :             ^         
---------------------------------------------
Step   : 143
State  : 20
Index0 : 1 0 1 2 3 4 5 6 7 8 9 
Tape0  : ! ! ! ! ! ! ! ! ! ! ) 
Head0  :           ^           
---------------------------------------------
Step   : 144
State  : 20
Index0 : 1 0 1 2 3 4 5 6 7 8 9 
Tape0  : ! ! ! ! ! ! ! ! ! ! ) 
Head0  :         ^             
---------------------------------------------
Step   : 145
State  : 20
Index0 : 1 0 1 2 3 4 5 6 7 8 9 
Tape0  : ! ! ! ! ! ! ! ! ! ! ) 
Head0  :       ^               
---------------------------------------------
Step   : 146
State  : 20
Index0 : 1 0 1 2 3 4 5 6 7 8 9 
Tape0  : ! ! ! ! ! ! ! ! ! ! ) 
Head0  :     ^                 
---------------------------------------------
Step   : 147
State  : 20
Index0 : 1 0 1 2 3 4 5 6 7 8 9 
Tape0  : ! ! ! ! ! ! ! ! ! ! ) 
Head0  :   ^                   
---------------------------------------------
Step   : 148
State  : 20
Index0 : 1 0 1 2 3 4 5 6 7 8 9 
Tape0  : ! ! ! ! ! ! ! ! ! ! ) 
Head0  : ^                     
---------------------------------------------
Step   : 149
State  : 20
Index0 : 2 1 0 1 2 3 4 5 6 7 8 9 
Tape0  : _ ! ! ! ! ! ! ! ! ! ! ) 
Head0  : ^                       
---------------------------------------------
Step   : 150
State  : 21
Index0 : 2 1 0 1 2 3 4 5 6 7 8 9 
Tape0  : _ ! ! ! ! ! ! ! ! ! ! ) 
Head0  : ^                       
---------------------------------------------
Step   : 151
State  : 50
Index0 : 2 1 0 1 2 3 4 5 6 7 8 9 
Tape0  : ( ! ! ! ! ! ! ! ! ! ! ) 
Head0  :   ^                     
---------------------------------------------
Step   : 152
State  : 51
Index0 : 2 1 0 1 2 3 4 5 6 7 8 9 
Tape0  : ( ! ! ! ! ! ! ! ! ! ! ) 
Head0  :     ^                   
---------------------------------------------
Step   : 153
State  : 51
Index0 : 2 1 0 1 2 3 4 5 6 7 8 9 
Tape0  : ( ! ! ! ! ! ! ! ! ! ! ) 
Head0  :       ^                 
---------------------------------------------
Step   : 154
State  : 51
Index0 : 2 1 0 1 2 3 4 5 6 7 8 9 
Tape0  : ( ! ! ! ! ! ! ! ! ! ! ) 
Head0  :         ^               
---------------------------------------------
Step   : 155
State  : 51
Index0 : 2 1 0 1 2 3 4 5 6 7 8 9 
Tape0  : ( ! ! ! ! ! ! ! ! ! ! ) 
Head0  :           ^             
---------------------------------------------
Step   : 156
State  : 51
Index0 : 2 1 0 1 2 3 4 5 6 7 8 9 
Tape0  : ( ! ! ! ! ! ! ! ! ! ! ) 
Head0  :             ^           
---------------------------------------------
Step   : 157
State  : 51
Index0 : 2 1 0 1 2 3 4 5 6 7 8 9 
Tape0  : ( ! ! ! ! ! ! ! ! ! ! ) 
Head0  :               ^         
---------------------------------------------
Step   : 158
State  : 51
Index0 : 2 1 0 1 2 3 4 5 6 7 8 9 
Tape0  : ( ! ! ! ! ! ! ! ! ! ! ) 
Head0  :                 ^       
---------------------------------------------
Step   : 159
State  : 51
Index0 : 2 1 0 1 2 3 4 5 6 7 8 9 
Tape0  : ( ! ! ! ! ! ! ! ! ! ! ) 
Head0  :                   ^     
---------------------------------------------
Step   : 160
State  : 51
Index0 : 2 1 0 1 2 3 4 5 6 7 8 9 
Tape0  : ( ! ! ! ! ! ! ! ! ! ! ) 
Head0  :                     ^   
---------------------------------------------
Step   : 161
State  : 51
Index0 : 2 1 0 1 2 3 4 5 6 7 8 9 
Tape0  : ( ! ! ! ! ! ! ! ! ! ! ) 
Head0  :                       ^ 
---------------------------------------------
Step   : 162
State  : 10
Index0 : 2 1 0 1 2 3 4 5 6 7 8 9 
Tape0  : ( ! ! ! ! ! ! ! ! ! ! ) 
Head0  :                       ^ 
---------------------------------------------
Step   : 163
State  : 30
Index0 : 2 1 0 1 2 3 4 5 6 7 8 9 
Tape0  : ( ! ! ! ! ! ! ! ! ! ! ! 
Head0  :                     ^   
---------------------------------------------
Step   : 164
State  : 30
Index0 : 2 1 0 1 2 3 4 5 6 7 8 9 
Tape0  : ( ! ! ! ! ! ! ! ! ! ! ! 
Head0  :                   ^     
---------------------------------------------
Step   : 165
State  : 30
Index0 : 2 1 0 1 2 3 4 5 6 7 8 9 
Tape0  : ( ! ! ! ! ! ! ! ! ! ! ! 
Head0  :                 ^       
---------------------------------------------
Step   : 166
State  : 30
Index0 : 2 1 0 1 2 3 4 5 6 7 8 9 
Tape0  : ( ! ! ! ! ! ! ! ! ! ! ! 
Head0  :               ^         
---------------------------------------------
Step   : 167
State  : 30
Index0 : 2 1 0 1 2 3 4 5 6 7 8 9 
Tape0  : ( ! ! ! ! ! ! ! ! ! ! ! 
Head0  :             ^           
---------------------------------------------
Step   : 168
State  : 30
Index0 : 2 1 0 1 2 3 4 5 6 7 8 9 
Tape0  : ( ! ! ! ! ! ! ! ! ! ! ! 
Head0  :           ^             
---------------------------------------------
Step   : 169
State  : 30
Index0 : 2 1 0 1 2 3 4 5 6 7 8 9 
Tape0  : ( ! ! ! ! ! ! ! ! ! ! ! 
Head0  :         ^               
---------------------------------------------
Step   : 170
State  : 30
Index0 : 2 1 0 1 2 3 4 5 6 7 8 9 
Tape0  : ( ! ! ! ! ! ! ! ! ! ! ! 
Head0  :       ^                 
---------------------------------------------
Step   : 171
State  : 30
Index0 : 2 1 0 1 2 3 4 5 6 7 8 9 
Tape0  : ( ! ! ! ! ! ! ! ! ! ! ! 
Head0  :     ^                   
---------------------------------------------
Step   : 172
State  : 30
Index0 : 2 1 0 1 2 3 4 5 6 7 8 9 
Tape0  : ( ! ! ! ! ! ! ! ! ! ! ! 
Head0  :   ^                     
---------------------------------------------
Step   : 173
State  : 30
Index0 : 2 1 0 1 2 3 4 5 6 7 8 9 
Tape0  : ( ! ! ! ! ! ! ! ! ! ! ! 
Head0  : ^                       
---------------------------------------------
Step   : 174
State  : 31
Index0 : 2 1 0 1 2 3 4 5 6 7 8 9 
Tape0  : ( ! ! ! ! ! ! ! ! ! ! ! 
Head0  : ^                       
---------------------------------------------
Step   : 175
State  : 31
Index0 : 3 2 1 0 1 2 3 4 5 6 7 8 9 
Tape0  : _ ( ! ! ! ! ! ! ! ! ! ! ! 
Head0  : ^                         
---------------------------------------------
Step   : 176
State  : 32
Index0 : 2 1 0 1 2 3 4 5 6 7 8 9 
Tape0  : ( ! ! ! ! ! ! ! ! ! ! ! 
Head0  : ^                       
---------------------------------------------
Step   : 177
State  : 50
Index0 : 1 0 1 2 3 4 5 6 7 8 9 
Tape0  : ! ! ! ! ! ! ! ! ! ! ! 
Head0  : ^                     
---------------------------------------------
Step   : 178
State  : 51
Index0 : 1 0 1 2 3 4 5 6 7 8 9 
Tape0  : ! ! ! ! ! ! ! ! ! ! ! 
Head0  :   ^                   
---------------------------------------------
Step   : 179
State  : 51
Index0 : 1 0 1 2 3 4 5 6 7 8 9 
Tape0  : ! ! ! ! ! ! ! ! ! ! ! 
Head0  :     ^                 
---------------------------------------------
Step   : 180
State  : 51
Index0 : 1 0 1 2 3 4 5 6 7 8 9 
Tape0  : ! ! ! ! ! ! ! ! ! ! ! 
Head0  :       ^               
---------------------------------------------
Step   : 181
State  : 51
Index0 : 1 0 1 2 3 4 5 6 7 8 9 
Tape0  : ! ! ! ! ! ! ! ! ! ! ! 
Head0  :         ^             
---------------------------------------------
Step   : 182
State  : 51
Index0 : 1 0 1 2 3 4 5 6 7 8 9 
Tape0  : ! ! ! ! ! ! ! ! ! ! ! 
Head0  :           ^           
---------------------------------------------
Step   : 183
State  : 51
Index0 : 1 0 1 2 3 4 5 6 7 8 9 
Tape0  : ! ! ! ! ! ! ! ! ! ! ! 
Head0  :             ^         
---------------------------------------------
Step   : 184
State  : 51
Index0 : 1 0 1 2 3 4 5 6 7 8 9 
Tape0  : ! ! ! ! ! ! ! ! ! ! ! 
Head0  :               ^       
---------------------------------------------
Step   : 185
State  : 51
Index0 : 1 0 1 2 3 4 5 6 7 8 9 
Tape0  : ! ! ! ! ! ! ! ! ! ! ! 
Head0  :                 ^     
---------------------------------------------
Step   : 186
State  : 51
Index0 : 1 0 1 2 3 4 5 6 7 8 9 
Tape0  : ! ! ! ! ! ! ! ! ! ! ! 
Head0  :                   ^   
---------------------------------------------
Step   : 187
State  : 51
Index0 : 1 0 1 2 3 4 5 6 7 8 9 
Tape0  : ! ! ! ! ! ! ! ! ! ! ! 
Head0  :                     ^ 
---------------------------------------------
Step   : 188
State  : 51
Index0 : 1 0 1 2 3 4 5 6 7 8 9 10 
Tape0  : ! ! ! ! ! ! ! ! ! ! ! _  
Head0  :                       ^  
---------------------------------------------
Step   : 189
State  : 10
Index0 : 1 0 1 2 3 4 5 6 7 8 9 10 
Tape0  : ! ! ! ! ! ! ! ! ! ! ! _  
Head0  :                       ^  
---------------------------------------------
Step   : 190
State  : 40
Index0 : 1 0 1 2 3 4 5 6 7 8 9 
Tape0  : ! ! ! ! ! ! ! ! ! ! ! 
Head0  :                     ^ 
---------------------------------------------
Step   : 191
State  : 40
Index0 : 1 0 1 2 3 4 5 6 7 8 9 
Tape0  : ! ! ! ! ! ! ! ! ! ! ! 
Head0  :                   ^   
---------------------------------------------
Step   : 192
State  : 40
Index0 : 1 0 1 2 3 4 5 6 7 8 9 
Tape0  : ! ! ! ! ! ! ! ! ! ! ! 
Head0  :                 ^     
---------------------------------------------
Step   : 193
State  : 40
Index0 : 1 0 1 2 3 4 5 6 7 8 9 
Tape0  : ! ! ! ! ! ! ! ! ! ! ! 
Head0  :               ^       
---------------------------------------------
Step   : 194
State  : 40
Index0 : 1 0 1 2 3 4 5 6 7 8 9 
Tape0  : ! ! ! ! ! ! ! ! ! ! ! 
Head0  :             ^         
---------------------------------------------
Step   : 195
State  : 40
Index0 : 1 0 1 2 3 4 5 6 7 8 9 
Tape0  : ! ! ! ! ! ! ! ! ! ! ! 
Head0  :           ^           
---------------------------------------------
Step   : 196
State  : 40
Index0 : 1 0 1 2 3 4 5 6 7 8 9 
Tape0  : ! ! ! ! ! ! ! ! ! ! ! 
Head0  :         ^             
---------------------------------------------
Step   : 197
State  : 40
Index0 : 1 0 1 2 3 4 5 6 7 8 9 
Tape0  : ! ! ! ! ! ! ! ! ! ! ! 
Head0  :       ^               
---------------------------------------------
Step   : 198
State  : 40
Index0 : 1 0 1 2 3 4 5 6 7 8 9 
Tape0  : ! ! ! ! ! ! ! ! ! ! ! 
Head0  :     ^                 
---------------------------------------------
Step   : 199
State  : 40
Index0 : 1 0 1 2 3 4 5 6 7 8 9 
Tape0  : ! ! ! ! ! ! ! ! ! ! ! 
Head0  :   ^                   
---------------------------------------------
Step   : 200
State  : 40
Index0 : 1 0 1 2 3 4 5 6 7 8 9 
Tape0  : ! ! ! ! ! ! ! ! ! ! ! 
Head0  : ^                     
---------------------------------------------
Step   : 201
State  : 40
Index0 : 2 1 0 1 2 3 4 5 6 7 8 9 
Tape0  : _ ! ! ! ! ! ! ! ! ! ! ! 
Head0  : ^                       
---------------------------------------------
Step   : 202
State  : 60
Index0 : 1 0 1 2 3 4 5 6 7 8 9 
Tape0  : ! ! ! ! ! ! ! ! ! ! ! 
Head0  : ^                     
---------------------------------------------
Step   : 203
State  : 60
Index0 : 0 1 2 3 4 5 6 7 8 9 
Tape0  : ! ! ! ! ! ! ! ! ! ! 
Head0  : ^                   
---------------------------------------------
Step   : 204
State  : 60
Index0 : 1 2 3 4 5 6 7 8 9 
Tape0  : ! ! ! ! ! ! ! ! ! 
Head0  : ^                 
---------------------------------------------
Step   : 205
State  : 60
Index0 : 2 3 4 5 6 7 8 9 
Tape0  : ! ! ! ! ! ! ! ! 
Head0  : ^               
---------------------------------------------
Step   : 206
State  : 60
Index0 : 3 4 5 6 7 8 9 
Tape0  : ! ! ! ! ! ! ! 
Head0  : ^             
---------------------------------------------
Step   : 207
State  : 60
Index0 : 4 5 6 7 8 9 
Tape0  : ! ! ! ! ! ! 
Head0  : ^           
---------------------------------------------
Step   : 208
State  : 60
Index0 : 5 6 7 8 9 
Tape0  : ! ! ! ! ! 
Head0  : ^         
---------------------------------------------
Step   : 209
State  : 60
Index0 : 6 7 8 9 
Tape0  : ! ! ! ! 
Head0  : ^       
---------------------------------------------
Step   : 210
State  : 60
Index0 : 7 8 9 
Tape0  : ! ! ! 
Head0  : ^     
---------------------------------------------
Step   : 211
State  : 60
Index0 : 8 9 
Tape0  : ! ! 
Head0  : ^   
---------------------------------------------
Step   : 212
State  : 60
Index0 : 9 
Tape0  : ! 
Head0  : ^ 
---------------------------------------------
Step   : 213
State  : 60
Index0 : 10 
Tape0  : _  
Head0  : ^  
---------------------------------------------
Step   : 214
State  : accept
Index0 : 10 
Tape0  : _  
Head0  : ^  
---------------------------------------------
Step   : 215
State  : accept2
Index0 : 10 11 
Tape0  : :  _  
Head0  :    ^  
---------------------------------------------
Step   : 216
State  : halt_accept
Index0 : 10 11 
Tape0  : :  )  
Head0  :    ^  
---------------------------------------------
Result: :)
==================== END ====================
