Input: ()((((()))())()
==================== RUN ====================
Step   : 0
State  : 0
Index0 : 0 1 2 3 4 5 6 7 8 9 10 11 12 13 14 
Tape0  : ( ) ( ( ( ( ( ) ) ) (  )  )  (  )  
Head0  : ^                                  
---------------------------------------------
Step   : 1
State  : 1
Index0 : 1 0 1 2 3 4 5 6 7 8 9 10 11 12 13 14 
Tape0  : _ ( ) ( ( ( ( ( ) ) ) (  )  )  (  )  
Head0  : ^                                    
---------------------------------------------
Step   : 2
State  : 51
Index0 : 1 0 1 2 3 4 5 6 7 8 9 10 11 12 13 14 
Tape0  : ! ( ) ( ( ( ( ( ) ) ) (  )  )  (  )  
Head0  :   ^                                  
---------------------------------------------
Step   : 3
State  : 10
Index0 : 1 0 1 2 3 4 5 6 7 8 9 10 11 12 13 14 
Tape0  : ! ( ) ( ( ( ( ( ) ) ) (  )  )  (  )  
Head0  :   ^                                  
---------------------------------------------
Step   : 4
State  : 20
Index0 : 1 0 1 2 3 4 5 6 7 8 9 10 11 12 13 14 
Tape0  : ! ! ) ( ( ( ( ( ) ) ) (  )  )  (  )  
Head0  : ^                                    
---------------------------------------------
Step   : 5
State  : 20
Index0 : 2 1 0 1 2 3 4 5 6 7 8 9 10 11 12 13 14 
Tape0  : _ ! ! ) ( ( ( ( ( ) ) ) (  )  )  (  )  
Head0  : ^                                      
---------------------------------------------
Step   : 6
State  : 21
Index0 : 2 1 0 1 2 3 4 5 6 7 8 9 10 11 12 13 14 
Tape0  : _ ! ! ) ( ( ( ( ( ) ) ) (  )  )  (  )  
Head0  : ^                                      
---------------------------------------------
Step   : 7
State  : 50
Index0 : 2 1 0 1 2 3 4 5 6 7 8 9 10 11 12 13 14 
Tape0  : ( ! ! ) ( ( ( ( ( ) ) ) (  )  )  (  )  
Head0  :   ^                                    
---------------------------------------------
Step   : 8
State  : 51
Index0 : 2 1 0 1 2 3 4 5 6 7 8 9 10 11 12 13 14 
Tape0  : ( ! ! ) ( ( ( ( ( ) ) ) (  )  )  (  )  
Head0  :     ^                                  
---------------------------------------------
Step   : 9
State  : 51
Index0 : 2 1 0 1 2 3 4 5 6 7 8 9 10 11 12 13 14 
Tape0  : ( ! ! ) ( ( ( ( ( ) ) ) (  )  )  (  )  
Head0  :       ^                                
---------------------------------------------
Step   : 10
State  : 10
Index0 : 2 1 0 1 2 3 4 5 6 7 8 9 10 11 12 13 14 
Tape0  : ( ! ! ) ( ( ( ( ( ) ) ) (  )  )  (  )  
Head0  :       ^                                
---------------------------------------------
Step   : 11
State  : 30
Index0 : 2 1 0 1 2 3 4 5 6 7 8 9 10 11 12 13 14 
Tape0  : ( ! ! ! ( ( ( ( ( ) ) ) (  )  )  (  )  
Head0  :     ^                                  
---------------------------------------------
Step   : 12
State  : 30
Index0 : 2 1 0 1 2 3 4 5 6 7 8 9 10 11 12 13 14 
Tape0  : ( ! ! ! ( ( ( ( ( ) ) ) (  )  )  (  )  
Head0  :   ^                                    
---------------------------------------------
Step   : 13
State  : 30
Index0 : 2 1 0 1 2 3 4 5 6 7 8 9 10 11 12 13 14 
Tape0  : ( ! ! ! ( ( ( ( ( ) ) ) (  )  )  (  )  
Head0  : ^                                      
---------------------------------------------
Step   : 14
State  : 31
Index0 : 2 1 0 1 2 3 4 5 6 7 8 9 10 11 12 13 14 
Tape0  : ( ! ! ! ( ( ( ( ( ) ) ) (  )  )  (  )  
Head0  : ^                                      
---------------------------------------------
Step   : 15
State  : 31
Index0 : 3 2 1 0 1 2 3 4 5 6 7 8 9 10 11 12 13 14 
Tape0  : _ ( ! ! ! ( ( ( ( ( ) ) ) (  )  )  (  )  
Head0  : ^                                        
---------------------------------------------
Step   : 16
State  : 32
Index0 : 2 1 0 1 2 3 4 5 6 7 8 9 10 11 12 13 14 
Tape0  : ( ! ! ! ( ( ( ( ( ) ) ) (  )  )  (  )  
Head0  : ^                                      
---------------------------------------------
Step   : 17
State  : 50
Index0 : 1 0 1 2 3 4 5 6 7 8 9 10 11 12 13 14 
Tape0  : ! ! ! ( ( ( ( ( ) ) ) (  )  )  (  )  
Head0  : ^                                    
---------------------------------------------
Step   : 18
State  : 51
Index0 : 1 0 1 2 3 4 5 6 7 8 9 10 11 12 13 14 
Tape0  : ! ! ! ( ( ( ( ( ) ) ) (  )  )  (  )  
Head0  :   ^                                  
---------------------------------------------
Step   : 19
State  : 51
Index0 : 1 0 1 2 3 4 5 6 7 8 9 10 11 12 13 14 
Tape0  : ! ! ! ( ( ( ( ( ) ) ) (  )  )  (  )  
Head0  :     ^                                
---------------------------------------------
Step   : 20
State  : 51
Index0 : 1 0 1 2 3 4 5 6 7 8 9 10 11 12 13 14 
Tape0  : ! ! ! ( ( ( ( ( ) ) ) (  )  )  (  )  
Head0  :       ^                              
---------------------------------------------
Step   : 21
State  : 10
Index0 : 1 0 1 2 3 4 5 6 7 8 9 10 11 12 13 14 
Tape0  : ! ! ! ( ( ( ( ( ) ) ) (  )  )  (  )  
Head0  :       ^                              
---------------------------------------------
Step   : 22
State  : 20
Index0 : 1 0 1 2 3 4 5 6 7 8 9 10 11 12 13 14 
Tape0  : ! ! ! ! ( ( ( ( ) ) ) (  )  )  (  )  
Head0  :     ^                                
---------------------------------------------
Step   : 23
State  : 20
Index0 : 1 0 1 2 3 4 5 6 7 8 9 10 11 12 13 14 
Tape0  : ! ! ! ! ( ( ( ( ) ) ) (  )  )  (  )  
Head0  :   ^                                  
---------------------------------------------
Step   : 24
State  : 20
Index0 : 1 0 1 2 3 4 5 6 7 8 9 10 11 12 13 14 
Tape0  : ! ! ! ! ( ( ( ( ) ) ) (  )  )  (  )  
Head0  : ^                                    
---------------------------------------------
Step   : 25
State  : 20
Index0 : 2 1 0 1 2 3 4 5 6 7 8 9 10 11 12 13 14 
Tape0  : _ ! ! ! ! ( ( ( ( ) ) ) (  )  )  (  )  
Head0  : ^                                      
---------------------------------------------
Step   : 26
State  : 21
Index0 : 2 1 0 1 2 3 4 5 6 7 8 9 10 11 12 13 14 
Tape0  : _ ! ! ! ! ( ( ( ( ) ) ) (  )  )  (  )  
Head0  : ^                                      
---------------------------------------------
Step   : 27
State  : 50
Index0 : 2 1 0 1 2 3 4 5 6 7 8 9 10 11 12 13 14 
Tape0  : ( ! ! ! ! ( ( ( ( ) ) ) (  )  )  (  )  
Head0  :   ^                                    
---------------------------------------------
Step   : 28
State  : 51
Index0 : 2 1 0 1 2 3 4 5 6 7 8 9 10 11 12 13 14 
Tape0  : ( ! ! ! ! ( ( ( ( ) ) ) (  )  )  (  )  
Head0  :     ^                                  
---------------------------------------------
Step   : 29
State  : 51
Index0 : 2 1 0 1 2 3 4 5 6 7 8 9 10 11 12 13 14 
Tape0  : ( ! ! ! ! ( ( ( ( ) ) ) (  )  )  (  )  
Head0  :       ^                                
---------------------------------------------
Step   : 30
State  : 51
Index0 : 2 1 0 1 2 3 4 5 6 7 8 9 10 11 12 13 14 
Tape0  : ( ! ! ! ! ( ( ( ( ) ) ) (  )  )  (  )  
Head0  :         ^                              
---------------------------------------------
Step   : 31
State  : 51
Index0 : 2 1 0 1 2 3 4 5 6 7 8 9 10 11 12 13 14 
Tape0  : ( ! ! ! ! ( ( ( ( ) ) ) (  )  )  (  )  
Head0  :           ^                            
---------------------------------------------
Step   : 32
State  : 10
Index0 : 2 1 0 1 2 3 4 5 6 7 8 9 10 11 12 13 14 
Tape0  : ( ! ! ! ! ( ( ( ( ) ) ) (  )  )  (  )  
Head0  :           ^                            
---------------------------------------------
Step   : 33
State  : 20
Index0 : 2 1 0 1 2 3 4 5 6 7 8 9 10 11 12 13 14 
Tape0  : ( ! ! ! ! ! ( ( ( ) ) ) (  )  )  (  )  
Head0  :         ^                              
---------------------------------------------
Step   : 34
State  : 20
Index0 : 2 1 0 1 2 3 4 5 6 7 8 9 10 11 12 13 14 
Tape0  : ( ! ! ! ! ! ( ( ( ) ) ) (  )  )  (  )  
Head0  :       ^                                
---------------------------------------------
Step   : 35
State  : 20
Index0 : 2 1 0 1 2 3 4 5 6 7 8 9 10 11 12 13 14 
Tape0  : ( ! ! ! ! ! ( ( ( ) ) ) (  )  )  (  )  
Head0  :     ^                                  
---------------------------------------------
Step   : 36
State  : 20
Index0 : 2 1 0 1 2 3 4 5 6 7 8 9 10 11 12 13 14 
Tape0  : ( ! ! ! ! ! ( ( ( ) ) ) (  )  )  (  )  
Head0  :   ^                                    
---------------------------------------------
Step   : 37
State  : 20
Index0 : 2 1 0 1 2 3 4 5 6 7 8 9 10 11 12 13 14 
Tape0  : ( ! ! ! ! ! ( ( ( ) ) ) (  )  )  (  )  
Head0  : ^                                      
---------------------------------------------
Step   : 38
State  : 21
Index0 : 2 1 0 1 2 3 4 5 6 7 8 9 10 11 12 13 14 
Tape0  : ( ! ! ! ! ! ( ( ( ) ) ) (  )  )  (  )  
Head0  : ^                                      
---------------------------------------------
Step   : 39
State  : 21
Index0 : 3 2 1 0 1 2 3 4 5 6 7 8 9 10 11 12 13 14 
Tape0  : _ ( ! ! ! ! ! ( ( ( ) ) ) (  )  )  (  )  
Head0  : ^                                        
---------------------------------------------
Step   : 40
State  : 50
Index0 : 3 2 1 0 1 2 3 4 5 6 7 8 9 10 11 12 13 14 
Tape0  : ( ( ! ! ! ! ! ( ( ( ) ) ) (  )  )  (  )  
Head0  :   ^                                      
---------------------------------------------
Step   : 41
State  : 50
Index0 : 3 2 1 0 1 2 3 4 5 6 7 8 9 10 11 12 13 14 
Tape0  : ( ( ! ! ! ! ! ( ( ( ) ) ) (  )  )  (  )  
Head0  :     ^                                    
---------------------------------------------
Step   : 42
State  : 51
Index0 : 3 2 1 0 1 2 3 4 5 6 7 8 9 10 11 12 13 14 
Tape0  : ( ( ! ! ! ! ! ( ( ( ) ) ) (  )  )  (  )  
Head0  :       ^                                  
---------------------------------------------
Step   : 43
State  : 51
Index0 : 3 2 1 0 1 2 3 4 5 6 7 8 9 10 11 12 13 14 
Tape0  : ( ( ! ! ! ! ! ( ( ( ) ) ) (  )  )  (  )  
Head0  :         ^                                
---------------------------------------------
Step   : 44
State  : 51
Index0 : 3 2 1 0 1 2 3 4 5 6 7 8 9 10 11 12 13 14 
Tape0  : ( ( ! ! ! ! ! ( ( ( ) ) ) (  )  )  (  )  
Head0  :           ^                              
---------------------------------------------
Step   : 45
State  : 51
Index0 : 3 2 1 0 1 2 3 4 5 6 7 8 9 10 11 12 13 14 
Tape0  : ( ( ! ! ! ! ! ( ( ( ) ) ) (  )  )  (  )  
Head0  :             ^                            
---------------------------------------------
Step   : 46
State  : 51
Index0 : 3 2 1 0 1 2 3 4 5 6 7 8 9 10 11 12 13 14 
Tape0  : ( ( ! ! ! ! ! ( ( ( ) ) ) (  )  )  (  )  
Head0  :               ^                          
---------------------------------------------
Step   : 47
State  : 10
Index0 : 3 2 1 0 1 2 3 4 5 6 7 8 9 10 11 12 13 14 
Tape0  : ( ( ! ! ! ! ! ( ( ( ) ) ) (  )  )  (  )  
Head0  :               ^                          
---------------------------------------------
Step   : 48
State  : 20
Index0 : 3 2 1 0 1 2 3 4 5 6 7 8 9 10 11 12 13 14 
Tape0  : ( ( ! ! ! ! ! ! ( ( ) ) ) (  )  )  (  )  
Head0  :             ^                            
---------------------------------------------
Step   : 49
State  : 20
Index0 : 3 2 1 0 1 2 3 4 5 6 7 8 9 10 11 12 13 14 
Tape0  : ( ( ! ! ! ! ! ! ( ( ) ) ) (  )  )  (  )  
Head0  :           ^                              
---------------------------------------------
Step   : 50
State  : 20
Index0 : 3 2 1 0 1 2 3 4 5 6 7 8 9 10 11 12 13 14 
Tape0  : ( ( ! ! ! ! ! ! ( ( ) ) ) (  )  )  (  )  
Head0  :         ^                                
---------------------------------------------
Step   : 51
State  : 20
Index0 : 3 2 1 0 1 2 3 4 5 6 7 8 9 10 11 12 13 14 
Tape0  : ( ( ! ! ! ! ! ! ( ( ) ) ) (  )  )  (  )  
Head0  :       ^                                  
---------------------------------------------
Step   : 52
State  : 20
Index0 : 3 2 1 0 1 2 3 4 5 6 7 8 9 10 11 12 13 14 
Tape0  : ( ( ! ! ! ! ! ! ( ( ) ) ) (  )  )  (  )  
Head0  :     ^                                    
---------------------------------------------
Step   : 53
State  : 20
Index0 : 3 2 1 0 1 2 3 4 5 6 7 8 9 10 11 12 13 14 
Tape0  : ( ( ! ! ! ! ! ! ( ( ) ) ) (  )  )  (  )  
Head0  :   ^                                      
---------------------------------------------
Step   : 54
State  : 21
Index0 : 3 2 1 0 1 2 3 4 5 6 7 8 9 10 11 12 13 14 
Tape0  : ( ( ! ! ! ! ! ! ( ( ) ) ) (  )  )  (  )  
Head0  :   ^                                      
---------------------------------------------
Step   : 55
State  : 21
Index0 : 3 2 1 0 1 2 3 4 5 6 7 8 9 10 11 12 13 14 
Tape0  : ( ( ! ! ! ! ! ! ( ( ) ) ) (  )  )  (  )  
Head0  : ^                                        
---------------------------------------------
Step   : 56
State  : 21
Index0 : 4 3 2 1 0 1 2 3 4 5 6 7 8 9 10 11 12 13 14 
Tape0  : _ ( ( ! ! ! ! ! ! ( ( ) ) ) (  )  )  (  )  
Head0  : ^                                          
---------------------------------------------
Step   : 57
State  : 50
Index0 : 4 3 2 1 0 1 2 3 4 5 6 7 8 9 10 11 12 13 14 
Tape0  : ( ( ( ! ! ! ! ! ! ( ( ) ) ) (  )  )  (  )  
Head0  :   ^                                        
---------------------------------------------
Step   : 58
State  : 50
Index0 : 4 3 2 1 0 1 2 3 4 5 6 7 8 9 10 11 12 13 14 
Tape0  : ( ( ( ! ! ! ! ! ! ( ( ) ) ) (  )  )  (  )  
Head0  :     ^                                      
---------------------------------------------
Step   : 59
State  : 50
Index0 : 4 3 2 1 0 1 2 3 4 5 6 7 8 9 10 11 12 13 14 
Tape0  : ( ( ( ! ! ! ! ! ! ( ( ) ) ) (  )  )  (  )  
Head0  :       ^                                    
---------------------------------------------
Step   : 60
State  : 51
Index0 : 4 3 2 1 0 1 2 3 4 5 6 7 8 9 10 11 12 13 14 
Tape0  : ( ( ( ! ! ! ! ! ! ( ( ) ) ) (  )  )  (  )  
Head0  :         ^                                  
---------------------------------------------
Step   : 61
State  : 51
Index0 : 4 3 2 1 0 1 2 3 4 5 6 7 8 9 10 11 12 13 14 
Tape0  : ( ( ( ! ! ! ! ! ! ( ( ) ) ) (  )  )  (  )  
Head0  :           ^                                
---------------------------------------------
Step   : 62
State  : 51
Index0 : 4 3 2 1 0 1 2 3 4 5 6 7 8 9 10 11 12 13 14 
Tape0  : ( ( ( ! ! ! ! ! ! ( ( ) ) ) (  )  )  (  )  
Head0  :             ^                              
---------------------------------------------
Step   : 63
State  : 51
Index0 : 4 3 2 1 0 1 2 3 4 5 6 7 8 9 10 11 12 13 14 
Tape0  : ( ( ( ! ! ! ! ! ! ( ( ) ) ) (  )  )  (  )  
Head0  :               ^                            
---------------------------------------------
Step   : 64
State  : 51
Index0 : 4 3 2 1 0 1 2 3 4 5 6 7 8 9 10 11 12 13 14 
Tape0  : ( ( ( ! ! ! ! ! ! ( ( ) ) ) (  )  )  (  )  
Head0  :                 ^                          
---------------------------------------------
Step   : 65
State  : 51
Index0 : 4 3 2 1 0 1 2 3 4 5 6 7 8 9 10 11 12 13 14 
Tape0  : ( ( ( ! ! ! ! ! ! ( ( ) ) ) (  )  )  (  )  
Head0  :                   ^                        
---------------------------------------------
Step   : 66
State  : 10
Index0 : 4 3 2 1 0 1 2 3 4 5 6 7 8 9 10 11 12 13 14 
Tape0  : ( ( ( ! ! ! ! ! ! ( ( ) ) ) (  )  )  (  )  
Head0  :                   ^                        
---------------------------------------------
Step   : 67
State  : 20
Index0 : 4 3 2 1 0 1 2 3 4 5 6 7 8 9 10 11 12 13 14 
Tape0  : ( ( ( ! ! ! ! ! ! ! ( ) ) ) (  )  )  (  )  
Head0  :                 ^                          
---------------------------------------------
Step   : 68
State  : 20
Index0 : 4 3 2 1 0 1 2 3 4 5 6 7 8 9 10 11 12 13 14 
Tape0  : ( ( ( ! ! ! ! ! ! ! ( ) ) ) (  )  )  (  )  
Head0  :               ^                            
---------------------------------------------
Step   : 69
State  : 20
Index0 : 4 3 2 1 0 1 2 3 4 5 6 7 8 9 10 11 12 13 14 
Tape0  : ( ( ( ! ! ! ! ! ! ! ( ) ) ) (  )  )  (  )  
Head0  :             ^                              
---------------------------------------------
Step   : 70
State  : 20
Index0 : 4 3 2 1 0 1 2 3 4 5 6 7 8 9 10 11 12 13 14 
Tape0  : ( ( ( ! ! ! ! ! ! ! ( ) ) ) (  )  )  (  )  
Head0  :           ^                                
---------------------------------------------
Step   : 71
State  : 20
Index0 : 4 3 2 1 0 1 2 3 4 5 6 7 8 9 10 11 12 13 14 
Tape0  : ( ( ( ! ! ! ! ! ! ! ( ) ) ) (  )  )  (  )  
Head0  :         ^                                  
---------------------------------------------
Step   : 72
State  : 20
Index0 : 4 3 2 1 0 1 2 3 4 5 6 7 8 9 10 11 12 13 14 
Tape0  : ( ( ( ! ! ! ! ! ! ! ( ) ) ) (  )  )  (  )  
Head0  :       ^                                    
---------------------------------------------
Step   : 73
State  : 20
Index0 : 4 3 2 1 0 1 2 3 4 5 6 7 8 9 10 11 12 13 14 
Tape0  : ( ( ( ! ! ! ! ! ! ! ( ) ) ) (  )  )  (  )  
Head0  :     ^                                      
---------------------------------------------
Step   : 74
State  : 21
Index0 : 4 3 2 1 0 1 2 3 4 5 6 7 8 9 10 11 12 13 14 
Tape0  : ( ( ( ! ! ! ! ! ! ! ( ) ) ) (  )  )  (  )  
Head0  :     ^                                      
---------------------------------------------
Step   : 75
State  : 21
Index0 : 4 3 2 1 0 1 2 3 4 5 6 7 8 9 10 11 12 13 14 
Tape0  : ( ( ( ! ! ! ! ! ! ! ( ) ) ) (  )  )  (  )  
Head0  :   ^                                        
---------------------------------------------
Step   : 76
State  : 21
Index0 : 4 3 2 1 0 1 2 3 4 5 6 7 8 9 10 11 12 13 14 
Tape0  : ( ( ( ! ! ! ! ! ! ! ( ) ) ) (  )  )  (  )  
Head0  : ^                                          
---------------------------------------------
Step   : 77
State  : 21
Index0 : 5 4 3 2 1 0 1 2 3 4 5 6 7 8 9 10 11 12 13 14 
Tape0  : _ ( ( ( ! ! ! ! ! ! ! ( ) ) ) (  )  )  (  )  
Head0  : ^                                            
---------------------------------------------
Step   : 78
State  : 50
Index0 : 5 4 3 2 1 0 1 2 3 4 5 6 7 8 9 10 11 12 13 14 
Tape0  : ( ( ( ( ! ! ! ! ! ! ! ( ) ) ) (  )  )  (  )  
Head0  :   ^                                          
---------------------------------------------
Step   : 79
State  : 50
Index0 : 5 4 3 2 1 0 1 2 3 4 5 6 7 8 9 10 11 12 13 14 
Tape0  : ( ( ( ( ! ! ! ! ! ! ! ( ) ) ) (  )  )  (  )  
Head0  :     ^                                        
---------------------------------------------
Step   : 80
State  : 50
Index0 : 5 4 3 2 1 0 1 2 3 4 5 6 7 8 9 10 11 12 13 14 
Tape0  : ( ( ( ( ! ! ! ! ! ! ! ( ) ) ) (  )  )  (  )  
Head0  :       ^                                      
---------------------------------------------
Step   : 81
State  : 50
Index0 : 5 4 3 2 1 0 1 2 3 4 5 6 7 8 9 10 11 12 13 14 
Tape0  : ( ( ( ( ! ! ! ! ! ! ! ( ) ) ) (  )  )  (  )  
Head0  :         ^                                    
---------------------------------------------
Step   : 82
State  : 51
Index0 : 5 4 3 2 1 0 1 2 3 4 5 6 7 8 9 10 11 12 13 14 
Tape0  : ( ( ( ( ! ! ! ! ! ! ! ( ) ) ) (  )  )  (  )  
Head0  :           ^                                  
---------------------------------------------
Step   : 83
State  : 51
Index0 : 5 4 3 2 1 0 1 2 3 4 5 6 7 8 9 10 11 12 13 14 
Tape0  : ( ( ( ( ! ! ! ! ! ! ! ( ) ) ) (  )  )  (  )  
Head0  :             ^                                
---------------------------------------------
Step   : 84
State  : 51
Index0 : 5 4 3 2 1 0 1 2 3 4 5 6 7 8 9 10 11 12 13 14 
Tape0  : ( ( ( ( ! ! ! ! ! ! ! ( ) ) ) (  )  )  (  )  
Head0  :               ^                              
---------------------------------------------
Step   : 85
State  : 51
Index0 : 5 4 3 2 1 0 1 2 3 4 5 6 7 8 9 10 11 12 13 14 
Tape0  : ( ( ( ( ! ! ! ! ! ! ! ( ) ) ) (  )  )  (  )  
Head0  :                 ^                            
---------------------------------------------
Step   : 86
State  : 51
Index0 : 5 4 3 2 1 0 1 2 3 4 5 6 7 8 9 10 11 12 13 14 
Tape0  : ( ( ( ( ! ! ! ! ! ! ! ( ) ) ) (  )  )  (  )  
Head0  :                   ^                          
---------------------------------------------
Step   : 87
State  : 51
Index0 : 5 4 3 2 1 0 1 2 3 4 5 6 7 8 9 10 11 12 13 14 
Tape0  : ( ( ( ( ! ! ! ! ! ! ! ( ) ) ) (  )  )  (  )  
Head0  :                     ^                        
---------------------------------------------
Step   : 88
State  : 51
Index0 : 5 4 3 2 1 0 1 2 3 4 5 6 7 8 9 10 11 12 13 14 
Tape0  : ( ( ( ( ! ! ! ! ! ! ! ( ) ) ) (  )  )  (  )  
Head0  :                       ^                      
---------------------------------------------
Step   : 89
State  : 10
Index0 : 5 4 3 2 1 0 1 2 3 4 5 6 7 8 9 10 11 12 13 14 
Tape0  : ( ( ( ( ! ! ! ! ! ! ! ( ) ) ) (  )  )  (  )  
Head0  :                       ^                      
---------------------------------------------
Step   : 90
State  : 20
Index0 : 5 4 3 2 1 0 1 2 3 4 5 6 7 8 9 10 11 12 13 14 
Tape0  : ( ( ( ( ! ! ! ! ! ! ! ! ) ) ) (  )  )  (  )  
Head0  :                     ^                        
---------------------------------------------
Step   : 91
State  : 20
Index0 : 5 4 3 2 1 0 1 2 3 4 5 6 7 8 9 10 11 12 13 14 
Tape0  : ( ( ( ( ! ! ! ! ! ! ! ! ) ) ) (  )  )  (  )  
Head0  :                   ^                          
---------------------------------------------
Step   : 92
State  : 20
Index0 : 5 4 3 2 1 0 1 2 3 4 5 6 7 8 9 10 11 12 13 14 
Tape0  : ( ( ( ( ! ! ! ! ! ! ! ! ) ) ) (  )  )  (  )  
Head0  :                 ^                            
---------------------------------------------
Step   : 93
State  : 20
Index0 : 5 4 3 2 1 0 1 2 3 4 5 6 7 8 9 10 11 12 13 14 
Tape0  : ( ( ( ( ! ! ! ! ! ! ! ! ) ) ) (  )  )  (  )  
Head0  :               ^                              
---------------------------------------------
Step   : 94
State  : 20
Index0 : 5 4 3 2 1 0 1 2 3 4 5 6 7 8 9 10 11 12 13 14 
Tape0  : ( ( ( ( ! ! ! ! ! ! ! ! ) ) ) (  )  )  (  )  
Head0  :             ^                                
---------------------------------------------
Step   : 95
State  : 20
Index0 : 5 4 3 2 1 0 1 2 3 4 5 6 7 8 9 10 11 12 13 14 
Tape0  : ( ( ( ( ! ! ! ! ! ! ! ! ) ) ) (  )  )  (  )  
Head0  :           ^                                  
---------------------------------------------
Step   : 96
State  : 20
Index0 : 5 4 3 2 1 0 1 2 3 4 5 6 7 8 9 10 11 12 13 14 
Tape0  : ( ( ( ( ! ! ! ! ! ! ! ! ) ) ) (  )  )  (  )  
Head0  :         ^                                    
---------------------------------------------
Step   : 97
State  : 20
Index0 : 5 4 3 2 1 0 1 2 3 4 5 6 7 8 9 10 11 12 13 14 
Tape0  : ( ( ( ( ! ! ! ! ! ! ! ! ) ) ) (  )  )  (  )  
Head0  :       ^                                      
---------------------------------------------
Step   : 98
State  : 21
Index0 : 5 4 3 2 1 0 1 2 3 4 5 6 7 8 9 10 11 12 13 14 
Tape0  : ( ( ( ( ! ! ! ! ! ! ! ! ) ) ) (  )  )  (  )  
Head0  :       ^                                      
---------------------------------------------
Step   : 99
State  : 21
Index0 : 5 4 3 2 1 0 1 2 3 4 5 6 7 8 9 10 11 12 13 14 
Tape0  : ( ( ( ( ! ! ! ! ! ! ! ! ) ) ) (  )  )  (  )  
Head0  :     ^                                        
---------------------------------------------
Step   : 100
State  : 21
Index0 : 5 4 3 2 1 0 1 2 3 4 5 6 7 8 9 10 11 12 13 14 
Tape0  : ( ( ( ( ! ! ! ! ! ! ! ! ) ) ) (  )  )  (  )  
Head0  :   ^                                          
---------------------------------------------
Step   : 101
State  : 21
Index0 : 5 4 3 2 1 0 1 2 3 4 5 6 7 8 9 10 11 12 13 14 
Tape0  : ( ( ( ( ! ! ! ! ! ! ! ! ) ) ) (  )  )  (  )  
Head0  : ^                                            
---------------------------------------------
Step   : 102
State  : 21
Index0 : 6 5 4 3 2 1 0 1 2 3 4 5 6 7 8 9 10 11 12 13 14 
Tape0  : _ ( ( ( ( ! ! ! ! ! ! ! ! ) ) ) (  )  )  (  )  
Head0  : ^                                              
---------------------------------------------
Step   : 103
State  : 50
Index0 : 6 5 4 3 2 1 0 1 2 3 4 5 6 7 8 9 10 11 12 13 14 
Tape0  : ( ( ( ( ( ! ! ! ! ! ! ! ! ) ) ) (  )  )  (  )  
Head0  :   ^                                            
---------------------------------------------
Step   : 104
State  : 50
Index0 : 6 5 4 3 2 1 0 1 2 3 4 5 6 7 8 9 10 11 12 13 14 
Tape0  : ( ( ( ( ( ! ! ! ! ! ! ! ! ) ) ) (  )  )  (  )  
Head0  :     ^                                          
---------------------------------------------
Step   : 105
State  : 50
Index0 : 6 5 4 3 2 1 0 1 2 3 4 5 6 7 8 9 10 11 12 13 14 
Tape0  : ( ( ( ( ( ! ! ! ! ! ! ! ! ) ) ) (  )  )  (  )  
Head0  :       ^                                        
---------------------------------------------
Step   : 106
State  : 50
Index0 : 6 5 4 3 2 1 0 1 2 3 4 5 6 7 8 9 10 11 12 13 14 
Tape0  : ( ( ( ( ( ! ! ! ! ! ! ! ! ) ) ) (  )  )  (  )  
Head0  :         ^                                      
---------------------------------------------
Step   : 107
State  : 50
Index0 : 6 5 4 3 2 1 0 1 2 3 4 5 6 7 8 9 10 11 12 13 14 
Tape0  : ( ( ( ( ( ! ! ! ! ! ! ! ! ) ) ) (  )  )  (  )  
Head0  :           ^                                    
---------------------------------------------
Step   : 108
State  : 51
Index0 : 6 5 4 3 2 1 0 1 2 3 4 5 6 7 8 9 10 11 12 13 14 
Tape0  : ( ( ( ( ( ! ! ! ! ! ! ! ! ) ) ) (  )  )  (  )  
Head0  :             ^                                  
---------------------------------------------
Step   : 109
State  : 51
Index0 : 6 5 4 3 2 1 0 1 2 3 4 5 6 7 8 9 10 11 12 13 14 
Tape0  : ( ( ( ( ( ! ! ! ! ! ! ! ! ) ) ) (  )  )  (  )  
Head0  :               ^                                
---------------------------------------------
Step   : 110
State  : 51
Index0 : 6 5 4 3 2 1 0 1 2 3 4 5 6 7 8 9 10 11 12 13 14 
Tape0  : ( ( ( ( ( ! ! ! ! ! ! ! ! ) ) ) (  )  )  (  )  
Head0  :                 ^                              
---------------------------------------------
Step   : 111
State  : 51
Index0 : 6 5 4 3 2 1 0 1 2 3 4 5 6 7 8 9 10 11 12 13 14 
Tape0  : ( ( ( ( ( ! ! ! ! ! ! ! ! ) ) ) (  )  )  (  )  
Head0  :                   ^                            
---------------------------------------------
Step   : 112
State  : 51
Index0 : 6 5 4 3 2 1 0 1 2 3 4 5 6 7 8 9 10 11 12 13 14 
Tape0  : ( ( ( ( ( ! ! ! ! ! ! ! ! ) ) ) (  )  )  (  )  
Head0  :                     ^                          
---------------------------------------------
Step   : 113
State  : 51
Index0 : 6 5 4 3 2 1 0 1 2 3 4 5 6 7 8 9 10 11 12 13 14 
Tape0  : ( ( ( ( ( ! ! ! ! ! ! ! ! ) ) ) (  )  )  (  )  
Head0  :                       ^                        
---------------------------------------------
Step   : 114
State  : 51
Index0 : 6 5 4 3 2 1 0 1 2 3 4 5 6 7 8 9 10 11 12 13 14 
Tape0  : ( ( ( ( ( ! ! ! ! ! ! ! ! ) ) ) (  )  )  (  )  
Head0  :                         ^                      
---------------------------------------------
Step   : 115
State  : 51
Index0 : 6 5 4 3 2 1 0 1 2 3 4 5 6 7 8 9 10 11 12 13 14 
Tape0  : ( ( ( ( ( ! ! ! ! ! ! ! ! ) ) ) (  )  )  (  )  
Head0  :                           ^                    
---------------------------------------------
Step   : 116
State  : 10
Index0 : 6 5 4 3 2 1 0 1 2 3 4 5 6 7 8 9 10 11 12 13 14 
Tape0  : ( ( ( ( ( ! ! ! ! ! ! ! ! ) ) ) (  )  )  (  )  
Head0  :                           ^                    
---------------------------------------------
Step   : 117
State  : 30
Index0 : 6 5 4 3 2 1 0 1 2 3 4 5 6 7 8 9 10 11 12 13 14 
Tape0  : ( ( ( ( ( ! ! ! ! ! ! ! ! ! ) ) (  )  )  (  )  
Head0  :                         ^                      
---------------------------------------------
Step   : 118
State  : 30
Index0 : 6 5 4 3 2 1 0 1 2 3 4 5 6 7 8 9 10 11 12 13 14 
Tape0  : ( ( ( ( ( ! ! ! ! ! ! ! ! ! ) ) (  )  )  (  )  
Head0  :                       ^                        
---------------------------------------------
Step   : 119
State  : 30
Index0 : 6 5 4 3 2 1 0 1 2 3 4 5 6 7 8 9 10 11 12 13 14 
Tape0  : ( ( ( ( ( ! ! ! ! ! ! ! ! ! ) ) (  )  )  (  )  
Head0  :                     ^                          
---------------------------------------------
Step   : 120
State  : 30
Index0 : 6 5 4 3 2 1 0 1 2 3 4 5 6 7 8 9 10 11 12 13 14 
Tape0  : ( ( ( ( ( ! ! ! ! ! ! ! ! ! ) ) (  )  )  (  )  
Head0  :                   ^                            
---------------------------------------------
Step   : 121
State  : 30
Index0 : 6 5 4 3 2 1 0 1 2 3 4 5 6 7 8 9 10 11 12 13 14 
Tape0  : ( ( ( ( ( ! ! ! ! ! ! ! ! ! ) ) (  )  )  (  )  
Head0  :                 ^                              
---------------------------------------------
Step   : 122
State  : 30
Index0 : 6 5 4 3 2 1 0 1 2 3 4 5 6 7 8 9 10 11 12 13 14 
Tape0  : ( ( ( ( ( ! ! ! ! ! ! ! ! ! ) ) (  )  )  (  )  
Head0  :               ^                                
---------------------------------------------
Step   : 123
State  : 30
Index0 : 6 5 4 3 2 1 0 1 2 3 4 5 6 7 8 9 10 11 12 13 14 
Tape0  : ( ( ( ( ( ! ! ! ! ! ! ! ! ! ) ) (  )  )  (  )  
Head0  :             ^                                  
---------------------------------------------
Step   : 124
State  : 30
Index0 : 6 5 4 3 2 1 0 1 2 3 4 5 6 7 8 9 10 11 12 13 14 
Tape0  : ( ( ( ( ( ! ! ! ! ! ! ! ! ! ) ) (  )  )  (  )  
Head0  :           ^                                    
---------------------------------------------
Step   : 125
State  : 30
Index0 : 6 5 4 3 2 1 0 1 2 3 4 5 6 7 8 9 10 11 12 13 14 
Tape0  : ( ( ( ( ( ! ! ! ! ! ! ! ! ! ) ) (  )  )  (  )  
Head0  :         ^                                      
---------------------------------------------
Step   : 126
State  : 31
Index0 : 6 5 4 3 2 1 0 1 2 3 4 5 6 7 8 9 10 11 12 13 14 
Tape0  : ( ( ( ( ( ! ! ! ! ! ! ! ! ! ) ) (  )  )  (  )  
Head0  :         ^                                      
---------------------------------------------
Step   : 127
State  : 31
Index0 : 6 5 4 3 2 1 0 1 2 3 4 5 6 7 8 9 10 11 12 13 14 
Tape0  : ( ( ( ( ( ! ! ! ! ! ! ! ! ! ) ) (  )  )  (  )  
Head0  :       ^                                        
---------------------------------------------
Step   : 128
State  : 31
Index0 : 6 5 4 3 2 1 0 1 2 3 4 5 6 7 8 9 10 11 12 13 14 
Tape0  : ( ( ( ( ( ! ! ! ! ! ! ! ! ! ) ) (  )  )  (  )  
Head0  :     ^                                          
---------------------------------------------
Step   : 129
State  : 31
Index0 : 6 5 4 3 2 1 0 1 2 3 4 5 6 7 8 9 10 11 12 13 14 
Tape0  : ( ( ( ( ( ! ! ! ! ! ! ! ! ! ) ) (  )  )  (  )  
Head0  :   ^                                            
---------------------------------------------
Step   : 130
State  : 31
Index0 : 6 5 4 3 2 1 0 1 2 3 4 5 6 7 8 9 10 11 12 13 14 
Tape0  : ( ( ( ( ( ! ! ! ! ! ! ! ! ! ) ) (  )  )  (  )  
Head0  : ^                                              
---------------------------------------------
Step   : 131
State  : 31
Index0 : 7 6 5 4 3 2 1 0 1 2 3 4 5 6 7 8 9 10 11 12 13 14 
Tape0  : _ ( ( ( ( ( ! ! ! ! ! ! ! ! ! ) ) (  )  )  (  )  
Head0  : ^                                                
---------------------------------------------
Step   : 132
State  : 32
Index0 : 6 5 4 3 2 1 0 1 2 3 4 5 6 7 8 9 10 11 12 13 14 
Tape0  : ( ( ( ( ( ! ! ! ! ! ! ! ! ! ) ) (  )  )  (  )  
Head0  : ^                                              
---------------------------------------------
Step   : 133
State  : 50
Index0 : 5 4 3 2 1 0 1 2 3 4 5 6 7 8 9 10 11 12 13 14 
Tape0  : ( ( ( ( ! ! ! ! ! ! ! ! ! ) ) (  )  )  (  )  
Head0  : ^                                            
---------------------------------------------
Step   : 134
State  : 50
Index0 : 5 4 3 2 1 0 1 2 3 4 5 6 7 8 9 10 11 12 13 14 
Tape0  : ( ( ( ( ! ! ! ! ! ! ! ! ! ) ) (  )  )  (  )  
Head0  :   ^                                          
---------------------------------------------
Step   : 135
State  : 50
Index0 : 5 4 3 2 1 0 1 2 3 4 5 6 7 8 9 10 11 12 13 14 
Tape0  : ( ( ( ( ! ! ! ! ! ! ! ! ! ) ) (  )  )  (  )  
Head0  :     ^                                        
---------------------------------------------
Step   : 136
State  : 50
Index0 : 5 4 3 2 1 0 1 2 3 4 5 6 7 8 9 10 11 12 13 14 
Tape0  : ( ( ( ( ! ! ! ! ! ! ! ! ! ) ) (  )  )  (  )  
Head0  :       ^                                      
---------------------------------------------
Step   : 137
State  : 50
Index0 : 5 4 3 2 1 0 1 2 3 4 5 6 7 8 9 10 11 12 13 14 
Tape0  : ( ( ( ( ! ! ! ! ! ! ! ! ! ) ) (  )  )  (  )  
Head0  :         ^                                    
---------------------------------------------
Step   : 138
State  : 51
Index0 : 5 4 3 2 1 0 1 2 3 4 5 6 7 8 9 10 11 12 13 14 
Tape0  : ( ( ( ( ! ! ! ! ! ! ! ! ! ) ) (  )  )  (  )  
Head0  :           ^                                  
---------------------------------------------
Step   : 139
State  : 51
Index0 : 5 4 3 2 1 0 1 2 3 4 5 6 7 8 9 10 11 12 13 14 
Tape0  : ( ( ( ( ! ! ! ! ! ! ! ! ! ) ) (  )  )  (  )  
Head0  :             ^                                
---------------------------------------------
Step   : 140
State  : 51
Index0 : 5 4 3 2 1 0 1 2 3 4 5 6 7 8 9 10 11 12 13 14 
Tape0  : ( ( ( ( ! ! ! ! ! ! ! ! ! ) ) (  )  )  (  )  
Head0  :               ^                              
---------------------------------------------
Step   : 141
State  : 51
Index0 : 5 4 3 2 1 0 1 2 3 4 5 6 7 8 9 10 11 12 13 14 
Tape0  : ( ( ( ( ! ! ! ! ! ! ! ! ! ) ) (  )  )  (  )  
Head0  :                 ^                            
---------------------------------------------
Step   : 142
State  : 51
Index0 : 5 4 3 2 1 0 1 2 3 4 5 6 7 8 9 10 11 12 13 14 
Tape0  : ( ( ( ( ! ! ! ! ! ! ! ! ! ) ) (  )  )  (  )  
Head0  :                   ^                          
---------------------------------------------
Step   : 143
State  : 51
Index0 : 5 4 3 2 1 0 1 2 3 4 5 6 7 8 9 10 11 12 13 14 
Tape0  : ( ( ( ( ! ! ! ! ! ! ! ! ! ) ) (  )  )  (  )  
Head0  :                     ^                        
---------------------------------------------
Step   : 144
State  : 51
Index0 : 5 4 3 2 1 0 1 2 3 4 5 6 7 8 9 10 11 12 13 14 
Tape0  : ( ( ( ( ! ! ! ! ! ! ! ! ! ) ) (  )  )  (  )  
Head0  :                       ^                      
---------------------------------------------
Step   : 145
State  : 51
Index0 : 5 4 3 2 1 0 1 2 3 4 5 6 7 8 9 10 11 12 13 14 
Tape0  : ( ( ( ( ! ! ! ! ! ! ! ! ! ) ) (  )  )  (  )  
Head0  :                         ^                    
---------------------------------------------
Step   : 146
State  : 51
Index0 : 5 4 3 2 1 0 1 2 3 4 5 6 7 8 9 10 11 12 13 14 
Tape0  : ( ( ( ( ! ! ! ! ! ! ! ! ! ) ) (  )  )  (  )  
Head0  :                           ^                  
---------------------------------------------
Step   : 147
State  : 10
Index0 : 5 4 3 2 1 0 1 2 3 4 5 6 7 8 9 10 11 12 13 14 
Tape0  : ( ( ( ( ! ! ! ! ! ! ! ! ! ) ) (  )  )  (  )  
Head0  :                           ^                  
---------------------------------------------
Step   : 148
State  : 30
Index0 : 5 4 3 2 1 0 1 2 3 4 5 6 7 8 9 10 11 12 13 14 
Tape0  : ( ( ( ( ! ! ! ! ! ! ! ! ! ! ) (  )  )  (  )  
Head0  :                         ^                    
---------------------------------------------
Step   : 149
State  : 30
Index0 : 5 4 3 2 1 0 1 2 3 4 5 6 7 8 9 10 11 12 13 14 
Tape0  : ( ( ( ( ! ! ! ! ! ! ! ! ! ! ) (  )  )  (  )  
Head0  :                       ^                      
---------------------------------------------
Step   : 150
State  : 30
Index0 : 5 4 3 2 1 0 1 2 3 4 5 6 7 8 9 10 11 12 13 14 
Tape0  : ( ( ( ( ! ! ! ! ! ! ! ! ! ! ) (  )  )  (  )  
Head0  :                     ^                        
---------------------------------------------
Step   : 151
State  : 30
Index0 : 5 4 3 2 1 0 1 2 3 4 5 6 7 8 9 10 11 12 13 14 
Tape0  : ( ( ( ( ! ! ! ! ! ! ! ! ! ! ) (  )  )  (  )  
Head0  :                   ^                          
---------------------------------------------
Step   : 152
State  : 30
Index0 : 5 4 3 2 1 0 1 2 3 4 5 6 7 8 9 10 11 12 13 14 
Tape0  : ( ( ( ( ! ! ! ! ! ! ! ! ! ! ) (  )  )  (  )  
Head0  :                 ^                            
---------------------------------------------
Step   : 153
State  : 30
Index0 : 5 4 3 2 1 0 1 2 3 4 5 6 7 8 9 10 11 12 13 14 
Tape0  : ( ( ( ( ! ! ! ! ! ! ! ! ! ! ) (  )  )  (  )  
Head0  :               ^                              
---------------------------------------------
Step   : 154
State  : 30
Index0 : 5 4 3 2 1 0 1 2 3 4 5 6 7 8 9 10 11 12 13 14 
Tape0  : ( ( ( ( ! ! ! ! ! ! ! ! ! ! ) (  )  )  (  )  
Head0  :             ^                                
---------------------------------------------
Step   : 155
State  : 30
Index0 : 5 4 3 2 1 0 1 2 3 4 5 6 7 8 9 10 11 12 13 14 
Tape0  : ( ( ( ( ! ! ! ! ! ! ! ! ! ! ) (  )  )  (  )  
Head0  :           ^                                  
---------------------------------------------
Step   : 156
State  : 30
Index0 : 5 4 3 2 1 0 1 2 3 4 5 6 7 8 9 10 11 12 13 14 
Tape0  : ( ( ( ( ! ! ! ! ! ! ! ! ! ! ) (  )  )  (  )  
Head0  :         ^                                    
---------------------------------------------
Step   : 157
State  : 30
Index0 : 5 4 3 2 1 0 1 2 3 4 5 6 7 8 9 10 11 12 13 14 
Tape0  : ( ( ( ( ! ! ! ! ! ! ! ! ! ! ) (  )  )  (  )  
Head0  :       ^                                      
---------------------------------------------
Step   : 158
State  : 31
Index0 : 5 4 3 2 1 0 1 2 3 4 5 6 7 8 9 10 11 12 13 14 
Tape0  : ( ( ( ( ! ! ! ! ! ! ! ! ! ! ) (  )  )  (  )  
Head0  :       ^                                      
---------------------------------------------
Step   : 159
State  : 31
Index0 : 5 4 3 2 1 0 1 2 3 4 5 6 7 8 9 10 11 12 13 14 
Tape0  : ( ( ( ( ! ! ! ! ! ! ! ! ! ! ) (  )  )  (  )  
Head0  :     ^                                        
---------------------------------------------
Step   : 160
State  : 31
Index0 : 5 4 3 2 1 0 1 2 3 4 5 6 7 8 9 10 11 12 13 14 
Tape0  : ( ( ( ( ! ! ! ! ! ! ! ! ! ! ) (  )  )  (  )  
Head0  :   ^                                          
---------------------------------------------
Step   : 161
State  : 31
Index0 : 5 4 3 2 1 0 1 2 3 4 5 6 7 8 9 10 11 12 13 14 
Tape0  : ( ( ( ( ! ! ! ! ! ! ! ! ! ! ) (  )  )  (  )  
Head0  : ^                                            
---------------------------------------------
Step   : 162
State  : 31
Index0 : 6 5 4 3 2 1 0 1 2 3 4 5 6 7 8 9 10 11 12 13 14 
Tape0  : _ ( ( ( ( ! ! ! ! ! ! ! ! ! ! ) (  )  )  (  )  
Head0  : ^                                              
---------------------------------------------
Step   : 163
State  : 32
Index0 : 5 4 3 2 1 0 1 2 3 4 5 6 7 8 9 10 11 12 13 14 
Tape0  : ( ( ( ( ! ! ! ! ! ! ! ! ! ! ) (  )  )  (  )  
Head0  : ^                                            
---------------------------------------------
Step   : 164
State  : 50
Index0 : 4 3 2 1 0 1 2 3 4 5 6 7 8 9 10 11 12 13 14 
Tape0  : ( ( ( ! ! ! ! ! ! ! ! ! ! ) (  )  )  (  )  
Head0  : ^                                          
---------------------------------------------
Step   : 165
State  : 50
Index0 : 4 3 2 1 0 1 2 3 4 5 6 7 8 9 10 11 12 13 14 
Tape0  : ( ( ( ! ! ! ! ! ! ! ! ! ! ) (  )  )  (  )  
Head0  :   ^                                        
---------------------------------------------
Step   : 166
State  : 50
Index0 : 4 3 2 1 0 1 2 3 4 5 6 7 8 9 10 11 12 13 14 
Tape0  : ( ( ( ! ! ! ! ! ! ! ! ! ! ) (  )  )  (  )  
Head0  :     ^                                      
---------------------------------------------
Step   : 167
State  : 50
Index0 : 4 3 2 1 0 1 2 3 4 5 6 7 8 9 10 11 12 13 14 
Tape0  : ( ( ( ! ! ! ! ! ! ! ! ! ! ) (  )  )  (  )  
Head0  :       ^                                    
---------------------------------------------
Step   : 168
State  : 51
Index0 : 4 3 2 1 0 1 2 3 4 5 6 7 8 9 10 11 12 13 14 
Tape0  : ( ( ( ! ! ! ! ! ! ! ! ! ! ) (  )  )  (  )  
Head0  :         ^                                  
---------------------------------------------
Step   : 169
State  : 51
Index0 : 4 3 2 1 0 1 2 3 4 5 6 7 8 9 10 11 12 13 14 
Tape0  : ( ( ( ! ! ! ! ! ! ! ! ! ! ) (  )  )  (  )  
Head0  :           ^                                
---------------------------------------------
Step   : 170
State  : 51
Index0 : 4 3 2 1 0 1 2 3 4 5 6 7 8 9 10 11 12 13 14 
Tape0  : ( ( ( ! ! ! ! ! ! ! ! ! ! ) (  )  )  (  )  
Head0  :             ^                              
---------------------------------------------
Step   : 171
State  : 51
Index0 : 4 3 2 1 0 1 2 3 4 5 6 7 8 9 10 11 12 13 14 
Tape0  : ( ( ( ! ! ! ! ! ! ! ! ! ! ) (  )  )  (  )  
Head0  :               ^                            
---------------------------------------------
Step   : 172
State  : 51
Index0 : 4 3 2 1 0 1 2 3 4 5 6 7 8 9 10 11 12 13 14 
Tape0  : ( ( ( ! ! ! ! ! ! ! ! ! ! ) (  )  )  (  )  
Head0  :                 ^                          
---------------------------------------------
Step   : 173
State  : 51
Index0 : 4 3 2 1 0 1 2 3 4 5 6 7 8 9 10 11 12 13 14 
Tape0  : ( ( ( ! ! ! ! ! ! ! ! ! ! ) (  )  )  (  )  
Head0  :                   ^                        
---------------------------------------------
Step   : 174
State  : 51
Index0 : 4 3 2 1 0 1 2 3 4 5 6 7 8 9 10 11 12 13 14 
Tape0  : ( ( ( ! ! ! ! ! ! ! ! ! ! ) (  )  )  (  )  
Head0  :                     ^                      
---------------------------------------------
Step   : 175
State  : 51
Index0 : 4 3 2 1 0 1 2 3 4 5 6 7 8 9 10 11 12 13 14 
Tape0  : ( ( ( ! ! ! ! ! ! ! ! ! ! ) (  )  )  (  )  
Head0  :                       ^                    
---------------------------------------------
Step   : 176
State  : 51
Index0 : 4 3 2 1 0 1 2 3 4 5 6 7 8 9 10 11 12 13 14 
Tape0  : ( ( ( ! ! ! ! ! ! ! ! ! ! ) (  )  )  (  )  
Head0  :                         ^                  
---------------------------------------------
Step   : 177
State  : 51
Index0 : 4 3 2 1 0 1 2 3 4 5 6 7 8 9 10 11 12 13 14 
Tape0  : ( ( ( ! ! ! ! ! ! ! ! ! ! ) (  )  )  (  )  
Head0  :                           ^                
---------------------------------------------
Step   : 178
State  : 10
Index0 : 4 3 2 1 0 1 2 3 4 5 6 7 8 9 10 11 12 13 14 
Tape0  : ( ( ( ! ! ! ! ! ! ! ! ! ! ) (  )  )  (  )  
Head0  :                           ^                
---------------------------------------------
Step   : 179
State  : 30
Index0 : 4 3 2 1 0 1 2 3 4 5 6 7 8 9 10 11 12 13 14 
Tape0  : ( ( ( ! ! ! ! ! ! ! ! ! ! ! (  )  )  (  )  
Head0  :                         ^                  
---------------------------------------------
Step   : 180
State  : 30
Index0 : 4 3 2 1 0 1 2 3 4 5 6 7 8 9 10 11 12 13 14 
Tape0  : ( ( ( ! ! ! ! ! ! ! ! ! ! ! (  )  )  (  )  
Head0  :                       ^                    
---------------------------------------------
Step   : 181
State  : 30
Index0 : 4 3 2 1 0 1 2 3 4 5 6 7 8 9 10 11 12 13 14 
Tape0  : ( ( ( ! ! ! ! ! ! ! ! ! ! ! (  )  )  (  )  
Head0  :                     ^                      
---------------------------------------------
Step   : 182
State  : 30
Index0 : 4 3 2 1 0 1 2 3 4 5 6 7 8 9 10 11 12 13 14 
Tape0  : ( ( ( ! ! ! ! ! ! ! ! ! ! ! (  )  )  (  )  
Head0  :                   ^                        
---------------------------------------------
Step   : 183
State  : 30
Index0 : 4 3 2 1 0 1 2 3 4 5 6 7 8 9 10 11 12 13 14 
Tape0  : ( ( ( ! ! ! ! ! ! ! ! ! ! ! (  )  )  (  )  
Head0  :                 ^                          
---------------------------------------------
Step   : 184
State  : 30
Index0 : 4 3 2 1 0 1 2 3 4 5 6 7 8 9 10 11 12 13 14 
Tape0  : ( ( ( ! ! ! ! ! ! ! ! ! ! ! (  )  )  (  )  
Head0  :               ^                            
---------------------------------------------
Step   : 185
State  : 30
Index0 : 4 3 2 1 0 1 2 3 4 5 6 7 8 9 10 11 12 13 14 
Tape0  : ( ( ( ! ! ! ! ! ! ! ! ! ! ! (  )  )  (  )  
Head0  :             ^                              
---------------------------------------------
Step   : 186
State  : 30
Index0 : 4 3 2 1 0 1 2 3 4 5 6 7 8 9 10 11 12 13 14 
Tape0  : ( ( ( ! ! ! ! ! ! ! ! ! ! ! (  )  )  (  )  
Head0  :           ^                                
---------------------------------------------
Step   : 187
State  : 30
Index0 : 4 3 2 1 0 1 2 3 4 5 6 7 8 9 10 11 12 13 14 
Tape0  : ( ( ( ! ! ! ! ! ! ! ! ! ! ! (  )  )  (  )  
Head0  :         ^                                  
---------------------------------------------
Step   : 188
State  : 30
Index0 : 4 3 2 1 0 1 2 3 4 5 6 7 8 9 10 11 12 13 14 
Tape0  : ( ( ( ! ! ! ! ! ! ! ! ! ! ! (  )  )  (  )  
Head0  :       ^                                    
---------------------------------------------
Step   : 189
State  : 30
Index0 : 4 3 2 1 0 1 2 3 4 5 6 7 8 9 10 11 12 13 14 
Tape0  : ( ( ( ! ! ! ! ! ! ! ! ! ! ! (  )  )  (  )  
Head0  :     ^                                      
---------------------------------------------
Step   : 190
State  : 31
Index0 : 4 3 2 1 0 1 2 3 4 5 6 7 8 9 10 11 12 13 14 
Tape0  : ( ( ( ! ! ! ! ! ! ! ! ! ! ! (  )  )  (  )  
Head0  :     ^                                      
---------------------------------------------
Step   : 191
State  : 31
Index0 : 4 3 2 1 0 1 2 3 4 5 6 7 8 9 10 11 12 13 14 
Tape0  : ( ( ( ! ! ! ! ! ! ! ! ! ! ! (  )  )  (  )  
Head0  :   ^                                        
---------------------------------------------
Step   : 192
State  : 31
Index0 : 4 3 2 1 0 1 2 3 4 5 6 7 8 9 10 11 12 13 14 
Tape0  : ( ( ( ! ! ! ! ! ! ! ! ! ! ! (  )  )  (  )  
Head0  : ^                                          
---------------------------------------------
Step   : 193
State  : 31
Index0 : 5 4 3 2 1 0 1 2 3 4 5 6 7 8 9 10 11 12 13 14 
Tape0  : _ ( ( ( ! ! ! ! ! ! ! ! ! ! ! (  )  )  (  )  
Head0  : ^                                            
---------------------------------------------
Step   : 194
State  : 32
Index0 : 4 3 2 1 0 1 2 3 4 5 6 7 8 9 10 11 12 13 14 
Tape0  : ( ( ( ! ! ! ! ! ! ! ! ! ! ! (  )  )  (  )  
Head0  : ^                                          
---------------------------------------------
Step   : 195
State  : 50
Index0 : 3 2 1 0 1 2 3 4 5 6 7 8 9 10 11 12 13 14 
Tape0  : ( ( ! ! ! ! ! ! ! ! ! ! ! (  )  )  (  )  
Head0  : ^                                        
---------------------------------------------
Step   : 196
State  : 50
Index0 : 3 2 1 0 1 2 3 4 5 6 7 8 9 10 11 12 13 14 
Tape0  : ( ( ! ! ! ! ! ! ! ! ! ! ! (  )  )  (  )  
Head0  :   ^                                      
---------------------------------------------
Step   : 197
State  : 50
Index0 : 3 2 1 0 1 2 3 4 5 6 7 8 9 10 11 12 13 14 
Tape0  : ( ( ! ! ! ! ! ! ! ! ! ! ! (  )  )  (  )  
Head0  :     ^                                    
---------------------------------------------
Step   : 198
State  : 51
Index0 : 3 2 1 0 1 2 3 4 5 6 7 8 9 10 11 12 13 14 
Tape0  : ( ( ! ! ! ! ! ! ! ! ! ! ! (  )  )  (  )  
Head0  :       ^                                  
---------------------------------------------
Step   : 199
State  : 51
Index0 : 3 2 1 0 1 2 3 4 5 6 7 8 9 10 11 12 13 14 
Tape0  : ( ( ! ! ! ! ! ! ! ! ! ! ! (  )  )  (  )  
Head0  :         ^                                
---------------------------------------------
Step   : 200
State  : 51
Index0 : 3 2 1 0 1 2 3 4 5 6 7 8 9 10 11 12 13 14 
Tape0  : ( ( ! ! ! ! ! ! ! ! ! ! ! (  )  )  (  )  
Head0  :           ^                              
---------------------------------------------
Step   : 201
State  : 51
Index0 : 3 2 1 0 1 2 3 4 5 6 7 8 9 10 11 12 13 14 
Tape0  : ( ( ! ! ! ! ! ! ! ! ! ! ! (  )  )  (  )  
Head0  :             ^                            
---------------------------------------------
Step   : 202
State  : 51
Index0 : 3 2 1 0 1 2 3 4 5 6 7 8 9 10 11 12 13 14 
Tape0  : ( ( ! ! ! ! ! ! ! ! ! ! ! (  )  )  (  )  
Head0  :               ^                          
---------------------------------------------
Step   : 203
State  : 51
Index0 : 3 2 1 0 1 2 3 4 5 6 7 8 9 10 11 12 13 14 
Tape0  : ( ( ! ! ! ! ! ! ! ! ! ! ! (  )  )  (  )  
Head0  :                 ^                        
---------------------------------------------
Step   : 204
State  : 51
Index0 : 3 2 1 0 1 2 3 4 5 6 7 8 9 10 11 12 13 14 
Tape0  : ( ( ! ! ! ! ! ! ! ! ! ! ! (  )  )  (  )  
Head0  :                   ^                      
---------------------------------------------
Step   : 205
State  : 51
Index0 : 3 2 1 0 1 2 3 4 5 6 7 8 9 10 11 12 13 14 
Tape0  : ( ( ! ! ! ! ! ! ! ! ! ! ! (  )  )  (  )  
Head0  :                     ^                    
---------------------------------------------
Step   : 206
State  : 51
Index0 : 3 2 1 0 1 2 3 4 5 6 7 8 9 10 11 12 13 14 
Tape0  : ( ( ! ! ! ! ! ! ! ! ! ! ! (  )  )  (  )  
Head0  :                       ^                  
---------------------------------------------
Step   : 207
State  : 51
Index0 : 3 2 1 0 1 2 3 4 5 6 7 8 9 10 11 12 13 14 
Tape0  : ( ( ! ! ! ! ! ! ! ! ! ! ! (  )  )  (  )  
Head0  :                         ^                
---------------------------------------------
Step   : 208
State  : 51
Index0 : 3 2 1 0 1 2 3 4 5 6 7 8 9 10 11 12 13 14 
Tape0  : ( ( ! ! ! ! ! ! ! ! ! ! ! (  )  )  (  )  
Head0  :                           ^              
---------------------------------------------
Step   : 209
State  : 10
Index0 : 3 2 1 0 1 2 3 4 5 6 7 8 9 10 11 12 13 14 
Tape0  : ( ( ! ! ! ! ! ! ! ! ! ! ! (  )  )  (  )  
Head0  :                           ^              
---------------------------------------------
Step   : 210
State  : 20
Index0 : 3 2 1 0 1 2 3 4 5 6 7 8 9 10 11 12 13 14 
Tape0  : ( ( ! ! ! ! ! ! ! ! ! ! ! !  )  )  (  )  
Head0  :                         ^                
---------------------------------------------
Step   : 211
State  : 20
Index0 : 3 2 1 0 1 2 3 4 5 6 7 8 9 10 11 12 13 14 
Tape0  : ( ( ! ! ! ! ! ! ! ! ! ! ! !  )  )  (  )  
Head0  :                       ^                  
---------------------------------------------
Step   : 212
State  : 20
Index0 : 3 2 1 0 1 2 3 4 5 6 7 8 9 10 11 12 13 14 
Tape0  : ( ( ! ! ! ! ! ! ! ! ! ! ! !  )  )  (  )  
Head0  :                     ^                    
---------------------------------------------
Step   : 213
State  : 20
Index0 : 3 2 1 0 1 2 3 4 5 6 7 8 9 10 11 12 13 14 
Tape0  : ( ( ! ! ! ! ! ! ! ! ! ! ! !  )  )  (  )  
Head0  :                   ^                      
---------------------------------------------
Step   : 214
State  : 20
Index0 : 3 2 1 0 1 2 3 4 5 6 7 8 9 10 11 12 13 14 
Tape0  : ( ( ! ! ! ! ! ! ! ! ! ! ! !  )  )  (  )  
Head0  :                 ^                        
---------------------------------------------
Step   : 215
State  : 20
Index0 : 3 2 1 0 1 2 3 4 5 6 7 8 9 10 11 12 13 14 
Tape0  : ( ( ! ! ! ! ! ! ! ! ! ! ! !  )  )  (  )  
Head0  :               ^                          
---------------------------------------------
Step   : 216
State  : 20
Index0 : 3 2 1 0 1 2 3 4 5 6 7 8 9 10 11 12 13 14 
Tape0  : ( ( ! ! ! ! ! ! ! ! ! ! ! !  )  )  (  )  
Head0  :             ^                            
---------------------------------------------
Step   : 217
State  : 20
Index0 : 3 2 1 0 1 2 3 4 5 6 7 8 9 10 11 12 13 14 
Tape0  : ( ( ! ! ! ! ! ! ! ! ! ! ! !  )  )  (  )  
Head0  :           ^                              
---------------------------------------------
Step   : 218
State  : 20
Index0 : 3 2 1 0 1 2 3 4 5 6 7 8 9 10 11 12 13 14 
Tape0  : ( ( ! ! ! ! ! ! ! ! ! ! ! !  )  )  (  )  
Head0  :         ^                                
---------------------------------------------
Step   : 219
State  : 20
Index0 : 3 2 1 0 1 2 3 4 5 6 7 8 9 10 11 12 13 14 
Tape0  : ( ( ! ! ! ! ! ! ! ! ! ! ! !  )  )  (  )  
Head0  :       ^                                  
---------------------------------------------
Step   : 220
State  : 20
Index0 : 3 2 1 0 1 2 3 4 5 6 7 8 9 10 11 12 13 14 
Tape0  : ( ( ! ! ! ! ! ! ! ! ! ! ! !  )  )  (  )  
Head0  :     ^                                    
---------------------------------------------
Step   : 221
State  : 20
Index0 : 3 2 1 0 1 2 3 4 5 6 7 8 9 10 11 12 13 14 
Tape0  : ( ( ! ! ! ! ! ! ! ! ! ! ! !  )  )  (  )  
Head0  :   ^                                      
---------------------------------------------
Step   : 222
State  : 21
Index0 : 3 2 1 0 1 2 3 4 5 6 7 8 9 10 11 12 13 14 
Tape0  : ( ( ! ! ! ! ! ! ! ! ! ! ! !  )  )  (  )  
Head0  :   ^                                      
---------------------------------------------
Step   : 223
State  : 21
Index0 : 3 2 1 0 1 2 3 4 5 6 7 8 9 10 11 12 13 14 
Tape0  : ( ( ! ! ! ! ! ! ! ! ! ! ! !  )  )  (  )  
Head0  : ^                                        
---------------------------------------------
Step   : 224
State  : 21
Index0 : 4 3 2 1 0 1 2 3 4 5 6 7 8 9 10 11 12 13 14 
Tape0  : _ ( ( ! ! ! ! ! ! ! ! ! ! ! !  )  )  (  )  
Head0  : ^                                          
---------------------------------------------
Step   : 225
State  : 50
Index0 : 4 3 2 1 0 1 2 3 4 5 6 7 8 9 10 11 12 13 14 
Tape0  : ( ( ( ! ! ! ! ! ! ! ! ! ! ! !  )  )  (  )  
Head0  :   ^                                        
---------------------------------------------
Step   : 226
State  : 50
Index0 : 4 3 2 1 0 1 2 3 4 5 6 7 8 9 10 11 12 13 14 
Tape0  : ( ( ( ! ! ! ! ! ! ! ! ! ! ! !  )  )  (  )  
Head0  :     ^                                      
---------------------------------------------
Step   : 227
State  : 50
Index0 : 4 3 2 1 0 1 2 3 4 5 6 7 8 9 10 11 12 13 14 
Tape0  : ( ( ( ! ! ! ! ! ! ! ! ! ! ! !  )  )  (  )  
Head0  :       ^                                    
---------------------------------------------
Step   : 228
State  : 51
Index0 : 4 3 2 1 0 1 2 3 4 5 6 7 8 9 10 11 12 13 14 
Tape0  : ( ( ( ! ! ! ! ! ! ! ! ! ! ! !  )  )  (  )  
Head0  :         ^                                  
---------------------------------------------
Step   : 229
State  : 51
Index0 : 4 3 2 1 0 1 2 3 4 5 6 7 8 9 10 11 12 13 14 
Tape0  : ( ( ( ! ! ! ! ! ! ! ! ! ! ! !  )  )  (  )  
Head0  :           ^                                
---------------------------------------------
Step   : 230
State  : 51
Index0 : 4 3 2 1 0 1 2 3 4 5 6 7 8 9 10 11 12 13 14 
Tape0  : ( ( ( ! ! ! ! ! ! ! ! ! ! ! !  )  )  (  )  
Head0  :             ^                              
---------------------------------------------
Step   : 231
State  : 51
Index0 : 4 3 2 1 0 1 2 3 4 5 6 7 8 9 10 11 12 13 14 
Tape0  : ( ( ( ! ! ! ! ! ! ! ! ! ! ! !  )  )  (  )  
Head0  :               ^                            
---------------------------------------------
Step   : 232
State  : 51
Index0 : 4 3 2 1 0 1 2 3 4 5 6 7 8 9 10 11 12 13 14 
Tape0  : ( ( ( ! ! ! ! ! ! ! ! ! ! ! !  )  )  (  )  
Head0  :                 ^                          
---------------------------------------------
Step   : 233
State  : 51
Index0 : 4 3 2 1 0 1 2 3 4 5 6 7 8 9 10 11 12 13 14 
Tape0  : ( ( ( ! ! ! ! ! ! ! ! ! ! ! !  )  )  (  )  
Head0  :                   ^                        
---------------------------------------------
Step   : 234
State  : 51
Index0 : 4 3 2 1 0 1 2 3 4 5 6 7 8 9 10 11 12 13 14 
Tape0  : ( ( ( ! ! ! ! ! ! ! ! ! ! ! !  )  )  (  )  
Head0  :                     ^                      
---------------------------------------------
Step   : 235
State  : 51
Index0 : 4 3 2 1 0 1 2 3 4 5 6 7 8 9 10 11 12 13 14 
Tape0  : ( ( ( ! ! ! ! ! ! ! ! ! ! ! !  )  )  (  )  
Head0  :                       ^                    
---------------------------------------------
Step   : 236
State  : 51
Index0 : 4 3 2 1 0 1 2 3 4 5 6 7 8 9 10 11 12 13 14 
Tape0  : ( ( ( ! ! ! ! ! ! ! ! ! ! ! !  )  )  (  )  
Head0  :                         ^                  
---------------------------------------------
Step   : 237
State  : 51
Index0 : 4 3 2 1 0 1 2 3 4 5 6 7 8 9 10 11 12 13 14 
Tape0  : ( ( ( ! ! ! ! ! ! ! ! ! ! ! !  )  )  (  )  
Head0  :                           ^                
---------------------------------------------
Step   : 238
State  : 51
Index0 : 4 3 2 1 0 1 2 3 4 5 6 7 8 9 10 11 12 13 14 
Tape0  : ( ( ( ! ! ! ! ! ! ! ! ! ! ! !  )  )  (  )  
Head0  :                             ^              
---------------------------------------------
Step   : 239
State  : 51
Index0 : 4 3 2 1 0 1 2 3 4 5 6 7 8 9 10 11 12 13 14 
Tape0  : ( ( ( ! ! ! ! ! ! ! ! ! ! ! !  )  )  (  )  
Head0  :                                ^           
---------------------------------------------
Step   : 240
State  : 10
Index0 : 4 3 2 1 0 1 2 3 4 5 6 7 8 9 10 11 12 13 14 
Tape0  : ( ( ( ! ! ! ! ! ! ! ! ! ! ! !  )  )  (  )  
Head0  :                                ^           
---------------------------------------------
Step   : 241
State  : 30
Index0 : 4 3 2 1 0 1 2 3 4 5 6 7 8 9 10 11 12 13 14 
Tape0  : ( ( ( ! ! ! ! ! ! ! ! ! ! ! !  !  )  (  )  
Head0  :                             ^              
---------------------------------------------
Step   : 242
State  : 30
Index0 : 4 3 2 1 0 1 2 3 4 5 6 7 8 9 10 11 12 13 14 
Tape0  : ( ( ( ! ! ! ! ! ! ! ! ! ! ! !  !  )  (  )  
Head0  :                           ^                
---------------------------------------------
Step   : 243
State  : 30
Index0 : 4 3 2 1 0 1 2 3 4 5 6 7 8 9 10 11 12 13 14 
Tape0  : ( ( ( ! ! ! ! ! ! ! ! ! ! ! !  !  )  (  )  
Head0  :                         ^                  
---------------------------------------------
Step   : 244
State  : 30
Index0 : 4 3 2 1 0 1 2 3 4 5 6 7 8 9 10 11 12 13 14 
Tape0  : ( ( ( ! ! ! ! ! ! ! ! ! ! ! !  !  )  (  )  
Head0  :                       ^                    
---------------------------------------------
Step   : 245
State  : 30
Index0 : 4 3 2 1 0 1 2 3 4 5 6 7 8 9 10 11 12 13 14 
Tape0  : ( ( ( ! ! ! ! ! ! ! ! ! ! ! !  !  )  (  )  
Head0  :                     ^                      
---------------------------------------------
Step   : 246
State  : 30
Index0 : 4 3 2 1 0 1 2 3 4 5 6 7 8 9 10 11 12 13 14 
Tape0  : ( ( ( ! ! ! ! ! ! ! ! ! ! ! !  !  )  (  )  
Head0  :                   ^                        
---------------------------------------------
Step   : 247
State  : 30
Index0 : 4 3 2 1 0 1 2 3 4 5 6 7 8 9 10 11 12 13 14 
Tape0  : ( ( ( ! ! ! ! ! ! ! ! ! ! ! !  !  )  (  )  
Head0  :                 ^                          
---------------------------------------------
Step   : 248
State  : 30
Index0 : 4 3 2 1 0 1 2 3 4 5 6 7 8 9 10 11 12 13 14 
Tape0  : ( ( ( ! ! ! ! ! ! ! ! ! ! ! !  !  )  (  )  
Head0  :               ^                            
---------------------------------------------
Step   : 249
State  : 30
Index0 : 4 3 2 1 0 1 2 3 4 5 6 7 8 9 10 11 12 13 14 
Tape0  : ( ( ( ! ! ! ! ! ! ! ! ! ! ! !  !  )  (  )  
Head0  :             ^                              
---------------------------------------------
Step   : 250
State  : 30
Index0 : 4 3 2 1 0 1 2 3 4 5 6 7 8 9 10 11 12 13 14 
Tape0  : ( ( ( ! ! ! ! ! ! ! ! ! ! ! !  !  )  (  )  
Head0  :           ^                                
---------------------------------------------
Step   : 251
State  : 30
Index0 : 4 3 2 1 0 1 2 3 4 5 6 7 8 9 10 11 12 13 14 
Tape0  : ( ( ( ! ! ! ! ! ! ! ! ! ! ! !  !  )  (  )  
Head0  :         ^                                  
---------------------------------------------
Step   : 252
State  : 30
Index0 : 4 3 2 1 0 1 2 3 4 5 6 7 8 9 10 11 12 13 14 
Tape0  : ( ( ( ! ! ! ! ! ! ! ! ! ! ! !  !  )  (  )  
Head0  :       ^                                    
---------------------------------------------
Step   : 253
State  : 30
Index0 : 4 3 2 1 0 1 2 3 4 5 6 7 8 9 10 11 12 13 14 
Tape0  : ( ( ( ! ! ! ! ! ! ! ! ! ! ! !  !  )  (  )  
Head0  :     ^                                      
---------------------------------------------
Step   : 254
State  : 31
Index0 : 4 3 2 1 0 1 2 3 4 5 6 7 8 9 10 11 12 13 14 
Tape0  : ( ( ( ! ! ! ! ! ! ! ! ! ! ! !  !  )  (  )  
Head0  :     ^                                      
---------------------------------------------
Step   : 255
State  : 31
Index0 : 4 3 2 1 0 1 2 3 4 5 6 7 8 9 10 11 12 13 14 
Tape0  : ( ( ( ! ! ! ! ! ! ! ! ! ! ! !  !  )  (  )  
Head0  :   ^                                        
---------------------------------------------
Step   : 256
State  : 31
Index0 : 4 3 2 1 0 1 2 3 4 5 6 7 8 9 10 11 12 13 14 
Tape0  : ( ( ( ! ! ! ! ! ! ! ! ! ! ! !  !  )  (  )  
Head0  : ^                                          
---------------------------------------------
Step   : 257
State  : 31
Index0 : 5 4 3 2 1 0 1 2 3 4 5 6 7 8 9 10 11 12 13 14 
Tape0  : _ ( ( ( ! ! ! ! ! ! ! ! ! ! ! !  !  )  (  )  
Head0  : ^                                            
---------------------------------------------
Step   : 258
State  : 32
Index0 : 4 3 2 1 0 1 2 3 4 5 6 7 8 9 10 11 12 13 14 
Tape0  : ( ( ( ! ! ! ! ! ! ! ! ! ! ! !  !  )  (  )  
Head0  : ^                                          
---------------------------------------------
Step   : 259
State  : 50
Index0 : 3 2 1 0 1 2 3 4 5 6 7 8 9 10 11 12 13 14 
Tape0  : ( ( ! ! ! ! ! ! ! ! ! ! ! !  !  )  (  )  
Head0  : ^                                        
---------------------------------------------
Step   : 260
State  : 50
Index0 : 3 2 1 0 1 2 3 4 5 6 7 8 9 10 11 12 13 14 
Tape0  : ( ( ! ! ! ! ! ! ! ! ! ! ! !  !  )  (  )  
Head0  :   ^                                      
---------------------------------------------
Step   : 261
State  : 50
Index0 : 3 2 1 0 1 2 3 4 5 6 7 8 9 10 11 12 13 14 
Tape0  : ( ( ! ! ! ! ! ! ! ! ! ! ! !  !  )  (  )  
Head0  :     ^                                    
---------------------------------------------
Step   : 262
State  : 51
Index0 : 3 2 1 0 1 2 3 4 5 6 7 8 9 10 11 12 13 14 
Tape0  : ( ( ! ! ! ! ! ! ! ! ! ! ! !  !  )  (  )  
Head0  :       ^                                  
---------------------------------------------
Step   : 263
State  : 51
Index0 : 3 2 1 0 1 2 3 4 5 6 7 8 9 10 11 12 13 14 
Tape0  : ( ( ! ! ! ! ! ! ! ! ! ! ! !  !  )  (  )  
Head0  :         ^                                
---------------------------------------------
Step   : 264
State  : 51
Index0 : 3 2 1 0 1 2 3 4 5 6 7 8 9 10 11 12 13 14 
Tape0  : ( ( ! ! ! ! ! ! ! ! ! ! ! !  !  )  (  )  
Head0  :           ^                              
---------------------------------------------
Step   : 265
State  : 51
Index0 : 3 2 1 0 1 2 3 4 5 6 7 8 9 10 11 12 13 14 
Tape0  : ( ( ! ! ! ! ! ! ! ! ! ! ! !  !  )  (  )  
Head0  :             ^                            
---------------------------------------------
Step   : 266
State  : 51
Index0 : 3 2 1 0 1 2 3 4 5 6 7 8 9 10 11 12 13 14 
Tape0  : ( ( ! ! ! ! ! ! ! ! ! ! ! !  !  )  (  )  
Head0  :               ^                          
---------------------------------------------
Step   : 267
State  : 51
Index0 : 3 2 1 0 1 2 3 4 5 6 7 8 9 10 11 12 13 14 
Tape0  : ( ( ! ! ! ! ! ! ! ! ! ! ! !  !  )  (  )  
Head0  :                 ^                        
---------------------------------------------
Step   : 268
State  : 51
Index0 : 3 2 1 0 1 2 3 4 5 6 7 8 9 10 11 12 13 14 
Tape0  : ( ( ! ! ! ! ! ! ! ! ! ! ! !  !  )  (  )  
Head0  :                   ^                      
---------------------------------------------
Step   : 269
State  : 51
Index0 : 3 2 1 0 1 2 3 4 5 6 7 8 9 10 11 12 13 14 
Tape0  : ( ( ! ! ! ! ! ! ! ! ! ! ! !  !  )  (  )  
Head0  :                     ^                    
---------------------------------------------
Step   : 270
State  : 51
Index0 : 3 2 1 0 1 2 3 4 5 6 7 8 9 10 11 12 13 14 
Tape0  : ( ( ! ! ! ! ! ! ! ! ! ! ! !  !  )  (  )  
Head0  :                       ^                  
---------------------------------------------
Step   : 271
State  : 51
Index0 : 3 2 1 0 1 2 3 4 5 6 7 8 9 10 11 12 13 14 
Tape0  : ( ( ! ! ! ! ! ! ! ! ! ! ! !  !  )  (  )  
Head0  :                         ^                
---------------------------------------------
Step   : 272
State  : 51
Index0 : 3 2 1 0 1 2 3 4 5 6 7 8 9 10 11 12 13 14 
Tape0  : ( ( ! ! ! ! ! ! ! ! ! ! ! !  !  )  (  )  
Head0  :                           ^              
---------------------------------------------
Step   : 273
State  : 51
Index0 : 3 2 1 0 1 2 3 4 5 6 7 8 9 10 11 12 13 14 
Tape0  : ( ( ! ! ! ! ! ! ! ! ! ! ! !  !  )  (  )  
Head0  :                              ^           
---------------------------------------------
Step   : 274
State  : 51
Index0 : 3 2 1 0 1 2 3 4 5 6 7 8 9 10 11 12 13 14 
Tape0  : ( ( ! ! ! ! ! ! ! ! ! ! ! !  !  )  (  )  
Head0  :                                 ^        
---------------------------------------------
Step   : 275
State  : 10
Index0 : 3 2 1 0 1 2 3 4 5 6 7 8 9 10 11 12 13 14 
Tape0  : ( ( ! ! ! ! ! ! ! ! ! ! ! !  !  )  (  )  
Head0  :                                 ^        
---------------------------------------------
Step   : 276
State  : 30
Index0 : 3 2 1 0 1 2 3 4 5 6 7 8 9 10 11 12 13 14 
Tape0  : ( ( ! ! ! ! ! ! ! ! ! ! ! !  !  !  (  )  
Head0  :                              ^           
---------------------------------------------
Step   : 277
State  : 30
Index0 : 3 2 1 0 1 2 3 4 5 6 7 8 9 10 11 12 13 14 
Tape0  : ( ( ! ! ! ! ! ! ! ! ! ! ! !  !  !  (  )  
Head0  :                           ^              
---------------------------------------------
Step   : 278
State  : 30
Index0 : 3 2 1 0 1 2 3 4 5 6 7 8 9 10 11 12 13 14 
Tape0  : ( ( ! ! ! ! ! ! ! ! ! ! ! !  !  !  (  )  
Head0  :                         ^                
---------------------------------------------
Step   : 279
State  : 30
Index0 : 3 2 1 0 1 2 3 4 5 6 7 8 9 10 11 12 13 14 
Tape0  : ( ( ! ! ! ! ! ! ! ! ! ! ! !  !  !  (  )  
Head0  :                       ^                  
---------------------------------------------
Step   : 280
State  : 30
Index0 : 3 2 1 0 1 2 3 4 5 6 7 8 9 10 11 12 13 14 
Tape0  : ( ( ! ! ! ! ! ! ! ! ! ! ! !  !  !  (  )  
Head0  :                     ^                    
---------------------------------------------
Step   : 281
State  : 30
Index0 : 3 2 1 0 1 2 3 4 5 6 7 8 9 10 11 12 13 14 
Tape0  : ( ( ! ! ! ! ! ! ! ! ! ! ! !  !  !  (  )  
Head0  :                   ^                      
---------------------------------------------
Step   : 282
State  : 30
Index0 : 3 2 1 0 1 2 3 4 5 6 7 8 9 10 11 12 13 14 
Tape0  : ( ( ! ! ! ! ! ! ! ! ! ! ! !  !  !  (  )  
Head0  :                 ^                        
---------------------------------------------
Step   : 283
State  : 30
Index0 : 3 2 1 0 1 2 3 4 5 6 7 8 9 10 11 12 13 14 
Tape0  : ( ( ! ! ! ! ! ! ! ! ! ! ! !  !  !  (  )  
Head0  :               ^                          
---------------------------------------------
Step   : 284
State  : 30
Index0 : 3 2 1 0 1 2 3 4 5 6 7 8 9 10 11 12 13 14 
Tape0  : ( ( ! ! ! ! ! ! ! ! ! ! ! !  !  !  (  )  
Head0  :             ^                            
---------------------------------------------
Step   : 285
State  : 30
Index0 : 3 2 1 0 1 2 3 4 5 6 7 8 9 10 11 12 13 14 
Tape0  : ( ( ! ! ! ! ! ! ! ! ! ! ! !  !  !  (  )  
Head0  :           ^                              
---------------------------------------------
Step   : 286
State  : 30
Index0 : 3 2 1 0 1 2 3 4 5 6 7 8 9 10 11 12 13 14 
Tape0  : ( ( ! ! ! ! ! ! ! ! ! ! ! !  !  !  (  )  
Head0  :         ^                                
---------------------------------------------
Step   : 287
State  : 30
Index0 : 3 2 1 0 1 2 3 4 5 6 7 8 9 10 11 12 13 14 
Tape0  : ( ( ! ! ! ! ! ! ! ! ! ! ! !  !  !  (  )  
Head0  :       ^                                  
---------------------------------------------
Step   : 288
State  : 30
Index0 : 3 2 1 0 1 2 3 4 5 6 7 8 9 10 11 12 13 14 
Tape0  : ( ( ! ! ! ! ! ! ! ! ! ! ! !  !  !  (  )  
Head0  :     ^                                    
---------------------------------------------
Step   : 289
State  : 30
Index0 : 3 2 1 0 1 2 3 4 5 6 7 8 9 10 11 12 13 14 
Tape0  : ( ( ! ! ! ! ! ! ! ! ! ! ! !  !  !  (  )  
Head0  :   ^                                      
---------------------------------------------
Step   : 290
State  : 31
Index0 : 3 2 1 0 1 2 3 4 5 6 7 8 9 10 11 12 13 14 
Tape0  : ( ( ! ! ! ! ! ! ! ! ! ! ! !  !  !  (  )  
Head0  :   ^                                      
---------------------------------------------
Step   : 291
State  : 31
Index0 : 3 2 1 0 1 2 3 4 5 6 7 8 9 10 11 12 13 14 
Tape0  : ( ( ! ! ! ! ! ! ! ! ! ! ! !  !  !  (  )  
Head0  : ^                                        
---------------------------------------------
Step   : 292
State  : 31
Index0 : 4 3 2 1 0 1 2 3 4 5 6 7 8 9 10 11 12 13 14 
Tape0  : _ ( ( ! ! ! ! ! ! ! ! ! ! ! !  !  !  (  )  
Head0  : ^                                          
---------------------------------------------
Step   : 293
State  : 32
Index0 : 3 2 1 0 1 2 3 4 5 6 7 8 9 10 11 12 13 14 
Tape0  : ( ( ! ! ! ! ! ! ! ! ! ! ! !  !  !  (  )  
Head0  : ^                                        
---------------------------------------------
Step   : 294
State  : 50
Index0 : 2 1 0 1 2 3 4 5 6 7 8 9 10 11 12 13 14 
Tape0  : ( ! ! ! ! ! ! ! ! ! ! ! !  !  !  (  )  
Head0  : ^                                      
---------------------------------------------
Step   : 295
State  : 50
Index0 : 2 1 0 1 2 3 4 5 6 7 8 9 10 11 12 13 14 
Tape0  : ( ! ! ! ! ! ! ! ! ! ! ! !  !  !  (  )  
Head0  :   ^                                    
---------------------------------------------
Step   : 296
State  : 51
Index0 : 2 1 0 1 2 3 4 5 6 7 8 9 10 11 12 13 14 
Tape0  : ( ! ! ! ! ! ! ! ! ! ! ! !  !  !  (  )  
Head0  :     ^                                  
---------------------------------------------
Step   : 297
State  : 51
Index0 : 2 1 0 1 2 3 4 5 6 7 8 9 10 11 12 13 14 
Tape0  : ( ! ! ! ! ! ! ! ! ! ! ! !  !  !  (  )  
Head0  :       ^                                
---------------------------------------------
Step   : 298
State  : 51
Index0 : 2 1 0 1 2 3 4 5 6 7 8 9 10 11 12 13 14 
Tape0  : ( ! ! ! ! ! ! ! ! ! ! ! !  !  !  (  )  
Head0  :         ^                              
---------------------------------------------
Step   : 299
State  : 51
Index0 : 2 1 0 1 2 3 4 5 6 7 8 9 10 11 12 13 14 
Tape0  : ( ! ! ! ! ! ! ! ! ! ! ! !  !  !  (  )  
Head0  :           ^                            
---------------------------------------------
Step   : 300
State  : 51
Index0 : 2 1 0 1 2 3 4 5 6 7 8 9 10 11 12 13 14 
Tape0  : ( ! ! ! ! ! ! ! ! ! ! ! !  !  !  (  )  
Head0  :             ^                          
---------------------------------------------
Step   : 301
State  : 51
Index0 : 2 1 0 1 2 3 4 5 6 7 8 9 10 11 12 13 14 
Tape0  : ( ! ! ! ! ! ! ! ! ! ! ! !  !  !  (  )  
Head0  :               ^                        
---------------------------------------------
Step   : 302
State  : 51
Index0 : 2 1 0 1 2 3 4 5 6 7 8 9 10 11 12 13 14 
Tape0  : ( ! ! ! ! ! ! ! ! ! ! ! !  !  !  (  )  
Head0  :                 ^                      
---------------------------------------------
Step   : 303
State  : 51
Index0 : 2 1 0 1 2 3 4 5 6 7 8 9 10 11 12 13 14 
Tape0  : ( ! ! ! ! ! ! ! ! ! ! ! !  !  !  (  )  
Head0  :                   ^                    
---------------------------------------------
Step   : 304
State  : 51
Index0 : 2 1 0 1 2 3 4 5 6 7 8 9 10 11 12 13 14 
Tape0  : ( ! ! ! ! ! ! ! ! ! ! ! !  !  !  (  )  
Head0  :                     ^                  
---------------------------------------------
Step   : 305
State  : 51
Index0 : 2 1 0 1 2 3 4 5 6 7 8 9 10 11 12 13 14 
Tape0  : ( ! ! ! ! ! ! ! ! ! ! ! !  !  !  (  )  
Head0  :                       ^                
---------------------------------------------
Step   : 306
State  : 51
Index0 : 2 1 0 1 2 3 4 5 6 7 8 9 10 11 12 13 14 
Tape0  : ( ! ! ! ! ! ! ! ! ! ! ! !  !  !  (  )  
Head0  :                         ^              
---------------------------------------------
Step   : 307
State  : 51
Index0 : 2 1 0 1 2 3 4 5 6 7 8 9 10 11 12 13 14 
Tape0  : ( ! ! ! ! ! ! ! ! ! ! ! !  !  !  (  )  
Head0  :                            ^           
---------------------------------------------
Step   : 308
State  : 51
Index0 : 2 1 0 1 2 3 4 5 6 7 8 9 10 11 12 13 14 
Tape0  : ( ! ! ! ! ! ! ! ! ! ! ! !  !  !  (  )  
Head0  :                               ^        
---------------------------------------------
Step   : 309
State  : 51
Index0 : 2 1 0 1 2 3 4 5 6 7 8 9 10 11 12 13 14 
Tape0  : ( ! ! ! ! ! ! ! ! ! ! ! !  !  !  (  )  
Head0  :                                  ^     
---------------------------------------------
Step   : 310
State  : 10
Index0 : 2 1 0 1 2 3 4 5 6 7 8 9 10 11 12 13 14 
Tape0  : ( ! ! ! ! ! ! ! ! ! ! ! !  !  !  (  )  
Head0  :                                  ^     
---------------------------------------------
Step   : 311
State  : 20
Index0 : 2 1 0 1 2 3 4 5 6 7 8 9 10 11 12 13 14 
Tape0  : ( ! ! ! ! ! ! ! ! ! ! ! !  !  !  !  )  
Head0  :                               ^        
---------------------------------------------
Step   : 312
State  : 20
Index0 : 2 1 0 1 2 3 4 5 6 7 8 9 10 11 12 13 14 
Tape0  : ( ! ! ! ! ! ! ! ! ! ! ! !  !  !  !  )  
Head0  :                            ^           
---------------------------------------------
Step   : 313
State  : 20
Index0 : 2 1 0 1 2 3 4 5 6 7 8 9 10 11 12 13 14 
Tape0  : ( ! ! ! ! ! ! ! ! ! ! ! !  !  !  !  )  
Head0  :                         ^              
---------------------------------------------
Step   : 314
State  : 20
Index0 : 2 1 0 1 2 3 4 5 6 7 8 9 10 11 12 13 14 
Tape0  : ( ! ! ! ! ! ! ! ! ! ! ! !  !  !  !  )  
Head0  :                       ^                
---------------------------------------------
Step   : 315
State  : 20
Index0 : 2 1 0 1 2 3 4 5 6 7 8 9 10 11 12 13 14 
Tape0  : ( ! ! ! ! ! ! ! ! ! ! ! !  !  !  !  )  
Head0  :                     ^                  
---------------------------------------------
Step   : 316
State  : 20
Index0 : 2 1 0 1 2 3 4 5 6 7 8 9 10 11 12 13 14 
Tape0  : ( ! ! ! ! ! ! ! ! ! ! ! !  !  !  !  )  
Head0  :                   ^                    
---------------------------------------------
Step   : 317
State  : 20
Index0 : 2 1 0 1 2 3 4 5 6 7 8 9 10 11 12 13 14 
Tape0  : ( ! ! ! ! ! ! ! ! ! ! ! !  !  !  !  )  
Head0  :                 ^                      
---------------------------------------------
Step   : 318
State  : 20
Index0 : 2 1 0 1 2 3 4 5 6 7 8 9 10 11 12 13 14 
Tape0  : ( ! ! ! ! ! ! ! ! ! ! ! !  !  !  !  )  
Head0  :               ^                        
---------------------------------------------
Step   : 319
State  : 20
Index0 : 2 1 0 1 2 3 4 5 6 7 8 9 10 11 12 13 14 
Tape0  : ( ! ! ! ! ! ! ! ! ! ! ! !  !  !  !  )  
Head0  :             ^                          
---------------------------------------------
Step   : 320
State  : 20
Index0 : 2 1 0 1 2 3 4 5 6 7 8 9 10 11 12 13 14 
Tape0  : ( ! ! ! ! ! ! ! ! ! ! ! !  !  !  !  )  
Head0  :           ^                            
---------------------------------------------
Step   : 321
State  : 20
Index0 : 2 1 0 1 2 3 4 5 6 7 8 9 10 11 12 13 14 
Tape0  : ( ! ! ! ! ! ! ! ! ! ! ! !  !  !  !  )  
Head0  :         ^                              
---------------------------------------------
Step   : 322
State  : 20
Index0 : 2 1 0 1 2 3 4 5 6 7 8 9 10 11 12 13 14 
Tape0  : ( ! ! ! ! ! ! ! ! ! ! ! !  !  !  !  )  
Head0  :       ^                                
---------------------------------------------
Step   : 323
State  : 20
Index0 : 2 1 0 1 2 3 4 5 6 7 8 9 10 11 12 13 14 
Tape0  : ( ! ! ! ! ! ! ! ! ! ! ! !  !  !  !  )  
Head0  :     ^                                  
---------------------------------------------
Step   : 324
State  : 20
Index0 : 2 1 0 1 2 3 4 5 6 7 8 9 10 11 12 13 14 
Tape0  : ( ! ! ! ! ! ! ! ! ! ! ! !  !  !  !  )  
Head0  :   ^                                    
---------------------------------------------
Step   : 325
State  : 20
Index0 : 2 1 0 1 2 3 4 5 6 7 8 9 10 11 12 13 14 
Tape0  : ( ! ! ! ! ! ! ! ! ! ! ! !  !  !  !  )  
Head0  : ^                                      
---------------------------------------------
Step   : 326
State  : 21
Index0 : 2 1 0 1 2 3 4 5 6 7 8 9 10 11 12 13 14 
Tape0  : ( ! ! ! ! ! ! ! ! ! ! ! !  !  !  !  )  
Head0  : ^                                      
---------------------------------------------
Step   : 327
State  : 21
Index0 : 3 2 1 0 1 2 3 4 5 6 7 8 9 10 11 12 13 14 
Tape0  : _ ( ! ! ! ! ! ! ! ! ! ! ! !  !  !  !  )  
Head0  : ^                                        
---------------------------------------------
Step   : 328
State  : 50
Index0 : 3 2 1 0 1 2 3 4 5 6 7 8 9 10 11 12 13 14 
Tape0  : ( ( ! ! ! ! ! ! ! ! ! ! ! !  !  !  !  )  
Head0  :   ^                                      
---------------------------------------------
Step   : 329
State  : 50
Index0 : 3 2 1 0 1 2 3 4 5 6 7 8 9 10 11 12 13 14 
Tape0  : ( ( ! ! ! ! ! ! ! ! ! ! ! !  !  !  !  )  
Head0  :     ^                                    
---------------------------------------------
Step   : 330
State  : 51
Index0 : 3 2 1 0 1 2 3 4 5 6 7 8 9 10 11 12 13 14 
Tape0  : ( ( ! ! ! ! ! ! ! ! ! ! ! !  !  !  !  )  
Head0  :       ^                                  
---------------------------------------------
Step   : 331
State  : 51
Index0 : 3 2 1 0 1 2 3 4 5 6 7 8 9 10 11 12 13 14 
Tape0  : ( ( ! ! ! ! ! ! ! ! ! ! ! !  !  !  !  )  
Head0  :         ^                                
---------------------------------------------
Step   : 332
State  : 51
Index0 : 3 2 1 0 1 2 3 4 5 6 7 8 9 10 11 12 13 14 
Tape0  : ( ( ! ! ! ! ! ! ! ! ! ! ! !  !  !  !  )  
Head0  :           ^                              
---------------------------------------------
Step   : 333
State  : 51
Index0 : 3 2 1 0 1 2 3 4 5 6 7 8 9 10 11 12 13 14 
Tape0  : ( ( ! ! ! ! ! ! ! ! ! ! ! !  !  !  !  )  
Head0  :             ^                            
---------------------------------------------
Step   : 334
State  : 51
Index0 : 3 2 1 0 1 2 3 4 5 6 7 8 9 10 11 12 13 14 
Tape0  : ( ( ! ! ! ! ! ! ! ! ! ! ! !  !  !  !  )  
Head0  :               ^                          
---------------------------------------------
Step   : 335
State  : 51
Index0 : 3 2 1 0 1 2 3 4 5 6 7 8 9 10 11 12 13 14 
Tape0  : ( ( ! ! ! ! ! ! ! ! ! ! ! !  !  !  !  )  
Head0  :                 ^                        
---------------------------------------------
Step   : 336
State  : 51
Index0 : 3 2 1 0 1 2 3 4 5 6 7 8 9 10 11 12 13 14 
Tape0  : ( ( ! ! ! ! ! ! ! ! ! ! ! !  !  !  !  )  
Head0  :                   ^                      
---------------------------------------------
Step   : 337
State  : 51
Index0 : 3 2 1 0 1 2 3 4 5 6 7 8 9 10 11 12 13 14 
Tape0  : ( ( ! ! ! ! ! ! ! ! ! ! ! !  !  !  !  )  
Head0  :                     ^                    
---------------------------------------------
Step   : 338
State  : 51
Index0 : 3 2 1 0 1 2 3 4 5 6 7 8 9 10 11 12 13 14 
Tape0  : ( ( ! ! ! ! ! ! ! ! ! ! ! !  !  !  !  )  
Head0  :                       ^                  
---------------------------------------------
Step   : 339
State  : 51
Index0 : 3 2 1 0 1 2 3 4 5 6 7 8 9 10 11 12 13 14 
Tape0  : ( ( ! ! ! ! ! ! ! ! ! ! ! !  !  !  !  )  
Head0  :                         ^                
---------------------------------------------
Step   : 340
State  : 51
Index0 : 3 2 1 0 1 2 3 4 5 6 7 8 9 10 11 12 13 14 
Tape0  : ( ( ! ! ! ! ! ! ! ! ! ! ! !  !  !  !  )  
Head0  :                           ^              
---------------------------------------------
Step   : 341
State  : 51
Index0 : 3 2 1 0 1 2 3 4 5 6 7 8 9 10 11 12 13 14 
Tape0  : ( ( ! ! ! ! ! ! ! ! ! ! ! !  !  !  !  )  
Head0  :                              ^           
---------------------------------------------
Step   : 342
State  : 51
Index0 : 3 2 1 0 1 2 3 4 5 6 7 8 9 10 11 12 13 14 
Tape0  : ( ( ! ! ! ! ! ! ! ! ! ! ! !  !  !  !  )  
Head0  :                                 ^        
---------------------------------------------
Step   : 343
State  : 51
Index0 : 3 2 1 0 1 2 3 4 5 6 7 8 9 10 11 12 13 14 
Tape0  : ( ( ! ! ! ! ! ! ! ! ! ! ! !  !  !  !  )  
Head0  :                                    ^     
---------------------------------------------
Step   : 344
State  : 51
Index0 : 3 2 1 0 1 2 3 4 5 6 7 8 9 10 11 12 13 14 
Tape0  : ( ( ! ! ! ! ! ! ! ! ! ! ! !  !  !  !  )  
Head0  :                                       ^  
---------------------------------------------
Step   : 345
State  : 10
Index0 : 3 2 1 0 1 2 3 4 5 6 7 8 9 10 11 12 13 14 
Tape0  : ( ( ! ! ! ! ! ! ! ! ! ! ! !  !  !  !  )  
Head0  :                                       ^  
---------------------------------------------
Step   : 346
State  : 30
Index0 : 3 2 1 0 1 2 3 4 5 6 7 8 9 10 11 12 13 14 
Tape0  : ( ( ! ! ! ! ! ! ! ! ! ! ! !  !  !  !  !  
Head0  :                                    ^     
---------------------------------------------
Step   : 347
State  : 30
Index0 : 3 2 1 0 1 2 3 4 5 6 7 8 9 10 11 12 13 14 
Tape0  : ( ( ! ! ! ! ! ! ! ! ! ! ! !  !  !  !  !  
Head0  :                                 ^        
---------------------------------------------
Step   : 348
State  : 30
Index0 : 3 2 1 0 1 2 3 4 5 6 7 8 9 10 11 12 13 14 
Tape0  : ( ( ! ! ! ! ! ! ! ! ! ! ! !  !  !  !  !  
Head0  :                              ^           
---------------------------------------------
Step   : 349
State  : 30
Index0 : 3 2 1 0 1 2 3 4 5 6 7 8 9 10 11 12 13 14 
Tape0  : ( ( ! ! ! ! ! ! ! ! ! ! ! !  !  !  !  !  
Head0  :                           ^              
---------------------------------------------
Step   : 350
State  : 30
Index0 : 3 2 1 0 1 2 3 4 5 6 7 8 9 10 11 12 13 14 
Tape0  : ( ( ! ! ! ! ! ! ! ! ! ! ! !  !  !  !  !  
Head0  :                         ^                
---------------------------------------------
Step   : 351
State  : 30
Index0 : 3 2 1 0 1 2 3 4 5 6 7 8 9 10 11 12 13 14 
Tape0  : ( ( ! ! ! ! ! ! ! ! ! ! ! !  !  !  !  !  
Head0  :                       ^                  
---------------------------------------------
Step   : 352
State  : 30
Index0 : 3 2 1 0 1 2 3 4 5 6 7 8 9 10 11 12 13 14 
Tape0  : ( ( ! ! ! ! ! ! ! ! ! ! ! !  !  !  !  !  
Head0  :                     ^                    
---------------------------------------------
Step   : 353
State  : 30
Index0 : 3 2 1 0 1 2 3 4 5 6 7 8 9 10 11 12 13 14 
Tape0  : ( ( ! ! ! ! ! ! ! ! ! ! ! !  !  !  !  !  
Head0  :                   ^                      
---------------------------------------------
Step   : 354
State  : 30
Index0 : 3 2 1 0 1 2 3 4 5 6 7 8 9 10 11 12 13 14 
Tape0  : ( ( ! ! ! ! ! ! ! ! ! ! ! !  !  !  !  !  
Head0  :                 ^                        
---------------------------------------------
Step   : 355
State  : 30
Index0 : 3 2 1 0 1 2 3 4 5 6 7 8 9 10 11 12 13 14 
Tape0  : ( ( ! ! ! ! ! ! ! ! ! ! ! !  !  !  !  !  
Head0  :               ^                          
---------------------------------------------
Step   : 356
State  : 30
Index0 : 3 2 1 0 1 2 3 4 5 6 7 8 9 10 11 12 13 14 
Tape0  : ( ( ! ! ! ! ! ! ! ! ! ! ! !  !  !  !  !  
Head0  :             ^                            
---------------------------------------------
Step   : 357
State  : 30
Index0 : 3 2 1 0 1 2 3 4 5 6 7 8 9 10 11 12 13 14 
Tape0  : ( ( ! ! ! ! ! ! ! ! ! ! ! !  !  !  !  !  
Head0  :           ^                              
---------------------------------------------
Step   : 358
State  : 30
Index0 : 3 2 1 0 1 2 3 4 5 6 7 8 9 10 11 12 13 14 
Tape0  : ( ( ! ! ! ! ! ! ! ! ! ! ! !  !  !  !  !  
Head0  :         ^                                
---------------------------------------------
Step   : 359
State  : 30
Index0 : 3 2 1 0 1 2 3 4 5 6 7 8 9 10 11 12 13 14 
Tape0  : ( ( ! ! ! ! ! ! ! ! ! ! ! !  !  !  !  !  
Head0  :       ^                                  
---------------------------------------------
Step   : 360
State  : 30
Index0 : 3 2 1 0 1 2 3 4 5 6 7 8 9 10 11 12 13 14 
Tape0  : ( ( ! ! ! ! ! ! ! ! ! ! ! !  !  !  !  !  
Head0  :     ^                                    
---------------------------------------------
Step   : 361
State  : 30
Index0 : 3 2 1 0 1 2 3 4 5 6 7 8 9 10 11 12 13 14 
Tape0  : ( ( ! ! ! ! ! ! ! ! ! ! ! !  !  !  !  !  
Head0  :   ^                                      
---------------------------------------------
Step   : 362
State  : 31
Index0 : 3 2 1 0 1 2 3 4 5 6 7 8 9 10 11 12 13 14 
Tape0  : ( ( ! ! ! ! ! ! ! ! ! ! ! !  !  !  !  !  
Head0  :   ^                                      
---------------------------------------------
Step   : 363
State  : 31
Index0 : 3 2 1 0 1 2 3 4 5 6 7 8 9 10 11 12 13 14 
Tape0  : ( ( ! ! ! ! ! ! ! ! ! ! ! !  !  !  !  !  
Head0  : ^                                        
---------------------------------------------
Step   : 364
State  : 31
Index0 : 4 3 2 1 0 1 2 3 4 5 6 7 8 9 10 11 12 13 14 
Tape0  : _ ( ( ! ! ! ! ! ! ! ! ! ! ! !  !  !  !  !  
Head0  : ^                                          
---------------------------------------------
Step   : 365
State  : 32
Index0 : 3 2 1 0 1 2 3 4 5 6 7 8 9 10 11 12 13 14 
Tape0  : ( ( ! ! ! ! ! ! ! ! ! ! ! !  !  !  !  !  
Head0  : ^                                        
---------------------------------------------
Step   : 366
State  : 50
Index0 : 2 1 0 1 2 3 4 5 6 7 8 9 10 11 12 13 14 
Tape0  : ( ! ! ! ! ! ! ! ! ! ! ! !  !  !  !  !  
Head0  : ^                                      
---------------------------------------------
Step   : 367
State  : 50
Index0 : 2 1 0 1 2 3 4 5 6 7 8 9 10 11 12 13 14 
Tape0  : ( ! ! ! ! ! ! ! ! ! ! ! !  !  !  !  !  
Head0  :   ^                                    
---------------------------------------------
Step   : 368
State  : 51
Index0 : 2 1 0 1 2 3 4 5 6 7 8 9 10 11 12 13 14 
Tape0  : ( ! ! ! ! ! ! ! ! ! ! ! !  !  !  !  !  
Head0  :     ^                                  
---------------------------------------------
Step   : 369
State  : 51
Index0 : 2 1 0 1 2 3 4 5 6 7 8 9 10 11 12 13 14 
Tape0  : ( ! ! ! ! ! ! ! ! ! ! ! !  !  !  !  !  
Head0  :       ^                                
---------------------------------------------
Step   : 370
State  : 51
Index0 : 2 1 0 1 2 3 4 5 6 7 8 9 10 11 12 13 14 
Tape0  : ( ! ! ! ! ! ! ! ! ! ! ! !  !  !  !  !  
Head0  :         ^                              
---------------------------------------------
Step   : 371
State  : 51
Index0 : 2 1 0 1 2 3 4 5 6 7 8 9 10 11 12 13 14 
Tape0  : ( ! ! ! ! ! ! ! ! ! ! ! !  !  !  !  !  
Head0  :           ^                            
---------------------------------------------
Step   : 372
State  : 51
Index0 : 2 1 0 1 2 3 4 5 6 7 8 9 10 11 12 13 14 
Tape0  : ( ! ! ! ! ! ! ! ! ! ! ! !  !  !  !  !  
Head0  :             ^                          
---------------------------------------------
Step   : 373
State  : 51
Index0 : 2 1 0 1 2 3 4 5 6 7 8 9 10 11 12 13 14 
Tape0  : ( ! ! ! ! ! ! ! ! ! ! ! !  !  !  !  !  
Head0  :               ^                        
---------------------------------------------
Step   : 374
State  : 51
Index0 : 2 1 0 1 2 3 4 5 6 7 8 9 10 11 12 13 14 
Tape0  : ( ! ! ! ! ! ! ! ! ! ! ! !  !  !  !  !  
Head0  :                 ^                      
---------------------------------------------
Step   : 375
State  : 51
Index0 : 2 1 0 1 2 3 4 5 6 7 8 9 10 11 12 13 14 
Tape0  : ( ! ! ! ! ! ! ! ! ! ! ! !  !  !  !  !  
Head0  :                   ^                    
---------------------------------------------
Step   : 376
State  : 51
Index0 : 2 1 0 1 2 3 4 5 6 7 8 9 10 11 12 13 14 
Tape0  : ( ! ! ! ! ! ! ! ! ! ! ! !  !  !  !  !  
Head0  :                     ^                  
---------------------------------------------
Step   : 377
State  : 51
Index0 : 2 1 0 1 2 3 4 5 6 7 8 9 10 11 12 13 14 
Tape0  : ( ! ! ! ! ! ! ! ! ! ! ! !  !  !  !  !  
Head0  :                       ^                
---------------------------------------------
Step   : 378
State  : 51
Index0 : 2 1 0 1 2 3 4 5 6 7 8 9 10 11 12 13 14 
Tape0  : ( ! ! ! ! ! ! ! ! ! ! ! !  !  !  !  !  
Head0  :                         ^              
---------------------------------------------
Step   : 379
State  : 51
Index0 : 2 1 0 1 2 3 4 5 6 7 8 9 10 11 12 13 14 
Tape0  : ( ! ! ! ! ! ! ! ! ! ! ! !  !  !  !  !  
Head0  :                            ^           
---------------------------------------------
Step   : 380
State  : 51
Index0 : 2 1 0 1 2 3 4 5 6 7 8 9 10 11 12 13 14 
Tape0  : ( ! ! ! ! ! ! ! ! ! ! ! !  !  !  !  !  
Head0  :                               ^        
---------------------------------------------
Step   : 381
State  : 51
Index0 : 2 1 0 1 2 3 4 5 6 7 8 9 10 11 12 13 14 
Tape0  : ( ! ! ! ! ! ! ! ! ! ! ! !  !  !  !  !  
Head0  :                                  ^     
---------------------------------------------
Step   : 382
State  : 51
Index0 : 2 1 0 1 2 3 4 5 6 7 8 9 10 11 12 13 14 
Tape0  : ( ! ! ! ! ! ! ! ! ! ! ! !  !  !  !  !  
Head0  :                                     ^  
---------------------------------------------
Step   : 383
State  : 51
Index0 : 2 1 0 1 2 3 4 5 6 7 8 9 10 11 12 13 14 15 
Tape0  : ( ! ! ! ! ! ! ! ! ! ! ! !  !  !  !  !  _  
Head0  :                                        ^  
---------------------------------------------
Step   : 384
State  : 10
Index0 : 2 1 0 1 2 3 4 5 6 7 8 9 10 11 12 13 14 15 
Tape0  : ( ! ! ! ! ! ! ! ! ! ! ! !  !  !  !  !  _  
Head0  :                                        ^  
---------------------------------------------
Step   : 385
State  : 40
Index0 : 2 1 0 1 2 3 4 5 6 7 8 9 10 11 12 13 14 
Tape0  : ( ! ! ! ! ! ! ! ! ! ! ! !  !  !  !  !  
Head0  :                                     ^  
---------------------------------------------
Step   : 386
State  : 40
Index0 : 2 1 0 1 2 3 4 5 6 7 8 9 10 11 12 13 14 
Tape0  : ( ! ! ! ! ! ! ! ! ! ! ! !  !  !  !  !  
Head0  :                                  ^     
---------------------------------------------
Step   : 387
State  : 40
Index0 : 2 1 0 1 2 3 4 5 6 7 8 9 10 11 12 13 14 
Tape0  : ( ! ! ! ! ! ! ! ! ! ! ! !  !  !  !  !  
Head0  :                               ^        
---------------------------------------------
Step   : 388
State  : 40
Index0 : 2 1 0 1 2 3 4 5 6 7 8 9 10 11 12 13 14 
Tape0  : ( ! ! ! ! ! ! ! ! ! ! ! !  !  !  !  !  
Head0  :                            ^           
---------------------------------------------
Step   : 389
State  : 40
Index0 : 2 1 0 1 2 3 4 5 6 7 8 9 10 11 12 13 14 
Tape0  : ( ! ! ! ! ! ! ! ! ! ! ! !  !  !  !  !  
Head0  :                         ^              
---------------------------------------------
Step   : 390
State  : 40
Index0 : 2 1 0 1 2 3 4 5 6 7 8 9 10 11 12 13 14 
Tape0  : ( ! ! ! ! ! ! ! ! ! ! ! !  !  !  !  !  
Head0  :                       ^                
---------------------------------------------
Step   : 391
State  : 40
Index0 : 2 1 0 1 2 3 4 5 6 7 8 9 10 11 12 13 14 
Tape0  : ( ! ! ! ! ! ! ! ! ! ! ! !  !  !  !  !  
Head0  :                     ^                  
---------------------------------------------
Step   : 392
State  : 40
Index0 : 2 1 0 1 2 3 4 5 6 7 8 9 10 11 12 13 14 
Tape0  : ( ! ! ! ! ! ! ! ! ! ! ! !  !  !  !  !  
Head0  :                   ^                    
---------------------------------------------
Step   : 393
State  : 40
Index0 : 2 1 0 1 2 3 4 5 6 7 8 9 10 11 12 13 14 
Tape0  : ( ! ! ! ! ! ! ! ! ! ! ! !  !  !  !  !  
Head0  :                 ^                      
---------------------------------------------
Step   : 394
State  : 40
Index0 : 2 1 0 1 2 3 4 5 6 7 8 9 10 11 12 13 14 
Tape0  : ( ! ! ! ! ! ! ! ! ! ! ! !  !  !  !  !  
Head0  :               ^                        
---------------------------------------------
Step   : 395
State  : 40
Index0 : 2 1 0 1 2 3 4 5 6 7 8 9 10 11 12 13 14 
Tape0  : ( ! ! ! ! ! ! ! ! ! ! ! !  !  !  !  !  
Head0  :             ^                          
---------------------------------------------
Step   : 396
State  : 40
Index0 : 2 1 0 1 2 3 4 5 6 7 8 9 10 11 12 13 14 
Tape0  : ( ! ! ! ! ! ! ! ! ! ! ! !  !  !  !  !  
Head0  :           ^                            
---------------------------------------------
Step   : 397
State  : 40
Index0 : 2 1 0 1 2 3 4 5 6 7 8 9 10 11 12 13 14 
Tape0  : ( ! ! ! ! ! ! ! ! ! ! ! !  !  !  !  !  
Head0  :         ^                              
---------------------------------------------
Step   : 398
State  : 40
Index0 : 2 1 0 1 2 3 4 5 6 7 8 9 10 11 12 13 14 
Tape0  : ( ! ! ! ! ! ! ! ! ! ! ! !  !  !  !  !  
Head0  :       ^                                
---------------------------------------------
Step   : 399
State  : 40
Index0 : 2 1 0 1 2 3 4 5 6 7 8 9 10 11 12 13 14 
Tape0  : ( ! ! ! ! ! ! ! ! ! ! ! !  !  !  !  !  
Head0  :     ^                                  
---------------------------------------------
Step   : 400
State  : 40
Index0 : 2 1 0 1 2 3 4 5 6 7 8 9 10 11 12 13 14 
Tape0  : ( ! ! ! ! ! ! ! ! ! ! ! !  !  !  !  !  
Head0  :   ^                                    
---------------------------------------------
Step   : 401
State  : 40
Index0 : 2 1 0 1 2 3 4 5 6 7 8 9 10 11 12 13 14 
Tape0  : ( ! ! ! ! ! ! ! ! ! ! ! !  !  !  !  !  
Head0  : ^                                      
---------------------------------------------
Step   : 402
State  : 70
Index0 : 3 2 1 0 1 2 3 4 5 6 7 8 9 10 11 12 13 14 
Tape0  : _ ( ! ! ! ! ! ! ! ! ! ! ! !  !  !  !  !  
Head0  : ^                                        
---------------------------------------------
Step   : 403
State  : 71
Index0 : 2 1 0 1 2 3 4 5 6 7 8 9 10 11 12 13 14 
Tape0  : ( ! ! ! ! ! ! ! ! ! ! ! !  !  !  !  !  
Head0  : ^                                      
---------------------------------------------
Step   : 404
State  : 71
Index0 : 1 0 1 2 3 4 5 6 7 8 9 10 11 12 13 14 
Tape0  : ! ! ! ! ! ! ! ! ! ! ! !  !  !  !  !  
Head0  : ^                                    
---------------------------------------------
Step   : 405
State  : 71
Index0 : 0 1 2 3 4 5 6 7 8 9 10 11 12 13 14 
Tape0  : ! ! ! ! ! ! ! ! ! ! !  !  !  !  !  
Head0  : ^                                  
---------------------------------------------
Step   : 406
State  : 71
Index0 : 1 2 3 4 5 6 7 8 9 10 11 12 13 14 
Tape0  : ! ! ! ! ! ! ! ! ! !  !  !  !  !  
Head0  : ^                                
---------------------------------------------
Step   : 407
State  : 71
Index0 : 2 3 4 5 6 7 8 9 10 11 12 13 14 
Tape0  : ! ! ! ! ! ! ! ! !  !  !  !  !  
Head0  : ^                              
---------------------------------------------
Step   : 408
State  : 71
Index0 : 3 4 5 6 7 8 9 10 11 12 13 14 
Tape0  : ! ! ! ! ! ! ! !  !  !  !  !  
Head0  : ^                            
---------------------------------------------
Step   : 409
State  : 71
Index0 : 4 5 6 7 8 9 10 11 12 13 14 
Tape0  : ! ! ! ! ! ! !  !  !  !  !  
Head0  : ^                          
---------------------------------------------
Step   : 410
State  : 71
Index0 : 5 6 7 8 9 10 11 12 13 14 
Tape0  : ! ! ! ! ! !  !  !  !  !  
Head0  : ^                        
---------------------------------------------
Step   : 411
State  : 71
Index0 : 6 7 8 9 10 11 12 13 14 
Tape0  : ! ! ! ! !  !  !  !  !  
Head0  : ^                      
---------------------------------------------
Step   : 412
State  : 71
Index0 : 7 8 9 10 11 12 13 14 
Tape0  : ! ! ! !  !  !  !  !  
Head0  : ^                    
---------------------------------------------
Step   : 413
State  : 71
Index0 : 8 9 10 11 12 13 14 
Tape0  : ! ! !  !  !  !  !  
Head0  : ^                  
---------------------------------------------
Step   : 414
State  : 71
Index0 : 9 10 11 12 13 14 
Tape0  : ! !  !  !  !  !  
Head0  : ^                
---------------------------------------------
Step   : 415
State  : 71
Index0 : 10 11 12 13 14 
Tape0  : !  !  !  !  !  
Head0  : ^              
---------------------------------------------
Step   : 416
State  : 71
Index0 : 11 12 13 14 
Tape0  : !  !  !  !  
Head0  : ^           
---------------------------------------------
Step   : 417
State  : 71
Index0 : 12 13 14 
Tape0  : !  !  !  
Head0  : ^        
---------------------------------------------
Step   : 418
State  : 71
Index0 : 13 14 
Tape0  : !  !  
Head0  : ^     
---------------------------------------------
Step   : 419
State  : 71
Index0 : 14 
Tape0  : !  
Head0  : ^  
---------------------------------------------
Step   : 420
State  : 71
Index0 : 15 
Tape0  : _  
Head0  : ^  
---------------------------------------------
Step   : 421
State  : reject
Index0 : 15 
Tape0  : _  
Head0  : ^  
---------------------------------------------
Step   : 422
State  : reject2
Index0 : 15 16 
Tape0  : :  _  
Head0  :    ^  
---------------------------------------------
Step   : 423
State  : halt_reject
Index0 : 15 16 
Tape0  : :  (  
Head0  :    ^  
---------------------------------------------
Result: :(
==================== END ====================
