Input: 01~1|&
==================== RUN ====================
Step   : 0
State  : 0
Index0 : 0 1 2 3 4 5 
Tape0  : 0 1 ~ 1 | & 
Head0  : ^           
---------------------------------------------
Step   : 1
State  : 1
Index0 : 0 1 2 3 4 5 
Tape0  : 0 1 ~ 1 | & 
Head0  : ^           
---------------------------------------------
Step   : 2
State  : 100
Index0 : 1 0 1 2 3 4 5 
Tape0  : _ x 1 ~ 1 | & 
Head0  : ^             
---------------------------------------------
Step   : 3
State  : 101
Index0 : 2 1 0 1 2 3 4 5 
Tape0  : _ _ x 1 ~ 1 | & 
Head0  : ^               
---------------------------------------------
Step   : 4
State  : 102
Index0 : 2 1 0 1 2 3 4 5 
Tape0  : 0 _ x 1 ~ 1 | & 
Head0  :   ^             
---------------------------------------------
Step   : 5
State  : 0
Index0 : 2 1 0 1 2 3 4 5 
Tape0  : 0 _ x 1 ~ 1 | & 
Head0  :     ^           
---------------------------------------------
Step   : 6
State  : 1
Index0 : 2 1 0 1 2 3 4 5 
Tape0  : 0 _ x 1 ~ 1 | & 
Head0  :     ^           
---------------------------------------------
Step   : 7
State  : 1
Index0 : 2 1 0 1 2 3 4 5 
Tape0  : 0 _ x 1 ~ 1 | & 
Head0  :       ^         
---------------------------------------------
Step   : 8
State  : 110
Index0 : 2 1 0 1 2 3 4 5 
Tape0  : 0 _ x x ~ 1 | & 
Head0  :     ^           
---------------------------------------------
Step   : 9
State  : 110
Index0 : 2 1 0 1 2 3 4 5 
Tape0  : 0 _ x x ~ 1 | & 
Head0  :   ^             
---------------------------------------------
Step   : 10
State  : 111
Index0 : 2 1 0 1 2 3 4 5 
Tape0  : 0 _ x x ~ 1 | & 
Head0  : ^               
---------------------------------------------
Step   : 11
State  : 111
Index0 : 3 2 1 0 1 2 3 4 5 
Tape0  : _ 0 _ x x ~ 1 | & 
Head0  : ^                 
---------------------------------------------
Step   : 12
State  : 112
Index0 : 3 2 1 0 1 2 3 4 5 
Tape0  : 1 0 _ x x ~ 1 | & 
Head0  :   ^               
---------------------------------------------
Step   : 13
State  : 112
Index0 : 3 2 1 0 1 2 3 4 5 
Tape0  : 1 0 _ x x ~ 1 | & 
Head0  :     ^             
---------------------------------------------
Step   : 14
State  : 0
Index0 : 3 2 1 0 1 2 3 4 5 
Tape0  : 1 0 _ x x ~ 1 | & 
Head0  :       ^           
---------------------------------------------
Step   : 15
State  : 1
Index0 : 3 2 1 0 1 2 3 4 5 
Tape0  : 1 0 _ x x ~ 1 | & 
Head0  :       ^           
---------------------------------------------
Step   : 16
State  : 1
Index0 : 3 2 1 0 1 2 3 4 5 
Tape0  : 1 0 _ x x ~ 1 | & 
Head0  :         ^         
---------------------------------------------
Step   : 17
State  : 1
Index0 : 3 2 1 0 1 2 3 4 5 
Tape0  : 1 0 _ x x ~ 1 | & 
Head0  :           ^       
---------------------------------------------
Step   : 18
State  : 140
Index0 : 3 2 1 0 1 2 3 4 5 
Tape0  : 1 0 _ x x x 1 | & 
Head0  :         ^         
---------------------------------------------
Step   : 19
State  : 140
Index0 : 3 2 1 0 1 2 3 4 5 
Tape0  : 1 0 _ x x x 1 | & 
Head0  :       ^           
---------------------------------------------
Step   : 20
State  : 140
Index0 : 3 2 1 0 1 2 3 4 5 
Tape0  : 1 0 _ x x x 1 | & 
Head0  :     ^             
---------------------------------------------
Step   : 21
State  : 141
Index0 : 3 2 1 0 1 2 3 4 5 
Tape0  : 1 0 _ x x x 1 | & 
Head0  :   ^               
---------------------------------------------
Step   : 22
State  : 141
Index0 : 3 2 1 0 1 2 3 4 5 
Tape0  : 1 0 _ x x x 1 | & 
Head0  : ^                 
---------------------------------------------
Step   : 23
State  : 141
Index0 : 4 3 2 1 0 1 2 3 4 5 
Tape0  : _ 1 0 _ x x x 1 | & 
Head0  : ^                   
---------------------------------------------
Step   : 24
State  : 142
Index0 : 3 2 1 0 1 2 3 4 5 
Tape0  : 1 0 _ x x x 1 | & 
Head0  : ^                 
---------------------------------------------
Step   : 25
State  : 147
Index0 : 3 2 1 0 1 2 3 4 5 
Tape0  : 0 0 _ x x x 1 | & 
Head0  :   ^               
---------------------------------------------
Step   : 26
State  : 147
Index0 : 3 2 1 0 1 2 3 4 5 
Tape0  : 0 0 _ x x x 1 | & 
Head0  :     ^             
---------------------------------------------
Step   : 27
State  : 0
Index0 : 3 2 1 0 1 2 3 4 5 
Tape0  : 0 0 _ x x x 1 | & 
Head0  :       ^           
---------------------------------------------
Step   : 28
State  : 1
Index0 : 3 2 1 0 1 2 3 4 5 
Tape0  : 0 0 _ x x x 1 | & 
Head0  :       ^           
---------------------------------------------
Step   : 29
State  : 1
Index0 : 3 2 1 0 1 2 3 4 5 
Tape0  : 0 0 _ x x x 1 | & 
Head0  :         ^         
---------------------------------------------
Step   : 30
State  : 1
Index0 : 3 2 1 0 1 2 3 4 5 
Tape0  : 0 0 _ x x x 1 | & 
Head0  :           ^       
---------------------------------------------
Step   : 31
State  : 1
Index0 : 3 2 1 0 1 2 3 4 5 
Tape0  : 0 0 _ x x x 1 | & 
Head0  :             ^     
---------------------------------------------
Step   : 32
State  : 110
Index0 : 3 2 1 0 1 2 3 4 5 
Tape0  : 0 0 _ x x x x | & 
Head0  :           ^       
---------------------------------------------
Step   : 33
State  : 110
Index0 : 3 2 1 0 1 2 3 4 5 
Tape0  : 0 0 _ x x x x | & 
Head0  :         ^         
---------------------------------------------
Step   : 34
State  : 110
Index0 : 3 2 1 0 1 2 3 4 5 
Tape0  : 0 0 _ x x x x | & 
Head0  :       ^           
---------------------------------------------
Step   : 35
State  : 110
Index0 : 3 2 1 0 1 2 3 4 5 
Tape0  : 0 0 _ x x x x | & 
Head0  :     ^             
---------------------------------------------
Step   : 36
State  : 111
Index0 : 3 2 1 0 1 2 3 4 5 
Tape0  : 0 0 _ x x x x | & 
Head0  :   ^               
---------------------------------------------
Step   : 37
State  : 111
Index0 : 3 2 1 0 1 2 3 4 5 
Tape0  : 0 0 _ x x x x | & 
Head0  : ^                 
---------------------------------------------
Step   : 38
State  : 111
Index0 : 4 3 2 1 0 1 2 3 4 5 
Tape0  : _ 0 0 _ x x x x | & 
Head0  : ^                   
---------------------------------------------
Step   : 39
State  : 112
Index0 : 4 3 2 1 0 1 2 3 4 5 
Tape0  : 1 0 0 _ x x x x | & 
Head0  :   ^                 
---------------------------------------------
Step   : 40
State  : 112
Index0 : 4 3 2 1 0 1 2 3 4 5 
Tape0  : 1 0 0 _ x x x x | & 
Head0  :     ^               
---------------------------------------------
Step   : 41
State  : 112
Index0 : 4 3 2 1 0 1 2 3 4 5 
Tape0  : 1 0 0 _ x x x x | & 
Head0  :       ^             
---------------------------------------------
Step   : 42
State  : 0
Index0 : 4 3 2 1 0 1 2 3 4 5 
Tape0  : 1 0 0 _ x x x x | & 
Head0  :         ^           
---------------------------------------------
Step   : 43
State  : 1
Index0 : 4 3 2 1 0 1 2 3 4 5 
Tape0  : 1 0 0 _ x x x x | & 
Head0  :         ^           
---------------------------------------------
Step   : 44
State  : 1
Index0 : 4 3 2 1 0 1 2 3 4 5 
Tape0  : 1 0 0 _ x x x x | & 
Head0  :           ^         
---------------------------------------------
Step   : 45
State  : 1
Index0 : 4 3 2 1 0 1 2 3 4 5 
Tape0  : 1 0 0 _ x x x x | & 
Head0  :             ^       
---------------------------------------------
Step   : 46
State  : 1
Index0 : 4 3 2 1 0 1 2 3 4 5 
Tape0  : 1 0 0 _ x x x x | & 
Head0  :               ^     
---------------------------------------------
Step   : 47
State  : 1
Index0 : 4 3 2 1 0 1 2 3 4 5 
Tape0  : 1 0 0 _ x x x x | & 
Head0  :                 ^   
---------------------------------------------
Step   : 48
State  : 130
Index0 : 4 3 2 1 0 1 2 3 4 5 
Tape0  : 1 0 0 _ x x x x x & 
Head0  :               ^     
---------------------------------------------
Step   : 49
State  : 130
Index0 : 4 3 2 1 0 1 2 3 4 5 
Tape0  : 1 0 0 _ x x x x x & 
Head0  :             ^       
---------------------------------------------
Step   : 50
State  : 130
Index0 : 4 3 2 1 0 1 2 3 4 5 
Tape0  : 1 0 0 _ x x x x x & 
Head0  :           ^         
---------------------------------------------
Step   : 51
State  : 130
Index0 : 4 3 2 1 0 1 2 3 4 5 
Tape0  : 1 0 0 _ x x x x x & 
Head0  :         ^           
---------------------------------------------
Step   : 52
State  : 130
Index0 : 4 3 2 1 0 1 2 3 4 5 
Tape0  : 1 0 0 _ x x x x x & 
Head0  :       ^             
---------------------------------------------
Step   : 53
State  : 131
Index0 : 4 3 2 1 0 1 2 3 4 5 
Tape0  : 1 0 0 _ x x x x x & 
Head0  :     ^               
---------------------------------------------
Step   : 54
State  : 131
Index0 : 4 3 2 1 0 1 2 3 4 5 
Tape0  : 1 0 0 _ x x x x x & 
Head0  :   ^                 
---------------------------------------------
Step   : 55
State  : 131
Index0 : 4 3 2 1 0 1 2 3 4 5 
Tape0  : 1 0 0 _ x x x x x & 
Head0  : ^                   
---------------------------------------------
Step   : 56
State  : 131
Index0 : 5 4 3 2 1 0 1 2 3 4 5 
Tape0  : _ 1 0 0 _ x x x x x & 
Head0  : ^                     
---------------------------------------------
Step   : 57
State  : 132
Index0 : 4 3 2 1 0 1 2 3 4 5 
Tape0  : 1 0 0 _ x x x x x & 
Head0  : ^                   
---------------------------------------------
Step   : 58
State  : 134
Index0 : 3 2 1 0 1 2 3 4 5 
Tape0  : 0 0 _ x x x x x & 
Head0  : ^                 
---------------------------------------------
Step   : 59
State  : 137
Index0 : 3 2 1 0 1 2 3 4 5 
Tape0  : 1 0 _ x x x x x & 
Head0  :   ^               
---------------------------------------------
Step   : 60
State  : 137
Index0 : 3 2 1 0 1 2 3 4 5 
Tape0  : 1 0 _ x x x x x & 
Head0  :     ^             
---------------------------------------------
Step   : 61
State  : 0
Index0 : 3 2 1 0 1 2 3 4 5 
Tape0  : 1 0 _ x x x x x & 
Head0  :       ^           
---------------------------------------------
Step   : 62
State  : 1
Index0 : 3 2 1 0 1 2 3 4 5 
Tape0  : 1 0 _ x x x x x & 
Head0  :       ^           
---------------------------------------------
Step   : 63
State  : 1
Index0 : 3 2 1 0 1 2 3 4 5 
Tape0  : 1 0 _ x x x x x & 
Head0  :         ^         
---------------------------------------------
Step   : 64
State  : 1
Index0 : 3 2 1 0 1 2 3 4 5 
Tape0  : 1 0 _ x x x x x & 
Head0  :           ^       
---------------------------------------------
Step   : 65
State  : 1
Index0 : 3 2 1 0 1 2 3 4 5 
Tape0  : 1 0 _ x x x x x & 
Head0  :             ^     
---------------------------------------------
Step   : 66
State  : 1
Index0 : 3 2 1 0 1 2 3 4 5 
Tape0  : 1 0 _ x x x x x & 
Head0  :               ^   
---------------------------------------------
Step   : 67
State  : 1
Index0 : 3 2 1 0 1 2 3 4 5 
Tape0  : 1 0 _ x x x x x & 
Head0  :                 ^ 
---------------------------------------------
Step   : 68
State  : 120
Index0 : 3 2 1 0 1 2 3 4 5 
Tape0  : 1 0 _ x x x x x x 
Head0  :               ^   
---------------------------------------------
Step   : 69
State  : 120
Index0 : 3 2 1 0 1 2 3 4 5 
Tape0  : 1 0 _ x x x x x x 
Head0  :             ^     
---------------------------------------------
Step   : 70
State  : 120
Index0 : 3 2 1 0 1 2 3 4 5 
Tape0  : 1 0 _ x x x x x x 
Head0  :           ^       
---------------------------------------------
Step   : 71
State  : 120
Index0 : 3 2 1 0 1 2 3 4 5 
Tape0  : 1 0 _ x x x x x x 
Head0  :         ^         
---------------------------------------------
Step   : 72
State  : 120
Index0 : 3 2 1 0 1 2 3 4 5 
Tape0  : 1 0 _ x x x x x x 
Head0  :       ^           
---------------------------------------------
Step   : 73
State  : 120
Index0 : 3 2 1 0 1 2 3 4 5 
Tape0  : 1 0 _ x x x x x x 
Head0  :     ^             
---------------------------------------------
Step   : 74
State  : 121
Index0 : 3 2 1 0 1 2 3 4 5 
Tape0  : 1 0 _ x x x x x x 
Head0  :   ^               
---------------------------------------------
Step   : 75
State  : 121
Index0 : 3 2 1 0 1 2 3 4 5 
Tape0  : 1 0 _ x x x x x x 
Head0  : ^                 
---------------------------------------------
Step   : 76
State  : 121
Index0 : 4 3 2 1 0 1 2 3 4 5 
Tape0  : _ 1 0 _ x x x x x x 
Head0  : ^                   
---------------------------------------------
Step   : 77
State  : 122
Index0 : 3 2 1 0 1 2 3 4 5 
Tape0  : 1 0 _ x x x x x x 
Head0  : ^                 
---------------------------------------------
Step   : 78
State  : 124
Index0 : 2 1 0 1 2 3 4 5 
Tape0  : 0 _ x x x x x x 
Head0  : ^               
---------------------------------------------
Step   : 79
State  : 127
Index0 : 2 1 0 1 2 3 4 5 
Tape0  : 0 _ x x x x x x 
Head0  :   ^             
---------------------------------------------
Step   : 80
State  : 0
Index0 : 2 1 0 1 2 3 4 5 
Tape0  : 0 _ x x x x x x 
Head0  :     ^           
---------------------------------------------
Step   : 81
State  : 1
Index0 : 2 1 0 1 2 3 4 5 
Tape0  : 0 _ x x x x x x 
Head0  :     ^           
---------------------------------------------
Step   : 82
State  : 1
Index0 : 2 1 0 1 2 3 4 5 
Tape0  : 0 _ x x x x x x 
Head0  :       ^         
---------------------------------------------
Step   : 83
State  : 1
Index0 : 2 1 0 1 2 3 4 5 
Tape0  : 0 _ x x x x x x 
Head0  :         ^       
---------------------------------------------
Step   : 84
State  : 1
Index0 : 2 1 0 1 2 3 4 5 
Tape0  : 0 _ x x x x x x 
Head0  :           ^     
---------------------------------------------
Step   : 85
State  : 1
Index0 : 2 1 0 1 2 3 4 5 
Tape0  : 0 _ x x x x x x 
Head0  :             ^   
---------------------------------------------
Step   : 86
State  : 1
Index0 : 2 1 0 1 2 3 4 5 
Tape0  : 0 _ x x x x x x 
Head0  :               ^ 
---------------------------------------------
Step   : 87
State  : 1
Index0 : 2 1 0 1 2 3 4 5 6 
Tape0  : 0 _ x x x x x x _ 
Head0  :                 ^ 
---------------------------------------------
Step   : 88
State  : 2
Index0 : 2 1 0 1 2 3 4 5 
Tape0  : 0 _ x x x x x x 
Head0  :               ^ 
---------------------------------------------
Step   : 89
State  : 2
Index0 : 2 1 0 1 2 3 4 
Tape0  : 0 _ x x x x x 
Head0  :             ^ 
---------------------------------------------
Step   : 90
State  : 2
Index0 : 2 1 0 1 2 3 
Tape0  : 0 _ x x x x 
Head0  :           ^ 
---------------------------------------------
Step   : 91
State  : 2
Index0 : 2 1 0 1 2 
Tape0  : 0 _ x x x 
Head0  :         ^ 
---------------------------------------------
Step   : 92
State  : 2
Index0 : 2 1 0 1 
Tape0  : 0 _ x x 
Head0  :       ^ 
---------------------------------------------
Step   : 93
State  : 2
Index0 : 2 1 0 
Tape0  : 0 _ x 
Head0  :     ^ 
---------------------------------------------
Step   : 94
State  : 2
Index0 : 2 1 
Tape0  : 0 _ 
Head0  :   ^ 
---------------------------------------------
Step   : 95
State  : halt
Index0 : 2 
Tape0  : 0 
Head0  : ^ 
---------------------------------------------
Result: 0
==================== END ====================
