Input: 01~1|&11&|~
==================== RUN ====================
Step   : 0
State  : 0
Index0 : 0 1 2 3 4 5 6 7 8 9 10 
Tape0  : 0 1 ~ 1 | & 1 1 & | ~  
Head0  : ^                      
---------------------------------------------
Step   : 1
State  : 1
Index0 : 0 1 2 3 4 5 6 7 8 9 10 
Tape0  : 0 1 ~ 1 | & 1 1 & | ~  
Head0  : ^                      
---------------------------------------------
Step   : 2
State  : 100
Index0 : 1 0 1 2 3 4 5 6 7 8 9 10 
Tape0  : _ x 1 ~ 1 | & 1 1 & | ~  
Head0  : ^                        
---------------------------------------------
Step   : 3
State  : 101
Index0 : 2 1 0 1 2 3 4 5 6 7 8 9 10 
Tape0  : _ _ x 1 ~ 1 | & 1 1 & | ~  
Head0  : ^                          
---------------------------------------------
Step   : 4
State  : 102
Index0 : 2 1 0 1 2 3 4 5 6 7 8 9 10 
Tape0  : 0 _ x 1 ~ 1 | & 1 1 & | ~  
Head0  :   ^                        
---------------------------------------------
Step   : 5
State  : 0
Index0 : 2 1 0 1 2 3 4 5 6 7 8 9 10 
Tape0  : 0 _ x 1 ~ 1 | & 1 1 & | ~  
Head0  :     ^                      
---------------------------------------------
Step   : 6
State  : 1
Index0 : 2 1 0 1 2 3 4 5 6 7 8 9 10 
Tape0  : 0 _ x 1 ~ 1 | & 1 1 & | ~  
Head0  :     ^                      
---------------------------------------------
Step   : 7
State  : 1
Index0 : 2 1 0 1 2 3 4 5 6 7 8 9 10 
Tape0  : 0 _ x 1 ~ 1 | & 1 1 & | ~  
Head0  :       ^                    
---------------------------------------------
Step   : 8
State  : 110
Index0 : 2 1 0 1 2 3 4 5 6 7 8 9 10 
Tape0  : 0 _ x x ~ 1 | & 1 1 & | ~  
Head0  :     ^                      
---------------------------------------------
Step   : 9
State  : 110
Index0 : 2 1 0 1 2 3 4 5 6 7 8 9 10 
Tape0  : 0 _ x x ~ 1 | & 1 1 & | ~  
Head0  :   ^                        
---------------------------------------------
Step   : 10
State  : 111
Index0 : 2 1 0 1 2 3 4 5 6 7 8 9 10 
Tape0  : 0 _ x x ~ 1 | & 1 1 & | ~  
Head0  : ^                          
---------------------------------------------
Step   : 11
State  : 111
Index0 : 3 2 1 0 1 2 3 4 5 6 7 8 9 10 
Tape0  : _ 0 _ x x ~ 1 | & 1 1 & | ~  
Head0  : ^                            
---------------------------------------------
Step   : 12
State  : 112
Index0 : 3 2 1 0 1 2 3 4 5 6 7 8 9 10 
Tape0  : 1 0 _ x x ~ 1 | & 1 1 & | ~  
Head0  :   ^                          
---------------------------------------------
Step   : 13
State  : 112
Index0 : 3 2 1 0 1 2 3 4 5 6 7 8 9 10 
Tape0  : 1 0 _ x x ~ 1 | & 1 1 & | ~  
Head0  :     ^                        
---------------------------------------------
Step   : 14
State  : 0
Index0 : 3 2 1 0 1 2 3 4 5 6 7 8 9 10 
Tape0  : 1 0 _ x x ~ 1 | & 1 1 & | ~  
Head0  :       ^                      
---------------------------------------------
Step   : 15
State  : 1
Index0 : 3 2 1 0 1 2 3 4 5 6 7 8 9 10 
Tape0  : 1 0 _ x x ~ 1 | & 1 1 & | ~  
Head0  :       ^                      
---------------------------------------------
Step   : 16
State  : 1
Index0 : 3 2 1 0 1 2 3 4 5 6 7 8 9 10 
Tape0  : 1 0 _ x x ~ 1 | & 1 1 & | ~  
Head0  :         ^                    
---------------------------------------------
Step   : 17
State  : 1
Index0 : 3 2 1 0 1 2 3 4 5 6 7 8 9 10 
Tape0  : 1 0 _ x x ~ 1 | & 1 1 & | ~  
Head0  :           ^                  
---------------------------------------------
Step   : 18
State  : 140
Index0 : 3 2 1 0 1 2 3 4 5 6 7 8 9 10 
Tape0  : 1 0 _ x x x 1 | & 1 1 & | ~  
Head0  :         ^                    
---------------------------------------------
Step   : 19
State  : 140
Index0 : 3 2 1 0 1 2 3 4 5 6 7 8 9 10 
Tape0  : 1 0 _ x x x 1 | & 1 1 & | ~  
Head0  :       ^                      
---------------------------------------------
Step   : 20
State  : 140
Index0 : 3 2 1 0 1 2 3 4 5 6 7 8 9 10 
Tape0  : 1 0 _ x x x 1 | & 1 1 & | ~  
Head0  :     ^                        
---------------------------------------------
Step   : 21
State  : 141
Index0 : 3 2 1 0 1 2 3 4 5 6 7 8 9 10 
Tape0  : 1 0 _ x x x 1 | & 1 1 & | ~  
Head0  :   ^                          
---------------------------------------------
Step   : 22
State  : 141
Index0 : 3 2 1 0 1 2 3 4 5 6 7 8 9 10 
Tape0  : 1 0 _ x x x 1 | & 1 1 & | ~  
Head0  : ^                            
---------------------------------------------
Step   : 23
State  : 141
Index0 : 4 3 2 1 0 1 2 3 4 5 6 7 8 9 10 
Tape0  : _ 1 0 _ x x x 1 | & 1 1 & | ~  
Head0  : ^                              
---------------------------------------------
Step   : 24
State  : 142
Index0 : 3 2 1 0 1 2 3 4 5 6 7 8 9 10 
Tape0  : 1 0 _ x x x 1 | & 1 1 & | ~  
Head0  : ^                            
---------------------------------------------
Step   : 25
State  : 147
Index0 : 3 2 1 0 1 2 3 4 5 6 7 8 9 10 
Tape0  : 0 0 _ x x x 1 | & 1 1 & | ~  
Head0  :   ^                          
---------------------------------------------
Step   : 26
State  : 147
Index0 : 3 2 1 0 1 2 3 4 5 6 7 8 9 10 
Tape0  : 0 0 _ x x x 1 | & 1 1 & | ~  
Head0  :     ^                        
---------------------------------------------
Step   : 27
State  : 0
Index0 : 3 2 1 0 1 2 3 4 5 6 7 8 9 10 
Tape0  : 0 0 _ x x x 1 | & 1 1 & | ~  
Head0  :       ^                      
---------------------------------------------
Step   : 28
State  : 1
Index0 : 3 2 1 0 1 2 3 4 5 6 7 8 9 10 
Tape0  : 0 0 _ x x x 1 | & 1 1 & | ~  
Head0  :       ^                      
---------------------------------------------
Step   : 29
State  : 1
Index0 : 3 2 1 0 1 2 3 4 5 6 7 8 9 10 
Tape0  : 0 0 _ x x x 1 | & 1 1 & | ~  
Head0  :         ^                    
---------------------------------------------
Step   : 30
State  : 1
Index0 : 3 2 1 0 1 2 3 4 5 6 7 8 9 10 
Tape0  : 0 0 _ x x x 1 | & 1 1 & | ~  
Head0  :           ^                  
---------------------------------------------
Step   : 31
State  : 1
Index0 : 3 2 1 0 1 2 3 4 5 6 7 8 9 10 
Tape0  : 0 0 _ x x x 1 | & 1 1 & | ~  
Head0  :             ^                
---------------------------------------------
Step   : 32
State  : 110
Index0 : 3 2 1 0 1 2 3 4 5 6 7 8 9 10 
Tape0  : 0 0 _ x x x x | & 1 1 & | ~  
Head0  :           ^                  
---------------------------------------------
Step   : 33
State  : 110
Index0 : 3 2 1 0 1 2 3 4 5 6 7 8 9 10 
Tape0  : 0 0 _ x x x x | & 1 1 & | ~  
Head0  :         ^                    
---------------------------------------------
Step   : 34
State  : 110
Index0 : 3 2 1 0 1 2 3 4 5 6 7 8 9 10 
Tape0  : 0 0 _ x x x x | & 1 1 & | ~  
Head0  :       ^                      
---------------------------------------------
Step   : 35
State  : 110
Index0 : 3 2 1 0 1 2 3 4 5 6 7 8 9 10 
Tape0  : 0 0 _ x x x x | & 1 1 & | ~  
Head0  :     ^                        
---------------------------------------------
Step   : 36
State  : 111
Index0 : 3 2 1 0 1 2 3 4 5 6 7 8 9 10 
Tape0  : 0 0 _ x x x x | & 1 1 & | ~  
Head0  :   ^                          
---------------------------------------------
Step   : 37
State  : 111
Index0 : 3 2 1 0 1 2 3 4 5 6 7 8 9 10 
Tape0  : 0 0 _ x x x x | & 1 1 & | ~  
Head0  : ^                            
---------------------------------------------
Step   : 38
State  : 111
Index0 : 4 3 2 1 0 1 2 3 4 5 6 7 8 9 10 
Tape0  : _ 0 0 _ x x x x | & 1 1 & | ~  
Head0  : ^                              
---------------------------------------------
Step   : 39
State  : 112
Index0 : 4 3 2 1 0 1 2 3 4 5 6 7 8 9 10 
Tape0  : 1 0 0 _ x x x x | & 1 1 & | ~  
Head0  :   ^                            
---------------------------------------------
Step   : 40
State  : 112
Index0 : 4 3 2 1 0 1 2 3 4 5 6 7 8 9 10 
Tape0  : 1 0 0 _ x x x x | & 1 1 & | ~  
Head0  :     ^                          
---------------------------------------------
Step   : 41
State  : 112
Index0 : 4 3 2 1 0 1 2 3 4 5 6 7 8 9 10 
Tape0  : 1 0 0 _ x x x x | & 1 1 & | ~  
Head0  :       ^                        
---------------------------------------------
Step   : 42
State  : 0
Index0 : 4 3 2 1 0 1 2 3 4 5 6 7 8 9 10 
Tape0  : 1 0 0 _ x x x x | & 1 1 & | ~  
Head0  :         ^                      
---------------------------------------------
Step   : 43
State  : 1
Index0 : 4 3 2 1 0 1 2 3 4 5 6 7 8 9 10 
Tape0  : 1 0 0 _ x x x x | & 1 1 & | ~  
Head0  :         ^                      
---------------------------------------------
Step   : 44
State  : 1
Index0 : 4 3 2 1 0 1 2 3 4 5 6 7 8 9 10 
Tape0  : 1 0 0 _ x x x x | & 1 1 & | ~  
Head0  :           ^                    
---------------------------------------------
Step   : 45
State  : 1
Index0 : 4 3 2 1 0 1 2 3 4 5 6 7 8 9 10 
Tape0  : 1 0 0 _ x x x x | & 1 1 & | ~  
Head0  :             ^                  
---------------------------------------------
Step   : 46
State  : 1
Index0 : 4 3 2 1 0 1 2 3 4 5 6 7 8 9 10 
Tape0  : 1 0 0 _ x x x x | & 1 1 & | ~  
Head0  :               ^                
---------------------------------------------
Step   : 47
State  : 1
Index0 : 4 3 2 1 0 1 2 3 4 5 6 7 8 9 10 
Tape0  : 1 0 0 _ x x x x | & 1 1 & | ~  
Head0  :                 ^              
---------------------------------------------
Step   : 48
State  : 130
Index0 : 4 3 2 1 0 1 2 3 4 5 6 7 8 9 10 
Tape0  : 1 0 0 _ x x x x x & 1 1 & | ~  
Head0  :               ^                
---------------------------------------------
Step   : 49
State  : 130
Index0 : 4 3 2 1 0 1 2 3 4 5 6 7 8 9 10 
Tape0  : 1 0 0 _ x x x x x & 1 1 & | ~  
Head0  :             ^                  
---------------------------------------------
Step   : 50
State  : 130
Index0 : 4 3 2 1 0 1 2 3 4 5 6 7 8 9 10 
Tape0  : 1 0 0 _ x x x x x & 1 1 & | ~  
Head0  :           ^                    
---------------------------------------------
Step   : 51
State  : 130
Index0 : 4 3 2 1 0 1 2 3 4 5 6 7 8 9 10 
Tape0  : 1 0 0 _ x x x x x & 1 1 & | ~  
Head0  :         ^                      
---------------------------------------------
Step   : 52
State  : 130
Index0 : 4 3 2 1 0 1 2 3 4 5 6 7 8 9 10 
Tape0  : 1 0 0 _ x x x x x & 1 1 & | ~  
Head0  :       ^                        
---------------------------------------------
Step   : 53
State  : 131
Index0 : 4 3 2 1 0 1 2 3 4 5 6 7 8 9 10 
Tape0  : 1 0 0 _ x x x x x & 1 1 & | ~  
Head0  :     ^                          
---------------------------------------------
Step   : 54
State  : 131
Index0 : 4 3 2 1 0 1 2 3 4 5 6 7 8 9 10 
Tape0  : 1 0 0 _ x x x x x & 1 1 & | ~  
Head0  :   ^                            
---------------------------------------------
Step   : 55
State  : 131
Index0 : 4 3 2 1 0 1 2 3 4 5 6 7 8 9 10 
Tape0  : 1 0 0 _ x x x x x & 1 1 & | ~  
Head0  : ^                              
---------------------------------------------
Step   : 56
State  : 131
Index0 : 5 4 3 2 1 0 1 2 3 4 5 6 7 8 9 10 
Tape0  : _ 1 0 0 _ x x x x x & 1 1 & | ~  
Head0  : ^                                
---------------------------------------------
Step   : 57
State  : 132
Index0 : 4 3 2 1 0 1 2 3 4 5 6 7 8 9 10 
Tape0  : 1 0 0 _ x x x x x & 1 1 & | ~  
Head0  : ^                              
---------------------------------------------
Step   : 58
State  : 134
Index0 : 3 2 1 0 1 2 3 4 5 6 7 8 9 10 
Tape0  : 0 0 _ x x x x x & 1 1 & | ~  
Head0  : ^                            
---------------------------------------------
Step   : 59
State  : 137
Index0 : 3 2 1 0 1 2 3 4 5 6 7 8 9 10 
Tape0  : 1 0 _ x x x x x & 1 1 & | ~  
Head0  :   ^                          
---------------------------------------------
Step   : 60
State  : 137
Index0 : 3 2 1 0 1 2 3 4 5 6 7 8 9 10 
Tape0  : 1 0 _ x x x x x & 1 1 & | ~  
Head0  :     ^                        
---------------------------------------------
Step   : 61
State  : 0
Index0 : 3 2 1 0 1 2 3 4 5 6 7 8 9 10 
Tape0  : 1 0 _ x x x x x & 1 1 & | ~  
Head0  :       ^                      
---------------------------------------------
Step   : 62
State  : 1
Index0 : 3 2 1 0 1 2 3 4 5 6 7 8 9 10 
Tape0  : 1 0 _ x x x x x & 1 1 & | ~  
Head0  :       ^                      
---------------------------------------------
Step   : 63
State  : 1
Index0 : 3 2 1 0 1 2 3 4 5 6 7 8 9 10 
Tape0  : 1 0 _ x x x x x & 1 1 & | ~  
Head0  :         ^                    
---------------------------------------------
Step   : 64
State  : 1
Index0 : 3 2 1 0 1 2 3 4 5 6 7 8 9 10 
Tape0  : 1 0 _ x x x x x & 1 1 & | ~  
Head0  :           ^                  
---------------------------------------------
Step   : 65
State  : 1
Index0 : 3 2 1 0 1 2 3 4 5 6 7 8 9 10 
Tape0  : 1 0 _ x x x x x & 1 1 & | ~  
Head0  :             ^                
---------------------------------------------
Step   : 66
State  : 1
Index0 : 3 2 1 0 1 2 3 4 5 6 7 8 9 10 
Tape0  : 1 0 _ x x x x x & 1 1 & | ~  
Head0  :               ^              
---------------------------------------------
Step   : 67
State  : 1
Index0 : 3 2 1 0 1 2 3 4 5 6 7 8 9 10 
Tape0  : 1 0 _ x x x x x & 1 1 & | ~  
Head0  :                 ^            
---------------------------------------------
Step   : 68
State  : 120
Index0 : 3 2 1 0 1 2 3 4 5 6 7 8 9 10 
Tape0  : 1 0 _ x x x x x x 1 1 & | ~  
Head0  :               ^              
---------------------------------------------
Step   : 69
State  : 120
Index0 : 3 2 1 0 1 2 3 4 5 6 7 8 9 10 
Tape0  : 1 0 _ x x x x x x 1 1 & | ~  
Head0  :             ^                
---------------------------------------------
Step   : 70
State  : 120
Index0 : 3 2 1 0 1 2 3 4 5 6 7 8 9 10 
Tape0  : 1 0 _ x x x x x x 1 1 & | ~  
Head0  :           ^                  
---------------------------------------------
Step   : 71
State  : 120
Index0 : 3 2 1 0 1 2 3 4 5 6 7 8 9 10 
Tape0  : 1 0 _ x x x x x x 1 1 & | ~  
Head0  :         ^                    
---------------------------------------------
Step   : 72
State  : 120
Index0 : 3 2 1 0 1 2 3 4 5 6 7 8 9 10 
Tape0  : 1 0 _ x x x x x x 1 1 & | ~  
Head0  :       ^                      
---------------------------------------------
Step   : 73
State  : 120
Index0 : 3 2 1 0 1 2 3 4 5 6 7 8 9 10 
Tape0  : 1 0 _ x x x x x x 1 1 & | ~  
Head0  :     ^                        
---------------------------------------------
Step   : 74
State  : 121
Index0 : 3 2 1 0 1 2 3 4 5 6 7 8 9 10 
Tape0  : 1 0 _ x x x x x x 1 1 & | ~  
Head0  :   ^                          
---------------------------------------------
Step   : 75
State  : 121
Index0 : 3 2 1 0 1 2 3 4 5 6 7 8 9 10 
Tape0  : 1 0 _ x x x x x x 1 1 & | ~  
Head0  : ^                            
---------------------------------------------
Step   : 76
State  : 121
Index0 : 4 3 2 1 0 1 2 3 4 5 6 7 8 9 10 
Tape0  : _ 1 0 _ x x x x x x 1 1 & | ~  
Head0  : ^                              
---------------------------------------------
Step   : 77
State  : 122
Index0 : 3 2 1 0 1 2 3 4 5 6 7 8 9 10 
Tape0  : 1 0 _ x x x x x x 1 1 & | ~  
Head0  : ^                            
---------------------------------------------
Step   : 78
State  : 124
Index0 : 2 1 0 1 2 3 4 5 6 7 8 9 10 
Tape0  : 0 _ x x x x x x 1 1 & | ~  
Head0  : ^                          
---------------------------------------------
Step   : 79
State  : 127
Index0 : 2 1 0 1 2 3 4 5 6 7 8 9 10 
Tape0  : 0 _ x x x x x x 1 1 & | ~  
Head0  :   ^                        
---------------------------------------------
Step   : 80
State  : 0
Index0 : 2 1 0 1 2 3 4 5 6 7 8 9 10 
Tape0  : 0 _ x x x x x x 1 1 & | ~  
Head0  :     ^                      
---------------------------------------------
Step   : 81
State  : 1
Index0 : 2 1 0 1 2 3 4 5 6 7 8 9 10 
Tape0  : 0 _ x x x x x x 1 1 & | ~  
Head0  :     ^                      
---------------------------------------------
Step   : 82
State  : 1
Index0 : 2 1 0 1 2 3 4 5 6 7 8 9 10 
Tape0  : 0 _ x x x x x x 1 1 & | ~  
Head0  :       ^                    
---------------------------------------------
Step   : 83
State  : 1
Index0 : 2 1 0 1 2 3 4 5 6 7 8 9 10 
Tape0  : 0 _ x x x x x x 1 1 & | ~  
Head0  :         ^                  
---------------------------------------------
Step   : 84
State  : 1
Index0 : 2 1 0 1 2 3 4 5 6 7 8 9 10 
Tape0  : 0 _ x x x x x x 1 1 & | ~  
Head0  :           ^                
---------------------------------------------
Step   : 85
State  : 1
Index0 : 2 1 0 1 2 3 4 5 6 7 8 9 10 
Tape0  : 0 _ x x x x x x 1 1 & | ~  
Head0  :             ^              
---------------------------------------------
Step   : 86
State  : 1
Index0 : 2 1 0 1 2 3 4 5 6 7 8 9 10 
Tape0  : 0 _ x x x x x x 1 1 & | ~  
Head0  :               ^            
---------------------------------------------
Step   : 87
State  : 1
Index0 : 2 1 0 1 2 3 4 5 6 7 8 9 10 
Tape0  : 0 _ x x x x x x 1 1 & | ~  
Head0  :                 ^          
---------------------------------------------
Step   : 88
State  : 110
Index0 : 2 1 0 1 2 3 4 5 6 7 8 9 10 
Tape0  : 0 _ x x x x x x x 1 & | ~  
Head0  :               ^            
---------------------------------------------
Step   : 89
State  : 110
Index0 : 2 1 0 1 2 3 4 5 6 7 8 9 10 
Tape0  : 0 _ x x x x x x x 1 & | ~  
Head0  :             ^              
---------------------------------------------
Step   : 90
State  : 110
Index0 : 2 1 0 1 2 3 4 5 6 7 8 9 10 
Tape0  : 0 _ x x x x x x x 1 & | ~  
Head0  :           ^                
---------------------------------------------
Step   : 91
State  : 110
Index0 : 2 1 0 1 2 3 4 5 6 7 8 9 10 
Tape0  : 0 _ x x x x x x x 1 & | ~  
Head0  :         ^                  
---------------------------------------------
Step   : 92
State  : 110
Index0 : 2 1 0 1 2 3 4 5 6 7 8 9 10 
Tape0  : 0 _ x x x x x x x 1 & | ~  
Head0  :       ^                    
---------------------------------------------
Step   : 93
State  : 110
Index0 : 2 1 0 1 2 3 4 5 6 7 8 9 10 
Tape0  : 0 _ x x x x x x x 1 & | ~  
Head0  :     ^                      
---------------------------------------------
Step   : 94
State  : 110
Index0 : 2 1 0 1 2 3 4 5 6 7 8 9 10 
Tape0  : 0 _ x x x x x x x 1 & | ~  
Head0  :   ^                        
---------------------------------------------
Step   : 95
State  : 111
Index0 : 2 1 0 1 2 3 4 5 6 7 8 9 10 
Tape0  : 0 _ x x x x x x x 1 & | ~  
Head0  : ^                          
---------------------------------------------
Step   : 96
State  : 111
Index0 : 3 2 1 0 1 2 3 4 5 6 7 8 9 10 
Tape0  : _ 0 _ x x x x x x x 1 & | ~  
Head0  : ^                            
---------------------------------------------
Step   : 97
State  : 112
Index0 : 3 2 1 0 1 2 3 4 5 6 7 8 9 10 
Tape0  : 1 0 _ x x x x x x x 1 & | ~  
Head0  :   ^                          
---------------------------------------------
Step   : 98
State  : 112
Index0 : 3 2 1 0 1 2 3 4 5 6 7 8 9 10 
Tape0  : 1 0 _ x x x x x x x 1 & | ~  
Head0  :     ^                        
---------------------------------------------
Step   : 99
State  : 0
Index0 : 3 2 1 0 1 2 3 4 5 6 7 8 9 10 
Tape0  : 1 0 _ x x x x x x x 1 & | ~  
Head0  :       ^                      
---------------------------------------------
Step   : 100
State  : 1
Index0 : 3 2 1 0 1 2 3 4 5 6 7 8 9 10 
Tape0  : 1 0 _ x x x x x x x 1 & | ~  
Head0  :       ^                      
---------------------------------------------
Step   : 101
State  : 1
Index0 : 3 2 1 0 1 2 3 4 5 6 7 8 9 10 
Tape0  : 1 0 _ x x x x x x x 1 & | ~  
Head0  :         ^                    
---------------------------------------------
Step   : 102
State  : 1
Index0 : 3 2 1 0 1 2 3 4 5 6 7 8 9 10 
Tape0  : 1 0 _ x x x x x x x 1 & | ~  
Head0  :           ^                  
---------------------------------------------
Step   : 103
State  : 1
Index0 : 3 2 1 0 1 2 3 4 5 6 7 8 9 10 
Tape0  : 1 0 _ x x x x x x x 1 & | ~  
Head0  :             ^                
---------------------------------------------
Step   : 104
State  : 1
Index0 : 3 2 1 0 1 2 3 4 5 6 7 8 9 10 
Tape0  : 1 0 _ x x x x x x x 1 & | ~  
Head0  :               ^              
---------------------------------------------
Step   : 105
State  : 1
Index0 : 3 2 1 0 1 2 3 4 5 6 7 8 9 10 
Tape0  : 1 0 _ x x x x x x x 1 & | ~  
Head0  :                 ^            
---------------------------------------------
Step   : 106
State  : 1
Index0 : 3 2 1 0 1 2 3 4 5 6 7 8 9 10 
Tape0  : 1 0 _ x x x x x x x 1 & | ~  
Head0  :                   ^          
---------------------------------------------
Step   : 107
State  : 1
Index0 : 3 2 1 0 1 2 3 4 5 6 7 8 9 10 
Tape0  : 1 0 _ x x x x x x x 1 & | ~  
Head0  :                     ^        
---------------------------------------------
Step   : 108
State  : 110
Index0 : 3 2 1 0 1 2 3 4 5 6 7 8 9 10 
Tape0  : 1 0 _ x x x x x x x x & | ~  
Head0  :                   ^          
---------------------------------------------
Step   : 109
State  : 110
Index0 : 3 2 1 0 1 2 3 4 5 6 7 8 9 10 
Tape0  : 1 0 _ x x x x x x x x & | ~  
Head0  :                 ^            
---------------------------------------------
Step   : 110
State  : 110
Index0 : 3 2 1 0 1 2 3 4 5 6 7 8 9 10 
Tape0  : 1 0 _ x x x x x x x x & | ~  
Head0  :               ^              
---------------------------------------------
Step   : 111
State  : 110
Index0 : 3 2 1 0 1 2 3 4 5 6 7 8 9 10 
Tape0  : 1 0 _ x x x x x x x x & | ~  
Head0  :             ^                
---------------------------------------------
Step   : 112
State  : 110
Index0 : 3 2 1 0 1 2 3 4 5 6 7 8 9 10 
Tape0  : 1 0 _ x x x x x x x x & | ~  
Head0  :           ^                  
---------------------------------------------
Step   : 113
State  : 110
Index0 : 3 2 1 0 1 2 3 4 5 6 7 8 9 10 
Tape0  : 1 0 _ x x x x x x x x & | ~  
Head0  :         ^                    
---------------------------------------------
Step   : 114
State  : 110
Index0 : 3 2 1 0 1 2 3 4 5 6 7 8 9 10 
Tape0  : 1 0 _ x x x x x x x x & | ~  
Head0  :       ^                      
---------------------------------------------
Step   : 115
State  : 110
Index0 : 3 2 1 0 1 2 3 4 5 6 7 8 9 10 
Tape0  : 1 0 _ x x x x x x x x & | ~  
Head0  :     ^                        
---------------------------------------------
Step   : 116
State  : 111
Index0 : 3 2 1 0 1 2 3 4 5 6 7 8 9 10 
Tape0  : 1 0 _ x x x x x x x x & | ~  
Head0  :   ^                          
---------------------------------------------
Step   : 117
State  : 111
Index0 : 3 2 1 0 1 2 3 4 5 6 7 8 9 10 
Tape0  : 1 0 _ x x x x x x x x & | ~  
Head0  : ^                            
---------------------------------------------
Step   : 118
State  : 111
Index0 : 4 3 2 1 0 1 2 3 4 5 6 7 8 9 10 
Tape0  : _ 1 0 _ x x x x x x x x & | ~  
Head0  : ^                              
---------------------------------------------
Step   : 119
State  : 112
Index0 : 4 3 2 1 0 1 2 3 4 5 6 7 8 9 10 
Tape0  : 1 1 0 _ x x x x x x x x & | ~  
Head0  :   ^                            
---------------------------------------------
Step   : 120
State  : 112
Index0 : 4 3 2 1 0 1 2 3 4 5 6 7 8 9 10 
Tape0  : 1 1 0 _ x x x x x x x x & | ~  
Head0  :     ^                          
---------------------------------------------
Step   : 121
State  : 112
Index0 : 4 3 2 1 0 1 2 3 4 5 6 7 8 9 10 
Tape0  : 1 1 0 _ x x x x x x x x & | ~  
Head0  :       ^                        
---------------------------------------------
Step   : 122
State  : 0
Index0 : 4 3 2 1 0 1 2 3 4 5 6 7 8 9 10 
Tape0  : 1 1 0 _ x x x x x x x x & | ~  
Head0  :         ^                      
---------------------------------------------
Step   : 123
State  : 1
Index0 : 4 3 2 1 0 1 2 3 4 5 6 7 8 9 10 
Tape0  : 1 1 0 _ x x x x x x x x & | ~  
Head0  :         ^                      
---------------------------------------------
Step   : 124
State  : 1
Index0 : 4 3 2 1 0 1 2 3 4 5 6 7 8 9 10 
Tape0  : 1 1 0 _ x x x x x x x x & | ~  
Head0  :           ^                    
---------------------------------------------
Step   : 125
State  : 1
Index0 : 4 3 2 1 0 1 2 3 4 5 6 7 8 9 10 
Tape0  : 1 1 0 _ x x x x x x x x & | ~  
Head0  :             ^                  
---------------------------------------------
Step   : 126
State  : 1
Index0 : 4 3 2 1 0 1 2 3 4 5 6 7 8 9 10 
Tape0  : 1 1 0 _ x x x x x x x x & | ~  
Head0  :               ^                
---------------------------------------------
Step   : 127
State  : 1
Index0 : 4 3 2 1 0 1 2 3 4 5 6 7 8 9 10 
Tape0  : 1 1 0 _ x x x x x x x x & | ~  
Head0  :                 ^              
---------------------------------------------
Step   : 128
State  : 1
Index0 : 4 3 2 1 0 1 2 3 4 5 6 7 8 9 10 
Tape0  : 1 1 0 _ x x x x x x x x & | ~  
Head0  :                   ^            
---------------------------------------------
Step   : 129
State  : 1
Index0 : 4 3 2 1 0 1 2 3 4 5 6 7 8 9 10 
Tape0  : 1 1 0 _ x x x x x x x x & | ~  
Head0  :                     ^          
---------------------------------------------
Step   : 130
State  : 1
Index0 : 4 3 2 1 0 1 2 3 4 5 6 7 8 9 10 
Tape0  : 1 1 0 _ x x x x x x x x & | ~  
Head0  :                       ^        
---------------------------------------------
Step   : 131
State  : 1
Index0 : 4 3 2 1 0 1 2 3 4 5 6 7 8 9 10 
Tape0  : 1 1 0 _ x x x x x x x x & | ~  
Head0  :                         ^      
---------------------------------------------
Step   : 132
State  : 120
Index0 : 4 3 2 1 0 1 2 3 4 5 6 7 8 9 10 
Tape0  : 1 1 0 _ x x x x x x x x x | ~  
Head0  :                       ^        
---------------------------------------------
Step   : 133
State  : 120
Index0 : 4 3 2 1 0 1 2 3 4 5 6 7 8 9 10 
Tape0  : 1 1 0 _ x x x x x x x x x | ~  
Head0  :                     ^          
---------------------------------------------
Step   : 134
State  : 120
Index0 : 4 3 2 1 0 1 2 3 4 5 6 7 8 9 10 
Tape0  : 1 1 0 _ x x x x x x x x x | ~  
Head0  :                   ^            
---------------------------------------------
Step   : 135
State  : 120
Index0 : 4 3 2 1 0 1 2 3 4 5 6 7 8 9 10 
Tape0  : 1 1 0 _ x x x x x x x x x | ~  
Head0  :                 ^              
---------------------------------------------
Step   : 136
State  : 120
Index0 : 4 3 2 1 0 1 2 3 4 5 6 7 8 9 10 
Tape0  : 1 1 0 _ x x x x x x x x x | ~  
Head0  :               ^                
---------------------------------------------
Step   : 137
State  : 120
Index0 : 4 3 2 1 0 1 2 3 4 5 6 7 8 9 10 
Tape0  : 1 1 0 _ x x x x x x x x x | ~  
Head0  :             ^                  
---------------------------------------------
Step   : 138
State  : 120
Index0 : 4 3 2 1 0 1 2 3 4 5 6 7 8 9 10 
Tape0  : 1 1 0 _ x x x x x x x x x | ~  
Head0  :           ^                    
---------------------------------------------
Step   : 139
State  : 120
Index0 : 4 3 2 1 0 1 2 3 4 5 6 7 8 9 10 
Tape0  : 1 1 0 _ x x x x x x x x x | ~  
Head0  :         ^                      
---------------------------------------------
Step   : 140
State  : 120
Index0 : 4 3 2 1 0 1 2 3 4 5 6 7 8 9 10 
Tape0  : 1 1 0 _ x x x x x x x x x | ~  
Head0  :       ^                        
---------------------------------------------
Step   : 141
State  : 121
Index0 : 4 3 2 1 0 1 2 3 4 5 6 7 8 9 10 
Tape0  : 1 1 0 _ x x x x x x x x x | ~  
Head0  :     ^                          
---------------------------------------------
Step   : 142
State  : 121
Index0 : 4 3 2 1 0 1 2 3 4 5 6 7 8 9 10 
Tape0  : 1 1 0 _ x x x x x x x x x | ~  
Head0  :   ^                            
---------------------------------------------
Step   : 143
State  : 121
Index0 : 4 3 2 1 0 1 2 3 4 5 6 7 8 9 10 
Tape0  : 1 1 0 _ x x x x x x x x x | ~  
Head0  : ^                              
---------------------------------------------
Step   : 144
State  : 121
Index0 : 5 4 3 2 1 0 1 2 3 4 5 6 7 8 9 10 
Tape0  : _ 1 1 0 _ x x x x x x x x x | ~  
Head0  : ^                                
---------------------------------------------
Step   : 145
State  : 122
Index0 : 4 3 2 1 0 1 2 3 4 5 6 7 8 9 10 
Tape0  : 1 1 0 _ x x x x x x x x x | ~  
Head0  : ^                              
---------------------------------------------
Step   : 146
State  : 124
Index0 : 3 2 1 0 1 2 3 4 5 6 7 8 9 10 
Tape0  : 1 0 _ x x x x x x x x x | ~  
Head0  : ^                            
---------------------------------------------
Step   : 147
State  : 127
Index0 : 3 2 1 0 1 2 3 4 5 6 7 8 9 10 
Tape0  : 1 0 _ x x x x x x x x x | ~  
Head0  :   ^                          
---------------------------------------------
Step   : 148
State  : 127
Index0 : 3 2 1 0 1 2 3 4 5 6 7 8 9 10 
Tape0  : 1 0 _ x x x x x x x x x | ~  
Head0  :     ^                        
---------------------------------------------
Step   : 149
State  : 0
Index0 : 3 2 1 0 1 2 3 4 5 6 7 8 9 10 
Tape0  : 1 0 _ x x x x x x x x x | ~  
Head0  :       ^                      
---------------------------------------------
Step   : 150
State  : 1
Index0 : 3 2 1 0 1 2 3 4 5 6 7 8 9 10 
Tape0  : 1 0 _ x x x x x x x x x | ~  
Head0  :       ^                      
---------------------------------------------
Step   : 151
State  : 1
Index0 : 3 2 1 0 1 2 3 4 5 6 7 8 9 10 
Tape0  : 1 0 _ x x x x x x x x x | ~  
Head0  :         ^                    
---------------------------------------------
Step   : 152
State  : 1
Index0 : 3 2 1 0 1 2 3 4 5 6 7 8 9 10 
Tape0  : 1 0 _ x x x x x x x x x | ~  
Head0  :           ^                  
---------------------------------------------
Step   : 153
State  : 1
Index0 : 3 2 1 0 1 2 3 4 5 6 7 8 9 10 
Tape0  : 1 0 _ x x x x x x x x x | ~  
Head0  :             ^                
---------------------------------------------
Step   : 154
State  : 1
Index0 : 3 2 1 0 1 2 3 4 5 6 7 8 9 10 
Tape0  : 1 0 _ x x x x x x x x x | ~  
Head0  :               ^              
---------------------------------------------
Step   : 155
State  : 1
Index0 : 3 2 1 0 1 2 3 4 5 6 7 8 9 10 
Tape0  : 1 0 _ x x x x x x x x x | ~  
Head0  :                 ^            
---------------------------------------------
Step   : 156
State  : 1
Index0 : 3 2 1 0 1 2 3 4 5 6 7 8 9 10 
Tape0  : 1 0 _ x x x x x x x x x | ~  
Head0  :                   ^          
---------------------------------------------
Step   : 157
State  : 1
Index0 : 3 2 1 0 1 2 3 4 5 6 7 8 9 10 
Tape0  : 1 0 _ x x x x x x x x x | ~  
Head0  :                     ^        
---------------------------------------------
Step   : 158
State  : 1
Index0 : 3 2 1 0 1 2 3 4 5 6 7 8 9 10 
Tape0  : 1 0 _ x x x x x x x x x | ~  
Head0  :                       ^      
---------------------------------------------
Step   : 159
State  : 1
Index0 : 3 2 1 0 1 2 3 4 5 6 7 8 9 10 
Tape0  : 1 0 _ x x x x x x x x x | ~  
Head0  :                         ^    
---------------------------------------------
Step   : 160
State  : 130
Index0 : 3 2 1 0 1 2 3 4 5 6 7 8 9 10 
Tape0  : 1 0 _ x x x x x x x x x x ~  
Head0  :                       ^      
---------------------------------------------
Step   : 161
State  : 130
Index0 : 3 2 1 0 1 2 3 4 5 6 7 8 9 10 
Tape0  : 1 0 _ x x x x x x x x x x ~  
Head0  :                     ^        
---------------------------------------------
Step   : 162
State  : 130
Index0 : 3 2 1 0 1 2 3 4 5 6 7 8 9 10 
Tape0  : 1 0 _ x x x x x x x x x x ~  
Head0  :                   ^          
---------------------------------------------
Step   : 163
State  : 130
Index0 : 3 2 1 0 1 2 3 4 5 6 7 8 9 10 
Tape0  : 1 0 _ x x x x x x x x x x ~  
Head0  :                 ^            
---------------------------------------------
Step   : 164
State  : 130
Index0 : 3 2 1 0 1 2 3 4 5 6 7 8 9 10 
Tape0  : 1 0 _ x x x x x x x x x x ~  
Head0  :               ^              
---------------------------------------------
Step   : 165
State  : 130
Index0 : 3 2 1 0 1 2 3 4 5 6 7 8 9 10 
Tape0  : 1 0 _ x x x x x x x x x x ~  
Head0  :             ^                
---------------------------------------------
Step   : 166
State  : 130
Index0 : 3 2 1 0 1 2 3 4 5 6 7 8 9 10 
Tape0  : 1 0 _ x x x x x x x x x x ~  
Head0  :           ^                  
---------------------------------------------
Step   : 167
State  : 130
Index0 : 3 2 1 0 1 2 3 4 5 6 7 8 9 10 
Tape0  : 1 0 _ x x x x x x x x x x ~  
Head0  :         ^                    
---------------------------------------------
Step   : 168
State  : 130
Index0 : 3 2 1 0 1 2 3 4 5 6 7 8 9 10 
Tape0  : 1 0 _ x x x x x x x x x x ~  
Head0  :       ^                      
---------------------------------------------
Step   : 169
State  : 130
Index0 : 3 2 1 0 1 2 3 4 5 6 7 8 9 10 
Tape0  : 1 0 _ x x x x x x x x x x ~  
Head0  :     ^                        
---------------------------------------------
Step   : 170
State  : 131
Index0 : 3 2 1 0 1 2 3 4 5 6 7 8 9 10 
Tape0  : 1 0 _ x x x x x x x x x x ~  
Head0  :   ^                          
---------------------------------------------
Step   : 171
State  : 131
Index0 : 3 2 1 0 1 2 3 4 5 6 7 8 9 10 
Tape0  : 1 0 _ x x x x x x x x x x ~  
Head0  : ^                            
---------------------------------------------
Step   : 172
State  : 131
Index0 : 4 3 2 1 0 1 2 3 4 5 6 7 8 9 10 
Tape0  : _ 1 0 _ x x x x x x x x x x ~  
Head0  : ^                              
---------------------------------------------
Step   : 173
State  : 132
Index0 : 3 2 1 0 1 2 3 4 5 6 7 8 9 10 
Tape0  : 1 0 _ x x x x x x x x x x ~  
Head0  : ^                            
---------------------------------------------
Step   : 174
State  : 134
Index0 : 2 1 0 1 2 3 4 5 6 7 8 9 10 
Tape0  : 0 _ x x x x x x x x x x ~  
Head0  : ^                          
---------------------------------------------
Step   : 175
State  : 137
Index0 : 2 1 0 1 2 3 4 5 6 7 8 9 10 
Tape0  : 1 _ x x x x x x x x x x ~  
Head0  :   ^                        
---------------------------------------------
Step   : 176
State  : 0
Index0 : 2 1 0 1 2 3 4 5 6 7 8 9 10 
Tape0  : 1 _ x x x x x x x x x x ~  
Head0  :     ^                      
---------------------------------------------
Step   : 177
State  : 1
Index0 : 2 1 0 1 2 3 4 5 6 7 8 9 10 
Tape0  : 1 _ x x x x x x x x x x ~  
Head0  :     ^                      
---------------------------------------------
Step   : 178
State  : 1
Index0 : 2 1 0 1 2 3 4 5 6 7 8 9 10 
Tape0  : 1 _ x x x x x x x x x x ~  
Head0  :       ^                    
---------------------------------------------
Step   : 179
State  : 1
Index0 : 2 1 0 1 2 3 4 5 6 7 8 9 10 
Tape0  : 1 _ x x x x x x x x x x ~  
Head0  :         ^                  
---------------------------------------------
Step   : 180
State  : 1
Index0 : 2 1 0 1 2 3 4 5 6 7 8 9 10 
Tape0  : 1 _ x x x x x x x x x x ~  
Head0  :           ^                
---------------------------------------------
Step   : 181
State  : 1
Index0 : 2 1 0 1 2 3 4 5 6 7 8 9 10 
Tape0  : 1 _ x x x x x x x x x x ~  
Head0  :             ^              
---------------------------------------------
Step   : 182
State  : 1
Index0 : 2 1 0 1 2 3 4 5 6 7 8 9 10 
Tape0  : 1 _ x x x x x x x x x x ~  
Head0  :               ^            
---------------------------------------------
Step   : 183
State  : 1
Index0 : 2 1 0 1 2 3 4 5 6 7 8 9 10 
Tape0  : 1 _ x x x x x x x x x x ~  
Head0  :                 ^          
---------------------------------------------
Step   : 184
State  : 1
Index0 : 2 1 0 1 2 3 4 5 6 7 8 9 10 
Tape0  : 1 _ x x x x x x x x x x ~  
Head0  :                   ^        
---------------------------------------------
Step   : 185
State  : 1
Index0 : 2 1 0 1 2 3 4 5 6 7 8 9 10 
Tape0  : 1 _ x x x x x x x x x x ~  
Head0  :                     ^      
---------------------------------------------
Step   : 186
State  : 1
Index0 : 2 1 0 1 2 3 4 5 6 7 8 9 10 
Tape0  : 1 _ x x x x x x x x x x ~  
Head0  :                       ^    
---------------------------------------------
Step   : 187
State  : 1
Index0 : 2 1 0 1 2 3 4 5 6 7 8 9 10 
Tape0  : 1 _ x x x x x x x x x x ~  
Head0  :                         ^  
---------------------------------------------
Step   : 188
State  : 140
Index0 : 2 1 0 1 2 3 4 5 6 7 8 9 10 
Tape0  : 1 _ x x x x x x x x x x x  
Head0  :                       ^    
---------------------------------------------
Step   : 189
State  : 140
Index0 : 2 1 0 1 2 3 4 5 6 7 8 9 10 
Tape0  : 1 _ x x x x x x x x x x x  
Head0  :                     ^      
---------------------------------------------
Step   : 190
State  : 140
Index0 : 2 1 0 1 2 3 4 5 6 7 8 9 10 
Tape0  : 1 _ x x x x x x x x x x x  
Head0  :                   ^        
---------------------------------------------
Step   : 191
State  : 140
Index0 : 2 1 0 1 2 3 4 5 6 7 8 9 10 
Tape0  : 1 _ x x x x x x x x x x x  
Head0  :                 ^          
---------------------------------------------
Step   : 192
State  : 140
Index0 : 2 1 0 1 2 3 4 5 6 7 8 9 10 
Tape0  : 1 _ x x x x x x x x x x x  
Head0  :               ^            
---------------------------------------------
Step   : 193
State  : 140
Index0 : 2 1 0 1 2 3 4 5 6 7 8 9 10 
Tape0  : 1 _ x x x x x x x x x x x  
Head0  :             ^              
---------------------------------------------
Step   : 194
State  : 140
Index0 : 2 1 0 1 2 3 4 5 6 7 8 9 10 
Tape0  : 1 _ x x x x x x x x x x x  
Head0  :           ^                
---------------------------------------------
Step   : 195
State  : 140
Index0 : 2 1 0 1 2 3 4 5 6 7 8 9 10 
Tape0  : 1 _ x x x x x x x x x x x  
Head0  :         ^                  
---------------------------------------------
Step   : 196
State  : 140
Index0 : 2 1 0 1 2 3 4 5 6 7 8 9 10 
Tape0  : 1 _ x x x x x x x x x x x  
Head0  :       ^                    
---------------------------------------------
Step   : 197
State  : 140
Index0 : 2 1 0 1 2 3 4 5 6 7 8 9 10 
Tape0  : 1 _ x x x x x x x x x x x  
Head0  :     ^                      
---------------------------------------------
Step   : 198
State  : 140
Index0 : 2 1 0 1 2 3 4 5 6 7 8 9 10 
Tape0  : 1 _ x x x x x x x x x x x  
Head0  :   ^                        
---------------------------------------------
Step   : 199
State  : 141
Index0 : 2 1 0 1 2 3 4 5 6 7 8 9 10 
Tape0  : 1 _ x x x x x x x x x x x  
Head0  : ^                          
---------------------------------------------
Step   : 200
State  : 141
Index0 : 3 2 1 0 1 2 3 4 5 6 7 8 9 10 
Tape0  : _ 1 _ x x x x x x x x x x x  
Head0  : ^                            
---------------------------------------------
Step   : 201
State  : 142
Index0 : 2 1 0 1 2 3 4 5 6 7 8 9 10 
Tape0  : 1 _ x x x x x x x x x x x  
Head0  : ^                          
---------------------------------------------
Step   : 202
State  : 147
Index0 : 2 1 0 1 2 3 4 5 6 7 8 9 10 
Tape0  : 0 _ x x x x x x x x x x x  
Head0  :   ^                        
---------------------------------------------
Step   : 203
State  : 0
Index0 : 2 1 0 1 2 3 4 5 6 7 8 9 10 
Tape0  : 0 _ x x x x x x x x x x x  
Head0  :     ^                      
---------------------------------------------
Step   : 204
State  : 1
Index0 : 2 1 0 1 2 3 4 5 6 7 8 9 10 
Tape0  : 0 _ x x x x x x x x x x x  
Head0  :     ^                      
---------------------------------------------
Step   : 205
State  : 1
Index0 : 2 1 0 1 2 3 4 5 6 7 8 9 10 
Tape0  : 0 _ x x x x x x x x x x x  
Head0  :       ^                    
---------------------------------------------
Step   : 206
State  : 1
Index0 : 2 1 0 1 2 3 4 5 6 7 8 9 10 
Tape0  : 0 _ x x x x x x x x x x x  
Head0  :         ^                  
---------------------------------------------
Step   : 207
State  : 1
Index0 : 2 1 0 1 2 3 4 5 6 7 8 9 10 
Tape0  : 0 _ x x x x x x x x x x x  
Head0  :           ^                
---------------------------------------------
Step   : 208
State  : 1
Index0 : 2 1 0 1 2 3 4 5 6 7 8 9 10 
Tape0  : 0 _ x x x x x x x x x x x  
Head0  :             ^              
---------------------------------------------
Step   : 209
State  : 1
Index0 : 2 1 0 1 2 3 4 5 6 7 8 9 10 
Tape0  : 0 _ x x x x x x x x x x x  
Head0  :               ^            
---------------------------------------------
Step   : 210
State  : 1
Index0 : 2 1 0 1 2 3 4 5 6 7 8 9 10 
Tape0  : 0 _ x x x x x x x x x x x  
Head0  :                 ^          
---------------------------------------------
Step   : 211
State  : 1
Index0 : 2 1 0 1 2 3 4 5 6 7 8 9 10 
Tape0  : 0 _ x x x x x x x x x x x  
Head0  :                   ^        
---------------------------------------------
Step   : 212
State  : 1
Index0 : 2 1 0 1 2 3 4 5 6 7 8 9 10 
Tape0  : 0 _ x x x x x x x x x x x  
Head0  :                     ^      
---------------------------------------------
Step   : 213
State  : 1
Index0 : 2 1 0 1 2 3 4 5 6 7 8 9 10 
Tape0  : 0 _ x x x x x x x x x x x  
Head0  :                       ^    
---------------------------------------------
Step   : 214
State  : 1
Index0 : 2 1 0 1 2 3 4 5 6 7 8 9 10 
Tape0  : 0 _ x x x x x x x x x x x  
Head0  :                         ^  
---------------------------------------------
Step   : 215
State  : 1
Index0 : 2 1 0 1 2 3 4 5 6 7 8 9 10 11 
Tape0  : 0 _ x x x x x x x x x x x  _  
Head0  :                            ^  
---------------------------------------------
Step   : 216
State  : 2
Index0 : 2 1 0 1 2 3 4 5 6 7 8 9 10 
Tape0  : 0 _ x x x x x x x x x x x  
Head0  :                         ^  
---------------------------------------------
Step   : 217
State  : 2
Index0 : 2 1 0 1 2 3 4 5 6 7 8 9 
Tape0  : 0 _ x x x x x x x x x x 
Head0  :                       ^ 
---------------------------------------------
Step   : 218
State  : 2
Index0 : 2 1 0 1 2 3 4 5 6 7 8 
Tape0  : 0 _ x x x x x x x x x 
Head0  :                     ^ 
---------------------------------------------
Step   : 219
State  : 2
Index0 : 2 1 0 1 2 3 4 5 6 7 
Tape0  : 0 _ x x x x x x x x 
Head0  :                   ^ 
---------------------------------------------
Step   : 220
State  : 2
Index0 : 2 1 0 1 2 3 4 5 6 
Tape0  : 0 _ x x x x x x x 
Head0  :                 ^ 
---------------------------------------------
Step   : 221
State  : 2
Index0 : 2 1 0 1 2 3 4 5 
Tape0  : 0 _ x x x x x x 
Head0  :               ^ 
---------------------------------------------
Step   : 222
State  : 2
Index0 : 2 1 0 1 2 3 4 
Tape0  : 0 _ x x x x x 
Head0  :             ^ 
---------------------------------------------
Step   : 223
State  : 2
Index0 : 2 1 0 1 2 3 
Tape0  : 0 _ x x x x 
Head0  :           ^ 
---------------------------------------------
Step   : 224
State  : 2
Index0 : 2 1 0 1 2 
Tape0  : 0 _ x x x 
Head0  :         ^ 
---------------------------------------------
Step   : 225
State  : 2
Index0 : 2 1 0 1 
Tape0  : 0 _ x x 
Head0  :       ^ 
---------------------------------------------
Step   : 226
State  : 2
Index0 : 2 1 0 
Tape0  : 0 _ x 
Head0  :     ^ 
---------------------------------------------
Step   : 227
State  : 2
Index0 : 2 1 
Tape0  : 0 _ 
Head0  :   ^ 
---------------------------------------------
Step   : 228
State  : halt
Index0 : 2 
Tape0  : 0 
Head0  : ^ 
---------------------------------------------
Result: 0
==================== END ====================
