Input: 0~
==================== RUN ====================
Step   : 0
State  : 0
Index0 : 0 1 
Tape0  : 0 ~ 
Head0  : ^   
---------------------------------------------
Step   : 1
State  : 1
Index0 : 0 1 
Tape0  : 0 ~ 
Head0  : ^   
---------------------------------------------
Step   : 2
State  : 100
Index0 : 1 0 1 
Tape0  : _ x ~ 
Head0  : ^     
---------------------------------------------
Step   : 3
State  : 101
Index0 : 2 1 0 1 
Tape0  : _ _ x ~ 
Head0  : ^       
---------------------------------------------
Step   : 4
State  : 102
Index0 : 2 1 0 1 
Tape0  : 0 _ x ~ 
Head0  :   ^     
---------------------------------------------
Step   : 5
State  : 0
Index0 : 2 1 0 1 
Tape0  : 0 _ x ~ 
Head0  :     ^   
---------------------------------------------
Step   : 6
State  : 1
Index0 : 2 1 0 1 
Tape0  : 0 _ x ~ 
Head0  :     ^   
---------------------------------------------
Step   : 7
State  : 1
Index0 : 2 1 0 1 
Tape0  : 0 _ x ~ 
Head0  :       ^ 
---------------------------------------------
Step   : 8
State  : 140
Index0 : 2 1 0 1 
Tape0  : 0 _ x x 
Head0  :     ^   
---------------------------------------------
Step   : 9
State  : 140
Index0 : 2 1 0 1 
Tape0  : 0 _ x x 
Head0  :   ^     
---------------------------------------------
Step   : 10
State  : 141
Index0 : 2 1 0 1 
Tape0  : 0 _ x x 
Head0  : ^       
---------------------------------------------
Step   : 11
State  : 141
Index0 : 3 2 1 0 1 
Tape0  : _ 0 _ x x 
Head0  : ^         
---------------------------------------------
Step   : 12
State  : 142
Index0 : 2 1 0 1 
Tape0  : 0 _ x x 
Head0  : ^       
---------------------------------------------
Step   : 13
State  : 147
Index0 : 2 1 0 1 
Tape0  : 1 _ x x 
Head0  :   ^     
---------------------------------------------
Step   : 14
State  : 0
Index0 : 2 1 0 1 
Tape0  : 1 _ x x 
Head0  :     ^   
---------------------------------------------
Step   : 15
State  : 1
Index0 : 2 1 0 1 
Tape0  : 1 _ x x 
Head0  :     ^   
---------------------------------------------
Step   : 16
State  : 1
Index0 : 2 1 0 1 
Tape0  : 1 _ x x 
Head0  :       ^ 
---------------------------------------------
Step   : 17
State  : 1
Index0 : 2 1 0 1 2 
Tape0  : 1 _ x x _ 
Head0  :         ^ 
---------------------------------------------
Step   : 18
State  : 2
Index0 : 2 1 0 1 
Tape0  : 1 _ x x 
Head0  :       ^ 
---------------------------------------------
Step   : 19
State  : 2
Index0 : 2 1 0 
Tape0  : 1 _ x 
Head0  :     ^ 
---------------------------------------------
Step   : 20
State  : 2
Index0 : 2 1 
Tape0  : 1 _ 
Head0  :   ^ 
---------------------------------------------
Step   : 21
State  : halt
Index0 : 2 
Tape0  : 1 
Head0  : ^ 
---------------------------------------------
Result: 1
==================== END ====================
